Building DAG of jobs...
Using shell: /cluster/apps/sfos/bin/bash
Provided cores: 1 (use --cores to define parallelism)
Rules claiming more threads will be scaled down.
Job stats:
job                count    min threads    max threads
---------------  -------  -------------  -------------
all                    1              1              1
combine_tissues       32              1              1
total                 33              1              1

Select jobs to execute...

[Tue Apr 11 15:38:51 2023]
rule combine_tissues:
    input: /cluster/work/pausch/naveen/TWAS/expression/SprediXcan/nonadditive/tail/testis/result_with_cords.txt.gz, /cluster/work/pausch/naveen/TWAS/expression/SprediXcan/nonadditive/tail/epi_h/result_with_cords.txt.gz, /cluster/work/pausch/naveen/TWAS/expression/SprediXcan/nonadditive/tail/vas_d/result_with_cords.txt.gz
    output: /cluster/work/pausch/naveen/TWAS/expression/SprediXcan/nonadditive/tail/result_with_cords.txt.gz
    jobid: 262
    reason: Missing output files: /cluster/work/pausch/naveen/TWAS/expression/SprediXcan/nonadditive/tail/result_with_cords.txt.gz
    wildcards: mpheno=expression, inheri=nonadditive, trait=tail
    resources: tmpdir=/tmp, mem_mb=4000, mem_mib=3815, walltime=00:20

[Tue Apr 11 15:38:54 2023]
Finished job 262.
1 of 33 steps (3%) done
Select jobs to execute...

[Tue Apr 11 15:38:54 2023]
rule combine_tissues:
    input: /cluster/work/pausch/naveen/TWAS/expression/SprediXcan/nonadditive/ntar/testis/result_with_cords.txt.gz, /cluster/work/pausch/naveen/TWAS/expression/SprediXcan/nonadditive/ntar/epi_h/result_with_cords.txt.gz, /cluster/work/pausch/naveen/TWAS/expression/SprediXcan/nonadditive/ntar/vas_d/result_with_cords.txt.gz
    output: /cluster/work/pausch/naveen/TWAS/expression/SprediXcan/nonadditive/ntar/result_with_cords.txt.gz
    jobid: 302
    reason: Missing output files: /cluster/work/pausch/naveen/TWAS/expression/SprediXcan/nonadditive/ntar/result_with_cords.txt.gz
    wildcards: mpheno=expression, inheri=nonadditive, trait=ntar
    resources: tmpdir=/tmp, mem_mb=4000, mem_mib=3815, walltime=00:20

[Tue Apr 11 15:38:55 2023]
Finished job 302.
2 of 33 steps (6%) done
Select jobs to execute...

[Tue Apr 11 15:38:55 2023]
rule combine_tissues:
    input: /cluster/work/pausch/naveen/TWAS/splicing/SprediXcan/additive/vol/testis/result_with_cords.txt.gz, /cluster/work/pausch/naveen/TWAS/splicing/SprediXcan/additive/vol/epi_h/result_with_cords.txt.gz, /cluster/work/pausch/naveen/TWAS/splicing/SprediXcan/additive/vol/vas_d/result_with_cords.txt.gz
    output: /cluster/work/pausch/naveen/TWAS/splicing/SprediXcan/additive/vol/result_with_cords.txt.gz
    jobid: 521
    reason: Missing output files: /cluster/work/pausch/naveen/TWAS/splicing/SprediXcan/additive/vol/result_with_cords.txt.gz
    wildcards: mpheno=splicing, inheri=additive, trait=vol
    resources: tmpdir=/tmp, mem_mb=4000, mem_mib=3815, walltime=00:20

[Tue Apr 11 15:38:56 2023]
Finished job 521.
3 of 33 steps (9%) done
Select jobs to execute...

[Tue Apr 11 15:38:56 2023]
rule combine_tissues:
    input: /cluster/work/pausch/naveen/TWAS/splicing/SprediXcan/nonadditive/con/testis/result_with_cords.txt.gz, /cluster/work/pausch/naveen/TWAS/splicing/SprediXcan/nonadditive/con/epi_h/result_with_cords.txt.gz, /cluster/work/pausch/naveen/TWAS/splicing/SprediXcan/nonadditive/con/vas_d/result_with_cords.txt.gz
    output: /cluster/work/pausch/naveen/TWAS/splicing/SprediXcan/nonadditive/con/result_with_cords.txt.gz
    jobid: 591
    reason: Missing output files: /cluster/work/pausch/naveen/TWAS/splicing/SprediXcan/nonadditive/con/result_with_cords.txt.gz
    wildcards: mpheno=splicing, inheri=nonadditive, trait=con
    resources: tmpdir=/tmp, mem_mb=4000, mem_mib=3815, walltime=00:20

[Tue Apr 11 15:38:58 2023]
Finished job 591.
4 of 33 steps (12%) done
Select jobs to execute...

[Tue Apr 11 15:38:58 2023]
rule combine_tissues:
    input: /cluster/work/pausch/naveen/TWAS/splicing/SprediXcan/additive/ntar/testis/result_with_cords.txt.gz, /cluster/work/pausch/naveen/TWAS/splicing/SprediXcan/additive/ntar/epi_h/result_with_cords.txt.gz, /cluster/work/pausch/naveen/TWAS/splicing/SprediXcan/additive/ntar/vas_d/result_with_cords.txt.gz
    output: /cluster/work/pausch/naveen/TWAS/splicing/SprediXcan/additive/ntar/result_with_cords.txt.gz
    jobid: 549
    reason: Missing output files: /cluster/work/pausch/naveen/TWAS/splicing/SprediXcan/additive/ntar/result_with_cords.txt.gz
    wildcards: mpheno=splicing, inheri=additive, trait=ntar
    resources: tmpdir=/tmp, mem_mb=4000, mem_mib=3815, walltime=00:20

[Tue Apr 11 15:38:59 2023]
Finished job 549.
5 of 33 steps (15%) done
Select jobs to execute...

[Tue Apr 11 15:38:59 2023]
rule combine_tissues:
    input: /cluster/work/pausch/naveen/TWAS/expression/SprediXcan/nonadditive/head/testis/result_with_cords.txt.gz, /cluster/work/pausch/naveen/TWAS/expression/SprediXcan/nonadditive/head/epi_h/result_with_cords.txt.gz, /cluster/work/pausch/naveen/TWAS/expression/SprediXcan/nonadditive/head/vas_d/result_with_cords.txt.gz
    output: /cluster/work/pausch/naveen/TWAS/expression/SprediXcan/nonadditive/head/result_with_cords.txt.gz
    jobid: 254
    reason: Missing output files: /cluster/work/pausch/naveen/TWAS/expression/SprediXcan/nonadditive/head/result_with_cords.txt.gz
    wildcards: mpheno=expression, inheri=nonadditive, trait=head
    resources: tmpdir=/tmp, mem_mb=4000, mem_mib=3815, walltime=00:20

[Tue Apr 11 15:38:59 2023]
Finished job 254.
6 of 33 steps (18%) done
Select jobs to execute...

[Tue Apr 11 15:39:00 2023]
rule combine_tissues:
    input: /cluster/work/pausch/naveen/TWAS/splicing/SprediXcan/additive/con/testis/result_with_cords.txt.gz, /cluster/work/pausch/naveen/TWAS/splicing/SprediXcan/additive/con/epi_h/result_with_cords.txt.gz, /cluster/work/pausch/naveen/TWAS/splicing/SprediXcan/additive/con/vas_d/result_with_cords.txt.gz
    output: /cluster/work/pausch/naveen/TWAS/splicing/SprediXcan/additive/con/result_with_cords.txt.gz
    jobid: 535
    reason: Missing output files: /cluster/work/pausch/naveen/TWAS/splicing/SprediXcan/additive/con/result_with_cords.txt.gz
    wildcards: mpheno=splicing, inheri=additive, trait=con
    resources: tmpdir=/tmp, mem_mb=4000, mem_mib=3815, walltime=00:20

[Tue Apr 11 15:39:01 2023]
Finished job 535.
7 of 33 steps (21%) done
Select jobs to execute...

[Tue Apr 11 15:39:01 2023]
rule combine_tissues:
    input: /cluster/work/pausch/naveen/TWAS/splicing/SprediXcan/additive/mot/testis/result_with_cords.txt.gz, /cluster/work/pausch/naveen/TWAS/splicing/SprediXcan/additive/mot/epi_h/result_with_cords.txt.gz, /cluster/work/pausch/naveen/TWAS/splicing/SprediXcan/additive/mot/vas_d/result_with_cords.txt.gz
    output: /cluster/work/pausch/naveen/TWAS/splicing/SprediXcan/additive/mot/result_with_cords.txt.gz
    jobid: 542
    reason: Missing output files: /cluster/work/pausch/naveen/TWAS/splicing/SprediXcan/additive/mot/result_with_cords.txt.gz
    wildcards: mpheno=splicing, inheri=additive, trait=mot
    resources: tmpdir=/tmp, mem_mb=4000, mem_mib=3815, walltime=00:20

[Tue Apr 11 15:39:02 2023]
Finished job 542.
8 of 33 steps (24%) done
Select jobs to execute...

[Tue Apr 11 15:39:02 2023]
rule combine_tissues:
    input: /cluster/work/pausch/naveen/TWAS/splicing/SprediXcan/additive/tail/testis/result_with_cords.txt.gz, /cluster/work/pausch/naveen/TWAS/splicing/SprediXcan/additive/tail/epi_h/result_with_cords.txt.gz, /cluster/work/pausch/naveen/TWAS/splicing/SprediXcan/additive/tail/vas_d/result_with_cords.txt.gz
    output: /cluster/work/pausch/naveen/TWAS/splicing/SprediXcan/additive/tail/result_with_cords.txt.gz
    jobid: 514
    reason: Missing output files: /cluster/work/pausch/naveen/TWAS/splicing/SprediXcan/additive/tail/result_with_cords.txt.gz
    wildcards: mpheno=splicing, inheri=additive, trait=tail
    resources: tmpdir=/tmp, mem_mb=4000, mem_mib=3815, walltime=00:20

[Tue Apr 11 15:39:04 2023]
Finished job 514.
9 of 33 steps (27%) done
Select jobs to execute...

[Tue Apr 11 15:39:04 2023]
rule combine_tissues:
    input: /cluster/work/pausch/naveen/TWAS/expression/SprediXcan/nonadditive/mot/testis/result_with_cords.txt.gz, /cluster/work/pausch/naveen/TWAS/expression/SprediXcan/nonadditive/mot/epi_h/result_with_cords.txt.gz, /cluster/work/pausch/naveen/TWAS/expression/SprediXcan/nonadditive/mot/vas_d/result_with_cords.txt.gz
    output: /cluster/work/pausch/naveen/TWAS/expression/SprediXcan/nonadditive/mot/result_with_cords.txt.gz
    jobid: 294
    reason: Missing output files: /cluster/work/pausch/naveen/TWAS/expression/SprediXcan/nonadditive/mot/result_with_cords.txt.gz
    wildcards: mpheno=expression, inheri=nonadditive, trait=mot
    resources: tmpdir=/tmp, mem_mb=4000, mem_mib=3815, walltime=00:20

[Tue Apr 11 15:39:04 2023]
Finished job 294.
10 of 33 steps (30%) done
Select jobs to execute...

[Tue Apr 11 15:39:04 2023]
rule combine_tissues:
    input: /cluster/work/pausch/naveen/TWAS/expression/SprediXcan/additive/fbkall/testis/result_with_cords.txt.gz, /cluster/work/pausch/naveen/TWAS/expression/SprediXcan/additive/fbkall/epi_h/result_with_cords.txt.gz, /cluster/work/pausch/naveen/TWAS/expression/SprediXcan/additive/fbkall/vas_d/result_with_cords.txt.gz
    output: /cluster/work/pausch/naveen/TWAS/expression/SprediXcan/additive/fbkall/result_with_cords.txt.gz
    jobid: 246
    reason: Missing output files: /cluster/work/pausch/naveen/TWAS/expression/SprediXcan/additive/fbkall/result_with_cords.txt.gz
    wildcards: mpheno=expression, inheri=additive, trait=fbkall
    resources: tmpdir=/tmp, mem_mb=4000, mem_mib=3815, walltime=00:20

[Tue Apr 11 15:39:05 2023]
Finished job 246.
11 of 33 steps (33%) done
Select jobs to execute...

[Tue Apr 11 15:39:05 2023]
rule combine_tissues:
    input: /cluster/work/pausch/naveen/TWAS/expression/SprediXcan/nonadditive/vol/testis/result_with_cords.txt.gz, /cluster/work/pausch/naveen/TWAS/expression/SprediXcan/nonadditive/vol/epi_h/result_with_cords.txt.gz, /cluster/work/pausch/naveen/TWAS/expression/SprediXcan/nonadditive/vol/vas_d/result_with_cords.txt.gz
    output: /cluster/work/pausch/naveen/TWAS/expression/SprediXcan/nonadditive/vol/result_with_cords.txt.gz
    jobid: 270
    reason: Missing output files: /cluster/work/pausch/naveen/TWAS/expression/SprediXcan/nonadditive/vol/result_with_cords.txt.gz
    wildcards: mpheno=expression, inheri=nonadditive, trait=vol
    resources: tmpdir=/tmp, mem_mb=4000, mem_mib=3815, walltime=00:20

[Tue Apr 11 15:39:06 2023]
Finished job 270.
12 of 33 steps (36%) done
Select jobs to execute...

[Tue Apr 11 15:39:06 2023]
rule combine_tissues:
    input: /cluster/work/pausch/naveen/TWAS/expression/SprediXcan/additive/head/testis/result_with_cords.txt.gz, /cluster/work/pausch/naveen/TWAS/expression/SprediXcan/additive/head/epi_h/result_with_cords.txt.gz, /cluster/work/pausch/naveen/TWAS/expression/SprediXcan/additive/head/vas_d/result_with_cords.txt.gz
    output: /cluster/work/pausch/naveen/TWAS/expression/SprediXcan/additive/head/result_with_cords.txt.gz
    jobid: 1
    reason: Missing output files: /cluster/work/pausch/naveen/TWAS/expression/SprediXcan/additive/head/result_with_cords.txt.gz
    wildcards: mpheno=expression, inheri=additive, trait=head
    resources: tmpdir=/tmp, mem_mb=4000, mem_mib=3815, walltime=00:20

[Tue Apr 11 15:39:06 2023]
Finished job 1.
13 of 33 steps (39%) done
Select jobs to execute...

[Tue Apr 11 15:39:06 2023]
rule combine_tissues:
    input: /cluster/work/pausch/naveen/TWAS/expression/SprediXcan/additive/con/testis/result_with_cords.txt.gz, /cluster/work/pausch/naveen/TWAS/expression/SprediXcan/additive/con/epi_h/result_with_cords.txt.gz, /cluster/work/pausch/naveen/TWAS/expression/SprediXcan/additive/con/vas_d/result_with_cords.txt.gz
    output: /cluster/work/pausch/naveen/TWAS/expression/SprediXcan/additive/con/result_with_cords.txt.gz
    jobid: 222
    reason: Missing output files: /cluster/work/pausch/naveen/TWAS/expression/SprediXcan/additive/con/result_with_cords.txt.gz
    wildcards: mpheno=expression, inheri=additive, trait=con
    resources: tmpdir=/tmp, mem_mb=4000, mem_mib=3815, walltime=00:20

[Tue Apr 11 15:39:07 2023]
Finished job 222.
14 of 33 steps (42%) done
Select jobs to execute...

[Tue Apr 11 15:39:07 2023]
rule combine_tissues:
    input: /cluster/work/pausch/naveen/TWAS/splicing/SprediXcan/nonadditive/vol/testis/result_with_cords.txt.gz, /cluster/work/pausch/naveen/TWAS/splicing/SprediXcan/nonadditive/vol/epi_h/result_with_cords.txt.gz, /cluster/work/pausch/naveen/TWAS/splicing/SprediXcan/nonadditive/vol/vas_d/result_with_cords.txt.gz
    output: /cluster/work/pausch/naveen/TWAS/splicing/SprediXcan/nonadditive/vol/result_with_cords.txt.gz
    jobid: 577
    reason: Missing output files: /cluster/work/pausch/naveen/TWAS/splicing/SprediXcan/nonadditive/vol/result_with_cords.txt.gz
    wildcards: mpheno=splicing, inheri=nonadditive, trait=vol
    resources: tmpdir=/tmp, mem_mb=4000, mem_mib=3815, walltime=00:20

[Tue Apr 11 15:39:08 2023]
Finished job 577.
15 of 33 steps (45%) done
Select jobs to execute...

[Tue Apr 11 15:39:08 2023]
rule combine_tissues:
    input: /cluster/work/pausch/naveen/TWAS/splicing/SprediXcan/nonadditive/tail/testis/result_with_cords.txt.gz, /cluster/work/pausch/naveen/TWAS/splicing/SprediXcan/nonadditive/tail/epi_h/result_with_cords.txt.gz, /cluster/work/pausch/naveen/TWAS/splicing/SprediXcan/nonadditive/tail/vas_d/result_with_cords.txt.gz
    output: /cluster/work/pausch/naveen/TWAS/splicing/SprediXcan/nonadditive/tail/result_with_cords.txt.gz
    jobid: 570
    reason: Missing output files: /cluster/work/pausch/naveen/TWAS/splicing/SprediXcan/nonadditive/tail/result_with_cords.txt.gz
    wildcards: mpheno=splicing, inheri=nonadditive, trait=tail
    resources: tmpdir=/tmp, mem_mb=4000, mem_mib=3815, walltime=00:20

[Tue Apr 11 15:39:10 2023]
Finished job 570.
16 of 33 steps (48%) done
Select jobs to execute...

[Tue Apr 11 15:39:10 2023]
rule combine_tissues:
    input: /cluster/work/pausch/naveen/TWAS/splicing/SprediXcan/nonadditive/ntar/testis/result_with_cords.txt.gz, /cluster/work/pausch/naveen/TWAS/splicing/SprediXcan/nonadditive/ntar/epi_h/result_with_cords.txt.gz, /cluster/work/pausch/naveen/TWAS/splicing/SprediXcan/nonadditive/ntar/vas_d/result_with_cords.txt.gz
    output: /cluster/work/pausch/naveen/TWAS/splicing/SprediXcan/nonadditive/ntar/result_with_cords.txt.gz
    jobid: 605
    reason: Missing output files: /cluster/work/pausch/naveen/TWAS/splicing/SprediXcan/nonadditive/ntar/result_with_cords.txt.gz
    wildcards: mpheno=splicing, inheri=nonadditive, trait=ntar
    resources: tmpdir=/tmp, mem_mb=4000, mem_mib=3815, walltime=00:20

[Tue Apr 11 15:39:11 2023]
Finished job 605.
17 of 33 steps (52%) done
Select jobs to execute...

[Tue Apr 11 15:39:11 2023]
rule combine_tissues:
    input: /cluster/work/pausch/naveen/TWAS/splicing/SprediXcan/additive/cnt/testis/result_with_cords.txt.gz, /cluster/work/pausch/naveen/TWAS/splicing/SprediXcan/additive/cnt/epi_h/result_with_cords.txt.gz, /cluster/work/pausch/naveen/TWAS/splicing/SprediXcan/additive/cnt/vas_d/result_with_cords.txt.gz
    output: /cluster/work/pausch/naveen/TWAS/splicing/SprediXcan/additive/cnt/result_with_cords.txt.gz
    jobid: 528
    reason: Missing output files: /cluster/work/pausch/naveen/TWAS/splicing/SprediXcan/additive/cnt/result_with_cords.txt.gz
    wildcards: mpheno=splicing, inheri=additive, trait=cnt
    resources: tmpdir=/tmp, mem_mb=4000, mem_mib=3815, walltime=00:20

[Tue Apr 11 15:39:12 2023]
Finished job 528.
18 of 33 steps (55%) done
Select jobs to execute...

[Tue Apr 11 15:39:12 2023]
rule combine_tissues:
    input: /cluster/work/pausch/naveen/TWAS/splicing/SprediXcan/nonadditive/cnt/testis/result_with_cords.txt.gz, /cluster/work/pausch/naveen/TWAS/splicing/SprediXcan/nonadditive/cnt/epi_h/result_with_cords.txt.gz, /cluster/work/pausch/naveen/TWAS/splicing/SprediXcan/nonadditive/cnt/vas_d/result_with_cords.txt.gz
    output: /cluster/work/pausch/naveen/TWAS/splicing/SprediXcan/nonadditive/cnt/result_with_cords.txt.gz
    jobid: 584
    reason: Missing output files: /cluster/work/pausch/naveen/TWAS/splicing/SprediXcan/nonadditive/cnt/result_with_cords.txt.gz
    wildcards: mpheno=splicing, inheri=nonadditive, trait=cnt
    resources: tmpdir=/tmp, mem_mb=4000, mem_mib=3815, walltime=00:20

[Tue Apr 11 15:39:14 2023]
Finished job 584.
19 of 33 steps (58%) done
Select jobs to execute...

[Tue Apr 11 15:39:14 2023]
rule combine_tissues:
    input: /cluster/work/pausch/naveen/TWAS/expression/SprediXcan/additive/tail/testis/result_with_cords.txt.gz, /cluster/work/pausch/naveen/TWAS/expression/SprediXcan/additive/tail/epi_h/result_with_cords.txt.gz, /cluster/work/pausch/naveen/TWAS/expression/SprediXcan/additive/tail/vas_d/result_with_cords.txt.gz
    output: /cluster/work/pausch/naveen/TWAS/expression/SprediXcan/additive/tail/result_with_cords.txt.gz
    jobid: 198
    reason: Missing output files: /cluster/work/pausch/naveen/TWAS/expression/SprediXcan/additive/tail/result_with_cords.txt.gz
    wildcards: mpheno=expression, inheri=additive, trait=tail
    resources: tmpdir=/tmp, mem_mb=4000, mem_mib=3815, walltime=00:20

[Tue Apr 11 15:39:14 2023]
Finished job 198.
20 of 33 steps (61%) done
Select jobs to execute...

[Tue Apr 11 15:39:14 2023]
rule combine_tissues:
    input: /cluster/work/pausch/naveen/TWAS/expression/SprediXcan/additive/cnt/testis/result_with_cords.txt.gz, /cluster/work/pausch/naveen/TWAS/expression/SprediXcan/additive/cnt/epi_h/result_with_cords.txt.gz, /cluster/work/pausch/naveen/TWAS/expression/SprediXcan/additive/cnt/vas_d/result_with_cords.txt.gz
    output: /cluster/work/pausch/naveen/TWAS/expression/SprediXcan/additive/cnt/result_with_cords.txt.gz
    jobid: 214
    reason: Missing output files: /cluster/work/pausch/naveen/TWAS/expression/SprediXcan/additive/cnt/result_with_cords.txt.gz
    wildcards: mpheno=expression, inheri=additive, trait=cnt
    resources: tmpdir=/tmp, mem_mb=4000, mem_mib=3815, walltime=00:20

[Tue Apr 11 15:39:15 2023]
Finished job 214.
21 of 33 steps (64%) done
Select jobs to execute...

[Tue Apr 11 15:39:15 2023]
rule combine_tissues:
    input: /cluster/work/pausch/naveen/TWAS/splicing/SprediXcan/nonadditive/head/testis/result_with_cords.txt.gz, /cluster/work/pausch/naveen/TWAS/splicing/SprediXcan/nonadditive/head/epi_h/result_with_cords.txt.gz, /cluster/work/pausch/naveen/TWAS/splicing/SprediXcan/nonadditive/head/vas_d/result_with_cords.txt.gz
    output: /cluster/work/pausch/naveen/TWAS/splicing/SprediXcan/nonadditive/head/result_with_cords.txt.gz
    jobid: 563
    reason: Missing output files: /cluster/work/pausch/naveen/TWAS/splicing/SprediXcan/nonadditive/head/result_with_cords.txt.gz
    wildcards: mpheno=splicing, inheri=nonadditive, trait=head
    resources: tmpdir=/tmp, mem_mb=4000, mem_mib=3815, walltime=00:20

[Tue Apr 11 15:39:16 2023]
Finished job 563.
22 of 33 steps (67%) done
Select jobs to execute...

[Tue Apr 11 15:39:17 2023]
rule combine_tissues:
    input: /cluster/work/pausch/naveen/TWAS/expression/SprediXcan/additive/vol/testis/result_with_cords.txt.gz, /cluster/work/pausch/naveen/TWAS/expression/SprediXcan/additive/vol/epi_h/result_with_cords.txt.gz, /cluster/work/pausch/naveen/TWAS/expression/SprediXcan/additive/vol/vas_d/result_with_cords.txt.gz
    output: /cluster/work/pausch/naveen/TWAS/expression/SprediXcan/additive/vol/result_with_cords.txt.gz
    jobid: 206
    reason: Missing output files: /cluster/work/pausch/naveen/TWAS/expression/SprediXcan/additive/vol/result_with_cords.txt.gz
    wildcards: mpheno=expression, inheri=additive, trait=vol
    resources: tmpdir=/tmp, mem_mb=4000, mem_mib=3815, walltime=00:20

[Tue Apr 11 15:39:17 2023]
Finished job 206.
23 of 33 steps (70%) done
Select jobs to execute...

[Tue Apr 11 15:39:17 2023]
rule combine_tissues:
    input: /cluster/work/pausch/naveen/TWAS/expression/SprediXcan/nonadditive/con/testis/result_with_cords.txt.gz, /cluster/work/pausch/naveen/TWAS/expression/SprediXcan/nonadditive/con/epi_h/result_with_cords.txt.gz, /cluster/work/pausch/naveen/TWAS/expression/SprediXcan/nonadditive/con/vas_d/result_with_cords.txt.gz
    output: /cluster/work/pausch/naveen/TWAS/expression/SprediXcan/nonadditive/con/result_with_cords.txt.gz
    jobid: 286
    reason: Missing output files: /cluster/work/pausch/naveen/TWAS/expression/SprediXcan/nonadditive/con/result_with_cords.txt.gz
    wildcards: mpheno=expression, inheri=nonadditive, trait=con
    resources: tmpdir=/tmp, mem_mb=4000, mem_mib=3815, walltime=00:20

[Tue Apr 11 15:39:18 2023]
Finished job 286.
24 of 33 steps (73%) done
Select jobs to execute...

[Tue Apr 11 15:39:18 2023]
rule combine_tissues:
    input: /cluster/work/pausch/naveen/TWAS/splicing/SprediXcan/additive/fbkall/testis/result_with_cords.txt.gz, /cluster/work/pausch/naveen/TWAS/splicing/SprediXcan/additive/fbkall/epi_h/result_with_cords.txt.gz, /cluster/work/pausch/naveen/TWAS/splicing/SprediXcan/additive/fbkall/vas_d/result_with_cords.txt.gz
    output: /cluster/work/pausch/naveen/TWAS/splicing/SprediXcan/additive/fbkall/result_with_cords.txt.gz
    jobid: 556
    reason: Missing output files: /cluster/work/pausch/naveen/TWAS/splicing/SprediXcan/additive/fbkall/result_with_cords.txt.gz
    wildcards: mpheno=splicing, inheri=additive, trait=fbkall
    resources: tmpdir=/tmp, mem_mb=4000, mem_mib=3815, walltime=00:20

[Tue Apr 11 15:39:19 2023]
Finished job 556.
25 of 33 steps (76%) done
Select jobs to execute...

[Tue Apr 11 15:39:19 2023]
rule combine_tissues:
    input: /cluster/work/pausch/naveen/TWAS/expression/SprediXcan/additive/mot/testis/result_with_cords.txt.gz, /cluster/work/pausch/naveen/TWAS/expression/SprediXcan/additive/mot/epi_h/result_with_cords.txt.gz, /cluster/work/pausch/naveen/TWAS/expression/SprediXcan/additive/mot/vas_d/result_with_cords.txt.gz
    output: /cluster/work/pausch/naveen/TWAS/expression/SprediXcan/additive/mot/result_with_cords.txt.gz
    jobid: 230
    reason: Missing output files: /cluster/work/pausch/naveen/TWAS/expression/SprediXcan/additive/mot/result_with_cords.txt.gz
    wildcards: mpheno=expression, inheri=additive, trait=mot
    resources: tmpdir=/tmp, mem_mb=4000, mem_mib=3815, walltime=00:20

[Tue Apr 11 15:39:20 2023]
Finished job 230.
26 of 33 steps (79%) done
Select jobs to execute...

[Tue Apr 11 15:39:20 2023]
rule combine_tissues:
    input: /cluster/work/pausch/naveen/TWAS/expression/SprediXcan/nonadditive/fbkall/testis/result_with_cords.txt.gz, /cluster/work/pausch/naveen/TWAS/expression/SprediXcan/nonadditive/fbkall/epi_h/result_with_cords.txt.gz, /cluster/work/pausch/naveen/TWAS/expression/SprediXcan/nonadditive/fbkall/vas_d/result_with_cords.txt.gz
    output: /cluster/work/pausch/naveen/TWAS/expression/SprediXcan/nonadditive/fbkall/result_with_cords.txt.gz
    jobid: 310
    reason: Missing output files: /cluster/work/pausch/naveen/TWAS/expression/SprediXcan/nonadditive/fbkall/result_with_cords.txt.gz
    wildcards: mpheno=expression, inheri=nonadditive, trait=fbkall
    resources: tmpdir=/tmp, mem_mb=4000, mem_mib=3815, walltime=00:20

[Tue Apr 11 15:39:21 2023]
Finished job 310.
27 of 33 steps (82%) done
Select jobs to execute...

[Tue Apr 11 15:39:21 2023]
rule combine_tissues:
    input: /cluster/work/pausch/naveen/TWAS/expression/SprediXcan/additive/ntar/testis/result_with_cords.txt.gz, /cluster/work/pausch/naveen/TWAS/expression/SprediXcan/additive/ntar/epi_h/result_with_cords.txt.gz, /cluster/work/pausch/naveen/TWAS/expression/SprediXcan/additive/ntar/vas_d/result_with_cords.txt.gz
    output: /cluster/work/pausch/naveen/TWAS/expression/SprediXcan/additive/ntar/result_with_cords.txt.gz
    jobid: 238
    reason: Missing output files: /cluster/work/pausch/naveen/TWAS/expression/SprediXcan/additive/ntar/result_with_cords.txt.gz
    wildcards: mpheno=expression, inheri=additive, trait=ntar
    resources: tmpdir=/tmp, mem_mb=4000, mem_mib=3815, walltime=00:20

[Tue Apr 11 15:39:21 2023]
Finished job 238.
28 of 33 steps (85%) done
Select jobs to execute...

[Tue Apr 11 15:39:21 2023]
rule combine_tissues:
    input: /cluster/work/pausch/naveen/TWAS/splicing/SprediXcan/nonadditive/mot/testis/result_with_cords.txt.gz, /cluster/work/pausch/naveen/TWAS/splicing/SprediXcan/nonadditive/mot/epi_h/result_with_cords.txt.gz, /cluster/work/pausch/naveen/TWAS/splicing/SprediXcan/nonadditive/mot/vas_d/result_with_cords.txt.gz
    output: /cluster/work/pausch/naveen/TWAS/splicing/SprediXcan/nonadditive/mot/result_with_cords.txt.gz
    jobid: 598
    reason: Missing output files: /cluster/work/pausch/naveen/TWAS/splicing/SprediXcan/nonadditive/mot/result_with_cords.txt.gz
    wildcards: mpheno=splicing, inheri=nonadditive, trait=mot
    resources: tmpdir=/tmp, mem_mb=4000, mem_mib=3815, walltime=00:20

[Tue Apr 11 15:39:23 2023]
Finished job 598.
29 of 33 steps (88%) done
Select jobs to execute...

[Tue Apr 11 15:39:23 2023]
rule combine_tissues:
    input: /cluster/work/pausch/naveen/TWAS/splicing/SprediXcan/additive/head/testis/result_with_cords.txt.gz, /cluster/work/pausch/naveen/TWAS/splicing/SprediXcan/additive/head/epi_h/result_with_cords.txt.gz, /cluster/work/pausch/naveen/TWAS/splicing/SprediXcan/additive/head/vas_d/result_with_cords.txt.gz
    output: /cluster/work/pausch/naveen/TWAS/splicing/SprediXcan/additive/head/result_with_cords.txt.gz
    jobid: 318
    reason: Missing output files: /cluster/work/pausch/naveen/TWAS/splicing/SprediXcan/additive/head/result_with_cords.txt.gz
    wildcards: mpheno=splicing, inheri=additive, trait=head
    resources: tmpdir=/tmp, mem_mb=4000, mem_mib=3815, walltime=00:20

[Tue Apr 11 15:39:24 2023]
Finished job 318.
30 of 33 steps (91%) done
Select jobs to execute...

[Tue Apr 11 15:39:24 2023]
rule combine_tissues:
    input: /cluster/work/pausch/naveen/TWAS/expression/SprediXcan/nonadditive/cnt/testis/result_with_cords.txt.gz, /cluster/work/pausch/naveen/TWAS/expression/SprediXcan/nonadditive/cnt/epi_h/result_with_cords.txt.gz, /cluster/work/pausch/naveen/TWAS/expression/SprediXcan/nonadditive/cnt/vas_d/result_with_cords.txt.gz
    output: /cluster/work/pausch/naveen/TWAS/expression/SprediXcan/nonadditive/cnt/result_with_cords.txt.gz
    jobid: 278
    reason: Missing output files: /cluster/work/pausch/naveen/TWAS/expression/SprediXcan/nonadditive/cnt/result_with_cords.txt.gz
    wildcards: mpheno=expression, inheri=nonadditive, trait=cnt
    resources: tmpdir=/tmp, mem_mb=4000, mem_mib=3815, walltime=00:20

[Tue Apr 11 15:39:24 2023]
Finished job 278.
31 of 33 steps (94%) done
Select jobs to execute...

[Tue Apr 11 15:39:24 2023]
rule combine_tissues:
    input: /cluster/work/pausch/naveen/TWAS/splicing/SprediXcan/nonadditive/fbkall/testis/result_with_cords.txt.gz, /cluster/work/pausch/naveen/TWAS/splicing/SprediXcan/nonadditive/fbkall/epi_h/result_with_cords.txt.gz, /cluster/work/pausch/naveen/TWAS/splicing/SprediXcan/nonadditive/fbkall/vas_d/result_with_cords.txt.gz
    output: /cluster/work/pausch/naveen/TWAS/splicing/SprediXcan/nonadditive/fbkall/result_with_cords.txt.gz
    jobid: 612
    reason: Missing output files: /cluster/work/pausch/naveen/TWAS/splicing/SprediXcan/nonadditive/fbkall/result_with_cords.txt.gz
    wildcards: mpheno=splicing, inheri=nonadditive, trait=fbkall
    resources: tmpdir=/tmp, mem_mb=4000, mem_mib=3815, walltime=00:20

[Tue Apr 11 15:39:26 2023]
Finished job 612.
32 of 33 steps (97%) done
Select jobs to execute...

[Tue Apr 11 15:39:26 2023]
localrule all:
    input: /cluster/work/pausch/naveen/TWAS/expression/SprediXcan/additive/head/result_with_cords.txt.gz, /cluster/work/pausch/naveen/TWAS/expression/SprediXcan/additive/tail/result_with_cords.txt.gz, /cluster/work/pausch/naveen/TWAS/expression/SprediXcan/additive/vol/result_with_cords.txt.gz, /cluster/work/pausch/naveen/TWAS/expression/SprediXcan/additive/cnt/result_with_cords.txt.gz, /cluster/work/pausch/naveen/TWAS/expression/SprediXcan/additive/con/result_with_cords.txt.gz, /cluster/work/pausch/naveen/TWAS/expression/SprediXcan/additive/mot/result_with_cords.txt.gz, /cluster/work/pausch/naveen/TWAS/expression/SprediXcan/additive/ntar/result_with_cords.txt.gz, /cluster/work/pausch/naveen/TWAS/expression/SprediXcan/additive/fbkall/result_with_cords.txt.gz, /cluster/work/pausch/naveen/TWAS/expression/SprediXcan/nonadditive/head/result_with_cords.txt.gz, /cluster/work/pausch/naveen/TWAS/expression/SprediXcan/nonadditive/tail/result_with_cords.txt.gz, /cluster/work/pausch/naveen/TWAS/expression/SprediXcan/nonadditive/vol/result_with_cords.txt.gz, /cluster/work/pausch/naveen/TWAS/expression/SprediXcan/nonadditive/cnt/result_with_cords.txt.gz, /cluster/work/pausch/naveen/TWAS/expression/SprediXcan/nonadditive/con/result_with_cords.txt.gz, /cluster/work/pausch/naveen/TWAS/expression/SprediXcan/nonadditive/mot/result_with_cords.txt.gz, /cluster/work/pausch/naveen/TWAS/expression/SprediXcan/nonadditive/ntar/result_with_cords.txt.gz, /cluster/work/pausch/naveen/TWAS/expression/SprediXcan/nonadditive/fbkall/result_with_cords.txt.gz, /cluster/work/pausch/naveen/TWAS/splicing/SprediXcan/additive/head/result_with_cords.txt.gz, /cluster/work/pausch/naveen/TWAS/splicing/SprediXcan/additive/tail/result_with_cords.txt.gz, /cluster/work/pausch/naveen/TWAS/splicing/SprediXcan/additive/vol/result_with_cords.txt.gz, /cluster/work/pausch/naveen/TWAS/splicing/SprediXcan/additive/cnt/result_with_cords.txt.gz, /cluster/work/pausch/naveen/TWAS/splicing/SprediXcan/additive/con/result_with_cords.txt.gz, /cluster/work/pausch/naveen/TWAS/splicing/SprediXcan/additive/mot/result_with_cords.txt.gz, /cluster/work/pausch/naveen/TWAS/splicing/SprediXcan/additive/ntar/result_with_cords.txt.gz, /cluster/work/pausch/naveen/TWAS/splicing/SprediXcan/additive/fbkall/result_with_cords.txt.gz, /cluster/work/pausch/naveen/TWAS/splicing/SprediXcan/nonadditive/head/result_with_cords.txt.gz, /cluster/work/pausch/naveen/TWAS/splicing/SprediXcan/nonadditive/tail/result_with_cords.txt.gz, /cluster/work/pausch/naveen/TWAS/splicing/SprediXcan/nonadditive/vol/result_with_cords.txt.gz, /cluster/work/pausch/naveen/TWAS/splicing/SprediXcan/nonadditive/cnt/result_with_cords.txt.gz, /cluster/work/pausch/naveen/TWAS/splicing/SprediXcan/nonadditive/con/result_with_cords.txt.gz, /cluster/work/pausch/naveen/TWAS/splicing/SprediXcan/nonadditive/mot/result_with_cords.txt.gz, /cluster/work/pausch/naveen/TWAS/splicing/SprediXcan/nonadditive/ntar/result_with_cords.txt.gz, /cluster/work/pausch/naveen/TWAS/splicing/SprediXcan/nonadditive/fbkall/result_with_cords.txt.gz, /cluster/work/pausch/naveen/TWAS/expression/SprediXcan/additive/head/testis/manhattan_expression_head_testis_additive.tiff, /cluster/work/pausch/naveen/TWAS/expression/SprediXcan/nonadditive/head/testis/manhattan_expression_head_testis_nonadditive.tiff, /cluster/work/pausch/naveen/TWAS/expression/SprediXcan/additive/head/epi_h/manhattan_expression_head_epi_h_additive.tiff, /cluster/work/pausch/naveen/TWAS/expression/SprediXcan/nonadditive/head/epi_h/manhattan_expression_head_epi_h_nonadditive.tiff, /cluster/work/pausch/naveen/TWAS/expression/SprediXcan/additive/head/vas_d/manhattan_expression_head_vas_d_additive.tiff, /cluster/work/pausch/naveen/TWAS/expression/SprediXcan/nonadditive/head/vas_d/manhattan_expression_head_vas_d_nonadditive.tiff, /cluster/work/pausch/naveen/TWAS/expression/SprediXcan/additive/tail/testis/manhattan_expression_tail_testis_additive.tiff, /cluster/work/pausch/naveen/TWAS/expression/SprediXcan/nonadditive/tail/testis/manhattan_expression_tail_testis_nonadditive.tiff, /cluster/work/pausch/naveen/TWAS/expression/SprediXcan/additive/tail/epi_h/manhattan_expression_tail_epi_h_additive.tiff, /cluster/work/pausch/naveen/TWAS/expression/SprediXcan/nonadditive/tail/epi_h/manhattan_expression_tail_epi_h_nonadditive.tiff, /cluster/work/pausch/naveen/TWAS/expression/SprediXcan/additive/tail/vas_d/manhattan_expression_tail_vas_d_additive.tiff, /cluster/work/pausch/naveen/TWAS/expression/SprediXcan/nonadditive/tail/vas_d/manhattan_expression_tail_vas_d_nonadditive.tiff, /cluster/work/pausch/naveen/TWAS/expression/SprediXcan/additive/vol/testis/manhattan_expression_vol_testis_additive.tiff, /cluster/work/pausch/naveen/TWAS/expression/SprediXcan/nonadditive/vol/testis/manhattan_expression_vol_testis_nonadditive.tiff, /cluster/work/pausch/naveen/TWAS/expression/SprediXcan/additive/vol/epi_h/manhattan_expression_vol_epi_h_additive.tiff, /cluster/work/pausch/naveen/TWAS/expression/SprediXcan/nonadditive/vol/epi_h/manhattan_expression_vol_epi_h_nonadditive.tiff, /cluster/work/pausch/naveen/TWAS/expression/SprediXcan/additive/vol/vas_d/manhattan_expression_vol_vas_d_additive.tiff, /cluster/work/pausch/naveen/TWAS/expression/SprediXcan/nonadditive/vol/vas_d/manhattan_expression_vol_vas_d_nonadditive.tiff, /cluster/work/pausch/naveen/TWAS/expression/SprediXcan/additive/cnt/testis/manhattan_expression_cnt_testis_additive.tiff, /cluster/work/pausch/naveen/TWAS/expression/SprediXcan/nonadditive/cnt/testis/manhattan_expression_cnt_testis_nonadditive.tiff, /cluster/work/pausch/naveen/TWAS/expression/SprediXcan/additive/cnt/epi_h/manhattan_expression_cnt_epi_h_additive.tiff, /cluster/work/pausch/naveen/TWAS/expression/SprediXcan/nonadditive/cnt/epi_h/manhattan_expression_cnt_epi_h_nonadditive.tiff, /cluster/work/pausch/naveen/TWAS/expression/SprediXcan/additive/cnt/vas_d/manhattan_expression_cnt_vas_d_additive.tiff, /cluster/work/pausch/naveen/TWAS/expression/SprediXcan/nonadditive/cnt/vas_d/manhattan_expression_cnt_vas_d_nonadditive.tiff, /cluster/work/pausch/naveen/TWAS/expression/SprediXcan/additive/con/testis/manhattan_expression_con_testis_additive.tiff, /cluster/work/pausch/naveen/TWAS/expression/SprediXcan/nonadditive/con/testis/manhattan_expression_con_testis_nonadditive.tiff, /cluster/work/pausch/naveen/TWAS/expression/SprediXcan/additive/con/epi_h/manhattan_expression_con_epi_h_additive.tiff, /cluster/work/pausch/naveen/TWAS/expression/SprediXcan/nonadditive/con/epi_h/manhattan_expression_con_epi_h_nonadditive.tiff, /cluster/work/pausch/naveen/TWAS/expression/SprediXcan/additive/con/vas_d/manhattan_expression_con_vas_d_additive.tiff, /cluster/work/pausch/naveen/TWAS/expression/SprediXcan/nonadditive/con/vas_d/manhattan_expression_con_vas_d_nonadditive.tiff, /cluster/work/pausch/naveen/TWAS/expression/SprediXcan/additive/mot/testis/manhattan_expression_mot_testis_additive.tiff, /cluster/work/pausch/naveen/TWAS/expression/SprediXcan/nonadditive/mot/testis/manhattan_expression_mot_testis_nonadditive.tiff, /cluster/work/pausch/naveen/TWAS/expression/SprediXcan/additive/mot/epi_h/manhattan_expression_mot_epi_h_additive.tiff, /cluster/work/pausch/naveen/TWAS/expression/SprediXcan/nonadditive/mot/epi_h/manhattan_expression_mot_epi_h_nonadditive.tiff, /cluster/work/pausch/naveen/TWAS/expression/SprediXcan/additive/mot/vas_d/manhattan_expression_mot_vas_d_additive.tiff, /cluster/work/pausch/naveen/TWAS/expression/SprediXcan/nonadditive/mot/vas_d/manhattan_expression_mot_vas_d_nonadditive.tiff, /cluster/work/pausch/naveen/TWAS/expression/SprediXcan/additive/ntar/testis/manhattan_expression_ntar_testis_additive.tiff, /cluster/work/pausch/naveen/TWAS/expression/SprediXcan/nonadditive/ntar/testis/manhattan_expression_ntar_testis_nonadditive.tiff, /cluster/work/pausch/naveen/TWAS/expression/SprediXcan/additive/ntar/epi_h/manhattan_expression_ntar_epi_h_additive.tiff, /cluster/work/pausch/naveen/TWAS/expression/SprediXcan/nonadditive/ntar/epi_h/manhattan_expression_ntar_epi_h_nonadditive.tiff, /cluster/work/pausch/naveen/TWAS/expression/SprediXcan/additive/ntar/vas_d/manhattan_expression_ntar_vas_d_additive.tiff, /cluster/work/pausch/naveen/TWAS/expression/SprediXcan/nonadditive/ntar/vas_d/manhattan_expression_ntar_vas_d_nonadditive.tiff, /cluster/work/pausch/naveen/TWAS/expression/SprediXcan/additive/fbkall/testis/manhattan_expression_fbkall_testis_additive.tiff, /cluster/work/pausch/naveen/TWAS/expression/SprediXcan/nonadditive/fbkall/testis/manhattan_expression_fbkall_testis_nonadditive.tiff, /cluster/work/pausch/naveen/TWAS/expression/SprediXcan/additive/fbkall/epi_h/manhattan_expression_fbkall_epi_h_additive.tiff, /cluster/work/pausch/naveen/TWAS/expression/SprediXcan/nonadditive/fbkall/epi_h/manhattan_expression_fbkall_epi_h_nonadditive.tiff, /cluster/work/pausch/naveen/TWAS/expression/SprediXcan/additive/fbkall/vas_d/manhattan_expression_fbkall_vas_d_additive.tiff, /cluster/work/pausch/naveen/TWAS/expression/SprediXcan/nonadditive/fbkall/vas_d/manhattan_expression_fbkall_vas_d_nonadditive.tiff, /cluster/work/pausch/naveen/TWAS/splicing/SprediXcan/additive/head/testis/manhattan_splicing_head_testis_additive.tiff, /cluster/work/pausch/naveen/TWAS/splicing/SprediXcan/nonadditive/head/testis/manhattan_splicing_head_testis_nonadditive.tiff, /cluster/work/pausch/naveen/TWAS/splicing/SprediXcan/additive/head/epi_h/manhattan_splicing_head_epi_h_additive.tiff, /cluster/work/pausch/naveen/TWAS/splicing/SprediXcan/nonadditive/head/epi_h/manhattan_splicing_head_epi_h_nonadditive.tiff, /cluster/work/pausch/naveen/TWAS/splicing/SprediXcan/additive/head/vas_d/manhattan_splicing_head_vas_d_additive.tiff, /cluster/work/pausch/naveen/TWAS/splicing/SprediXcan/nonadditive/head/vas_d/manhattan_splicing_head_vas_d_nonadditive.tiff, /cluster/work/pausch/naveen/TWAS/splicing/SprediXcan/additive/tail/testis/manhattan_splicing_tail_testis_additive.tiff, /cluster/work/pausch/naveen/TWAS/splicing/SprediXcan/nonadditive/tail/testis/manhattan_splicing_tail_testis_nonadditive.tiff, /cluster/work/pausch/naveen/TWAS/splicing/SprediXcan/additive/tail/epi_h/manhattan_splicing_tail_epi_h_additive.tiff, /cluster/work/pausch/naveen/TWAS/splicing/SprediXcan/nonadditive/tail/epi_h/manhattan_splicing_tail_epi_h_nonadditive.tiff, /cluster/work/pausch/naveen/TWAS/splicing/SprediXcan/additive/tail/vas_d/manhattan_splicing_tail_vas_d_additive.tiff, /cluster/work/pausch/naveen/TWAS/splicing/SprediXcan/nonadditive/tail/vas_d/manhattan_splicing_tail_vas_d_nonadditive.tiff, /cluster/work/pausch/naveen/TWAS/splicing/SprediXcan/additive/vol/testis/manhattan_splicing_vol_testis_additive.tiff, /cluster/work/pausch/naveen/TWAS/splicing/SprediXcan/nonadditive/vol/testis/manhattan_splicing_vol_testis_nonadditive.tiff, /cluster/work/pausch/naveen/TWAS/splicing/SprediXcan/additive/vol/epi_h/manhattan_splicing_vol_epi_h_additive.tiff, /cluster/work/pausch/naveen/TWAS/splicing/SprediXcan/nonadditive/vol/epi_h/manhattan_splicing_vol_epi_h_nonadditive.tiff, /cluster/work/pausch/naveen/TWAS/splicing/SprediXcan/additive/vol/vas_d/manhattan_splicing_vol_vas_d_additive.tiff, /cluster/work/pausch/naveen/TWAS/splicing/SprediXcan/nonadditive/vol/vas_d/manhattan_splicing_vol_vas_d_nonadditive.tiff, /cluster/work/pausch/naveen/TWAS/splicing/SprediXcan/additive/cnt/testis/manhattan_splicing_cnt_testis_additive.tiff, /cluster/work/pausch/naveen/TWAS/splicing/SprediXcan/nonadditive/cnt/testis/manhattan_splicing_cnt_testis_nonadditive.tiff, /cluster/work/pausch/naveen/TWAS/splicing/SprediXcan/additive/cnt/epi_h/manhattan_splicing_cnt_epi_h_additive.tiff, /cluster/work/pausch/naveen/TWAS/splicing/SprediXcan/nonadditive/cnt/epi_h/manhattan_splicing_cnt_epi_h_nonadditive.tiff, /cluster/work/pausch/naveen/TWAS/splicing/SprediXcan/additive/cnt/vas_d/manhattan_splicing_cnt_vas_d_additive.tiff, /cluster/work/pausch/naveen/TWAS/splicing/SprediXcan/nonadditive/cnt/vas_d/manhattan_splicing_cnt_vas_d_nonadditive.tiff, /cluster/work/pausch/naveen/TWAS/splicing/SprediXcan/additive/con/testis/manhattan_splicing_con_testis_additive.tiff, /cluster/work/pausch/naveen/TWAS/splicing/SprediXcan/nonadditive/con/testis/manhattan_splicing_con_testis_nonadditive.tiff, /cluster/work/pausch/naveen/TWAS/splicing/SprediXcan/additive/con/epi_h/manhattan_splicing_con_epi_h_additive.tiff, /cluster/work/pausch/naveen/TWAS/splicing/SprediXcan/nonadditive/con/epi_h/manhattan_splicing_con_epi_h_nonadditive.tiff, /cluster/work/pausch/naveen/TWAS/splicing/SprediXcan/additive/con/vas_d/manhattan_splicing_con_vas_d_additive.tiff, /cluster/work/pausch/naveen/TWAS/splicing/SprediXcan/nonadditive/con/vas_d/manhattan_splicing_con_vas_d_nonadditive.tiff, /cluster/work/pausch/naveen/TWAS/splicing/SprediXcan/additive/mot/testis/manhattan_splicing_mot_testis_additive.tiff, /cluster/work/pausch/naveen/TWAS/splicing/SprediXcan/nonadditive/mot/testis/manhattan_splicing_mot_testis_nonadditive.tiff, /cluster/work/pausch/naveen/TWAS/splicing/SprediXcan/additive/mot/epi_h/manhattan_splicing_mot_epi_h_additive.tiff, /cluster/work/pausch/naveen/TWAS/splicing/SprediXcan/nonadditive/mot/epi_h/manhattan_splicing_mot_epi_h_nonadditive.tiff, /cluster/work/pausch/naveen/TWAS/splicing/SprediXcan/additive/mot/vas_d/manhattan_splicing_mot_vas_d_additive.tiff, /cluster/work/pausch/naveen/TWAS/splicing/SprediXcan/nonadditive/mot/vas_d/manhattan_splicing_mot_vas_d_nonadditive.tiff, /cluster/work/pausch/naveen/TWAS/splicing/SprediXcan/additive/ntar/testis/manhattan_splicing_ntar_testis_additive.tiff, /cluster/work/pausch/naveen/TWAS/splicing/SprediXcan/nonadditive/ntar/testis/manhattan_splicing_ntar_testis_nonadditive.tiff, /cluster/work/pausch/naveen/TWAS/splicing/SprediXcan/additive/ntar/epi_h/manhattan_splicing_ntar_epi_h_additive.tiff, /cluster/work/pausch/naveen/TWAS/splicing/SprediXcan/nonadditive/ntar/epi_h/manhattan_splicing_ntar_epi_h_nonadditive.tiff, /cluster/work/pausch/naveen/TWAS/splicing/SprediXcan/additive/ntar/vas_d/manhattan_splicing_ntar_vas_d_additive.tiff, /cluster/work/pausch/naveen/TWAS/splicing/SprediXcan/nonadditive/ntar/vas_d/manhattan_splicing_ntar_vas_d_nonadditive.tiff, /cluster/work/pausch/naveen/TWAS/splicing/SprediXcan/additive/fbkall/testis/manhattan_splicing_fbkall_testis_additive.tiff, /cluster/work/pausch/naveen/TWAS/splicing/SprediXcan/nonadditive/fbkall/testis/manhattan_splicing_fbkall_testis_nonadditive.tiff, /cluster/work/pausch/naveen/TWAS/splicing/SprediXcan/additive/fbkall/epi_h/manhattan_splicing_fbkall_epi_h_additive.tiff, /cluster/work/pausch/naveen/TWAS/splicing/SprediXcan/nonadditive/fbkall/epi_h/manhattan_splicing_fbkall_epi_h_nonadditive.tiff, /cluster/work/pausch/naveen/TWAS/splicing/SprediXcan/additive/fbkall/vas_d/manhattan_splicing_fbkall_vas_d_additive.tiff, /cluster/work/pausch/naveen/TWAS/splicing/SprediXcan/nonadditive/fbkall/vas_d/manhattan_splicing_fbkall_vas_d_nonadditive.tiff
    jobid: 0
    reason: Input files updated by another job: /cluster/work/pausch/naveen/TWAS/expression/SprediXcan/additive/cnt/result_with_cords.txt.gz, /cluster/work/pausch/naveen/TWAS/expression/SprediXcan/nonadditive/head/result_with_cords.txt.gz, /cluster/work/pausch/naveen/TWAS/splicing/SprediXcan/additive/con/result_with_cords.txt.gz, /cluster/work/pausch/naveen/TWAS/splicing/SprediXcan/additive/mot/result_with_cords.txt.gz, /cluster/work/pausch/naveen/TWAS/splicing/SprediXcan/nonadditive/cnt/result_with_cords.txt.gz, /cluster/work/pausch/naveen/TWAS/splicing/SprediXcan/additive/fbkall/result_with_cords.txt.gz, /cluster/work/pausch/naveen/TWAS/splicing/SprediXcan/additive/ntar/result_with_cords.txt.gz, /cluster/work/pausch/naveen/TWAS/expression/SprediXcan/additive/mot/result_with_cords.txt.gz, /cluster/work/pausch/naveen/TWAS/splicing/SprediXcan/nonadditive/mot/result_with_cords.txt.gz, /cluster/work/pausch/naveen/TWAS/splicing/SprediXcan/nonadditive/fbkall/result_with_cords.txt.gz, /cluster/work/pausch/naveen/TWAS/expression/SprediXcan/additive/ntar/result_with_cords.txt.gz, /cluster/work/pausch/naveen/TWAS/expression/SprediXcan/nonadditive/vol/result_with_cords.txt.gz, /cluster/work/pausch/naveen/TWAS/splicing/SprediXcan/nonadditive/tail/result_with_cords.txt.gz, /cluster/work/pausch/naveen/TWAS/expression/SprediXcan/nonadditive/tail/result_with_cords.txt.gz, /cluster/work/pausch/naveen/TWAS/splicing/SprediXcan/additive/head/result_with_cords.txt.gz, /cluster/work/pausch/naveen/TWAS/expression/SprediXcan/nonadditive/fbkall/result_with_cords.txt.gz, /cluster/work/pausch/naveen/TWAS/splicing/SprediXcan/additive/tail/result_with_cords.txt.gz, /cluster/work/pausch/naveen/TWAS/splicing/SprediXcan/nonadditive/head/result_with_cords.txt.gz, /cluster/work/pausch/naveen/TWAS/splicing/SprediXcan/nonadditive/vol/result_with_cords.txt.gz, /cluster/work/pausch/naveen/TWAS/expression/SprediXcan/nonadditive/con/result_with_cords.txt.gz, /cluster/work/pausch/naveen/TWAS/splicing/SprediXcan/nonadditive/ntar/result_with_cords.txt.gz, /cluster/work/pausch/naveen/TWAS/expression/SprediXcan/additive/fbkall/result_with_cords.txt.gz, /cluster/work/pausch/naveen/TWAS/expression/SprediXcan/nonadditive/cnt/result_with_cords.txt.gz, /cluster/work/pausch/naveen/TWAS/expression/SprediXcan/additive/vol/result_with_cords.txt.gz, /cluster/work/pausch/naveen/TWAS/expression/SprediXcan/nonadditive/mot/result_with_cords.txt.gz, /cluster/work/pausch/naveen/TWAS/expression/SprediXcan/nonadditive/ntar/result_with_cords.txt.gz, /cluster/work/pausch/naveen/TWAS/splicing/SprediXcan/additive/cnt/result_with_cords.txt.gz, /cluster/work/pausch/naveen/TWAS/expression/SprediXcan/additive/head/result_with_cords.txt.gz, /cluster/work/pausch/naveen/TWAS/splicing/SprediXcan/nonadditive/con/result_with_cords.txt.gz, /cluster/work/pausch/naveen/TWAS/expression/SprediXcan/additive/tail/result_with_cords.txt.gz, /cluster/work/pausch/naveen/TWAS/splicing/SprediXcan/additive/vol/result_with_cords.txt.gz, /cluster/work/pausch/naveen/TWAS/expression/SprediXcan/additive/con/result_with_cords.txt.gz
    resources: tmpdir=/tmp

[Tue Apr 11 15:39:26 2023]
Finished job 0.
33 of 33 steps (100%) done
Complete log: .snakemake/log/2023-04-11T153841.262739.snakemake.log
