Building DAG of jobs...
Using shell: /cluster/apps/sfos/bin/bash
Provided cluster nodes: 5000
Job stats:
job                           count    min threads    max threads
--------------------------  -------  -------------  -------------
SPrediXcan                       16              1              1
add_cordinates                   16              1              1
all                               1              1              1
cat_covariances                   1              1              1
combine_tissues                  16              1              1
create_database                   1              1              1
filter_database                   1              1              1
format_covariates                 1              1              1
manhattan                        16              1              1
manhattan2                       16              1              1
splicing_annotation               1              1              1
split_and_transpose_mpheno       29              1              1
train                            29              1              1
total                           144              1              1

Select jobs to execute...

[Fri Apr 14 13:19:47 2023]
rule split_and_transpose_mpheno:
    input: /cluster/work/pausch/naveen/TWAS/EXC_RATIOS/vas_d.bed.gz
    output: /cluster/work/pausch/naveen/TWAS/splicing/vas_d/CHR13/mpheno.txt
    jobid: 481
    reason: Updated input files: /cluster/work/pausch/naveen/TWAS/EXC_RATIOS/vas_d.bed.gz
    wildcards: mpheno=splicing, tissue=vas_d, chr=13
    resources: mem_mb=1000, mem_mib=954, disk_mb=1000, disk_mib=954, tmpdir=<TBD>, walltime=00:20

Submitted job 481 with external jobid '257441037 logs/split_and_transpose_mpheno/mpheno-splicing.tissue-vas_d.chr-13.out'.

[Fri Apr 14 13:19:48 2023]
rule split_and_transpose_mpheno:
    input: /cluster/work/pausch/naveen/TWAS/EXC_RATIOS/vas_d.bed.gz
    output: /cluster/work/pausch/naveen/TWAS/splicing/vas_d/CHR19/mpheno.txt
    jobid: 493
    reason: Updated input files: /cluster/work/pausch/naveen/TWAS/EXC_RATIOS/vas_d.bed.gz
    wildcards: mpheno=splicing, tissue=vas_d, chr=19
    resources: mem_mb=1000, mem_mib=954, disk_mb=1000, disk_mib=954, tmpdir=<TBD>, walltime=00:20

Submitted job 493 with external jobid '257441038 logs/split_and_transpose_mpheno/mpheno-splicing.tissue-vas_d.chr-19.out'.

[Fri Apr 14 13:19:48 2023]
rule split_and_transpose_mpheno:
    input: /cluster/work/pausch/naveen/TWAS/EXC_RATIOS/vas_d.bed.gz
    output: /cluster/work/pausch/naveen/TWAS/splicing/vas_d/CHR7/mpheno.txt
    jobid: 469
    reason: Updated input files: /cluster/work/pausch/naveen/TWAS/EXC_RATIOS/vas_d.bed.gz
    wildcards: mpheno=splicing, tissue=vas_d, chr=7
    resources: mem_mb=1000, mem_mib=954, disk_mb=1000, disk_mib=954, tmpdir=<TBD>, walltime=00:20

Submitted job 469 with external jobid '257441039 logs/split_and_transpose_mpheno/mpheno-splicing.tissue-vas_d.chr-7.out'.

[Fri Apr 14 13:19:49 2023]
rule split_and_transpose_mpheno:
    input: /cluster/work/pausch/naveen/TWAS/EXC_RATIOS/vas_d.bed.gz
    output: /cluster/work/pausch/naveen/TWAS/splicing/vas_d/CHR5/mpheno.txt
    jobid: 465
    reason: Updated input files: /cluster/work/pausch/naveen/TWAS/EXC_RATIOS/vas_d.bed.gz
    wildcards: mpheno=splicing, tissue=vas_d, chr=5
    resources: mem_mb=1000, mem_mib=954, disk_mb=1000, disk_mib=954, tmpdir=<TBD>, walltime=00:20

Submitted job 465 with external jobid '257441040 logs/split_and_transpose_mpheno/mpheno-splicing.tissue-vas_d.chr-5.out'.

[Fri Apr 14 13:19:51 2023]
rule splicing_annotation:
    input: /cluster/work/pausch/naveen/TWAS/expression/vas_d/annotation.txt, /cluster/work/pausch/naveen/TWAS/EXC_RATIOS/vas_d.bed.gz
    output: /cluster/work/pausch/naveen/TWAS/splicing/vas_d/annotation.txt
    jobid: 454
    reason: Updated input files: /cluster/work/pausch/naveen/TWAS/EXC_RATIOS/vas_d.bed.gz
    wildcards: tissue=vas_d
    resources: mem_mb=1000, mem_mib=954, disk_mb=1000, disk_mib=954, tmpdir=<TBD>

Submitted job 454 with external jobid '257441041 logs/splicing_annotation/tissue-vas_d.out'.

[Fri Apr 14 13:19:51 2023]
rule split_and_transpose_mpheno:
    input: /cluster/work/pausch/naveen/TWAS/EXC_RATIOS/vas_d.bed.gz
    output: /cluster/work/pausch/naveen/TWAS/splicing/vas_d/CHR17/mpheno.txt
    jobid: 489
    reason: Updated input files: /cluster/work/pausch/naveen/TWAS/EXC_RATIOS/vas_d.bed.gz
    wildcards: mpheno=splicing, tissue=vas_d, chr=17
    resources: mem_mb=1000, mem_mib=954, disk_mb=1000, disk_mib=954, tmpdir=<TBD>, walltime=00:20

Submitted job 489 with external jobid '257441042 logs/split_and_transpose_mpheno/mpheno-splicing.tissue-vas_d.chr-17.out'.

[Fri Apr 14 13:19:52 2023]
rule split_and_transpose_mpheno:
    input: /cluster/work/pausch/naveen/TWAS/EXC_RATIOS/vas_d.bed.gz
    output: /cluster/work/pausch/naveen/TWAS/splicing/vas_d/CHR27/mpheno.txt
    jobid: 508
    reason: Updated input files: /cluster/work/pausch/naveen/TWAS/EXC_RATIOS/vas_d.bed.gz
    wildcards: mpheno=splicing, tissue=vas_d, chr=27
    resources: mem_mb=1000, mem_mib=954, disk_mb=1000, disk_mib=954, tmpdir=<TBD>, walltime=00:20

Submitted job 508 with external jobid '257441043 logs/split_and_transpose_mpheno/mpheno-splicing.tissue-vas_d.chr-27.out'.

[Fri Apr 14 13:19:53 2023]
rule split_and_transpose_mpheno:
    input: /cluster/work/pausch/naveen/TWAS/EXC_RATIOS/vas_d.bed.gz
    output: /cluster/work/pausch/naveen/TWAS/splicing/vas_d/CHR23/mpheno.txt
    jobid: 501
    reason: Updated input files: /cluster/work/pausch/naveen/TWAS/EXC_RATIOS/vas_d.bed.gz
    wildcards: mpheno=splicing, tissue=vas_d, chr=23
    resources: mem_mb=1000, mem_mib=954, disk_mb=1000, disk_mib=954, tmpdir=<TBD>, walltime=00:20

Submitted job 501 with external jobid '257441044 logs/split_and_transpose_mpheno/mpheno-splicing.tissue-vas_d.chr-23.out'.

[Fri Apr 14 13:19:53 2023]
rule split_and_transpose_mpheno:
    input: /cluster/work/pausch/naveen/TWAS/EXC_RATIOS/vas_d.bed.gz
    output: /cluster/work/pausch/naveen/TWAS/splicing/vas_d/CHR14/mpheno.txt
    jobid: 483
    reason: Updated input files: /cluster/work/pausch/naveen/TWAS/EXC_RATIOS/vas_d.bed.gz
    wildcards: mpheno=splicing, tissue=vas_d, chr=14
    resources: mem_mb=1000, mem_mib=954, disk_mb=1000, disk_mib=954, tmpdir=<TBD>, walltime=00:20

Submitted job 483 with external jobid '257441045 logs/split_and_transpose_mpheno/mpheno-splicing.tissue-vas_d.chr-14.out'.

[Fri Apr 14 13:19:54 2023]
rule split_and_transpose_mpheno:
    input: /cluster/work/pausch/naveen/TWAS/EXC_RATIOS/vas_d.bed.gz
    output: /cluster/work/pausch/naveen/TWAS/splicing/vas_d/CHR20/mpheno.txt
    jobid: 495
    reason: Updated input files: /cluster/work/pausch/naveen/TWAS/EXC_RATIOS/vas_d.bed.gz
    wildcards: mpheno=splicing, tissue=vas_d, chr=20
    resources: mem_mb=1000, mem_mib=954, disk_mb=1000, disk_mib=954, tmpdir=<TBD>, walltime=00:20

Submitted job 495 with external jobid '257441046 logs/split_and_transpose_mpheno/mpheno-splicing.tissue-vas_d.chr-20.out'.

[Fri Apr 14 13:19:55 2023]
rule split_and_transpose_mpheno:
    input: /cluster/work/pausch/naveen/TWAS/EXC_RATIOS/vas_d.bed.gz
    output: /cluster/work/pausch/naveen/TWAS/splicing/vas_d/CHR8/mpheno.txt
    jobid: 471
    reason: Updated input files: /cluster/work/pausch/naveen/TWAS/EXC_RATIOS/vas_d.bed.gz
    wildcards: mpheno=splicing, tissue=vas_d, chr=8
    resources: mem_mb=1000, mem_mib=954, disk_mb=1000, disk_mib=954, tmpdir=<TBD>, walltime=00:20

Submitted job 471 with external jobid '257441047 logs/split_and_transpose_mpheno/mpheno-splicing.tissue-vas_d.chr-8.out'.

[Fri Apr 14 13:19:56 2023]
rule split_and_transpose_mpheno:
    input: /cluster/work/pausch/naveen/TWAS/EXC_RATIOS/vas_d.bed.gz
    output: /cluster/work/pausch/naveen/TWAS/splicing/vas_d/CHR6/mpheno.txt
    jobid: 467
    reason: Updated input files: /cluster/work/pausch/naveen/TWAS/EXC_RATIOS/vas_d.bed.gz
    wildcards: mpheno=splicing, tissue=vas_d, chr=6
    resources: mem_mb=1000, mem_mib=954, disk_mb=1000, disk_mib=954, tmpdir=<TBD>, walltime=00:20

Submitted job 467 with external jobid '257441048 logs/split_and_transpose_mpheno/mpheno-splicing.tissue-vas_d.chr-6.out'.

[Fri Apr 14 13:19:56 2023]
rule split_and_transpose_mpheno:
    input: /cluster/work/pausch/naveen/TWAS/EXC_RATIOS/vas_d.bed.gz
    output: /cluster/work/pausch/naveen/TWAS/splicing/vas_d/CHR1/mpheno.txt
    jobid: 457
    reason: Updated input files: /cluster/work/pausch/naveen/TWAS/EXC_RATIOS/vas_d.bed.gz
    wildcards: mpheno=splicing, tissue=vas_d, chr=1
    resources: mem_mb=1000, mem_mib=954, disk_mb=1000, disk_mib=954, tmpdir=<TBD>, walltime=00:20

Submitted job 457 with external jobid '257441049 logs/split_and_transpose_mpheno/mpheno-splicing.tissue-vas_d.chr-1.out'.

[Fri Apr 14 13:19:57 2023]
rule split_and_transpose_mpheno:
    input: /cluster/work/pausch/naveen/TWAS/EXC_RATIOS/vas_d.bed.gz
    output: /cluster/work/pausch/naveen/TWAS/splicing/vas_d/CHR18/mpheno.txt
    jobid: 491
    reason: Updated input files: /cluster/work/pausch/naveen/TWAS/EXC_RATIOS/vas_d.bed.gz
    wildcards: mpheno=splicing, tissue=vas_d, chr=18
    resources: mem_mb=1000, mem_mib=954, disk_mb=1000, disk_mib=954, tmpdir=<TBD>, walltime=00:20

Submitted job 491 with external jobid '257441050 logs/split_and_transpose_mpheno/mpheno-splicing.tissue-vas_d.chr-18.out'.

[Fri Apr 14 13:19:58 2023]
rule split_and_transpose_mpheno:
    input: /cluster/work/pausch/naveen/TWAS/EXC_RATIOS/vas_d.bed.gz
    output: /cluster/work/pausch/naveen/TWAS/splicing/vas_d/CHR28/mpheno.txt
    jobid: 510
    reason: Updated input files: /cluster/work/pausch/naveen/TWAS/EXC_RATIOS/vas_d.bed.gz
    wildcards: mpheno=splicing, tissue=vas_d, chr=28
    resources: mem_mb=1000, mem_mib=954, disk_mb=1000, disk_mib=954, tmpdir=<TBD>, walltime=00:20

Submitted job 510 with external jobid '257441051 logs/split_and_transpose_mpheno/mpheno-splicing.tissue-vas_d.chr-28.out'.

[Fri Apr 14 13:19:58 2023]
rule split_and_transpose_mpheno:
    input: /cluster/work/pausch/naveen/TWAS/EXC_RATIOS/vas_d.bed.gz
    output: /cluster/work/pausch/naveen/TWAS/splicing/vas_d/CHR24/mpheno.txt
    jobid: 503
    reason: Updated input files: /cluster/work/pausch/naveen/TWAS/EXC_RATIOS/vas_d.bed.gz
    wildcards: mpheno=splicing, tissue=vas_d, chr=24
    resources: mem_mb=1000, mem_mib=954, disk_mb=1000, disk_mib=954, tmpdir=<TBD>, walltime=00:20

Submitted job 503 with external jobid '257441052 logs/split_and_transpose_mpheno/mpheno-splicing.tissue-vas_d.chr-24.out'.

[Fri Apr 14 13:19:59 2023]
rule split_and_transpose_mpheno:
    input: /cluster/work/pausch/naveen/TWAS/EXC_RATIOS/vas_d.bed.gz
    output: /cluster/work/pausch/naveen/TWAS/splicing/vas_d/CHR3/mpheno.txt
    jobid: 461
    reason: Updated input files: /cluster/work/pausch/naveen/TWAS/EXC_RATIOS/vas_d.bed.gz
    wildcards: mpheno=splicing, tissue=vas_d, chr=3
    resources: mem_mb=1000, mem_mib=954, disk_mb=1000, disk_mib=954, tmpdir=<TBD>, walltime=00:20

Submitted job 461 with external jobid '257441053 logs/split_and_transpose_mpheno/mpheno-splicing.tissue-vas_d.chr-3.out'.

[Fri Apr 14 13:20:00 2023]
rule split_and_transpose_mpheno:
    input: /cluster/work/pausch/naveen/TWAS/EXC_RATIOS/vas_d.bed.gz
    output: /cluster/work/pausch/naveen/TWAS/splicing/vas_d/CHR25/mpheno.txt
    jobid: 456
    reason: Updated input files: /cluster/work/pausch/naveen/TWAS/EXC_RATIOS/vas_d.bed.gz
    wildcards: mpheno=splicing, tissue=vas_d, chr=25
    resources: mem_mb=1000, mem_mib=954, disk_mb=1000, disk_mib=954, tmpdir=<TBD>, walltime=00:20

Submitted job 456 with external jobid '257441054 logs/split_and_transpose_mpheno/mpheno-splicing.tissue-vas_d.chr-25.out'.

[Fri Apr 14 13:20:00 2023]
rule split_and_transpose_mpheno:
    input: /cluster/work/pausch/naveen/TWAS/EXC_RATIOS/vas_d.bed.gz
    output: /cluster/work/pausch/naveen/TWAS/splicing/vas_d/CHR15/mpheno.txt
    jobid: 485
    reason: Updated input files: /cluster/work/pausch/naveen/TWAS/EXC_RATIOS/vas_d.bed.gz
    wildcards: mpheno=splicing, tissue=vas_d, chr=15
    resources: mem_mb=1000, mem_mib=954, disk_mb=1000, disk_mib=954, tmpdir=<TBD>, walltime=00:20

Submitted job 485 with external jobid '257441055 logs/split_and_transpose_mpheno/mpheno-splicing.tissue-vas_d.chr-15.out'.

[Fri Apr 14 13:20:01 2023]
rule split_and_transpose_mpheno:
    input: /cluster/work/pausch/naveen/TWAS/EXC_RATIOS/vas_d.bed.gz
    output: /cluster/work/pausch/naveen/TWAS/splicing/vas_d/CHR10/mpheno.txt
    jobid: 475
    reason: Updated input files: /cluster/work/pausch/naveen/TWAS/EXC_RATIOS/vas_d.bed.gz
    wildcards: mpheno=splicing, tissue=vas_d, chr=10
    resources: mem_mb=1000, mem_mib=954, disk_mb=1000, disk_mib=954, tmpdir=<TBD>, walltime=00:20

Submitted job 475 with external jobid '257441056 logs/split_and_transpose_mpheno/mpheno-splicing.tissue-vas_d.chr-10.out'.

[Fri Apr 14 13:20:02 2023]
rule split_and_transpose_mpheno:
    input: /cluster/work/pausch/naveen/TWAS/EXC_RATIOS/vas_d.bed.gz
    output: /cluster/work/pausch/naveen/TWAS/splicing/vas_d/CHR21/mpheno.txt
    jobid: 497
    reason: Updated input files: /cluster/work/pausch/naveen/TWAS/EXC_RATIOS/vas_d.bed.gz
    wildcards: mpheno=splicing, tissue=vas_d, chr=21
    resources: mem_mb=1000, mem_mib=954, disk_mb=1000, disk_mib=954, tmpdir=<TBD>, walltime=00:20

Submitted job 497 with external jobid '257441057 logs/split_and_transpose_mpheno/mpheno-splicing.tissue-vas_d.chr-21.out'.

[Fri Apr 14 13:20:02 2023]
rule split_and_transpose_mpheno:
    input: /cluster/work/pausch/naveen/TWAS/EXC_RATIOS/vas_d.bed.gz
    output: /cluster/work/pausch/naveen/TWAS/splicing/vas_d/CHR9/mpheno.txt
    jobid: 473
    reason: Updated input files: /cluster/work/pausch/naveen/TWAS/EXC_RATIOS/vas_d.bed.gz
    wildcards: mpheno=splicing, tissue=vas_d, chr=9
    resources: mem_mb=1000, mem_mib=954, disk_mb=1000, disk_mib=954, tmpdir=<TBD>, walltime=00:20

Submitted job 473 with external jobid '257441058 logs/split_and_transpose_mpheno/mpheno-splicing.tissue-vas_d.chr-9.out'.

[Fri Apr 14 13:20:03 2023]
rule split_and_transpose_mpheno:
    input: /cluster/work/pausch/naveen/TWAS/EXC_RATIOS/vas_d.bed.gz
    output: /cluster/work/pausch/naveen/TWAS/splicing/vas_d/CHR12/mpheno.txt
    jobid: 479
    reason: Updated input files: /cluster/work/pausch/naveen/TWAS/EXC_RATIOS/vas_d.bed.gz
    wildcards: mpheno=splicing, tissue=vas_d, chr=12
    resources: mem_mb=1000, mem_mib=954, disk_mb=1000, disk_mib=954, tmpdir=<TBD>, walltime=00:20

Submitted job 479 with external jobid '257441059 logs/split_and_transpose_mpheno/mpheno-splicing.tissue-vas_d.chr-12.out'.

[Fri Apr 14 13:20:05 2023]
rule split_and_transpose_mpheno:
    input: /cluster/work/pausch/naveen/TWAS/EXC_RATIOS/vas_d.bed.gz
    output: /cluster/work/pausch/naveen/TWAS/splicing/vas_d/CHR29/mpheno.txt
    jobid: 512
    reason: Updated input files: /cluster/work/pausch/naveen/TWAS/EXC_RATIOS/vas_d.bed.gz
    wildcards: mpheno=splicing, tissue=vas_d, chr=29
    resources: mem_mb=1000, mem_mib=954, disk_mb=1000, disk_mib=954, tmpdir=<TBD>, walltime=00:20

Submitted job 512 with external jobid '257441060 logs/split_and_transpose_mpheno/mpheno-splicing.tissue-vas_d.chr-29.out'.

[Fri Apr 14 13:20:05 2023]
rule split_and_transpose_mpheno:
    input: /cluster/work/pausch/naveen/TWAS/EXC_RATIOS/vas_d.bed.gz
    output: /cluster/work/pausch/naveen/TWAS/splicing/vas_d/CHR4/mpheno.txt
    jobid: 463
    reason: Updated input files: /cluster/work/pausch/naveen/TWAS/EXC_RATIOS/vas_d.bed.gz
    wildcards: mpheno=splicing, tissue=vas_d, chr=4
    resources: mem_mb=1000, mem_mib=954, disk_mb=1000, disk_mib=954, tmpdir=<TBD>, walltime=00:20

Submitted job 463 with external jobid '257441061 logs/split_and_transpose_mpheno/mpheno-splicing.tissue-vas_d.chr-4.out'.

[Fri Apr 14 13:20:06 2023]
rule split_and_transpose_mpheno:
    input: /cluster/work/pausch/naveen/TWAS/EXC_RATIOS/vas_d.bed.gz
    output: /cluster/work/pausch/naveen/TWAS/splicing/vas_d/CHR2/mpheno.txt
    jobid: 459
    reason: Updated input files: /cluster/work/pausch/naveen/TWAS/EXC_RATIOS/vas_d.bed.gz
    wildcards: mpheno=splicing, tissue=vas_d, chr=2
    resources: mem_mb=1000, mem_mib=954, disk_mb=1000, disk_mib=954, tmpdir=<TBD>, walltime=00:20

Submitted job 459 with external jobid '257441062 logs/split_and_transpose_mpheno/mpheno-splicing.tissue-vas_d.chr-2.out'.

[Fri Apr 14 13:20:07 2023]
rule split_and_transpose_mpheno:
    input: /cluster/work/pausch/naveen/TWAS/EXC_RATIOS/vas_d.bed.gz
    output: /cluster/work/pausch/naveen/TWAS/splicing/vas_d/CHR16/mpheno.txt
    jobid: 487
    reason: Updated input files: /cluster/work/pausch/naveen/TWAS/EXC_RATIOS/vas_d.bed.gz
    wildcards: mpheno=splicing, tissue=vas_d, chr=16
    resources: mem_mb=1000, mem_mib=954, disk_mb=1000, disk_mib=954, tmpdir=<TBD>, walltime=00:20

Submitted job 487 with external jobid '257441063 logs/split_and_transpose_mpheno/mpheno-splicing.tissue-vas_d.chr-16.out'.

[Fri Apr 14 13:20:07 2023]
rule split_and_transpose_mpheno:
    input: /cluster/work/pausch/naveen/TWAS/EXC_RATIOS/vas_d.bed.gz
    output: /cluster/work/pausch/naveen/TWAS/splicing/vas_d/CHR26/mpheno.txt
    jobid: 506
    reason: Updated input files: /cluster/work/pausch/naveen/TWAS/EXC_RATIOS/vas_d.bed.gz
    wildcards: mpheno=splicing, tissue=vas_d, chr=26
    resources: mem_mb=1000, mem_mib=954, disk_mb=1000, disk_mib=954, tmpdir=<TBD>, walltime=00:20

Submitted job 506 with external jobid '257441064 logs/split_and_transpose_mpheno/mpheno-splicing.tissue-vas_d.chr-26.out'.

[Fri Apr 14 13:20:08 2023]
rule split_and_transpose_mpheno:
    input: /cluster/work/pausch/naveen/TWAS/EXC_RATIOS/vas_d.bed.gz
    output: /cluster/work/pausch/naveen/TWAS/splicing/vas_d/CHR11/mpheno.txt
    jobid: 477
    reason: Updated input files: /cluster/work/pausch/naveen/TWAS/EXC_RATIOS/vas_d.bed.gz
    wildcards: mpheno=splicing, tissue=vas_d, chr=11
    resources: mem_mb=1000, mem_mib=954, disk_mb=1000, disk_mib=954, tmpdir=<TBD>, walltime=00:20

Submitted job 477 with external jobid '257441066 logs/split_and_transpose_mpheno/mpheno-splicing.tissue-vas_d.chr-11.out'.

[Fri Apr 14 13:20:09 2023]
rule split_and_transpose_mpheno:
    input: /cluster/work/pausch/naveen/TWAS/EXC_RATIOS/vas_d.bed.gz
    output: /cluster/work/pausch/naveen/TWAS/splicing/vas_d/CHR22/mpheno.txt
    jobid: 499
    reason: Updated input files: /cluster/work/pausch/naveen/TWAS/EXC_RATIOS/vas_d.bed.gz
    wildcards: mpheno=splicing, tissue=vas_d, chr=22
    resources: mem_mb=1000, mem_mib=954, disk_mb=1000, disk_mib=954, tmpdir=<TBD>, walltime=00:20

Submitted job 499 with external jobid '257441067 logs/split_and_transpose_mpheno/mpheno-splicing.tissue-vas_d.chr-22.out'.
[Fri Apr 14 13:24:47 2023]
Finished job 459.
1 of 144 steps (1%) done
[Fri Apr 14 13:24:48 2023]
Finished job 487.
2 of 144 steps (1%) done
[Fri Apr 14 13:24:48 2023]
Finished job 506.
3 of 144 steps (2%) done
[Fri Apr 14 13:24:48 2023]
Finished job 477.
4 of 144 steps (3%) done
[Fri Apr 14 13:24:48 2023]
Finished job 499.
5 of 144 steps (3%) done
[Fri Apr 14 13:24:48 2023]
Finished job 471.
6 of 144 steps (4%) done
[Fri Apr 14 13:24:49 2023]
Finished job 467.
7 of 144 steps (5%) done
[Fri Apr 14 13:24:49 2023]
Finished job 481.
8 of 144 steps (6%) done
[Fri Apr 14 13:24:49 2023]
Finished job 493.
9 of 144 steps (6%) done
[Fri Apr 14 13:24:49 2023]
Finished job 469.
10 of 144 steps (7%) done
[Fri Apr 14 13:24:49 2023]
Finished job 465.
11 of 144 steps (8%) done
[Fri Apr 14 13:24:50 2023]
Finished job 454.
12 of 144 steps (8%) done
[Fri Apr 14 13:24:50 2023]
Finished job 489.
13 of 144 steps (9%) done
[Fri Apr 14 13:24:50 2023]
Finished job 508.
14 of 144 steps (10%) done
[Fri Apr 14 13:24:50 2023]
Finished job 501.
15 of 144 steps (10%) done
[Fri Apr 14 13:24:50 2023]
Finished job 483.
16 of 144 steps (11%) done
[Fri Apr 14 13:24:51 2023]
Finished job 495.
17 of 144 steps (12%) done
[Fri Apr 14 13:24:51 2023]
Finished job 457.
18 of 144 steps (12%) done
[Fri Apr 14 13:24:51 2023]
Finished job 491.
19 of 144 steps (13%) done
[Fri Apr 14 13:24:51 2023]
Finished job 510.
20 of 144 steps (14%) done
[Fri Apr 14 13:24:51 2023]
Finished job 503.
21 of 144 steps (15%) done
[Fri Apr 14 13:24:52 2023]
Finished job 461.
22 of 144 steps (15%) done
[Fri Apr 14 13:24:52 2023]
Finished job 456.
23 of 144 steps (16%) done
Select jobs to execute...

[Fri Apr 14 13:24:52 2023]
rule format_covariates:
    input: /cluster/work/pausch/naveen/TWAS/EXC_RATIOS/covariates_vas_d.txt, /cluster/work/pausch/naveen/TWAS/splicing/vas_d/CHR25/mpheno.txt
    output: /cluster/work/pausch/naveen/TWAS/splicing/vas_d/covariates.txt
    jobid: 455
    reason: Input files updated by another job: /cluster/work/pausch/naveen/TWAS/splicing/vas_d/CHR25/mpheno.txt
    wildcards: mpheno=splicing, tissue=vas_d
    resources: mem_mb=2000, mem_mib=1908, disk_mb=1000, disk_mib=954, tmpdir=<TBD>, walltime=00:20

Submitted job 455 with external jobid '257441117 logs/format_covariates/mpheno-splicing.tissue-vas_d.out'.
[Fri Apr 14 13:24:52 2023]
Finished job 485.
24 of 144 steps (17%) done
[Fri Apr 14 13:24:52 2023]
Finished job 475.
25 of 144 steps (17%) done
[Fri Apr 14 13:24:52 2023]
Finished job 497.
26 of 144 steps (18%) done
[Fri Apr 14 13:24:53 2023]
Finished job 473.
27 of 144 steps (19%) done
[Fri Apr 14 13:24:53 2023]
Finished job 479.
28 of 144 steps (19%) done
[Fri Apr 14 13:24:53 2023]
Finished job 512.
29 of 144 steps (20%) done
[Fri Apr 14 13:24:53 2023]
Finished job 463.
30 of 144 steps (21%) done
[Fri Apr 14 13:25:54 2023]
Finished job 455.
31 of 144 steps (22%) done
Select jobs to execute...

[Fri Apr 14 13:25:56 2023]
rule train:
    input: /cluster/work/pausch/naveen/TWAS/GENO/CHR18/snp_annotation.txt, /cluster/work/pausch/naveen/TWAS/GENO/CHR18/genotypes.txt, /cluster/work/pausch/naveen/TWAS/splicing/vas_d/annotation.txt, /cluster/work/pausch/naveen/TWAS/splicing/vas_d/covariates.txt, /cluster/work/pausch/naveen/TWAS/splicing/vas_d/CHR18/mpheno.txt
    output: /cluster/work/pausch/naveen/TWAS/splicing/vas_d/CHR18/summary.txt, /cluster/work/pausch/naveen/TWAS/splicing/vas_d/CHR18/weights.txt, /cluster/work/pausch/naveen/TWAS/splicing/vas_d/CHR18/tiss_summ.txt, /cluster/work/pausch/naveen/TWAS/splicing/vas_d/CHR18/covariance.txt
    jobid: 490
    reason: Input files updated by another job: /cluster/work/pausch/naveen/TWAS/splicing/vas_d/covariates.txt, /cluster/work/pausch/naveen/TWAS/splicing/vas_d/CHR18/mpheno.txt, /cluster/work/pausch/naveen/TWAS/splicing/vas_d/annotation.txt
    wildcards: mpheno=splicing, tissue=vas_d, chr=18
    resources: mem_mb=6000, mem_mib=5723, disk_mb=1000, disk_mib=954, tmpdir=<TBD>, walltime=48:00

Submitted job 490 with external jobid '257441149 logs/train/mpheno-splicing.tissue-vas_d.chr-18.out'.

[Fri Apr 14 13:25:57 2023]
rule train:
    input: /cluster/work/pausch/naveen/TWAS/GENO/CHR28/snp_annotation.txt, /cluster/work/pausch/naveen/TWAS/GENO/CHR28/genotypes.txt, /cluster/work/pausch/naveen/TWAS/splicing/vas_d/annotation.txt, /cluster/work/pausch/naveen/TWAS/splicing/vas_d/covariates.txt, /cluster/work/pausch/naveen/TWAS/splicing/vas_d/CHR28/mpheno.txt
    output: /cluster/work/pausch/naveen/TWAS/splicing/vas_d/CHR28/summary.txt, /cluster/work/pausch/naveen/TWAS/splicing/vas_d/CHR28/weights.txt, /cluster/work/pausch/naveen/TWAS/splicing/vas_d/CHR28/tiss_summ.txt, /cluster/work/pausch/naveen/TWAS/splicing/vas_d/CHR28/covariance.txt
    jobid: 509
    reason: Input files updated by another job: /cluster/work/pausch/naveen/TWAS/splicing/vas_d/CHR28/mpheno.txt, /cluster/work/pausch/naveen/TWAS/splicing/vas_d/covariates.txt, /cluster/work/pausch/naveen/TWAS/splicing/vas_d/annotation.txt
    wildcards: mpheno=splicing, tissue=vas_d, chr=28
    resources: mem_mb=6000, mem_mib=5723, disk_mb=1000, disk_mib=954, tmpdir=<TBD>, walltime=48:00

Submitted job 509 with external jobid '257441150 logs/train/mpheno-splicing.tissue-vas_d.chr-28.out'.

[Fri Apr 14 13:25:57 2023]
rule train:
    input: /cluster/work/pausch/naveen/TWAS/GENO/CHR24/snp_annotation.txt, /cluster/work/pausch/naveen/TWAS/GENO/CHR24/genotypes.txt, /cluster/work/pausch/naveen/TWAS/splicing/vas_d/annotation.txt, /cluster/work/pausch/naveen/TWAS/splicing/vas_d/covariates.txt, /cluster/work/pausch/naveen/TWAS/splicing/vas_d/CHR24/mpheno.txt
    output: /cluster/work/pausch/naveen/TWAS/splicing/vas_d/CHR24/summary.txt, /cluster/work/pausch/naveen/TWAS/splicing/vas_d/CHR24/weights.txt, /cluster/work/pausch/naveen/TWAS/splicing/vas_d/CHR24/tiss_summ.txt, /cluster/work/pausch/naveen/TWAS/splicing/vas_d/CHR24/covariance.txt
    jobid: 502
    reason: Input files updated by another job: /cluster/work/pausch/naveen/TWAS/splicing/vas_d/covariates.txt, /cluster/work/pausch/naveen/TWAS/splicing/vas_d/CHR24/mpheno.txt, /cluster/work/pausch/naveen/TWAS/splicing/vas_d/annotation.txt
    wildcards: mpheno=splicing, tissue=vas_d, chr=24
    resources: mem_mb=6000, mem_mib=5723, disk_mb=1000, disk_mib=954, tmpdir=<TBD>, walltime=48:00

Submitted job 502 with external jobid '257441151 logs/train/mpheno-splicing.tissue-vas_d.chr-24.out'.

[Fri Apr 14 13:25:58 2023]
rule train:
    input: /cluster/work/pausch/naveen/TWAS/GENO/CHR15/snp_annotation.txt, /cluster/work/pausch/naveen/TWAS/GENO/CHR15/genotypes.txt, /cluster/work/pausch/naveen/TWAS/splicing/vas_d/annotation.txt, /cluster/work/pausch/naveen/TWAS/splicing/vas_d/covariates.txt, /cluster/work/pausch/naveen/TWAS/splicing/vas_d/CHR15/mpheno.txt
    output: /cluster/work/pausch/naveen/TWAS/splicing/vas_d/CHR15/summary.txt, /cluster/work/pausch/naveen/TWAS/splicing/vas_d/CHR15/weights.txt, /cluster/work/pausch/naveen/TWAS/splicing/vas_d/CHR15/tiss_summ.txt, /cluster/work/pausch/naveen/TWAS/splicing/vas_d/CHR15/covariance.txt
    jobid: 484
    reason: Input files updated by another job: /cluster/work/pausch/naveen/TWAS/splicing/vas_d/covariates.txt, /cluster/work/pausch/naveen/TWAS/splicing/vas_d/CHR15/mpheno.txt, /cluster/work/pausch/naveen/TWAS/splicing/vas_d/annotation.txt
    wildcards: mpheno=splicing, tissue=vas_d, chr=15
    resources: mem_mb=6000, mem_mib=5723, disk_mb=1000, disk_mib=954, tmpdir=<TBD>, walltime=48:00

Submitted job 484 with external jobid '257441152 logs/train/mpheno-splicing.tissue-vas_d.chr-15.out'.

[Fri Apr 14 13:25:59 2023]
rule train:
    input: /cluster/work/pausch/naveen/TWAS/GENO/CHR21/snp_annotation.txt, /cluster/work/pausch/naveen/TWAS/GENO/CHR21/genotypes.txt, /cluster/work/pausch/naveen/TWAS/splicing/vas_d/annotation.txt, /cluster/work/pausch/naveen/TWAS/splicing/vas_d/covariates.txt, /cluster/work/pausch/naveen/TWAS/splicing/vas_d/CHR21/mpheno.txt
    output: /cluster/work/pausch/naveen/TWAS/splicing/vas_d/CHR21/summary.txt, /cluster/work/pausch/naveen/TWAS/splicing/vas_d/CHR21/weights.txt, /cluster/work/pausch/naveen/TWAS/splicing/vas_d/CHR21/tiss_summ.txt, /cluster/work/pausch/naveen/TWAS/splicing/vas_d/CHR21/covariance.txt
    jobid: 496
    reason: Input files updated by another job: /cluster/work/pausch/naveen/TWAS/splicing/vas_d/covariates.txt, /cluster/work/pausch/naveen/TWAS/splicing/vas_d/CHR21/mpheno.txt, /cluster/work/pausch/naveen/TWAS/splicing/vas_d/annotation.txt
    wildcards: mpheno=splicing, tissue=vas_d, chr=21
    resources: mem_mb=6000, mem_mib=5723, disk_mb=1000, disk_mib=954, tmpdir=<TBD>, walltime=48:00

Submitted job 496 with external jobid '257441153 logs/train/mpheno-splicing.tissue-vas_d.chr-21.out'.

[Fri Apr 14 13:26:00 2023]
rule train:
    input: /cluster/work/pausch/naveen/TWAS/GENO/CHR9/snp_annotation.txt, /cluster/work/pausch/naveen/TWAS/GENO/CHR9/genotypes.txt, /cluster/work/pausch/naveen/TWAS/splicing/vas_d/annotation.txt, /cluster/work/pausch/naveen/TWAS/splicing/vas_d/covariates.txt, /cluster/work/pausch/naveen/TWAS/splicing/vas_d/CHR9/mpheno.txt
    output: /cluster/work/pausch/naveen/TWAS/splicing/vas_d/CHR9/summary.txt, /cluster/work/pausch/naveen/TWAS/splicing/vas_d/CHR9/weights.txt, /cluster/work/pausch/naveen/TWAS/splicing/vas_d/CHR9/tiss_summ.txt, /cluster/work/pausch/naveen/TWAS/splicing/vas_d/CHR9/covariance.txt
    jobid: 472
    reason: Input files updated by another job: /cluster/work/pausch/naveen/TWAS/splicing/vas_d/covariates.txt, /cluster/work/pausch/naveen/TWAS/splicing/vas_d/annotation.txt, /cluster/work/pausch/naveen/TWAS/splicing/vas_d/CHR9/mpheno.txt
    wildcards: mpheno=splicing, tissue=vas_d, chr=9
    resources: mem_mb=6000, mem_mib=5723, disk_mb=1000, disk_mib=954, tmpdir=<TBD>, walltime=48:00

Submitted job 472 with external jobid '257441154 logs/train/mpheno-splicing.tissue-vas_d.chr-9.out'.

[Fri Apr 14 13:26:01 2023]
rule train:
    input: /cluster/work/pausch/naveen/TWAS/GENO/CHR12/snp_annotation.txt, /cluster/work/pausch/naveen/TWAS/GENO/CHR12/genotypes.txt, /cluster/work/pausch/naveen/TWAS/splicing/vas_d/annotation.txt, /cluster/work/pausch/naveen/TWAS/splicing/vas_d/covariates.txt, /cluster/work/pausch/naveen/TWAS/splicing/vas_d/CHR12/mpheno.txt
    output: /cluster/work/pausch/naveen/TWAS/splicing/vas_d/CHR12/summary.txt, /cluster/work/pausch/naveen/TWAS/splicing/vas_d/CHR12/weights.txt, /cluster/work/pausch/naveen/TWAS/splicing/vas_d/CHR12/tiss_summ.txt, /cluster/work/pausch/naveen/TWAS/splicing/vas_d/CHR12/covariance.txt
    jobid: 478
    reason: Input files updated by another job: /cluster/work/pausch/naveen/TWAS/splicing/vas_d/covariates.txt, /cluster/work/pausch/naveen/TWAS/splicing/vas_d/CHR12/mpheno.txt, /cluster/work/pausch/naveen/TWAS/splicing/vas_d/annotation.txt
    wildcards: mpheno=splicing, tissue=vas_d, chr=12
    resources: mem_mb=6000, mem_mib=5723, disk_mb=1000, disk_mib=954, tmpdir=<TBD>, walltime=48:00

Submitted job 478 with external jobid '257441155 logs/train/mpheno-splicing.tissue-vas_d.chr-12.out'.

[Fri Apr 14 13:26:02 2023]
rule train:
    input: /cluster/work/pausch/naveen/TWAS/GENO/CHR19/snp_annotation.txt, /cluster/work/pausch/naveen/TWAS/GENO/CHR19/genotypes.txt, /cluster/work/pausch/naveen/TWAS/splicing/vas_d/annotation.txt, /cluster/work/pausch/naveen/TWAS/splicing/vas_d/covariates.txt, /cluster/work/pausch/naveen/TWAS/splicing/vas_d/CHR19/mpheno.txt
    output: /cluster/work/pausch/naveen/TWAS/splicing/vas_d/CHR19/summary.txt, /cluster/work/pausch/naveen/TWAS/splicing/vas_d/CHR19/weights.txt, /cluster/work/pausch/naveen/TWAS/splicing/vas_d/CHR19/tiss_summ.txt, /cluster/work/pausch/naveen/TWAS/splicing/vas_d/CHR19/covariance.txt
    jobid: 492
    reason: Input files updated by another job: /cluster/work/pausch/naveen/TWAS/splicing/vas_d/covariates.txt, /cluster/work/pausch/naveen/TWAS/splicing/vas_d/annotation.txt, /cluster/work/pausch/naveen/TWAS/splicing/vas_d/CHR19/mpheno.txt
    wildcards: mpheno=splicing, tissue=vas_d, chr=19
    resources: mem_mb=6000, mem_mib=5723, disk_mb=1000, disk_mib=954, tmpdir=<TBD>, walltime=48:00

Submitted job 492 with external jobid '257441156 logs/train/mpheno-splicing.tissue-vas_d.chr-19.out'.

[Fri Apr 14 13:26:03 2023]
rule train:
    input: /cluster/work/pausch/naveen/TWAS/GENO/CHR29/snp_annotation.txt, /cluster/work/pausch/naveen/TWAS/GENO/CHR29/genotypes.txt, /cluster/work/pausch/naveen/TWAS/splicing/vas_d/annotation.txt, /cluster/work/pausch/naveen/TWAS/splicing/vas_d/covariates.txt, /cluster/work/pausch/naveen/TWAS/splicing/vas_d/CHR29/mpheno.txt
    output: /cluster/work/pausch/naveen/TWAS/splicing/vas_d/CHR29/summary.txt, /cluster/work/pausch/naveen/TWAS/splicing/vas_d/CHR29/weights.txt, /cluster/work/pausch/naveen/TWAS/splicing/vas_d/CHR29/tiss_summ.txt, /cluster/work/pausch/naveen/TWAS/splicing/vas_d/CHR29/covariance.txt
    jobid: 511
    reason: Input files updated by another job: /cluster/work/pausch/naveen/TWAS/splicing/vas_d/CHR29/mpheno.txt, /cluster/work/pausch/naveen/TWAS/splicing/vas_d/covariates.txt, /cluster/work/pausch/naveen/TWAS/splicing/vas_d/annotation.txt
    wildcards: mpheno=splicing, tissue=vas_d, chr=29
    resources: mem_mb=6000, mem_mib=5723, disk_mb=1000, disk_mib=954, tmpdir=<TBD>, walltime=48:00

Submitted job 511 with external jobid '257441157 logs/train/mpheno-splicing.tissue-vas_d.chr-29.out'.

[Fri Apr 14 13:26:03 2023]
rule train:
    input: /cluster/work/pausch/naveen/TWAS/GENO/CHR25/snp_annotation.txt, /cluster/work/pausch/naveen/TWAS/GENO/CHR25/genotypes.txt, /cluster/work/pausch/naveen/TWAS/splicing/vas_d/annotation.txt, /cluster/work/pausch/naveen/TWAS/splicing/vas_d/covariates.txt, /cluster/work/pausch/naveen/TWAS/splicing/vas_d/CHR25/mpheno.txt
    output: /cluster/work/pausch/naveen/TWAS/splicing/vas_d/CHR25/summary.txt, /cluster/work/pausch/naveen/TWAS/splicing/vas_d/CHR25/weights.txt, /cluster/work/pausch/naveen/TWAS/splicing/vas_d/CHR25/tiss_summ.txt, /cluster/work/pausch/naveen/TWAS/splicing/vas_d/CHR25/covariance.txt
    jobid: 504
    reason: Input files updated by another job: /cluster/work/pausch/naveen/TWAS/splicing/vas_d/CHR25/mpheno.txt, /cluster/work/pausch/naveen/TWAS/splicing/vas_d/covariates.txt, /cluster/work/pausch/naveen/TWAS/splicing/vas_d/annotation.txt
    wildcards: mpheno=splicing, tissue=vas_d, chr=25
    resources: mem_mb=6000, mem_mib=5723, disk_mb=1000, disk_mib=954, tmpdir=<TBD>, walltime=48:00

Submitted job 504 with external jobid '257441158 logs/train/mpheno-splicing.tissue-vas_d.chr-25.out'.

[Fri Apr 14 13:26:04 2023]
rule train:
    input: /cluster/work/pausch/naveen/TWAS/GENO/CHR16/snp_annotation.txt, /cluster/work/pausch/naveen/TWAS/GENO/CHR16/genotypes.txt, /cluster/work/pausch/naveen/TWAS/splicing/vas_d/annotation.txt, /cluster/work/pausch/naveen/TWAS/splicing/vas_d/covariates.txt, /cluster/work/pausch/naveen/TWAS/splicing/vas_d/CHR16/mpheno.txt
    output: /cluster/work/pausch/naveen/TWAS/splicing/vas_d/CHR16/summary.txt, /cluster/work/pausch/naveen/TWAS/splicing/vas_d/CHR16/weights.txt, /cluster/work/pausch/naveen/TWAS/splicing/vas_d/CHR16/tiss_summ.txt, /cluster/work/pausch/naveen/TWAS/splicing/vas_d/CHR16/covariance.txt
    jobid: 486
    reason: Input files updated by another job: /cluster/work/pausch/naveen/TWAS/splicing/vas_d/covariates.txt, /cluster/work/pausch/naveen/TWAS/splicing/vas_d/CHR16/mpheno.txt, /cluster/work/pausch/naveen/TWAS/splicing/vas_d/annotation.txt
    wildcards: mpheno=splicing, tissue=vas_d, chr=16
    resources: mem_mb=6000, mem_mib=5723, disk_mb=1000, disk_mib=954, tmpdir=<TBD>, walltime=48:00

Submitted job 486 with external jobid '257441159 logs/train/mpheno-splicing.tissue-vas_d.chr-16.out'.

[Fri Apr 14 13:26:05 2023]
rule train:
    input: /cluster/work/pausch/naveen/TWAS/GENO/CHR22/snp_annotation.txt, /cluster/work/pausch/naveen/TWAS/GENO/CHR22/genotypes.txt, /cluster/work/pausch/naveen/TWAS/splicing/vas_d/annotation.txt, /cluster/work/pausch/naveen/TWAS/splicing/vas_d/covariates.txt, /cluster/work/pausch/naveen/TWAS/splicing/vas_d/CHR22/mpheno.txt
    output: /cluster/work/pausch/naveen/TWAS/splicing/vas_d/CHR22/summary.txt, /cluster/work/pausch/naveen/TWAS/splicing/vas_d/CHR22/weights.txt, /cluster/work/pausch/naveen/TWAS/splicing/vas_d/CHR22/tiss_summ.txt, /cluster/work/pausch/naveen/TWAS/splicing/vas_d/CHR22/covariance.txt
    jobid: 498
    reason: Input files updated by another job: /cluster/work/pausch/naveen/TWAS/splicing/vas_d/covariates.txt, /cluster/work/pausch/naveen/TWAS/splicing/vas_d/CHR22/mpheno.txt, /cluster/work/pausch/naveen/TWAS/splicing/vas_d/annotation.txt
    wildcards: mpheno=splicing, tissue=vas_d, chr=22
    resources: mem_mb=6000, mem_mib=5723, disk_mb=1000, disk_mib=954, tmpdir=<TBD>, walltime=48:00

Submitted job 498 with external jobid '257441160 logs/train/mpheno-splicing.tissue-vas_d.chr-22.out'.

[Fri Apr 14 13:26:05 2023]
rule train:
    input: /cluster/work/pausch/naveen/TWAS/GENO/CHR10/snp_annotation.txt, /cluster/work/pausch/naveen/TWAS/GENO/CHR10/genotypes.txt, /cluster/work/pausch/naveen/TWAS/splicing/vas_d/annotation.txt, /cluster/work/pausch/naveen/TWAS/splicing/vas_d/covariates.txt, /cluster/work/pausch/naveen/TWAS/splicing/vas_d/CHR10/mpheno.txt
    output: /cluster/work/pausch/naveen/TWAS/splicing/vas_d/CHR10/summary.txt, /cluster/work/pausch/naveen/TWAS/splicing/vas_d/CHR10/weights.txt, /cluster/work/pausch/naveen/TWAS/splicing/vas_d/CHR10/tiss_summ.txt, /cluster/work/pausch/naveen/TWAS/splicing/vas_d/CHR10/covariance.txt
    jobid: 474
    reason: Input files updated by another job: /cluster/work/pausch/naveen/TWAS/splicing/vas_d/covariates.txt, /cluster/work/pausch/naveen/TWAS/splicing/vas_d/CHR10/mpheno.txt, /cluster/work/pausch/naveen/TWAS/splicing/vas_d/annotation.txt
    wildcards: mpheno=splicing, tissue=vas_d, chr=10
    resources: mem_mb=6000, mem_mib=5723, disk_mb=1000, disk_mib=954, tmpdir=<TBD>, walltime=48:00

Submitted job 474 with external jobid '257441162 logs/train/mpheno-splicing.tissue-vas_d.chr-10.out'.

[Fri Apr 14 13:26:06 2023]
rule train:
    input: /cluster/work/pausch/naveen/TWAS/GENO/CHR20/snp_annotation.txt, /cluster/work/pausch/naveen/TWAS/GENO/CHR20/genotypes.txt, /cluster/work/pausch/naveen/TWAS/splicing/vas_d/annotation.txt, /cluster/work/pausch/naveen/TWAS/splicing/vas_d/covariates.txt, /cluster/work/pausch/naveen/TWAS/splicing/vas_d/CHR20/mpheno.txt
    output: /cluster/work/pausch/naveen/TWAS/splicing/vas_d/CHR20/summary.txt, /cluster/work/pausch/naveen/TWAS/splicing/vas_d/CHR20/weights.txt, /cluster/work/pausch/naveen/TWAS/splicing/vas_d/CHR20/tiss_summ.txt, /cluster/work/pausch/naveen/TWAS/splicing/vas_d/CHR20/covariance.txt
    jobid: 494
    reason: Input files updated by another job: /cluster/work/pausch/naveen/TWAS/splicing/vas_d/CHR20/mpheno.txt, /cluster/work/pausch/naveen/TWAS/splicing/vas_d/covariates.txt, /cluster/work/pausch/naveen/TWAS/splicing/vas_d/annotation.txt
    wildcards: mpheno=splicing, tissue=vas_d, chr=20
    resources: mem_mb=6000, mem_mib=5723, disk_mb=1000, disk_mib=954, tmpdir=<TBD>, walltime=48:00

Submitted job 494 with external jobid '257441163 logs/train/mpheno-splicing.tissue-vas_d.chr-20.out'.

[Fri Apr 14 13:26:07 2023]
rule train:
    input: /cluster/work/pausch/naveen/TWAS/GENO/CHR26/snp_annotation.txt, /cluster/work/pausch/naveen/TWAS/GENO/CHR26/genotypes.txt, /cluster/work/pausch/naveen/TWAS/splicing/vas_d/annotation.txt, /cluster/work/pausch/naveen/TWAS/splicing/vas_d/covariates.txt, /cluster/work/pausch/naveen/TWAS/splicing/vas_d/CHR26/mpheno.txt
    output: /cluster/work/pausch/naveen/TWAS/splicing/vas_d/CHR26/summary.txt, /cluster/work/pausch/naveen/TWAS/splicing/vas_d/CHR26/weights.txt, /cluster/work/pausch/naveen/TWAS/splicing/vas_d/CHR26/tiss_summ.txt, /cluster/work/pausch/naveen/TWAS/splicing/vas_d/CHR26/covariance.txt
    jobid: 505
    reason: Input files updated by another job: /cluster/work/pausch/naveen/TWAS/splicing/vas_d/covariates.txt, /cluster/work/pausch/naveen/TWAS/splicing/vas_d/CHR26/mpheno.txt, /cluster/work/pausch/naveen/TWAS/splicing/vas_d/annotation.txt
    wildcards: mpheno=splicing, tissue=vas_d, chr=26
    resources: mem_mb=6000, mem_mib=5723, disk_mb=1000, disk_mib=954, tmpdir=<TBD>, walltime=48:00

Submitted job 505 with external jobid '257441164 logs/train/mpheno-splicing.tissue-vas_d.chr-26.out'.

[Fri Apr 14 13:26:07 2023]
rule train:
    input: /cluster/work/pausch/naveen/TWAS/GENO/CHR5/snp_annotation.txt, /cluster/work/pausch/naveen/TWAS/GENO/CHR5/genotypes.txt, /cluster/work/pausch/naveen/TWAS/splicing/vas_d/annotation.txt, /cluster/work/pausch/naveen/TWAS/splicing/vas_d/covariates.txt, /cluster/work/pausch/naveen/TWAS/splicing/vas_d/CHR5/mpheno.txt
    output: /cluster/work/pausch/naveen/TWAS/splicing/vas_d/CHR5/summary.txt, /cluster/work/pausch/naveen/TWAS/splicing/vas_d/CHR5/weights.txt, /cluster/work/pausch/naveen/TWAS/splicing/vas_d/CHR5/tiss_summ.txt, /cluster/work/pausch/naveen/TWAS/splicing/vas_d/CHR5/covariance.txt
    jobid: 464
    reason: Input files updated by another job: /cluster/work/pausch/naveen/TWAS/splicing/vas_d/covariates.txt, /cluster/work/pausch/naveen/TWAS/splicing/vas_d/CHR5/mpheno.txt, /cluster/work/pausch/naveen/TWAS/splicing/vas_d/annotation.txt
    wildcards: mpheno=splicing, tissue=vas_d, chr=5
    resources: mem_mb=6000, mem_mib=5723, disk_mb=1000, disk_mib=954, tmpdir=<TBD>, walltime=48:00

Submitted job 464 with external jobid '257441165 logs/train/mpheno-splicing.tissue-vas_d.chr-5.out'.

[Fri Apr 14 13:26:08 2023]
rule train:
    input: /cluster/work/pausch/naveen/TWAS/GENO/CHR3/snp_annotation.txt, /cluster/work/pausch/naveen/TWAS/GENO/CHR3/genotypes.txt, /cluster/work/pausch/naveen/TWAS/splicing/vas_d/annotation.txt, /cluster/work/pausch/naveen/TWAS/splicing/vas_d/covariates.txt, /cluster/work/pausch/naveen/TWAS/splicing/vas_d/CHR3/mpheno.txt
    output: /cluster/work/pausch/naveen/TWAS/splicing/vas_d/CHR3/summary.txt, /cluster/work/pausch/naveen/TWAS/splicing/vas_d/CHR3/weights.txt, /cluster/work/pausch/naveen/TWAS/splicing/vas_d/CHR3/tiss_summ.txt, /cluster/work/pausch/naveen/TWAS/splicing/vas_d/CHR3/covariance.txt
    jobid: 460
    reason: Input files updated by another job: /cluster/work/pausch/naveen/TWAS/splicing/vas_d/covariates.txt, /cluster/work/pausch/naveen/TWAS/splicing/vas_d/CHR3/mpheno.txt, /cluster/work/pausch/naveen/TWAS/splicing/vas_d/annotation.txt
    wildcards: mpheno=splicing, tissue=vas_d, chr=3
    resources: mem_mb=6000, mem_mib=5723, disk_mb=1000, disk_mib=954, tmpdir=<TBD>, walltime=48:00

Submitted job 460 with external jobid '257441166 logs/train/mpheno-splicing.tissue-vas_d.chr-3.out'.

[Fri Apr 14 13:26:09 2023]
rule train:
    input: /cluster/work/pausch/naveen/TWAS/GENO/CHR13/snp_annotation.txt, /cluster/work/pausch/naveen/TWAS/GENO/CHR13/genotypes.txt, /cluster/work/pausch/naveen/TWAS/splicing/vas_d/annotation.txt, /cluster/work/pausch/naveen/TWAS/splicing/vas_d/covariates.txt, /cluster/work/pausch/naveen/TWAS/splicing/vas_d/CHR13/mpheno.txt
    output: /cluster/work/pausch/naveen/TWAS/splicing/vas_d/CHR13/summary.txt, /cluster/work/pausch/naveen/TWAS/splicing/vas_d/CHR13/weights.txt, /cluster/work/pausch/naveen/TWAS/splicing/vas_d/CHR13/tiss_summ.txt, /cluster/work/pausch/naveen/TWAS/splicing/vas_d/CHR13/covariance.txt
    jobid: 480
    reason: Input files updated by another job: /cluster/work/pausch/naveen/TWAS/splicing/vas_d/covariates.txt, /cluster/work/pausch/naveen/TWAS/splicing/vas_d/annotation.txt, /cluster/work/pausch/naveen/TWAS/splicing/vas_d/CHR13/mpheno.txt
    wildcards: mpheno=splicing, tissue=vas_d, chr=13
    resources: mem_mb=6000, mem_mib=5723, disk_mb=1000, disk_mib=954, tmpdir=<TBD>, walltime=48:00

Submitted job 480 with external jobid '257441167 logs/train/mpheno-splicing.tissue-vas_d.chr-13.out'.

[Fri Apr 14 13:26:10 2023]
rule train:
    input: /cluster/work/pausch/naveen/TWAS/GENO/CHR17/snp_annotation.txt, /cluster/work/pausch/naveen/TWAS/GENO/CHR17/genotypes.txt, /cluster/work/pausch/naveen/TWAS/splicing/vas_d/annotation.txt, /cluster/work/pausch/naveen/TWAS/splicing/vas_d/covariates.txt, /cluster/work/pausch/naveen/TWAS/splicing/vas_d/CHR17/mpheno.txt
    output: /cluster/work/pausch/naveen/TWAS/splicing/vas_d/CHR17/summary.txt, /cluster/work/pausch/naveen/TWAS/splicing/vas_d/CHR17/weights.txt, /cluster/work/pausch/naveen/TWAS/splicing/vas_d/CHR17/tiss_summ.txt, /cluster/work/pausch/naveen/TWAS/splicing/vas_d/CHR17/covariance.txt
    jobid: 488
    reason: Input files updated by another job: /cluster/work/pausch/naveen/TWAS/splicing/vas_d/covariates.txt, /cluster/work/pausch/naveen/TWAS/splicing/vas_d/CHR17/mpheno.txt, /cluster/work/pausch/naveen/TWAS/splicing/vas_d/annotation.txt
    wildcards: mpheno=splicing, tissue=vas_d, chr=17
    resources: mem_mb=6000, mem_mib=5723, disk_mb=1000, disk_mib=954, tmpdir=<TBD>, walltime=48:00

Submitted job 488 with external jobid '257441168 logs/train/mpheno-splicing.tissue-vas_d.chr-17.out'.

[Fri Apr 14 13:26:10 2023]
rule train:
    input: /cluster/work/pausch/naveen/TWAS/GENO/CHR27/snp_annotation.txt, /cluster/work/pausch/naveen/TWAS/GENO/CHR27/genotypes.txt, /cluster/work/pausch/naveen/TWAS/splicing/vas_d/annotation.txt, /cluster/work/pausch/naveen/TWAS/splicing/vas_d/covariates.txt, /cluster/work/pausch/naveen/TWAS/splicing/vas_d/CHR27/mpheno.txt
    output: /cluster/work/pausch/naveen/TWAS/splicing/vas_d/CHR27/summary.txt, /cluster/work/pausch/naveen/TWAS/splicing/vas_d/CHR27/weights.txt, /cluster/work/pausch/naveen/TWAS/splicing/vas_d/CHR27/tiss_summ.txt, /cluster/work/pausch/naveen/TWAS/splicing/vas_d/CHR27/covariance.txt
    jobid: 507
    reason: Input files updated by another job: /cluster/work/pausch/naveen/TWAS/splicing/vas_d/covariates.txt, /cluster/work/pausch/naveen/TWAS/splicing/vas_d/CHR27/mpheno.txt, /cluster/work/pausch/naveen/TWAS/splicing/vas_d/annotation.txt
    wildcards: mpheno=splicing, tissue=vas_d, chr=27
    resources: mem_mb=6000, mem_mib=5723, disk_mb=1000, disk_mib=954, tmpdir=<TBD>, walltime=48:00

Submitted job 507 with external jobid '257441169 logs/train/mpheno-splicing.tissue-vas_d.chr-27.out'.

[Fri Apr 14 13:26:11 2023]
rule train:
    input: /cluster/work/pausch/naveen/TWAS/GENO/CHR14/snp_annotation.txt, /cluster/work/pausch/naveen/TWAS/GENO/CHR14/genotypes.txt, /cluster/work/pausch/naveen/TWAS/splicing/vas_d/annotation.txt, /cluster/work/pausch/naveen/TWAS/splicing/vas_d/covariates.txt, /cluster/work/pausch/naveen/TWAS/splicing/vas_d/CHR14/mpheno.txt
    output: /cluster/work/pausch/naveen/TWAS/splicing/vas_d/CHR14/summary.txt, /cluster/work/pausch/naveen/TWAS/splicing/vas_d/CHR14/weights.txt, /cluster/work/pausch/naveen/TWAS/splicing/vas_d/CHR14/tiss_summ.txt, /cluster/work/pausch/naveen/TWAS/splicing/vas_d/CHR14/covariance.txt
    jobid: 482
    reason: Input files updated by another job: /cluster/work/pausch/naveen/TWAS/splicing/vas_d/covariates.txt, /cluster/work/pausch/naveen/TWAS/splicing/vas_d/CHR14/mpheno.txt, /cluster/work/pausch/naveen/TWAS/splicing/vas_d/annotation.txt
    wildcards: mpheno=splicing, tissue=vas_d, chr=14
    resources: mem_mb=6000, mem_mib=5723, disk_mb=1000, disk_mib=954, tmpdir=<TBD>, walltime=48:00

Submitted job 482 with external jobid '257441170 logs/train/mpheno-splicing.tissue-vas_d.chr-14.out'.

[Fri Apr 14 13:26:12 2023]
rule train:
    input: /cluster/work/pausch/naveen/TWAS/GENO/CHR23/snp_annotation.txt, /cluster/work/pausch/naveen/TWAS/GENO/CHR23/genotypes.txt, /cluster/work/pausch/naveen/TWAS/splicing/vas_d/annotation.txt, /cluster/work/pausch/naveen/TWAS/splicing/vas_d/covariates.txt, /cluster/work/pausch/naveen/TWAS/splicing/vas_d/CHR23/mpheno.txt
    output: /cluster/work/pausch/naveen/TWAS/splicing/vas_d/CHR23/summary.txt, /cluster/work/pausch/naveen/TWAS/splicing/vas_d/CHR23/weights.txt, /cluster/work/pausch/naveen/TWAS/splicing/vas_d/CHR23/tiss_summ.txt, /cluster/work/pausch/naveen/TWAS/splicing/vas_d/CHR23/covariance.txt
    jobid: 500
    reason: Input files updated by another job: /cluster/work/pausch/naveen/TWAS/splicing/vas_d/covariates.txt, /cluster/work/pausch/naveen/TWAS/splicing/vas_d/CHR23/mpheno.txt, /cluster/work/pausch/naveen/TWAS/splicing/vas_d/annotation.txt
    wildcards: mpheno=splicing, tissue=vas_d, chr=23
    resources: mem_mb=6000, mem_mib=5723, disk_mb=1000, disk_mib=954, tmpdir=<TBD>, walltime=48:00

Submitted job 500 with external jobid '257441171 logs/train/mpheno-splicing.tissue-vas_d.chr-23.out'.

[Fri Apr 14 13:26:12 2023]
rule train:
    input: /cluster/work/pausch/naveen/TWAS/GENO/CHR11/snp_annotation.txt, /cluster/work/pausch/naveen/TWAS/GENO/CHR11/genotypes.txt, /cluster/work/pausch/naveen/TWAS/splicing/vas_d/annotation.txt, /cluster/work/pausch/naveen/TWAS/splicing/vas_d/covariates.txt, /cluster/work/pausch/naveen/TWAS/splicing/vas_d/CHR11/mpheno.txt
    output: /cluster/work/pausch/naveen/TWAS/splicing/vas_d/CHR11/summary.txt, /cluster/work/pausch/naveen/TWAS/splicing/vas_d/CHR11/weights.txt, /cluster/work/pausch/naveen/TWAS/splicing/vas_d/CHR11/tiss_summ.txt, /cluster/work/pausch/naveen/TWAS/splicing/vas_d/CHR11/covariance.txt
    jobid: 476
    reason: Input files updated by another job: /cluster/work/pausch/naveen/TWAS/splicing/vas_d/covariates.txt, /cluster/work/pausch/naveen/TWAS/splicing/vas_d/CHR11/mpheno.txt, /cluster/work/pausch/naveen/TWAS/splicing/vas_d/annotation.txt
    wildcards: mpheno=splicing, tissue=vas_d, chr=11
    resources: mem_mb=6000, mem_mib=5723, disk_mb=1000, disk_mib=954, tmpdir=<TBD>, walltime=48:00

Submitted job 476 with external jobid '257441172 logs/train/mpheno-splicing.tissue-vas_d.chr-11.out'.

[Fri Apr 14 13:26:13 2023]
rule train:
    input: /cluster/work/pausch/naveen/TWAS/GENO/CHR7/snp_annotation.txt, /cluster/work/pausch/naveen/TWAS/GENO/CHR7/genotypes.txt, /cluster/work/pausch/naveen/TWAS/splicing/vas_d/annotation.txt, /cluster/work/pausch/naveen/TWAS/splicing/vas_d/covariates.txt, /cluster/work/pausch/naveen/TWAS/splicing/vas_d/CHR7/mpheno.txt
    output: /cluster/work/pausch/naveen/TWAS/splicing/vas_d/CHR7/summary.txt, /cluster/work/pausch/naveen/TWAS/splicing/vas_d/CHR7/weights.txt, /cluster/work/pausch/naveen/TWAS/splicing/vas_d/CHR7/tiss_summ.txt, /cluster/work/pausch/naveen/TWAS/splicing/vas_d/CHR7/covariance.txt
    jobid: 468
    reason: Input files updated by another job: /cluster/work/pausch/naveen/TWAS/splicing/vas_d/covariates.txt, /cluster/work/pausch/naveen/TWAS/splicing/vas_d/annotation.txt, /cluster/work/pausch/naveen/TWAS/splicing/vas_d/CHR7/mpheno.txt
    wildcards: mpheno=splicing, tissue=vas_d, chr=7
    resources: mem_mb=6000, mem_mib=5723, disk_mb=1000, disk_mib=954, tmpdir=<TBD>, walltime=48:00

Submitted job 468 with external jobid '257441173 logs/train/mpheno-splicing.tissue-vas_d.chr-7.out'.

[Fri Apr 14 13:26:14 2023]
rule train:
    input: /cluster/work/pausch/naveen/TWAS/GENO/CHR1/snp_annotation.txt, /cluster/work/pausch/naveen/TWAS/GENO/CHR1/genotypes.txt, /cluster/work/pausch/naveen/TWAS/splicing/vas_d/annotation.txt, /cluster/work/pausch/naveen/TWAS/splicing/vas_d/covariates.txt, /cluster/work/pausch/naveen/TWAS/splicing/vas_d/CHR1/mpheno.txt
    output: /cluster/work/pausch/naveen/TWAS/splicing/vas_d/CHR1/summary.txt, /cluster/work/pausch/naveen/TWAS/splicing/vas_d/CHR1/weights.txt, /cluster/work/pausch/naveen/TWAS/splicing/vas_d/CHR1/tiss_summ.txt, /cluster/work/pausch/naveen/TWAS/splicing/vas_d/CHR1/covariance.txt
    jobid: 453
    reason: Input files updated by another job: /cluster/work/pausch/naveen/TWAS/splicing/vas_d/covariates.txt, /cluster/work/pausch/naveen/TWAS/splicing/vas_d/CHR1/mpheno.txt, /cluster/work/pausch/naveen/TWAS/splicing/vas_d/annotation.txt
    wildcards: mpheno=splicing, tissue=vas_d, chr=1
    resources: mem_mb=6000, mem_mib=5723, disk_mb=1000, disk_mib=954, tmpdir=<TBD>, walltime=48:00

Submitted job 453 with external jobid '257441174 logs/train/mpheno-splicing.tissue-vas_d.chr-1.out'.

[Fri Apr 14 13:26:14 2023]
rule train:
    input: /cluster/work/pausch/naveen/TWAS/GENO/CHR8/snp_annotation.txt, /cluster/work/pausch/naveen/TWAS/GENO/CHR8/genotypes.txt, /cluster/work/pausch/naveen/TWAS/splicing/vas_d/annotation.txt, /cluster/work/pausch/naveen/TWAS/splicing/vas_d/covariates.txt, /cluster/work/pausch/naveen/TWAS/splicing/vas_d/CHR8/mpheno.txt
    output: /cluster/work/pausch/naveen/TWAS/splicing/vas_d/CHR8/summary.txt, /cluster/work/pausch/naveen/TWAS/splicing/vas_d/CHR8/weights.txt, /cluster/work/pausch/naveen/TWAS/splicing/vas_d/CHR8/tiss_summ.txt, /cluster/work/pausch/naveen/TWAS/splicing/vas_d/CHR8/covariance.txt
    jobid: 470
    reason: Input files updated by another job: /cluster/work/pausch/naveen/TWAS/splicing/vas_d/covariates.txt, /cluster/work/pausch/naveen/TWAS/splicing/vas_d/CHR8/mpheno.txt, /cluster/work/pausch/naveen/TWAS/splicing/vas_d/annotation.txt
    wildcards: mpheno=splicing, tissue=vas_d, chr=8
    resources: mem_mb=6000, mem_mib=5723, disk_mb=1000, disk_mib=954, tmpdir=<TBD>, walltime=48:00

Submitted job 470 with external jobid '257441175 logs/train/mpheno-splicing.tissue-vas_d.chr-8.out'.

[Fri Apr 14 13:26:15 2023]
rule train:
    input: /cluster/work/pausch/naveen/TWAS/GENO/CHR6/snp_annotation.txt, /cluster/work/pausch/naveen/TWAS/GENO/CHR6/genotypes.txt, /cluster/work/pausch/naveen/TWAS/splicing/vas_d/annotation.txt, /cluster/work/pausch/naveen/TWAS/splicing/vas_d/covariates.txt, /cluster/work/pausch/naveen/TWAS/splicing/vas_d/CHR6/mpheno.txt
    output: /cluster/work/pausch/naveen/TWAS/splicing/vas_d/CHR6/summary.txt, /cluster/work/pausch/naveen/TWAS/splicing/vas_d/CHR6/weights.txt, /cluster/work/pausch/naveen/TWAS/splicing/vas_d/CHR6/tiss_summ.txt, /cluster/work/pausch/naveen/TWAS/splicing/vas_d/CHR6/covariance.txt
    jobid: 466
    reason: Input files updated by another job: /cluster/work/pausch/naveen/TWAS/splicing/vas_d/covariates.txt, /cluster/work/pausch/naveen/TWAS/splicing/vas_d/CHR6/mpheno.txt, /cluster/work/pausch/naveen/TWAS/splicing/vas_d/annotation.txt
    wildcards: mpheno=splicing, tissue=vas_d, chr=6
    resources: mem_mb=6000, mem_mib=5723, disk_mb=1000, disk_mib=954, tmpdir=<TBD>, walltime=48:00

Submitted job 466 with external jobid '257441176 logs/train/mpheno-splicing.tissue-vas_d.chr-6.out'.

[Fri Apr 14 13:26:16 2023]
rule train:
    input: /cluster/work/pausch/naveen/TWAS/GENO/CHR4/snp_annotation.txt, /cluster/work/pausch/naveen/TWAS/GENO/CHR4/genotypes.txt, /cluster/work/pausch/naveen/TWAS/splicing/vas_d/annotation.txt, /cluster/work/pausch/naveen/TWAS/splicing/vas_d/covariates.txt, /cluster/work/pausch/naveen/TWAS/splicing/vas_d/CHR4/mpheno.txt
    output: /cluster/work/pausch/naveen/TWAS/splicing/vas_d/CHR4/summary.txt, /cluster/work/pausch/naveen/TWAS/splicing/vas_d/CHR4/weights.txt, /cluster/work/pausch/naveen/TWAS/splicing/vas_d/CHR4/tiss_summ.txt, /cluster/work/pausch/naveen/TWAS/splicing/vas_d/CHR4/covariance.txt
    jobid: 462
    reason: Input files updated by another job: /cluster/work/pausch/naveen/TWAS/splicing/vas_d/CHR4/mpheno.txt, /cluster/work/pausch/naveen/TWAS/splicing/vas_d/covariates.txt, /cluster/work/pausch/naveen/TWAS/splicing/vas_d/annotation.txt
    wildcards: mpheno=splicing, tissue=vas_d, chr=4
    resources: mem_mb=6000, mem_mib=5723, disk_mb=1000, disk_mib=954, tmpdir=<TBD>, walltime=48:00

Submitted job 462 with external jobid '257441177 logs/train/mpheno-splicing.tissue-vas_d.chr-4.out'.

[Fri Apr 14 13:26:17 2023]
rule train:
    input: /cluster/work/pausch/naveen/TWAS/GENO/CHR2/snp_annotation.txt, /cluster/work/pausch/naveen/TWAS/GENO/CHR2/genotypes.txt, /cluster/work/pausch/naveen/TWAS/splicing/vas_d/annotation.txt, /cluster/work/pausch/naveen/TWAS/splicing/vas_d/covariates.txt, /cluster/work/pausch/naveen/TWAS/splicing/vas_d/CHR2/mpheno.txt
    output: /cluster/work/pausch/naveen/TWAS/splicing/vas_d/CHR2/summary.txt, /cluster/work/pausch/naveen/TWAS/splicing/vas_d/CHR2/weights.txt, /cluster/work/pausch/naveen/TWAS/splicing/vas_d/CHR2/tiss_summ.txt, /cluster/work/pausch/naveen/TWAS/splicing/vas_d/CHR2/covariance.txt
    jobid: 458
    reason: Input files updated by another job: /cluster/work/pausch/naveen/TWAS/splicing/vas_d/covariates.txt, /cluster/work/pausch/naveen/TWAS/splicing/vas_d/CHR2/mpheno.txt, /cluster/work/pausch/naveen/TWAS/splicing/vas_d/annotation.txt
    wildcards: mpheno=splicing, tissue=vas_d, chr=2
    resources: mem_mb=6000, mem_mib=5723, disk_mb=1000, disk_mib=954, tmpdir=<TBD>, walltime=48:00

Submitted job 458 with external jobid '257441178 logs/train/mpheno-splicing.tissue-vas_d.chr-2.out'.
[Fri Apr 14 13:26:46 2023]
Error in rule train:
    jobid: 470
    input: /cluster/work/pausch/naveen/TWAS/GENO/CHR8/snp_annotation.txt, /cluster/work/pausch/naveen/TWAS/GENO/CHR8/genotypes.txt, /cluster/work/pausch/naveen/TWAS/splicing/vas_d/annotation.txt, /cluster/work/pausch/naveen/TWAS/splicing/vas_d/covariates.txt, /cluster/work/pausch/naveen/TWAS/splicing/vas_d/CHR8/mpheno.txt
    output: /cluster/work/pausch/naveen/TWAS/splicing/vas_d/CHR8/summary.txt, /cluster/work/pausch/naveen/TWAS/splicing/vas_d/CHR8/weights.txt, /cluster/work/pausch/naveen/TWAS/splicing/vas_d/CHR8/tiss_summ.txt, /cluster/work/pausch/naveen/TWAS/splicing/vas_d/CHR8/covariance.txt
    cluster_jobid: 257441175 logs/train/mpheno-splicing.tissue-vas_d.chr-8.out

Error executing rule train on cluster (jobid: 470, external: 257441175 logs/train/mpheno-splicing.tissue-vas_d.chr-8.out, jobscript: /cluster/home/nkadri/TWAS/SNAKES/spredi/.snakemake/tmp.gnc3vh44/snakejob.train.470.sh). For error details see the cluster log and the log files of the involved rule(s).
[Fri Apr 14 13:26:50 2023]
Error in rule train:
    jobid: 460
    input: /cluster/work/pausch/naveen/TWAS/GENO/CHR3/snp_annotation.txt, /cluster/work/pausch/naveen/TWAS/GENO/CHR3/genotypes.txt, /cluster/work/pausch/naveen/TWAS/splicing/vas_d/annotation.txt, /cluster/work/pausch/naveen/TWAS/splicing/vas_d/covariates.txt, /cluster/work/pausch/naveen/TWAS/splicing/vas_d/CHR3/mpheno.txt
    output: /cluster/work/pausch/naveen/TWAS/splicing/vas_d/CHR3/summary.txt, /cluster/work/pausch/naveen/TWAS/splicing/vas_d/CHR3/weights.txt, /cluster/work/pausch/naveen/TWAS/splicing/vas_d/CHR3/tiss_summ.txt, /cluster/work/pausch/naveen/TWAS/splicing/vas_d/CHR3/covariance.txt
    cluster_jobid: 257441166 logs/train/mpheno-splicing.tissue-vas_d.chr-3.out

Error executing rule train on cluster (jobid: 460, external: 257441166 logs/train/mpheno-splicing.tissue-vas_d.chr-3.out, jobscript: /cluster/home/nkadri/TWAS/SNAKES/spredi/.snakemake/tmp.gnc3vh44/snakejob.train.460.sh). For error details see the cluster log and the log files of the involved rule(s).
[Fri Apr 14 13:26:50 2023]
Error in rule train:
    jobid: 480
    input: /cluster/work/pausch/naveen/TWAS/GENO/CHR13/snp_annotation.txt, /cluster/work/pausch/naveen/TWAS/GENO/CHR13/genotypes.txt, /cluster/work/pausch/naveen/TWAS/splicing/vas_d/annotation.txt, /cluster/work/pausch/naveen/TWAS/splicing/vas_d/covariates.txt, /cluster/work/pausch/naveen/TWAS/splicing/vas_d/CHR13/mpheno.txt
    output: /cluster/work/pausch/naveen/TWAS/splicing/vas_d/CHR13/summary.txt, /cluster/work/pausch/naveen/TWAS/splicing/vas_d/CHR13/weights.txt, /cluster/work/pausch/naveen/TWAS/splicing/vas_d/CHR13/tiss_summ.txt, /cluster/work/pausch/naveen/TWAS/splicing/vas_d/CHR13/covariance.txt
    cluster_jobid: 257441167 logs/train/mpheno-splicing.tissue-vas_d.chr-13.out

Error executing rule train on cluster (jobid: 480, external: 257441167 logs/train/mpheno-splicing.tissue-vas_d.chr-13.out, jobscript: /cluster/home/nkadri/TWAS/SNAKES/spredi/.snakemake/tmp.gnc3vh44/snakejob.train.480.sh). For error details see the cluster log and the log files of the involved rule(s).
[Fri Apr 14 13:26:50 2023]
Error in rule train:
    jobid: 488
    input: /cluster/work/pausch/naveen/TWAS/GENO/CHR17/snp_annotation.txt, /cluster/work/pausch/naveen/TWAS/GENO/CHR17/genotypes.txt, /cluster/work/pausch/naveen/TWAS/splicing/vas_d/annotation.txt, /cluster/work/pausch/naveen/TWAS/splicing/vas_d/covariates.txt, /cluster/work/pausch/naveen/TWAS/splicing/vas_d/CHR17/mpheno.txt
    output: /cluster/work/pausch/naveen/TWAS/splicing/vas_d/CHR17/summary.txt, /cluster/work/pausch/naveen/TWAS/splicing/vas_d/CHR17/weights.txt, /cluster/work/pausch/naveen/TWAS/splicing/vas_d/CHR17/tiss_summ.txt, /cluster/work/pausch/naveen/TWAS/splicing/vas_d/CHR17/covariance.txt
    cluster_jobid: 257441168 logs/train/mpheno-splicing.tissue-vas_d.chr-17.out

Error executing rule train on cluster (jobid: 488, external: 257441168 logs/train/mpheno-splicing.tissue-vas_d.chr-17.out, jobscript: /cluster/home/nkadri/TWAS/SNAKES/spredi/.snakemake/tmp.gnc3vh44/snakejob.train.488.sh). For error details see the cluster log and the log files of the involved rule(s).
[Fri Apr 14 13:26:50 2023]
Error in rule train:
    jobid: 507
    input: /cluster/work/pausch/naveen/TWAS/GENO/CHR27/snp_annotation.txt, /cluster/work/pausch/naveen/TWAS/GENO/CHR27/genotypes.txt, /cluster/work/pausch/naveen/TWAS/splicing/vas_d/annotation.txt, /cluster/work/pausch/naveen/TWAS/splicing/vas_d/covariates.txt, /cluster/work/pausch/naveen/TWAS/splicing/vas_d/CHR27/mpheno.txt
    output: /cluster/work/pausch/naveen/TWAS/splicing/vas_d/CHR27/summary.txt, /cluster/work/pausch/naveen/TWAS/splicing/vas_d/CHR27/weights.txt, /cluster/work/pausch/naveen/TWAS/splicing/vas_d/CHR27/tiss_summ.txt, /cluster/work/pausch/naveen/TWAS/splicing/vas_d/CHR27/covariance.txt
    cluster_jobid: 257441169 logs/train/mpheno-splicing.tissue-vas_d.chr-27.out

Error executing rule train on cluster (jobid: 507, external: 257441169 logs/train/mpheno-splicing.tissue-vas_d.chr-27.out, jobscript: /cluster/home/nkadri/TWAS/SNAKES/spredi/.snakemake/tmp.gnc3vh44/snakejob.train.507.sh). For error details see the cluster log and the log files of the involved rule(s).
[Fri Apr 14 13:26:51 2023]
Error in rule train:
    jobid: 482
    input: /cluster/work/pausch/naveen/TWAS/GENO/CHR14/snp_annotation.txt, /cluster/work/pausch/naveen/TWAS/GENO/CHR14/genotypes.txt, /cluster/work/pausch/naveen/TWAS/splicing/vas_d/annotation.txt, /cluster/work/pausch/naveen/TWAS/splicing/vas_d/covariates.txt, /cluster/work/pausch/naveen/TWAS/splicing/vas_d/CHR14/mpheno.txt
    output: /cluster/work/pausch/naveen/TWAS/splicing/vas_d/CHR14/summary.txt, /cluster/work/pausch/naveen/TWAS/splicing/vas_d/CHR14/weights.txt, /cluster/work/pausch/naveen/TWAS/splicing/vas_d/CHR14/tiss_summ.txt, /cluster/work/pausch/naveen/TWAS/splicing/vas_d/CHR14/covariance.txt
    cluster_jobid: 257441170 logs/train/mpheno-splicing.tissue-vas_d.chr-14.out

Error executing rule train on cluster (jobid: 482, external: 257441170 logs/train/mpheno-splicing.tissue-vas_d.chr-14.out, jobscript: /cluster/home/nkadri/TWAS/SNAKES/spredi/.snakemake/tmp.gnc3vh44/snakejob.train.482.sh). For error details see the cluster log and the log files of the involved rule(s).
[Fri Apr 14 13:26:51 2023]
Error in rule train:
    jobid: 500
    input: /cluster/work/pausch/naveen/TWAS/GENO/CHR23/snp_annotation.txt, /cluster/work/pausch/naveen/TWAS/GENO/CHR23/genotypes.txt, /cluster/work/pausch/naveen/TWAS/splicing/vas_d/annotation.txt, /cluster/work/pausch/naveen/TWAS/splicing/vas_d/covariates.txt, /cluster/work/pausch/naveen/TWAS/splicing/vas_d/CHR23/mpheno.txt
    output: /cluster/work/pausch/naveen/TWAS/splicing/vas_d/CHR23/summary.txt, /cluster/work/pausch/naveen/TWAS/splicing/vas_d/CHR23/weights.txt, /cluster/work/pausch/naveen/TWAS/splicing/vas_d/CHR23/tiss_summ.txt, /cluster/work/pausch/naveen/TWAS/splicing/vas_d/CHR23/covariance.txt
    cluster_jobid: 257441171 logs/train/mpheno-splicing.tissue-vas_d.chr-23.out

Error executing rule train on cluster (jobid: 500, external: 257441171 logs/train/mpheno-splicing.tissue-vas_d.chr-23.out, jobscript: /cluster/home/nkadri/TWAS/SNAKES/spredi/.snakemake/tmp.gnc3vh44/snakejob.train.500.sh). For error details see the cluster log and the log files of the involved rule(s).
[Fri Apr 14 13:26:51 2023]
Error in rule train:
    jobid: 476
    input: /cluster/work/pausch/naveen/TWAS/GENO/CHR11/snp_annotation.txt, /cluster/work/pausch/naveen/TWAS/GENO/CHR11/genotypes.txt, /cluster/work/pausch/naveen/TWAS/splicing/vas_d/annotation.txt, /cluster/work/pausch/naveen/TWAS/splicing/vas_d/covariates.txt, /cluster/work/pausch/naveen/TWAS/splicing/vas_d/CHR11/mpheno.txt
    output: /cluster/work/pausch/naveen/TWAS/splicing/vas_d/CHR11/summary.txt, /cluster/work/pausch/naveen/TWAS/splicing/vas_d/CHR11/weights.txt, /cluster/work/pausch/naveen/TWAS/splicing/vas_d/CHR11/tiss_summ.txt, /cluster/work/pausch/naveen/TWAS/splicing/vas_d/CHR11/covariance.txt
    cluster_jobid: 257441172 logs/train/mpheno-splicing.tissue-vas_d.chr-11.out

Error executing rule train on cluster (jobid: 476, external: 257441172 logs/train/mpheno-splicing.tissue-vas_d.chr-11.out, jobscript: /cluster/home/nkadri/TWAS/SNAKES/spredi/.snakemake/tmp.gnc3vh44/snakejob.train.476.sh). For error details see the cluster log and the log files of the involved rule(s).
[Fri Apr 14 13:26:51 2023]
Error in rule train:
    jobid: 468
    input: /cluster/work/pausch/naveen/TWAS/GENO/CHR7/snp_annotation.txt, /cluster/work/pausch/naveen/TWAS/GENO/CHR7/genotypes.txt, /cluster/work/pausch/naveen/TWAS/splicing/vas_d/annotation.txt, /cluster/work/pausch/naveen/TWAS/splicing/vas_d/covariates.txt, /cluster/work/pausch/naveen/TWAS/splicing/vas_d/CHR7/mpheno.txt
    output: /cluster/work/pausch/naveen/TWAS/splicing/vas_d/CHR7/summary.txt, /cluster/work/pausch/naveen/TWAS/splicing/vas_d/CHR7/weights.txt, /cluster/work/pausch/naveen/TWAS/splicing/vas_d/CHR7/tiss_summ.txt, /cluster/work/pausch/naveen/TWAS/splicing/vas_d/CHR7/covariance.txt
    cluster_jobid: 257441173 logs/train/mpheno-splicing.tissue-vas_d.chr-7.out

Error executing rule train on cluster (jobid: 468, external: 257441173 logs/train/mpheno-splicing.tissue-vas_d.chr-7.out, jobscript: /cluster/home/nkadri/TWAS/SNAKES/spredi/.snakemake/tmp.gnc3vh44/snakejob.train.468.sh). For error details see the cluster log and the log files of the involved rule(s).
[Fri Apr 14 13:26:51 2023]
Error in rule train:
    jobid: 453
    input: /cluster/work/pausch/naveen/TWAS/GENO/CHR1/snp_annotation.txt, /cluster/work/pausch/naveen/TWAS/GENO/CHR1/genotypes.txt, /cluster/work/pausch/naveen/TWAS/splicing/vas_d/annotation.txt, /cluster/work/pausch/naveen/TWAS/splicing/vas_d/covariates.txt, /cluster/work/pausch/naveen/TWAS/splicing/vas_d/CHR1/mpheno.txt
    output: /cluster/work/pausch/naveen/TWAS/splicing/vas_d/CHR1/summary.txt, /cluster/work/pausch/naveen/TWAS/splicing/vas_d/CHR1/weights.txt, /cluster/work/pausch/naveen/TWAS/splicing/vas_d/CHR1/tiss_summ.txt, /cluster/work/pausch/naveen/TWAS/splicing/vas_d/CHR1/covariance.txt
    cluster_jobid: 257441174 logs/train/mpheno-splicing.tissue-vas_d.chr-1.out

Error executing rule train on cluster (jobid: 453, external: 257441174 logs/train/mpheno-splicing.tissue-vas_d.chr-1.out, jobscript: /cluster/home/nkadri/TWAS/SNAKES/spredi/.snakemake/tmp.gnc3vh44/snakejob.train.453.sh). For error details see the cluster log and the log files of the involved rule(s).
[Fri Apr 14 13:27:02 2023]
Error in rule train:
    jobid: 466
    input: /cluster/work/pausch/naveen/TWAS/GENO/CHR6/snp_annotation.txt, /cluster/work/pausch/naveen/TWAS/GENO/CHR6/genotypes.txt, /cluster/work/pausch/naveen/TWAS/splicing/vas_d/annotation.txt, /cluster/work/pausch/naveen/TWAS/splicing/vas_d/covariates.txt, /cluster/work/pausch/naveen/TWAS/splicing/vas_d/CHR6/mpheno.txt
    output: /cluster/work/pausch/naveen/TWAS/splicing/vas_d/CHR6/summary.txt, /cluster/work/pausch/naveen/TWAS/splicing/vas_d/CHR6/weights.txt, /cluster/work/pausch/naveen/TWAS/splicing/vas_d/CHR6/tiss_summ.txt, /cluster/work/pausch/naveen/TWAS/splicing/vas_d/CHR6/covariance.txt
    cluster_jobid: 257441176 logs/train/mpheno-splicing.tissue-vas_d.chr-6.out

Error executing rule train on cluster (jobid: 466, external: 257441176 logs/train/mpheno-splicing.tissue-vas_d.chr-6.out, jobscript: /cluster/home/nkadri/TWAS/SNAKES/spredi/.snakemake/tmp.gnc3vh44/snakejob.train.466.sh). For error details see the cluster log and the log files of the involved rule(s).
[Fri Apr 14 13:27:02 2023]
Error in rule train:
    jobid: 462
    input: /cluster/work/pausch/naveen/TWAS/GENO/CHR4/snp_annotation.txt, /cluster/work/pausch/naveen/TWAS/GENO/CHR4/genotypes.txt, /cluster/work/pausch/naveen/TWAS/splicing/vas_d/annotation.txt, /cluster/work/pausch/naveen/TWAS/splicing/vas_d/covariates.txt, /cluster/work/pausch/naveen/TWAS/splicing/vas_d/CHR4/mpheno.txt
    output: /cluster/work/pausch/naveen/TWAS/splicing/vas_d/CHR4/summary.txt, /cluster/work/pausch/naveen/TWAS/splicing/vas_d/CHR4/weights.txt, /cluster/work/pausch/naveen/TWAS/splicing/vas_d/CHR4/tiss_summ.txt, /cluster/work/pausch/naveen/TWAS/splicing/vas_d/CHR4/covariance.txt
    cluster_jobid: 257441177 logs/train/mpheno-splicing.tissue-vas_d.chr-4.out

Error executing rule train on cluster (jobid: 462, external: 257441177 logs/train/mpheno-splicing.tissue-vas_d.chr-4.out, jobscript: /cluster/home/nkadri/TWAS/SNAKES/spredi/.snakemake/tmp.gnc3vh44/snakejob.train.462.sh). For error details see the cluster log and the log files of the involved rule(s).
[Fri Apr 14 13:27:02 2023]
Error in rule train:
    jobid: 504
    input: /cluster/work/pausch/naveen/TWAS/GENO/CHR25/snp_annotation.txt, /cluster/work/pausch/naveen/TWAS/GENO/CHR25/genotypes.txt, /cluster/work/pausch/naveen/TWAS/splicing/vas_d/annotation.txt, /cluster/work/pausch/naveen/TWAS/splicing/vas_d/covariates.txt, /cluster/work/pausch/naveen/TWAS/splicing/vas_d/CHR25/mpheno.txt
    output: /cluster/work/pausch/naveen/TWAS/splicing/vas_d/CHR25/summary.txt, /cluster/work/pausch/naveen/TWAS/splicing/vas_d/CHR25/weights.txt, /cluster/work/pausch/naveen/TWAS/splicing/vas_d/CHR25/tiss_summ.txt, /cluster/work/pausch/naveen/TWAS/splicing/vas_d/CHR25/covariance.txt
    cluster_jobid: 257441158 logs/train/mpheno-splicing.tissue-vas_d.chr-25.out

Error executing rule train on cluster (jobid: 504, external: 257441158 logs/train/mpheno-splicing.tissue-vas_d.chr-25.out, jobscript: /cluster/home/nkadri/TWAS/SNAKES/spredi/.snakemake/tmp.gnc3vh44/snakejob.train.504.sh). For error details see the cluster log and the log files of the involved rule(s).
[Fri Apr 14 13:27:02 2023]
Error in rule train:
    jobid: 486
    input: /cluster/work/pausch/naveen/TWAS/GENO/CHR16/snp_annotation.txt, /cluster/work/pausch/naveen/TWAS/GENO/CHR16/genotypes.txt, /cluster/work/pausch/naveen/TWAS/splicing/vas_d/annotation.txt, /cluster/work/pausch/naveen/TWAS/splicing/vas_d/covariates.txt, /cluster/work/pausch/naveen/TWAS/splicing/vas_d/CHR16/mpheno.txt
    output: /cluster/work/pausch/naveen/TWAS/splicing/vas_d/CHR16/summary.txt, /cluster/work/pausch/naveen/TWAS/splicing/vas_d/CHR16/weights.txt, /cluster/work/pausch/naveen/TWAS/splicing/vas_d/CHR16/tiss_summ.txt, /cluster/work/pausch/naveen/TWAS/splicing/vas_d/CHR16/covariance.txt
    cluster_jobid: 257441159 logs/train/mpheno-splicing.tissue-vas_d.chr-16.out

Error executing rule train on cluster (jobid: 486, external: 257441159 logs/train/mpheno-splicing.tissue-vas_d.chr-16.out, jobscript: /cluster/home/nkadri/TWAS/SNAKES/spredi/.snakemake/tmp.gnc3vh44/snakejob.train.486.sh). For error details see the cluster log and the log files of the involved rule(s).
[Fri Apr 14 13:27:03 2023]
Error in rule train:
    jobid: 502
    input: /cluster/work/pausch/naveen/TWAS/GENO/CHR24/snp_annotation.txt, /cluster/work/pausch/naveen/TWAS/GENO/CHR24/genotypes.txt, /cluster/work/pausch/naveen/TWAS/splicing/vas_d/annotation.txt, /cluster/work/pausch/naveen/TWAS/splicing/vas_d/covariates.txt, /cluster/work/pausch/naveen/TWAS/splicing/vas_d/CHR24/mpheno.txt
    output: /cluster/work/pausch/naveen/TWAS/splicing/vas_d/CHR24/summary.txt, /cluster/work/pausch/naveen/TWAS/splicing/vas_d/CHR24/weights.txt, /cluster/work/pausch/naveen/TWAS/splicing/vas_d/CHR24/tiss_summ.txt, /cluster/work/pausch/naveen/TWAS/splicing/vas_d/CHR24/covariance.txt
    cluster_jobid: 257441151 logs/train/mpheno-splicing.tissue-vas_d.chr-24.out

Error executing rule train on cluster (jobid: 502, external: 257441151 logs/train/mpheno-splicing.tissue-vas_d.chr-24.out, jobscript: /cluster/home/nkadri/TWAS/SNAKES/spredi/.snakemake/tmp.gnc3vh44/snakejob.train.502.sh). For error details see the cluster log and the log files of the involved rule(s).
[Fri Apr 14 13:27:03 2023]
Error in rule train:
    jobid: 484
    input: /cluster/work/pausch/naveen/TWAS/GENO/CHR15/snp_annotation.txt, /cluster/work/pausch/naveen/TWAS/GENO/CHR15/genotypes.txt, /cluster/work/pausch/naveen/TWAS/splicing/vas_d/annotation.txt, /cluster/work/pausch/naveen/TWAS/splicing/vas_d/covariates.txt, /cluster/work/pausch/naveen/TWAS/splicing/vas_d/CHR15/mpheno.txt
    output: /cluster/work/pausch/naveen/TWAS/splicing/vas_d/CHR15/summary.txt, /cluster/work/pausch/naveen/TWAS/splicing/vas_d/CHR15/weights.txt, /cluster/work/pausch/naveen/TWAS/splicing/vas_d/CHR15/tiss_summ.txt, /cluster/work/pausch/naveen/TWAS/splicing/vas_d/CHR15/covariance.txt
    cluster_jobid: 257441152 logs/train/mpheno-splicing.tissue-vas_d.chr-15.out

Error executing rule train on cluster (jobid: 484, external: 257441152 logs/train/mpheno-splicing.tissue-vas_d.chr-15.out, jobscript: /cluster/home/nkadri/TWAS/SNAKES/spredi/.snakemake/tmp.gnc3vh44/snakejob.train.484.sh). For error details see the cluster log and the log files of the involved rule(s).
[Fri Apr 14 13:27:03 2023]
Error in rule train:
    jobid: 496
    input: /cluster/work/pausch/naveen/TWAS/GENO/CHR21/snp_annotation.txt, /cluster/work/pausch/naveen/TWAS/GENO/CHR21/genotypes.txt, /cluster/work/pausch/naveen/TWAS/splicing/vas_d/annotation.txt, /cluster/work/pausch/naveen/TWAS/splicing/vas_d/covariates.txt, /cluster/work/pausch/naveen/TWAS/splicing/vas_d/CHR21/mpheno.txt
    output: /cluster/work/pausch/naveen/TWAS/splicing/vas_d/CHR21/summary.txt, /cluster/work/pausch/naveen/TWAS/splicing/vas_d/CHR21/weights.txt, /cluster/work/pausch/naveen/TWAS/splicing/vas_d/CHR21/tiss_summ.txt, /cluster/work/pausch/naveen/TWAS/splicing/vas_d/CHR21/covariance.txt
    cluster_jobid: 257441153 logs/train/mpheno-splicing.tissue-vas_d.chr-21.out

Error executing rule train on cluster (jobid: 496, external: 257441153 logs/train/mpheno-splicing.tissue-vas_d.chr-21.out, jobscript: /cluster/home/nkadri/TWAS/SNAKES/spredi/.snakemake/tmp.gnc3vh44/snakejob.train.496.sh). For error details see the cluster log and the log files of the involved rule(s).
[Fri Apr 14 13:27:04 2023]
Error in rule train:
    jobid: 472
    input: /cluster/work/pausch/naveen/TWAS/GENO/CHR9/snp_annotation.txt, /cluster/work/pausch/naveen/TWAS/GENO/CHR9/genotypes.txt, /cluster/work/pausch/naveen/TWAS/splicing/vas_d/annotation.txt, /cluster/work/pausch/naveen/TWAS/splicing/vas_d/covariates.txt, /cluster/work/pausch/naveen/TWAS/splicing/vas_d/CHR9/mpheno.txt
    output: /cluster/work/pausch/naveen/TWAS/splicing/vas_d/CHR9/summary.txt, /cluster/work/pausch/naveen/TWAS/splicing/vas_d/CHR9/weights.txt, /cluster/work/pausch/naveen/TWAS/splicing/vas_d/CHR9/tiss_summ.txt, /cluster/work/pausch/naveen/TWAS/splicing/vas_d/CHR9/covariance.txt
    cluster_jobid: 257441154 logs/train/mpheno-splicing.tissue-vas_d.chr-9.out

Error executing rule train on cluster (jobid: 472, external: 257441154 logs/train/mpheno-splicing.tissue-vas_d.chr-9.out, jobscript: /cluster/home/nkadri/TWAS/SNAKES/spredi/.snakemake/tmp.gnc3vh44/snakejob.train.472.sh). For error details see the cluster log and the log files of the involved rule(s).
[Fri Apr 14 13:27:04 2023]
Error in rule train:
    jobid: 478
    input: /cluster/work/pausch/naveen/TWAS/GENO/CHR12/snp_annotation.txt, /cluster/work/pausch/naveen/TWAS/GENO/CHR12/genotypes.txt, /cluster/work/pausch/naveen/TWAS/splicing/vas_d/annotation.txt, /cluster/work/pausch/naveen/TWAS/splicing/vas_d/covariates.txt, /cluster/work/pausch/naveen/TWAS/splicing/vas_d/CHR12/mpheno.txt
    output: /cluster/work/pausch/naveen/TWAS/splicing/vas_d/CHR12/summary.txt, /cluster/work/pausch/naveen/TWAS/splicing/vas_d/CHR12/weights.txt, /cluster/work/pausch/naveen/TWAS/splicing/vas_d/CHR12/tiss_summ.txt, /cluster/work/pausch/naveen/TWAS/splicing/vas_d/CHR12/covariance.txt
    cluster_jobid: 257441155 logs/train/mpheno-splicing.tissue-vas_d.chr-12.out

Error executing rule train on cluster (jobid: 478, external: 257441155 logs/train/mpheno-splicing.tissue-vas_d.chr-12.out, jobscript: /cluster/home/nkadri/TWAS/SNAKES/spredi/.snakemake/tmp.gnc3vh44/snakejob.train.478.sh). For error details see the cluster log and the log files of the involved rule(s).
[Fri Apr 14 13:27:04 2023]
Error in rule train:
    jobid: 492
    input: /cluster/work/pausch/naveen/TWAS/GENO/CHR19/snp_annotation.txt, /cluster/work/pausch/naveen/TWAS/GENO/CHR19/genotypes.txt, /cluster/work/pausch/naveen/TWAS/splicing/vas_d/annotation.txt, /cluster/work/pausch/naveen/TWAS/splicing/vas_d/covariates.txt, /cluster/work/pausch/naveen/TWAS/splicing/vas_d/CHR19/mpheno.txt
    output: /cluster/work/pausch/naveen/TWAS/splicing/vas_d/CHR19/summary.txt, /cluster/work/pausch/naveen/TWAS/splicing/vas_d/CHR19/weights.txt, /cluster/work/pausch/naveen/TWAS/splicing/vas_d/CHR19/tiss_summ.txt, /cluster/work/pausch/naveen/TWAS/splicing/vas_d/CHR19/covariance.txt
    cluster_jobid: 257441156 logs/train/mpheno-splicing.tissue-vas_d.chr-19.out

Error executing rule train on cluster (jobid: 492, external: 257441156 logs/train/mpheno-splicing.tissue-vas_d.chr-19.out, jobscript: /cluster/home/nkadri/TWAS/SNAKES/spredi/.snakemake/tmp.gnc3vh44/snakejob.train.492.sh). For error details see the cluster log and the log files of the involved rule(s).
[Fri Apr 14 13:27:04 2023]
Error in rule train:
    jobid: 511
    input: /cluster/work/pausch/naveen/TWAS/GENO/CHR29/snp_annotation.txt, /cluster/work/pausch/naveen/TWAS/GENO/CHR29/genotypes.txt, /cluster/work/pausch/naveen/TWAS/splicing/vas_d/annotation.txt, /cluster/work/pausch/naveen/TWAS/splicing/vas_d/covariates.txt, /cluster/work/pausch/naveen/TWAS/splicing/vas_d/CHR29/mpheno.txt
    output: /cluster/work/pausch/naveen/TWAS/splicing/vas_d/CHR29/summary.txt, /cluster/work/pausch/naveen/TWAS/splicing/vas_d/CHR29/weights.txt, /cluster/work/pausch/naveen/TWAS/splicing/vas_d/CHR29/tiss_summ.txt, /cluster/work/pausch/naveen/TWAS/splicing/vas_d/CHR29/covariance.txt
    cluster_jobid: 257441157 logs/train/mpheno-splicing.tissue-vas_d.chr-29.out

Error executing rule train on cluster (jobid: 511, external: 257441157 logs/train/mpheno-splicing.tissue-vas_d.chr-29.out, jobscript: /cluster/home/nkadri/TWAS/SNAKES/spredi/.snakemake/tmp.gnc3vh44/snakejob.train.511.sh). For error details see the cluster log and the log files of the involved rule(s).
[Fri Apr 14 13:27:04 2023]
Error in rule train:
    jobid: 498
    input: /cluster/work/pausch/naveen/TWAS/GENO/CHR22/snp_annotation.txt, /cluster/work/pausch/naveen/TWAS/GENO/CHR22/genotypes.txt, /cluster/work/pausch/naveen/TWAS/splicing/vas_d/annotation.txt, /cluster/work/pausch/naveen/TWAS/splicing/vas_d/covariates.txt, /cluster/work/pausch/naveen/TWAS/splicing/vas_d/CHR22/mpheno.txt
    output: /cluster/work/pausch/naveen/TWAS/splicing/vas_d/CHR22/summary.txt, /cluster/work/pausch/naveen/TWAS/splicing/vas_d/CHR22/weights.txt, /cluster/work/pausch/naveen/TWAS/splicing/vas_d/CHR22/tiss_summ.txt, /cluster/work/pausch/naveen/TWAS/splicing/vas_d/CHR22/covariance.txt
    cluster_jobid: 257441160 logs/train/mpheno-splicing.tissue-vas_d.chr-22.out

Error executing rule train on cluster (jobid: 498, external: 257441160 logs/train/mpheno-splicing.tissue-vas_d.chr-22.out, jobscript: /cluster/home/nkadri/TWAS/SNAKES/spredi/.snakemake/tmp.gnc3vh44/snakejob.train.498.sh). For error details see the cluster log and the log files of the involved rule(s).
[Fri Apr 14 13:27:05 2023]
Error in rule train:
    jobid: 474
    input: /cluster/work/pausch/naveen/TWAS/GENO/CHR10/snp_annotation.txt, /cluster/work/pausch/naveen/TWAS/GENO/CHR10/genotypes.txt, /cluster/work/pausch/naveen/TWAS/splicing/vas_d/annotation.txt, /cluster/work/pausch/naveen/TWAS/splicing/vas_d/covariates.txt, /cluster/work/pausch/naveen/TWAS/splicing/vas_d/CHR10/mpheno.txt
    output: /cluster/work/pausch/naveen/TWAS/splicing/vas_d/CHR10/summary.txt, /cluster/work/pausch/naveen/TWAS/splicing/vas_d/CHR10/weights.txt, /cluster/work/pausch/naveen/TWAS/splicing/vas_d/CHR10/tiss_summ.txt, /cluster/work/pausch/naveen/TWAS/splicing/vas_d/CHR10/covariance.txt
    cluster_jobid: 257441162 logs/train/mpheno-splicing.tissue-vas_d.chr-10.out

Error executing rule train on cluster (jobid: 474, external: 257441162 logs/train/mpheno-splicing.tissue-vas_d.chr-10.out, jobscript: /cluster/home/nkadri/TWAS/SNAKES/spredi/.snakemake/tmp.gnc3vh44/snakejob.train.474.sh). For error details see the cluster log and the log files of the involved rule(s).
[Fri Apr 14 13:27:05 2023]
Error in rule train:
    jobid: 494
    input: /cluster/work/pausch/naveen/TWAS/GENO/CHR20/snp_annotation.txt, /cluster/work/pausch/naveen/TWAS/GENO/CHR20/genotypes.txt, /cluster/work/pausch/naveen/TWAS/splicing/vas_d/annotation.txt, /cluster/work/pausch/naveen/TWAS/splicing/vas_d/covariates.txt, /cluster/work/pausch/naveen/TWAS/splicing/vas_d/CHR20/mpheno.txt
    output: /cluster/work/pausch/naveen/TWAS/splicing/vas_d/CHR20/summary.txt, /cluster/work/pausch/naveen/TWAS/splicing/vas_d/CHR20/weights.txt, /cluster/work/pausch/naveen/TWAS/splicing/vas_d/CHR20/tiss_summ.txt, /cluster/work/pausch/naveen/TWAS/splicing/vas_d/CHR20/covariance.txt
    cluster_jobid: 257441163 logs/train/mpheno-splicing.tissue-vas_d.chr-20.out

Error executing rule train on cluster (jobid: 494, external: 257441163 logs/train/mpheno-splicing.tissue-vas_d.chr-20.out, jobscript: /cluster/home/nkadri/TWAS/SNAKES/spredi/.snakemake/tmp.gnc3vh44/snakejob.train.494.sh). For error details see the cluster log and the log files of the involved rule(s).
[Fri Apr 14 13:27:05 2023]
Error in rule train:
    jobid: 505
    input: /cluster/work/pausch/naveen/TWAS/GENO/CHR26/snp_annotation.txt, /cluster/work/pausch/naveen/TWAS/GENO/CHR26/genotypes.txt, /cluster/work/pausch/naveen/TWAS/splicing/vas_d/annotation.txt, /cluster/work/pausch/naveen/TWAS/splicing/vas_d/covariates.txt, /cluster/work/pausch/naveen/TWAS/splicing/vas_d/CHR26/mpheno.txt
    output: /cluster/work/pausch/naveen/TWAS/splicing/vas_d/CHR26/summary.txt, /cluster/work/pausch/naveen/TWAS/splicing/vas_d/CHR26/weights.txt, /cluster/work/pausch/naveen/TWAS/splicing/vas_d/CHR26/tiss_summ.txt, /cluster/work/pausch/naveen/TWAS/splicing/vas_d/CHR26/covariance.txt
    cluster_jobid: 257441164 logs/train/mpheno-splicing.tissue-vas_d.chr-26.out

Error executing rule train on cluster (jobid: 505, external: 257441164 logs/train/mpheno-splicing.tissue-vas_d.chr-26.out, jobscript: /cluster/home/nkadri/TWAS/SNAKES/spredi/.snakemake/tmp.gnc3vh44/snakejob.train.505.sh). For error details see the cluster log and the log files of the involved rule(s).
[Fri Apr 14 13:27:05 2023]
Error in rule train:
    jobid: 464
    input: /cluster/work/pausch/naveen/TWAS/GENO/CHR5/snp_annotation.txt, /cluster/work/pausch/naveen/TWAS/GENO/CHR5/genotypes.txt, /cluster/work/pausch/naveen/TWAS/splicing/vas_d/annotation.txt, /cluster/work/pausch/naveen/TWAS/splicing/vas_d/covariates.txt, /cluster/work/pausch/naveen/TWAS/splicing/vas_d/CHR5/mpheno.txt
    output: /cluster/work/pausch/naveen/TWAS/splicing/vas_d/CHR5/summary.txt, /cluster/work/pausch/naveen/TWAS/splicing/vas_d/CHR5/weights.txt, /cluster/work/pausch/naveen/TWAS/splicing/vas_d/CHR5/tiss_summ.txt, /cluster/work/pausch/naveen/TWAS/splicing/vas_d/CHR5/covariance.txt
    cluster_jobid: 257441165 logs/train/mpheno-splicing.tissue-vas_d.chr-5.out

Error executing rule train on cluster (jobid: 464, external: 257441165 logs/train/mpheno-splicing.tissue-vas_d.chr-5.out, jobscript: /cluster/home/nkadri/TWAS/SNAKES/spredi/.snakemake/tmp.gnc3vh44/snakejob.train.464.sh). For error details see the cluster log and the log files of the involved rule(s).
[Fri Apr 14 13:27:15 2023]
Error in rule train:
    jobid: 458
    input: /cluster/work/pausch/naveen/TWAS/GENO/CHR2/snp_annotation.txt, /cluster/work/pausch/naveen/TWAS/GENO/CHR2/genotypes.txt, /cluster/work/pausch/naveen/TWAS/splicing/vas_d/annotation.txt, /cluster/work/pausch/naveen/TWAS/splicing/vas_d/covariates.txt, /cluster/work/pausch/naveen/TWAS/splicing/vas_d/CHR2/mpheno.txt
    output: /cluster/work/pausch/naveen/TWAS/splicing/vas_d/CHR2/summary.txt, /cluster/work/pausch/naveen/TWAS/splicing/vas_d/CHR2/weights.txt, /cluster/work/pausch/naveen/TWAS/splicing/vas_d/CHR2/tiss_summ.txt, /cluster/work/pausch/naveen/TWAS/splicing/vas_d/CHR2/covariance.txt
    cluster_jobid: 257441178 logs/train/mpheno-splicing.tissue-vas_d.chr-2.out

Error executing rule train on cluster (jobid: 458, external: 257441178 logs/train/mpheno-splicing.tissue-vas_d.chr-2.out, jobscript: /cluster/home/nkadri/TWAS/SNAKES/spredi/.snakemake/tmp.gnc3vh44/snakejob.train.458.sh). For error details see the cluster log and the log files of the involved rule(s).
[Fri Apr 14 13:27:15 2023]
Error in rule train:
    jobid: 490
    input: /cluster/work/pausch/naveen/TWAS/GENO/CHR18/snp_annotation.txt, /cluster/work/pausch/naveen/TWAS/GENO/CHR18/genotypes.txt, /cluster/work/pausch/naveen/TWAS/splicing/vas_d/annotation.txt, /cluster/work/pausch/naveen/TWAS/splicing/vas_d/covariates.txt, /cluster/work/pausch/naveen/TWAS/splicing/vas_d/CHR18/mpheno.txt
    output: /cluster/work/pausch/naveen/TWAS/splicing/vas_d/CHR18/summary.txt, /cluster/work/pausch/naveen/TWAS/splicing/vas_d/CHR18/weights.txt, /cluster/work/pausch/naveen/TWAS/splicing/vas_d/CHR18/tiss_summ.txt, /cluster/work/pausch/naveen/TWAS/splicing/vas_d/CHR18/covariance.txt
    cluster_jobid: 257441149 logs/train/mpheno-splicing.tissue-vas_d.chr-18.out

Error executing rule train on cluster (jobid: 490, external: 257441149 logs/train/mpheno-splicing.tissue-vas_d.chr-18.out, jobscript: /cluster/home/nkadri/TWAS/SNAKES/spredi/.snakemake/tmp.gnc3vh44/snakejob.train.490.sh). For error details see the cluster log and the log files of the involved rule(s).
[Fri Apr 14 13:27:15 2023]
Error in rule train:
    jobid: 509
    input: /cluster/work/pausch/naveen/TWAS/GENO/CHR28/snp_annotation.txt, /cluster/work/pausch/naveen/TWAS/GENO/CHR28/genotypes.txt, /cluster/work/pausch/naveen/TWAS/splicing/vas_d/annotation.txt, /cluster/work/pausch/naveen/TWAS/splicing/vas_d/covariates.txt, /cluster/work/pausch/naveen/TWAS/splicing/vas_d/CHR28/mpheno.txt
    output: /cluster/work/pausch/naveen/TWAS/splicing/vas_d/CHR28/summary.txt, /cluster/work/pausch/naveen/TWAS/splicing/vas_d/CHR28/weights.txt, /cluster/work/pausch/naveen/TWAS/splicing/vas_d/CHR28/tiss_summ.txt, /cluster/work/pausch/naveen/TWAS/splicing/vas_d/CHR28/covariance.txt
    cluster_jobid: 257441150 logs/train/mpheno-splicing.tissue-vas_d.chr-28.out

Error executing rule train on cluster (jobid: 509, external: 257441150 logs/train/mpheno-splicing.tissue-vas_d.chr-28.out, jobscript: /cluster/home/nkadri/TWAS/SNAKES/spredi/.snakemake/tmp.gnc3vh44/snakejob.train.509.sh). For error details see the cluster log and the log files of the involved rule(s).
Exiting because a job execution failed. Look above for error message
Complete log: .snakemake/log/2023-04-14T131938.413323.snakemake.log
