Building DAG of jobs...
Using shell: /cluster/apps/sfos/bin/bash
Provided cores: 1 (use --cores to define parallelism)
Rules claiming more threads will be scaled down.
Job stats:
job           count    min threads    max threads
----------  -------  -------------  -------------
SPrediXcan       32              1              1
all               1              1              1
total            33              1              1

Select jobs to execute...

[Sun Mar 26 15:27:08 2023]
rule SPrediXcan:
    input: /cluster/work/pausch/naveen/TWAS/expression/epi_h/filtered_signif.db, /cluster/work/pausch/naveen/TWAS/GWAS/additive/head/gwas.txt, /cluster/work/pausch/naveen/TWAS/expression/epi_h/covariances.txt.gz
    output: /cluster/work/pausch/naveen/TWAS/expression/SprediXcan/additive/head/epi_h/result.txt
    jobid: 66
    reason: Missing output files: /cluster/work/pausch/naveen/TWAS/expression/SprediXcan/additive/head/epi_h/result.txt
    wildcards: mpheno=expression, inheri=additive, trait=head, tissue=epi_h
    resources: tmpdir=/tmp, mem_mb=36000, mem_mib=34333, walltime=02:00

[Sun Mar 26 15:28:49 2023]
Finished job 66.
1 of 33 steps (3%) done
Select jobs to execute...

[Sun Mar 26 15:28:49 2023]
rule SPrediXcan:
    input: /cluster/work/pausch/naveen/TWAS/expression/epi_h/filtered_signif.db, /cluster/work/pausch/naveen/TWAS/GWAS/additive/con/gwas.txt, /cluster/work/pausch/naveen/TWAS/expression/epi_h/covariances.txt.gz
    output: /cluster/work/pausch/naveen/TWAS/expression/SprediXcan/additive/con/epi_h/result.txt
    jobid: 141
    reason: Missing output files: /cluster/work/pausch/naveen/TWAS/expression/SprediXcan/additive/con/epi_h/result.txt
    wildcards: mpheno=expression, inheri=additive, trait=con, tissue=epi_h
    resources: tmpdir=/tmp, mem_mb=36000, mem_mib=34333, walltime=02:00

[Sun Mar 26 15:30:36 2023]
Finished job 141.
2 of 33 steps (6%) done
Select jobs to execute...

[Sun Mar 26 15:30:36 2023]
rule SPrediXcan:
    input: /cluster/work/pausch/naveen/TWAS/splicing/testis/filtered_signif.db, /cluster/work/pausch/naveen/TWAS/GWAS/additive/tail/gwas.txt, /cluster/work/pausch/naveen/TWAS/splicing/testis/covariances.txt.gz
    output: /cluster/work/pausch/naveen/TWAS/splicing/SprediXcan/additive/tail/testis/result.txt
    jobid: 279
    reason: Missing output files: /cluster/work/pausch/naveen/TWAS/splicing/SprediXcan/additive/tail/testis/result.txt
    wildcards: mpheno=splicing, inheri=additive, trait=tail, tissue=testis
    resources: tmpdir=/tmp, mem_mb=36000, mem_mib=34333, walltime=02:00

[Sun Mar 26 15:36:44 2023]
Error in rule SPrediXcan:
    jobid: 279
    input: /cluster/work/pausch/naveen/TWAS/splicing/testis/filtered_signif.db, /cluster/work/pausch/naveen/TWAS/GWAS/additive/tail/gwas.txt, /cluster/work/pausch/naveen/TWAS/splicing/testis/covariances.txt.gz
    output: /cluster/work/pausch/naveen/TWAS/splicing/SprediXcan/additive/tail/testis/result.txt
    shell:
        
        /cluster/home/nkadri/TWAS/MetXcan/software/SPrediXcan.py          --model_db_path /cluster/work/pausch/naveen/TWAS/splicing/testis/filtered_signif.db         --covariance /cluster/work/pausch/naveen/TWAS/splicing/testis/covariances.txt.gz          --gwas_file /cluster/work/pausch/naveen/TWAS/GWAS/additive/tail/gwas.txt         --snp_column SNP         --effect_allele_column A2         --non_effect_allele_column A1         --beta_column BETA         --pvalue_column P         --output_file /cluster/work/pausch/naveen/TWAS/splicing/SprediXcan/additive/tail/testis/result.txt
        
        (one of the commands exited with non-zero exit code; note that snakemake uses bash strict mode!)

Shutting down, this might take some time.
Exiting because a job execution failed. Look above for error message
Complete log: .snakemake/log/2023-03-26T152707.213583.snakemake.log
