Building DAG of jobs...
Using shell: /cluster/apps/sfos/bin/bash
Provided cluster nodes: 5000
Job stats:
job           count    min threads    max threads
----------  -------  -------------  -------------
all               1              1              1
manhattan2       13              1              1
total            14              1              1

Select jobs to execute...

[Sun Apr 16 10:17:51 2023]
rule manhattan2:
    input: /cluster/work/pausch/naveen/TWAS/splicing/SprediXcan/nonadditive/cnt/result_with_cords.txt.gz, /cluster/work/pausch/xena/gwas/new/plots/cnt/forplot_chr1.txt.gz, /cluster/work/pausch/xena/gwas/new/plots/cnt/forplot_chr2.txt.gz, /cluster/work/pausch/xena/gwas/new/plots/cnt/forplot_chr3.txt.gz, /cluster/work/pausch/xena/gwas/new/plots/cnt/forplot_chr4.txt.gz, /cluster/work/pausch/xena/gwas/new/plots/cnt/forplot_chr5.txt.gz, /cluster/work/pausch/xena/gwas/new/plots/cnt/forplot_chr6.txt.gz, /cluster/work/pausch/xena/gwas/new/plots/cnt/forplot_chr7.txt.gz, /cluster/work/pausch/xena/gwas/new/plots/cnt/forplot_chr8.txt.gz, /cluster/work/pausch/xena/gwas/new/plots/cnt/forplot_chr9.txt.gz, /cluster/work/pausch/xena/gwas/new/plots/cnt/forplot_chr10.txt.gz, /cluster/work/pausch/xena/gwas/new/plots/cnt/forplot_chr11.txt.gz, /cluster/work/pausch/xena/gwas/new/plots/cnt/forplot_chr12.txt.gz, /cluster/work/pausch/xena/gwas/new/plots/cnt/forplot_chr13.txt.gz, /cluster/work/pausch/xena/gwas/new/plots/cnt/forplot_chr14.txt.gz, /cluster/work/pausch/xena/gwas/new/plots/cnt/forplot_chr15.txt.gz, /cluster/work/pausch/xena/gwas/new/plots/cnt/forplot_chr16.txt.gz, /cluster/work/pausch/xena/gwas/new/plots/cnt/forplot_chr17.txt.gz, /cluster/work/pausch/xena/gwas/new/plots/cnt/forplot_chr18.txt.gz, /cluster/work/pausch/xena/gwas/new/plots/cnt/forplot_chr19.txt.gz, /cluster/work/pausch/xena/gwas/new/plots/cnt/forplot_chr20.txt.gz, /cluster/work/pausch/xena/gwas/new/plots/cnt/forplot_chr21.txt.gz, /cluster/work/pausch/xena/gwas/new/plots/cnt/forplot_chr22.txt.gz, /cluster/work/pausch/xena/gwas/new/plots/cnt/forplot_chr23.txt.gz, /cluster/work/pausch/xena/gwas/new/plots/cnt/forplot_chr24.txt.gz, /cluster/work/pausch/xena/gwas/new/plots/cnt/forplot_chr25.txt.gz, /cluster/work/pausch/xena/gwas/new/plots/cnt/forplot_chr26.txt.gz, /cluster/work/pausch/xena/gwas/new/plots/cnt/forplot_chr27.txt.gz, /cluster/work/pausch/xena/gwas/new/plots/cnt/forplot_chr28.txt.gz, /cluster/work/pausch/xena/gwas/new/plots/cnt/forplot_chr29.txt.gz
    output: /cluster/work/pausch/naveen/TWAS/splicing/SprediXcan/nonadditive/cnt/manhattan_splicing_cnt_nonadditive.tiff
    jobid: 642
    reason: Missing output files: /cluster/work/pausch/naveen/TWAS/splicing/SprediXcan/nonadditive/cnt/manhattan_splicing_cnt_nonadditive.tiff
    wildcards: mpheno=splicing, inheri=nonadditive, trait=cnt
    resources: mem_mb=8000, mem_mib=7630, disk_mb=1000, disk_mib=954, tmpdir=<TBD>, walltime=01:00

Submitted job 642 with external jobid '257496503 logs/manhattan2/mpheno-splicing.inheri-nonadditive.trait-cnt.out'.

[Sun Apr 16 10:17:54 2023]
rule manhattan2:
    input: /cluster/work/pausch/naveen/TWAS/splicing/SprediXcan/additive/cnt/result_with_cords.txt.gz, /cluster/work/pausch/xena/gwas/new/plots/cnt/forplot_chr1.txt.gz, /cluster/work/pausch/xena/gwas/new/plots/cnt/forplot_chr2.txt.gz, /cluster/work/pausch/xena/gwas/new/plots/cnt/forplot_chr3.txt.gz, /cluster/work/pausch/xena/gwas/new/plots/cnt/forplot_chr4.txt.gz, /cluster/work/pausch/xena/gwas/new/plots/cnt/forplot_chr5.txt.gz, /cluster/work/pausch/xena/gwas/new/plots/cnt/forplot_chr6.txt.gz, /cluster/work/pausch/xena/gwas/new/plots/cnt/forplot_chr7.txt.gz, /cluster/work/pausch/xena/gwas/new/plots/cnt/forplot_chr8.txt.gz, /cluster/work/pausch/xena/gwas/new/plots/cnt/forplot_chr9.txt.gz, /cluster/work/pausch/xena/gwas/new/plots/cnt/forplot_chr10.txt.gz, /cluster/work/pausch/xena/gwas/new/plots/cnt/forplot_chr11.txt.gz, /cluster/work/pausch/xena/gwas/new/plots/cnt/forplot_chr12.txt.gz, /cluster/work/pausch/xena/gwas/new/plots/cnt/forplot_chr13.txt.gz, /cluster/work/pausch/xena/gwas/new/plots/cnt/forplot_chr14.txt.gz, /cluster/work/pausch/xena/gwas/new/plots/cnt/forplot_chr15.txt.gz, /cluster/work/pausch/xena/gwas/new/plots/cnt/forplot_chr16.txt.gz, /cluster/work/pausch/xena/gwas/new/plots/cnt/forplot_chr17.txt.gz, /cluster/work/pausch/xena/gwas/new/plots/cnt/forplot_chr18.txt.gz, /cluster/work/pausch/xena/gwas/new/plots/cnt/forplot_chr19.txt.gz, /cluster/work/pausch/xena/gwas/new/plots/cnt/forplot_chr20.txt.gz, /cluster/work/pausch/xena/gwas/new/plots/cnt/forplot_chr21.txt.gz, /cluster/work/pausch/xena/gwas/new/plots/cnt/forplot_chr22.txt.gz, /cluster/work/pausch/xena/gwas/new/plots/cnt/forplot_chr23.txt.gz, /cluster/work/pausch/xena/gwas/new/plots/cnt/forplot_chr24.txt.gz, /cluster/work/pausch/xena/gwas/new/plots/cnt/forplot_chr25.txt.gz, /cluster/work/pausch/xena/gwas/new/plots/cnt/forplot_chr26.txt.gz, /cluster/work/pausch/xena/gwas/new/plots/cnt/forplot_chr27.txt.gz, /cluster/work/pausch/xena/gwas/new/plots/cnt/forplot_chr28.txt.gz, /cluster/work/pausch/xena/gwas/new/plots/cnt/forplot_chr29.txt.gz
    output: /cluster/work/pausch/naveen/TWAS/splicing/SprediXcan/additive/cnt/manhattan_splicing_cnt_additive.tiff
    jobid: 641
    reason: Missing output files: /cluster/work/pausch/naveen/TWAS/splicing/SprediXcan/additive/cnt/manhattan_splicing_cnt_additive.tiff
    wildcards: mpheno=splicing, inheri=additive, trait=cnt
    resources: mem_mb=8000, mem_mib=7630, disk_mb=1000, disk_mib=954, tmpdir=<TBD>, walltime=01:00

Submitted job 641 with external jobid '257496504 logs/manhattan2/mpheno-splicing.inheri-additive.trait-cnt.out'.

[Sun Apr 16 10:17:54 2023]
rule manhattan2:
    input: /cluster/work/pausch/naveen/TWAS/expression/SprediXcan/additive/cnt/result_with_cords.txt.gz, /cluster/work/pausch/xena/gwas/new/plots/cnt/forplot_chr1.txt.gz, /cluster/work/pausch/xena/gwas/new/plots/cnt/forplot_chr2.txt.gz, /cluster/work/pausch/xena/gwas/new/plots/cnt/forplot_chr3.txt.gz, /cluster/work/pausch/xena/gwas/new/plots/cnt/forplot_chr4.txt.gz, /cluster/work/pausch/xena/gwas/new/plots/cnt/forplot_chr5.txt.gz, /cluster/work/pausch/xena/gwas/new/plots/cnt/forplot_chr6.txt.gz, /cluster/work/pausch/xena/gwas/new/plots/cnt/forplot_chr7.txt.gz, /cluster/work/pausch/xena/gwas/new/plots/cnt/forplot_chr8.txt.gz, /cluster/work/pausch/xena/gwas/new/plots/cnt/forplot_chr9.txt.gz, /cluster/work/pausch/xena/gwas/new/plots/cnt/forplot_chr10.txt.gz, /cluster/work/pausch/xena/gwas/new/plots/cnt/forplot_chr11.txt.gz, /cluster/work/pausch/xena/gwas/new/plots/cnt/forplot_chr12.txt.gz, /cluster/work/pausch/xena/gwas/new/plots/cnt/forplot_chr13.txt.gz, /cluster/work/pausch/xena/gwas/new/plots/cnt/forplot_chr14.txt.gz, /cluster/work/pausch/xena/gwas/new/plots/cnt/forplot_chr15.txt.gz, /cluster/work/pausch/xena/gwas/new/plots/cnt/forplot_chr16.txt.gz, /cluster/work/pausch/xena/gwas/new/plots/cnt/forplot_chr17.txt.gz, /cluster/work/pausch/xena/gwas/new/plots/cnt/forplot_chr18.txt.gz, /cluster/work/pausch/xena/gwas/new/plots/cnt/forplot_chr19.txt.gz, /cluster/work/pausch/xena/gwas/new/plots/cnt/forplot_chr20.txt.gz, /cluster/work/pausch/xena/gwas/new/plots/cnt/forplot_chr21.txt.gz, /cluster/work/pausch/xena/gwas/new/plots/cnt/forplot_chr22.txt.gz, /cluster/work/pausch/xena/gwas/new/plots/cnt/forplot_chr23.txt.gz, /cluster/work/pausch/xena/gwas/new/plots/cnt/forplot_chr24.txt.gz, /cluster/work/pausch/xena/gwas/new/plots/cnt/forplot_chr25.txt.gz, /cluster/work/pausch/xena/gwas/new/plots/cnt/forplot_chr26.txt.gz, /cluster/work/pausch/xena/gwas/new/plots/cnt/forplot_chr27.txt.gz, /cluster/work/pausch/xena/gwas/new/plots/cnt/forplot_chr28.txt.gz, /cluster/work/pausch/xena/gwas/new/plots/cnt/forplot_chr29.txt.gz
    output: /cluster/work/pausch/naveen/TWAS/expression/SprediXcan/additive/cnt/manhattan_expression_cnt_additive.tiff
    jobid: 625
    reason: Missing output files: /cluster/work/pausch/naveen/TWAS/expression/SprediXcan/additive/cnt/manhattan_expression_cnt_additive.tiff
    wildcards: mpheno=expression, inheri=additive, trait=cnt
    resources: mem_mb=8000, mem_mib=7630, disk_mb=1000, disk_mib=954, tmpdir=<TBD>, walltime=01:00

Submitted job 625 with external jobid '257496505 logs/manhattan2/mpheno-expression.inheri-additive.trait-cnt.out'.

[Sun Apr 16 10:17:55 2023]
rule manhattan2:
    input: /cluster/work/pausch/naveen/TWAS/splicing/SprediXcan/additive/vol/result_with_cords.txt.gz, /cluster/work/pausch/xena/gwas/new/plots/vol/forplot_chr1.txt.gz, /cluster/work/pausch/xena/gwas/new/plots/vol/forplot_chr2.txt.gz, /cluster/work/pausch/xena/gwas/new/plots/vol/forplot_chr3.txt.gz, /cluster/work/pausch/xena/gwas/new/plots/vol/forplot_chr4.txt.gz, /cluster/work/pausch/xena/gwas/new/plots/vol/forplot_chr5.txt.gz, /cluster/work/pausch/xena/gwas/new/plots/vol/forplot_chr6.txt.gz, /cluster/work/pausch/xena/gwas/new/plots/vol/forplot_chr7.txt.gz, /cluster/work/pausch/xena/gwas/new/plots/vol/forplot_chr8.txt.gz, /cluster/work/pausch/xena/gwas/new/plots/vol/forplot_chr9.txt.gz, /cluster/work/pausch/xena/gwas/new/plots/vol/forplot_chr10.txt.gz, /cluster/work/pausch/xena/gwas/new/plots/vol/forplot_chr11.txt.gz, /cluster/work/pausch/xena/gwas/new/plots/vol/forplot_chr12.txt.gz, /cluster/work/pausch/xena/gwas/new/plots/vol/forplot_chr13.txt.gz, /cluster/work/pausch/xena/gwas/new/plots/vol/forplot_chr14.txt.gz, /cluster/work/pausch/xena/gwas/new/plots/vol/forplot_chr15.txt.gz, /cluster/work/pausch/xena/gwas/new/plots/vol/forplot_chr16.txt.gz, /cluster/work/pausch/xena/gwas/new/plots/vol/forplot_chr17.txt.gz, /cluster/work/pausch/xena/gwas/new/plots/vol/forplot_chr18.txt.gz, /cluster/work/pausch/xena/gwas/new/plots/vol/forplot_chr19.txt.gz, /cluster/work/pausch/xena/gwas/new/plots/vol/forplot_chr20.txt.gz, /cluster/work/pausch/xena/gwas/new/plots/vol/forplot_chr21.txt.gz, /cluster/work/pausch/xena/gwas/new/plots/vol/forplot_chr22.txt.gz, /cluster/work/pausch/xena/gwas/new/plots/vol/forplot_chr23.txt.gz, /cluster/work/pausch/xena/gwas/new/plots/vol/forplot_chr24.txt.gz, /cluster/work/pausch/xena/gwas/new/plots/vol/forplot_chr25.txt.gz, /cluster/work/pausch/xena/gwas/new/plots/vol/forplot_chr26.txt.gz, /cluster/work/pausch/xena/gwas/new/plots/vol/forplot_chr27.txt.gz, /cluster/work/pausch/xena/gwas/new/plots/vol/forplot_chr28.txt.gz, /cluster/work/pausch/xena/gwas/new/plots/vol/forplot_chr29.txt.gz
    output: /cluster/work/pausch/naveen/TWAS/splicing/SprediXcan/additive/vol/manhattan_splicing_vol_additive.tiff
    jobid: 639
    reason: Missing output files: /cluster/work/pausch/naveen/TWAS/splicing/SprediXcan/additive/vol/manhattan_splicing_vol_additive.tiff
    wildcards: mpheno=splicing, inheri=additive, trait=vol
    resources: mem_mb=8000, mem_mib=7630, disk_mb=1000, disk_mib=954, tmpdir=<TBD>, walltime=01:00

Submitted job 639 with external jobid '257496506 logs/manhattan2/mpheno-splicing.inheri-additive.trait-vol.out'.

[Sun Apr 16 10:17:55 2023]
rule manhattan2:
    input: /cluster/work/pausch/naveen/TWAS/expression/SprediXcan/nonadditive/con/result_with_cords.txt.gz, /cluster/work/pausch/xena/gwas/new/plots/con/forplot_chr1.txt.gz, /cluster/work/pausch/xena/gwas/new/plots/con/forplot_chr2.txt.gz, /cluster/work/pausch/xena/gwas/new/plots/con/forplot_chr3.txt.gz, /cluster/work/pausch/xena/gwas/new/plots/con/forplot_chr4.txt.gz, /cluster/work/pausch/xena/gwas/new/plots/con/forplot_chr5.txt.gz, /cluster/work/pausch/xena/gwas/new/plots/con/forplot_chr6.txt.gz, /cluster/work/pausch/xena/gwas/new/plots/con/forplot_chr7.txt.gz, /cluster/work/pausch/xena/gwas/new/plots/con/forplot_chr8.txt.gz, /cluster/work/pausch/xena/gwas/new/plots/con/forplot_chr9.txt.gz, /cluster/work/pausch/xena/gwas/new/plots/con/forplot_chr10.txt.gz, /cluster/work/pausch/xena/gwas/new/plots/con/forplot_chr11.txt.gz, /cluster/work/pausch/xena/gwas/new/plots/con/forplot_chr12.txt.gz, /cluster/work/pausch/xena/gwas/new/plots/con/forplot_chr13.txt.gz, /cluster/work/pausch/xena/gwas/new/plots/con/forplot_chr14.txt.gz, /cluster/work/pausch/xena/gwas/new/plots/con/forplot_chr15.txt.gz, /cluster/work/pausch/xena/gwas/new/plots/con/forplot_chr16.txt.gz, /cluster/work/pausch/xena/gwas/new/plots/con/forplot_chr17.txt.gz, /cluster/work/pausch/xena/gwas/new/plots/con/forplot_chr18.txt.gz, /cluster/work/pausch/xena/gwas/new/plots/con/forplot_chr19.txt.gz, /cluster/work/pausch/xena/gwas/new/plots/con/forplot_chr20.txt.gz, /cluster/work/pausch/xena/gwas/new/plots/con/forplot_chr21.txt.gz, /cluster/work/pausch/xena/gwas/new/plots/con/forplot_chr22.txt.gz, /cluster/work/pausch/xena/gwas/new/plots/con/forplot_chr23.txt.gz, /cluster/work/pausch/xena/gwas/new/plots/con/forplot_chr24.txt.gz, /cluster/work/pausch/xena/gwas/new/plots/con/forplot_chr25.txt.gz, /cluster/work/pausch/xena/gwas/new/plots/con/forplot_chr26.txt.gz, /cluster/work/pausch/xena/gwas/new/plots/con/forplot_chr27.txt.gz, /cluster/work/pausch/xena/gwas/new/plots/con/forplot_chr28.txt.gz, /cluster/work/pausch/xena/gwas/new/plots/con/forplot_chr29.txt.gz
    output: /cluster/work/pausch/naveen/TWAS/expression/SprediXcan/nonadditive/con/manhattan_expression_con_nonadditive.tiff
    jobid: 628
    reason: Missing output files: /cluster/work/pausch/naveen/TWAS/expression/SprediXcan/nonadditive/con/manhattan_expression_con_nonadditive.tiff
    wildcards: mpheno=expression, inheri=nonadditive, trait=con
    resources: mem_mb=8000, mem_mib=7630, disk_mb=1000, disk_mib=954, tmpdir=<TBD>, walltime=01:00

Submitted job 628 with external jobid '257496507 logs/manhattan2/mpheno-expression.inheri-nonadditive.trait-con.out'.

[Sun Apr 16 10:17:56 2023]
rule manhattan2:
    input: /cluster/work/pausch/naveen/TWAS/expression/SprediXcan/additive/con/result_with_cords.txt.gz, /cluster/work/pausch/xena/gwas/new/plots/con/forplot_chr1.txt.gz, /cluster/work/pausch/xena/gwas/new/plots/con/forplot_chr2.txt.gz, /cluster/work/pausch/xena/gwas/new/plots/con/forplot_chr3.txt.gz, /cluster/work/pausch/xena/gwas/new/plots/con/forplot_chr4.txt.gz, /cluster/work/pausch/xena/gwas/new/plots/con/forplot_chr5.txt.gz, /cluster/work/pausch/xena/gwas/new/plots/con/forplot_chr6.txt.gz, /cluster/work/pausch/xena/gwas/new/plots/con/forplot_chr7.txt.gz, /cluster/work/pausch/xena/gwas/new/plots/con/forplot_chr8.txt.gz, /cluster/work/pausch/xena/gwas/new/plots/con/forplot_chr9.txt.gz, /cluster/work/pausch/xena/gwas/new/plots/con/forplot_chr10.txt.gz, /cluster/work/pausch/xena/gwas/new/plots/con/forplot_chr11.txt.gz, /cluster/work/pausch/xena/gwas/new/plots/con/forplot_chr12.txt.gz, /cluster/work/pausch/xena/gwas/new/plots/con/forplot_chr13.txt.gz, /cluster/work/pausch/xena/gwas/new/plots/con/forplot_chr14.txt.gz, /cluster/work/pausch/xena/gwas/new/plots/con/forplot_chr15.txt.gz, /cluster/work/pausch/xena/gwas/new/plots/con/forplot_chr16.txt.gz, /cluster/work/pausch/xena/gwas/new/plots/con/forplot_chr17.txt.gz, /cluster/work/pausch/xena/gwas/new/plots/con/forplot_chr18.txt.gz, /cluster/work/pausch/xena/gwas/new/plots/con/forplot_chr19.txt.gz, /cluster/work/pausch/xena/gwas/new/plots/con/forplot_chr20.txt.gz, /cluster/work/pausch/xena/gwas/new/plots/con/forplot_chr21.txt.gz, /cluster/work/pausch/xena/gwas/new/plots/con/forplot_chr22.txt.gz, /cluster/work/pausch/xena/gwas/new/plots/con/forplot_chr23.txt.gz, /cluster/work/pausch/xena/gwas/new/plots/con/forplot_chr24.txt.gz, /cluster/work/pausch/xena/gwas/new/plots/con/forplot_chr25.txt.gz, /cluster/work/pausch/xena/gwas/new/plots/con/forplot_chr26.txt.gz, /cluster/work/pausch/xena/gwas/new/plots/con/forplot_chr27.txt.gz, /cluster/work/pausch/xena/gwas/new/plots/con/forplot_chr28.txt.gz, /cluster/work/pausch/xena/gwas/new/plots/con/forplot_chr29.txt.gz
    output: /cluster/work/pausch/naveen/TWAS/expression/SprediXcan/additive/con/manhattan_expression_con_additive.tiff
    jobid: 627
    reason: Missing output files: /cluster/work/pausch/naveen/TWAS/expression/SprediXcan/additive/con/manhattan_expression_con_additive.tiff
    wildcards: mpheno=expression, inheri=additive, trait=con
    resources: mem_mb=8000, mem_mib=7630, disk_mb=1000, disk_mib=954, tmpdir=<TBD>, walltime=01:00

Submitted job 627 with external jobid '257496508 logs/manhattan2/mpheno-expression.inheri-additive.trait-con.out'.

[Sun Apr 16 10:17:56 2023]
rule manhattan2:
    input: /cluster/work/pausch/naveen/TWAS/splicing/SprediXcan/additive/con/result_with_cords.txt.gz, /cluster/work/pausch/xena/gwas/new/plots/con/forplot_chr1.txt.gz, /cluster/work/pausch/xena/gwas/new/plots/con/forplot_chr2.txt.gz, /cluster/work/pausch/xena/gwas/new/plots/con/forplot_chr3.txt.gz, /cluster/work/pausch/xena/gwas/new/plots/con/forplot_chr4.txt.gz, /cluster/work/pausch/xena/gwas/new/plots/con/forplot_chr5.txt.gz, /cluster/work/pausch/xena/gwas/new/plots/con/forplot_chr6.txt.gz, /cluster/work/pausch/xena/gwas/new/plots/con/forplot_chr7.txt.gz, /cluster/work/pausch/xena/gwas/new/plots/con/forplot_chr8.txt.gz, /cluster/work/pausch/xena/gwas/new/plots/con/forplot_chr9.txt.gz, /cluster/work/pausch/xena/gwas/new/plots/con/forplot_chr10.txt.gz, /cluster/work/pausch/xena/gwas/new/plots/con/forplot_chr11.txt.gz, /cluster/work/pausch/xena/gwas/new/plots/con/forplot_chr12.txt.gz, /cluster/work/pausch/xena/gwas/new/plots/con/forplot_chr13.txt.gz, /cluster/work/pausch/xena/gwas/new/plots/con/forplot_chr14.txt.gz, /cluster/work/pausch/xena/gwas/new/plots/con/forplot_chr15.txt.gz, /cluster/work/pausch/xena/gwas/new/plots/con/forplot_chr16.txt.gz, /cluster/work/pausch/xena/gwas/new/plots/con/forplot_chr17.txt.gz, /cluster/work/pausch/xena/gwas/new/plots/con/forplot_chr18.txt.gz, /cluster/work/pausch/xena/gwas/new/plots/con/forplot_chr19.txt.gz, /cluster/work/pausch/xena/gwas/new/plots/con/forplot_chr20.txt.gz, /cluster/work/pausch/xena/gwas/new/plots/con/forplot_chr21.txt.gz, /cluster/work/pausch/xena/gwas/new/plots/con/forplot_chr22.txt.gz, /cluster/work/pausch/xena/gwas/new/plots/con/forplot_chr23.txt.gz, /cluster/work/pausch/xena/gwas/new/plots/con/forplot_chr24.txt.gz, /cluster/work/pausch/xena/gwas/new/plots/con/forplot_chr25.txt.gz, /cluster/work/pausch/xena/gwas/new/plots/con/forplot_chr26.txt.gz, /cluster/work/pausch/xena/gwas/new/plots/con/forplot_chr27.txt.gz, /cluster/work/pausch/xena/gwas/new/plots/con/forplot_chr28.txt.gz, /cluster/work/pausch/xena/gwas/new/plots/con/forplot_chr29.txt.gz
    output: /cluster/work/pausch/naveen/TWAS/splicing/SprediXcan/additive/con/manhattan_splicing_con_additive.tiff
    jobid: 643
    reason: Missing output files: /cluster/work/pausch/naveen/TWAS/splicing/SprediXcan/additive/con/manhattan_splicing_con_additive.tiff
    wildcards: mpheno=splicing, inheri=additive, trait=con
    resources: mem_mb=8000, mem_mib=7630, disk_mb=1000, disk_mib=954, tmpdir=<TBD>, walltime=01:00

Submitted job 643 with external jobid '257496509 logs/manhattan2/mpheno-splicing.inheri-additive.trait-con.out'.

[Sun Apr 16 10:17:57 2023]
rule manhattan2:
    input: /cluster/work/pausch/naveen/TWAS/expression/SprediXcan/nonadditive/vol/result_with_cords.txt.gz, /cluster/work/pausch/xena/gwas/new/plots/vol/forplot_chr1.txt.gz, /cluster/work/pausch/xena/gwas/new/plots/vol/forplot_chr2.txt.gz, /cluster/work/pausch/xena/gwas/new/plots/vol/forplot_chr3.txt.gz, /cluster/work/pausch/xena/gwas/new/plots/vol/forplot_chr4.txt.gz, /cluster/work/pausch/xena/gwas/new/plots/vol/forplot_chr5.txt.gz, /cluster/work/pausch/xena/gwas/new/plots/vol/forplot_chr6.txt.gz, /cluster/work/pausch/xena/gwas/new/plots/vol/forplot_chr7.txt.gz, /cluster/work/pausch/xena/gwas/new/plots/vol/forplot_chr8.txt.gz, /cluster/work/pausch/xena/gwas/new/plots/vol/forplot_chr9.txt.gz, /cluster/work/pausch/xena/gwas/new/plots/vol/forplot_chr10.txt.gz, /cluster/work/pausch/xena/gwas/new/plots/vol/forplot_chr11.txt.gz, /cluster/work/pausch/xena/gwas/new/plots/vol/forplot_chr12.txt.gz, /cluster/work/pausch/xena/gwas/new/plots/vol/forplot_chr13.txt.gz, /cluster/work/pausch/xena/gwas/new/plots/vol/forplot_chr14.txt.gz, /cluster/work/pausch/xena/gwas/new/plots/vol/forplot_chr15.txt.gz, /cluster/work/pausch/xena/gwas/new/plots/vol/forplot_chr16.txt.gz, /cluster/work/pausch/xena/gwas/new/plots/vol/forplot_chr17.txt.gz, /cluster/work/pausch/xena/gwas/new/plots/vol/forplot_chr18.txt.gz, /cluster/work/pausch/xena/gwas/new/plots/vol/forplot_chr19.txt.gz, /cluster/work/pausch/xena/gwas/new/plots/vol/forplot_chr20.txt.gz, /cluster/work/pausch/xena/gwas/new/plots/vol/forplot_chr21.txt.gz, /cluster/work/pausch/xena/gwas/new/plots/vol/forplot_chr22.txt.gz, /cluster/work/pausch/xena/gwas/new/plots/vol/forplot_chr23.txt.gz, /cluster/work/pausch/xena/gwas/new/plots/vol/forplot_chr24.txt.gz, /cluster/work/pausch/xena/gwas/new/plots/vol/forplot_chr25.txt.gz, /cluster/work/pausch/xena/gwas/new/plots/vol/forplot_chr26.txt.gz, /cluster/work/pausch/xena/gwas/new/plots/vol/forplot_chr27.txt.gz, /cluster/work/pausch/xena/gwas/new/plots/vol/forplot_chr28.txt.gz, /cluster/work/pausch/xena/gwas/new/plots/vol/forplot_chr29.txt.gz
    output: /cluster/work/pausch/naveen/TWAS/expression/SprediXcan/nonadditive/vol/manhattan_expression_vol_nonadditive.tiff
    jobid: 624
    reason: Missing output files: /cluster/work/pausch/naveen/TWAS/expression/SprediXcan/nonadditive/vol/manhattan_expression_vol_nonadditive.tiff
    wildcards: mpheno=expression, inheri=nonadditive, trait=vol
    resources: mem_mb=8000, mem_mib=7630, disk_mb=1000, disk_mib=954, tmpdir=<TBD>, walltime=01:00

Submitted job 624 with external jobid '257496510 logs/manhattan2/mpheno-expression.inheri-nonadditive.trait-vol.out'.

[Sun Apr 16 10:17:58 2023]
rule manhattan2:
    input: /cluster/work/pausch/naveen/TWAS/expression/SprediXcan/additive/mot/result_with_cords.txt.gz, /cluster/work/pausch/xena/gwas/new/plots/mot/forplot_chr1.txt.gz, /cluster/work/pausch/xena/gwas/new/plots/mot/forplot_chr2.txt.gz, /cluster/work/pausch/xena/gwas/new/plots/mot/forplot_chr3.txt.gz, /cluster/work/pausch/xena/gwas/new/plots/mot/forplot_chr4.txt.gz, /cluster/work/pausch/xena/gwas/new/plots/mot/forplot_chr5.txt.gz, /cluster/work/pausch/xena/gwas/new/plots/mot/forplot_chr6.txt.gz, /cluster/work/pausch/xena/gwas/new/plots/mot/forplot_chr7.txt.gz, /cluster/work/pausch/xena/gwas/new/plots/mot/forplot_chr8.txt.gz, /cluster/work/pausch/xena/gwas/new/plots/mot/forplot_chr9.txt.gz, /cluster/work/pausch/xena/gwas/new/plots/mot/forplot_chr10.txt.gz, /cluster/work/pausch/xena/gwas/new/plots/mot/forplot_chr11.txt.gz, /cluster/work/pausch/xena/gwas/new/plots/mot/forplot_chr12.txt.gz, /cluster/work/pausch/xena/gwas/new/plots/mot/forplot_chr13.txt.gz, /cluster/work/pausch/xena/gwas/new/plots/mot/forplot_chr14.txt.gz, /cluster/work/pausch/xena/gwas/new/plots/mot/forplot_chr15.txt.gz, /cluster/work/pausch/xena/gwas/new/plots/mot/forplot_chr16.txt.gz, /cluster/work/pausch/xena/gwas/new/plots/mot/forplot_chr17.txt.gz, /cluster/work/pausch/xena/gwas/new/plots/mot/forplot_chr18.txt.gz, /cluster/work/pausch/xena/gwas/new/plots/mot/forplot_chr19.txt.gz, /cluster/work/pausch/xena/gwas/new/plots/mot/forplot_chr20.txt.gz, /cluster/work/pausch/xena/gwas/new/plots/mot/forplot_chr21.txt.gz, /cluster/work/pausch/xena/gwas/new/plots/mot/forplot_chr22.txt.gz, /cluster/work/pausch/xena/gwas/new/plots/mot/forplot_chr23.txt.gz, /cluster/work/pausch/xena/gwas/new/plots/mot/forplot_chr24.txt.gz, /cluster/work/pausch/xena/gwas/new/plots/mot/forplot_chr25.txt.gz, /cluster/work/pausch/xena/gwas/new/plots/mot/forplot_chr26.txt.gz, /cluster/work/pausch/xena/gwas/new/plots/mot/forplot_chr27.txt.gz, /cluster/work/pausch/xena/gwas/new/plots/mot/forplot_chr28.txt.gz, /cluster/work/pausch/xena/gwas/new/plots/mot/forplot_chr29.txt.gz
    output: /cluster/work/pausch/naveen/TWAS/expression/SprediXcan/additive/mot/manhattan_expression_mot_additive.tiff
    jobid: 629
    reason: Missing output files: /cluster/work/pausch/naveen/TWAS/expression/SprediXcan/additive/mot/manhattan_expression_mot_additive.tiff
    wildcards: mpheno=expression, inheri=additive, trait=mot
    resources: mem_mb=8000, mem_mib=7630, disk_mb=1000, disk_mib=954, tmpdir=<TBD>, walltime=01:00

Submitted job 629 with external jobid '257496511 logs/manhattan2/mpheno-expression.inheri-additive.trait-mot.out'.

[Sun Apr 16 10:17:58 2023]
rule manhattan2:
    input: /cluster/work/pausch/naveen/TWAS/expression/SprediXcan/nonadditive/cnt/result_with_cords.txt.gz, /cluster/work/pausch/xena/gwas/new/plots/cnt/forplot_chr1.txt.gz, /cluster/work/pausch/xena/gwas/new/plots/cnt/forplot_chr2.txt.gz, /cluster/work/pausch/xena/gwas/new/plots/cnt/forplot_chr3.txt.gz, /cluster/work/pausch/xena/gwas/new/plots/cnt/forplot_chr4.txt.gz, /cluster/work/pausch/xena/gwas/new/plots/cnt/forplot_chr5.txt.gz, /cluster/work/pausch/xena/gwas/new/plots/cnt/forplot_chr6.txt.gz, /cluster/work/pausch/xena/gwas/new/plots/cnt/forplot_chr7.txt.gz, /cluster/work/pausch/xena/gwas/new/plots/cnt/forplot_chr8.txt.gz, /cluster/work/pausch/xena/gwas/new/plots/cnt/forplot_chr9.txt.gz, /cluster/work/pausch/xena/gwas/new/plots/cnt/forplot_chr10.txt.gz, /cluster/work/pausch/xena/gwas/new/plots/cnt/forplot_chr11.txt.gz, /cluster/work/pausch/xena/gwas/new/plots/cnt/forplot_chr12.txt.gz, /cluster/work/pausch/xena/gwas/new/plots/cnt/forplot_chr13.txt.gz, /cluster/work/pausch/xena/gwas/new/plots/cnt/forplot_chr14.txt.gz, /cluster/work/pausch/xena/gwas/new/plots/cnt/forplot_chr15.txt.gz, /cluster/work/pausch/xena/gwas/new/plots/cnt/forplot_chr16.txt.gz, /cluster/work/pausch/xena/gwas/new/plots/cnt/forplot_chr17.txt.gz, /cluster/work/pausch/xena/gwas/new/plots/cnt/forplot_chr18.txt.gz, /cluster/work/pausch/xena/gwas/new/plots/cnt/forplot_chr19.txt.gz, /cluster/work/pausch/xena/gwas/new/plots/cnt/forplot_chr20.txt.gz, /cluster/work/pausch/xena/gwas/new/plots/cnt/forplot_chr21.txt.gz, /cluster/work/pausch/xena/gwas/new/plots/cnt/forplot_chr22.txt.gz, /cluster/work/pausch/xena/gwas/new/plots/cnt/forplot_chr23.txt.gz, /cluster/work/pausch/xena/gwas/new/plots/cnt/forplot_chr24.txt.gz, /cluster/work/pausch/xena/gwas/new/plots/cnt/forplot_chr25.txt.gz, /cluster/work/pausch/xena/gwas/new/plots/cnt/forplot_chr26.txt.gz, /cluster/work/pausch/xena/gwas/new/plots/cnt/forplot_chr27.txt.gz, /cluster/work/pausch/xena/gwas/new/plots/cnt/forplot_chr28.txt.gz, /cluster/work/pausch/xena/gwas/new/plots/cnt/forplot_chr29.txt.gz
    output: /cluster/work/pausch/naveen/TWAS/expression/SprediXcan/nonadditive/cnt/manhattan_expression_cnt_nonadditive.tiff
    jobid: 626
    reason: Missing output files: /cluster/work/pausch/naveen/TWAS/expression/SprediXcan/nonadditive/cnt/manhattan_expression_cnt_nonadditive.tiff
    wildcards: mpheno=expression, inheri=nonadditive, trait=cnt
    resources: mem_mb=8000, mem_mib=7630, disk_mb=1000, disk_mib=954, tmpdir=<TBD>, walltime=01:00

Submitted job 626 with external jobid '257496512 logs/manhattan2/mpheno-expression.inheri-nonadditive.trait-cnt.out'.

[Sun Apr 16 10:17:59 2023]
rule manhattan2:
    input: /cluster/work/pausch/naveen/TWAS/splicing/SprediXcan/nonadditive/con/result_with_cords.txt.gz, /cluster/work/pausch/xena/gwas/new/plots/con/forplot_chr1.txt.gz, /cluster/work/pausch/xena/gwas/new/plots/con/forplot_chr2.txt.gz, /cluster/work/pausch/xena/gwas/new/plots/con/forplot_chr3.txt.gz, /cluster/work/pausch/xena/gwas/new/plots/con/forplot_chr4.txt.gz, /cluster/work/pausch/xena/gwas/new/plots/con/forplot_chr5.txt.gz, /cluster/work/pausch/xena/gwas/new/plots/con/forplot_chr6.txt.gz, /cluster/work/pausch/xena/gwas/new/plots/con/forplot_chr7.txt.gz, /cluster/work/pausch/xena/gwas/new/plots/con/forplot_chr8.txt.gz, /cluster/work/pausch/xena/gwas/new/plots/con/forplot_chr9.txt.gz, /cluster/work/pausch/xena/gwas/new/plots/con/forplot_chr10.txt.gz, /cluster/work/pausch/xena/gwas/new/plots/con/forplot_chr11.txt.gz, /cluster/work/pausch/xena/gwas/new/plots/con/forplot_chr12.txt.gz, /cluster/work/pausch/xena/gwas/new/plots/con/forplot_chr13.txt.gz, /cluster/work/pausch/xena/gwas/new/plots/con/forplot_chr14.txt.gz, /cluster/work/pausch/xena/gwas/new/plots/con/forplot_chr15.txt.gz, /cluster/work/pausch/xena/gwas/new/plots/con/forplot_chr16.txt.gz, /cluster/work/pausch/xena/gwas/new/plots/con/forplot_chr17.txt.gz, /cluster/work/pausch/xena/gwas/new/plots/con/forplot_chr18.txt.gz, /cluster/work/pausch/xena/gwas/new/plots/con/forplot_chr19.txt.gz, /cluster/work/pausch/xena/gwas/new/plots/con/forplot_chr20.txt.gz, /cluster/work/pausch/xena/gwas/new/plots/con/forplot_chr21.txt.gz, /cluster/work/pausch/xena/gwas/new/plots/con/forplot_chr22.txt.gz, /cluster/work/pausch/xena/gwas/new/plots/con/forplot_chr23.txt.gz, /cluster/work/pausch/xena/gwas/new/plots/con/forplot_chr24.txt.gz, /cluster/work/pausch/xena/gwas/new/plots/con/forplot_chr25.txt.gz, /cluster/work/pausch/xena/gwas/new/plots/con/forplot_chr26.txt.gz, /cluster/work/pausch/xena/gwas/new/plots/con/forplot_chr27.txt.gz, /cluster/work/pausch/xena/gwas/new/plots/con/forplot_chr28.txt.gz, /cluster/work/pausch/xena/gwas/new/plots/con/forplot_chr29.txt.gz
    output: /cluster/work/pausch/naveen/TWAS/splicing/SprediXcan/nonadditive/con/manhattan_splicing_con_nonadditive.tiff
    jobid: 644
    reason: Missing output files: /cluster/work/pausch/naveen/TWAS/splicing/SprediXcan/nonadditive/con/manhattan_splicing_con_nonadditive.tiff
    wildcards: mpheno=splicing, inheri=nonadditive, trait=con
    resources: mem_mb=8000, mem_mib=7630, disk_mb=1000, disk_mib=954, tmpdir=<TBD>, walltime=01:00

Submitted job 644 with external jobid '257496513 logs/manhattan2/mpheno-splicing.inheri-nonadditive.trait-con.out'.

[Sun Apr 16 10:17:59 2023]
rule manhattan2:
    input: /cluster/work/pausch/naveen/TWAS/splicing/SprediXcan/nonadditive/vol/result_with_cords.txt.gz, /cluster/work/pausch/xena/gwas/new/plots/vol/forplot_chr1.txt.gz, /cluster/work/pausch/xena/gwas/new/plots/vol/forplot_chr2.txt.gz, /cluster/work/pausch/xena/gwas/new/plots/vol/forplot_chr3.txt.gz, /cluster/work/pausch/xena/gwas/new/plots/vol/forplot_chr4.txt.gz, /cluster/work/pausch/xena/gwas/new/plots/vol/forplot_chr5.txt.gz, /cluster/work/pausch/xena/gwas/new/plots/vol/forplot_chr6.txt.gz, /cluster/work/pausch/xena/gwas/new/plots/vol/forplot_chr7.txt.gz, /cluster/work/pausch/xena/gwas/new/plots/vol/forplot_chr8.txt.gz, /cluster/work/pausch/xena/gwas/new/plots/vol/forplot_chr9.txt.gz, /cluster/work/pausch/xena/gwas/new/plots/vol/forplot_chr10.txt.gz, /cluster/work/pausch/xena/gwas/new/plots/vol/forplot_chr11.txt.gz, /cluster/work/pausch/xena/gwas/new/plots/vol/forplot_chr12.txt.gz, /cluster/work/pausch/xena/gwas/new/plots/vol/forplot_chr13.txt.gz, /cluster/work/pausch/xena/gwas/new/plots/vol/forplot_chr14.txt.gz, /cluster/work/pausch/xena/gwas/new/plots/vol/forplot_chr15.txt.gz, /cluster/work/pausch/xena/gwas/new/plots/vol/forplot_chr16.txt.gz, /cluster/work/pausch/xena/gwas/new/plots/vol/forplot_chr17.txt.gz, /cluster/work/pausch/xena/gwas/new/plots/vol/forplot_chr18.txt.gz, /cluster/work/pausch/xena/gwas/new/plots/vol/forplot_chr19.txt.gz, /cluster/work/pausch/xena/gwas/new/plots/vol/forplot_chr20.txt.gz, /cluster/work/pausch/xena/gwas/new/plots/vol/forplot_chr21.txt.gz, /cluster/work/pausch/xena/gwas/new/plots/vol/forplot_chr22.txt.gz, /cluster/work/pausch/xena/gwas/new/plots/vol/forplot_chr23.txt.gz, /cluster/work/pausch/xena/gwas/new/plots/vol/forplot_chr24.txt.gz, /cluster/work/pausch/xena/gwas/new/plots/vol/forplot_chr25.txt.gz, /cluster/work/pausch/xena/gwas/new/plots/vol/forplot_chr26.txt.gz, /cluster/work/pausch/xena/gwas/new/plots/vol/forplot_chr27.txt.gz, /cluster/work/pausch/xena/gwas/new/plots/vol/forplot_chr28.txt.gz, /cluster/work/pausch/xena/gwas/new/plots/vol/forplot_chr29.txt.gz
    output: /cluster/work/pausch/naveen/TWAS/splicing/SprediXcan/nonadditive/vol/manhattan_splicing_vol_nonadditive.tiff
    jobid: 640
    reason: Missing output files: /cluster/work/pausch/naveen/TWAS/splicing/SprediXcan/nonadditive/vol/manhattan_splicing_vol_nonadditive.tiff
    wildcards: mpheno=splicing, inheri=nonadditive, trait=vol
    resources: mem_mb=8000, mem_mib=7630, disk_mb=1000, disk_mib=954, tmpdir=<TBD>, walltime=01:00

Submitted job 640 with external jobid '257496514 logs/manhattan2/mpheno-splicing.inheri-nonadditive.trait-vol.out'.

[Sun Apr 16 10:18:00 2023]
rule manhattan2:
    input: /cluster/work/pausch/naveen/TWAS/expression/SprediXcan/additive/vol/result_with_cords.txt.gz, /cluster/work/pausch/xena/gwas/new/plots/vol/forplot_chr1.txt.gz, /cluster/work/pausch/xena/gwas/new/plots/vol/forplot_chr2.txt.gz, /cluster/work/pausch/xena/gwas/new/plots/vol/forplot_chr3.txt.gz, /cluster/work/pausch/xena/gwas/new/plots/vol/forplot_chr4.txt.gz, /cluster/work/pausch/xena/gwas/new/plots/vol/forplot_chr5.txt.gz, /cluster/work/pausch/xena/gwas/new/plots/vol/forplot_chr6.txt.gz, /cluster/work/pausch/xena/gwas/new/plots/vol/forplot_chr7.txt.gz, /cluster/work/pausch/xena/gwas/new/plots/vol/forplot_chr8.txt.gz, /cluster/work/pausch/xena/gwas/new/plots/vol/forplot_chr9.txt.gz, /cluster/work/pausch/xena/gwas/new/plots/vol/forplot_chr10.txt.gz, /cluster/work/pausch/xena/gwas/new/plots/vol/forplot_chr11.txt.gz, /cluster/work/pausch/xena/gwas/new/plots/vol/forplot_chr12.txt.gz, /cluster/work/pausch/xena/gwas/new/plots/vol/forplot_chr13.txt.gz, /cluster/work/pausch/xena/gwas/new/plots/vol/forplot_chr14.txt.gz, /cluster/work/pausch/xena/gwas/new/plots/vol/forplot_chr15.txt.gz, /cluster/work/pausch/xena/gwas/new/plots/vol/forplot_chr16.txt.gz, /cluster/work/pausch/xena/gwas/new/plots/vol/forplot_chr17.txt.gz, /cluster/work/pausch/xena/gwas/new/plots/vol/forplot_chr18.txt.gz, /cluster/work/pausch/xena/gwas/new/plots/vol/forplot_chr19.txt.gz, /cluster/work/pausch/xena/gwas/new/plots/vol/forplot_chr20.txt.gz, /cluster/work/pausch/xena/gwas/new/plots/vol/forplot_chr21.txt.gz, /cluster/work/pausch/xena/gwas/new/plots/vol/forplot_chr22.txt.gz, /cluster/work/pausch/xena/gwas/new/plots/vol/forplot_chr23.txt.gz, /cluster/work/pausch/xena/gwas/new/plots/vol/forplot_chr24.txt.gz, /cluster/work/pausch/xena/gwas/new/plots/vol/forplot_chr25.txt.gz, /cluster/work/pausch/xena/gwas/new/plots/vol/forplot_chr26.txt.gz, /cluster/work/pausch/xena/gwas/new/plots/vol/forplot_chr27.txt.gz, /cluster/work/pausch/xena/gwas/new/plots/vol/forplot_chr28.txt.gz, /cluster/work/pausch/xena/gwas/new/plots/vol/forplot_chr29.txt.gz
    output: /cluster/work/pausch/naveen/TWAS/expression/SprediXcan/additive/vol/manhattan_expression_vol_additive.tiff
    jobid: 623
    reason: Missing output files: /cluster/work/pausch/naveen/TWAS/expression/SprediXcan/additive/vol/manhattan_expression_vol_additive.tiff
    wildcards: mpheno=expression, inheri=additive, trait=vol
    resources: mem_mb=8000, mem_mib=7630, disk_mb=1000, disk_mib=954, tmpdir=<TBD>, walltime=01:00

Submitted job 623 with external jobid '257496515 logs/manhattan2/mpheno-expression.inheri-additive.trait-vol.out'.
[Sun Apr 16 10:31:44 2023]
Finished job 644.
1 of 14 steps (7%) done
[Sun Apr 16 10:31:44 2023]
Finished job 640.
2 of 14 steps (14%) done
[Sun Apr 16 10:32:33 2023]
Finished job 628.
3 of 14 steps (21%) done
[Sun Apr 16 10:32:34 2023]
Finished job 624.
4 of 14 steps (29%) done
[Sun Apr 16 10:32:44 2023]
Finished job 626.
5 of 14 steps (36%) done
[Sun Apr 16 10:32:56 2023]
Finished job 642.
6 of 14 steps (43%) done
[Sun Apr 16 10:33:53 2023]
Finished job 623.
7 of 14 steps (50%) done
[Sun Apr 16 10:34:37 2023]
Finished job 643.
8 of 14 steps (57%) done
[Sun Apr 16 10:34:58 2023]
Finished job 627.
9 of 14 steps (64%) done
[Sun Apr 16 10:35:09 2023]
Finished job 625.
10 of 14 steps (71%) done
[Sun Apr 16 10:35:19 2023]
Finished job 639.
11 of 14 steps (79%) done
[Sun Apr 16 10:35:29 2023]
Finished job 641.
12 of 14 steps (86%) done
[Sun Apr 16 10:35:30 2023]
Finished job 629.
13 of 14 steps (93%) done
Select jobs to execute...

[Sun Apr 16 10:35:30 2023]
localrule all:
    input: /cluster/work/pausch/naveen/TWAS/expression/SprediXcan/additive/head/result_with_cords.txt.gz, /cluster/work/pausch/naveen/TWAS/expression/SprediXcan/additive/tail/result_with_cords.txt.gz, /cluster/work/pausch/naveen/TWAS/expression/SprediXcan/additive/vol/result_with_cords.txt.gz, /cluster/work/pausch/naveen/TWAS/expression/SprediXcan/additive/cnt/result_with_cords.txt.gz, /cluster/work/pausch/naveen/TWAS/expression/SprediXcan/additive/con/result_with_cords.txt.gz, /cluster/work/pausch/naveen/TWAS/expression/SprediXcan/additive/mot/result_with_cords.txt.gz, /cluster/work/pausch/naveen/TWAS/expression/SprediXcan/additive/ntar/result_with_cords.txt.gz, /cluster/work/pausch/naveen/TWAS/expression/SprediXcan/additive/fbkall/result_with_cords.txt.gz, /cluster/work/pausch/naveen/TWAS/expression/SprediXcan/nonadditive/head/result_with_cords.txt.gz, /cluster/work/pausch/naveen/TWAS/expression/SprediXcan/nonadditive/tail/result_with_cords.txt.gz, /cluster/work/pausch/naveen/TWAS/expression/SprediXcan/nonadditive/vol/result_with_cords.txt.gz, /cluster/work/pausch/naveen/TWAS/expression/SprediXcan/nonadditive/cnt/result_with_cords.txt.gz, /cluster/work/pausch/naveen/TWAS/expression/SprediXcan/nonadditive/con/result_with_cords.txt.gz, /cluster/work/pausch/naveen/TWAS/expression/SprediXcan/nonadditive/mot/result_with_cords.txt.gz, /cluster/work/pausch/naveen/TWAS/expression/SprediXcan/nonadditive/ntar/result_with_cords.txt.gz, /cluster/work/pausch/naveen/TWAS/expression/SprediXcan/nonadditive/fbkall/result_with_cords.txt.gz, /cluster/work/pausch/naveen/TWAS/splicing/SprediXcan/additive/head/result_with_cords.txt.gz, /cluster/work/pausch/naveen/TWAS/splicing/SprediXcan/additive/tail/result_with_cords.txt.gz, /cluster/work/pausch/naveen/TWAS/splicing/SprediXcan/additive/vol/result_with_cords.txt.gz, /cluster/work/pausch/naveen/TWAS/splicing/SprediXcan/additive/cnt/result_with_cords.txt.gz, /cluster/work/pausch/naveen/TWAS/splicing/SprediXcan/additive/con/result_with_cords.txt.gz, /cluster/work/pausch/naveen/TWAS/splicing/SprediXcan/additive/mot/result_with_cords.txt.gz, /cluster/work/pausch/naveen/TWAS/splicing/SprediXcan/additive/ntar/result_with_cords.txt.gz, /cluster/work/pausch/naveen/TWAS/splicing/SprediXcan/additive/fbkall/result_with_cords.txt.gz, /cluster/work/pausch/naveen/TWAS/splicing/SprediXcan/nonadditive/head/result_with_cords.txt.gz, /cluster/work/pausch/naveen/TWAS/splicing/SprediXcan/nonadditive/tail/result_with_cords.txt.gz, /cluster/work/pausch/naveen/TWAS/splicing/SprediXcan/nonadditive/vol/result_with_cords.txt.gz, /cluster/work/pausch/naveen/TWAS/splicing/SprediXcan/nonadditive/cnt/result_with_cords.txt.gz, /cluster/work/pausch/naveen/TWAS/splicing/SprediXcan/nonadditive/con/result_with_cords.txt.gz, /cluster/work/pausch/naveen/TWAS/splicing/SprediXcan/nonadditive/mot/result_with_cords.txt.gz, /cluster/work/pausch/naveen/TWAS/splicing/SprediXcan/nonadditive/ntar/result_with_cords.txt.gz, /cluster/work/pausch/naveen/TWAS/splicing/SprediXcan/nonadditive/fbkall/result_with_cords.txt.gz, /cluster/work/pausch/naveen/TWAS/expression/SprediXcan/additive/head/manhattan_expression_head_additive.tiff, /cluster/work/pausch/naveen/TWAS/expression/SprediXcan/nonadditive/head/manhattan_expression_head_nonadditive.tiff, /cluster/work/pausch/naveen/TWAS/expression/SprediXcan/additive/tail/manhattan_expression_tail_additive.tiff, /cluster/work/pausch/naveen/TWAS/expression/SprediXcan/nonadditive/tail/manhattan_expression_tail_nonadditive.tiff, /cluster/work/pausch/naveen/TWAS/expression/SprediXcan/additive/vol/manhattan_expression_vol_additive.tiff, /cluster/work/pausch/naveen/TWAS/expression/SprediXcan/nonadditive/vol/manhattan_expression_vol_nonadditive.tiff, /cluster/work/pausch/naveen/TWAS/expression/SprediXcan/additive/cnt/manhattan_expression_cnt_additive.tiff, /cluster/work/pausch/naveen/TWAS/expression/SprediXcan/nonadditive/cnt/manhattan_expression_cnt_nonadditive.tiff, /cluster/work/pausch/naveen/TWAS/expression/SprediXcan/additive/con/manhattan_expression_con_additive.tiff, /cluster/work/pausch/naveen/TWAS/expression/SprediXcan/nonadditive/con/manhattan_expression_con_nonadditive.tiff, /cluster/work/pausch/naveen/TWAS/expression/SprediXcan/additive/mot/manhattan_expression_mot_additive.tiff, /cluster/work/pausch/naveen/TWAS/expression/SprediXcan/nonadditive/mot/manhattan_expression_mot_nonadditive.tiff, /cluster/work/pausch/naveen/TWAS/expression/SprediXcan/additive/ntar/manhattan_expression_ntar_additive.tiff, /cluster/work/pausch/naveen/TWAS/expression/SprediXcan/nonadditive/ntar/manhattan_expression_ntar_nonadditive.tiff, /cluster/work/pausch/naveen/TWAS/expression/SprediXcan/additive/fbkall/manhattan_expression_fbkall_additive.tiff, /cluster/work/pausch/naveen/TWAS/expression/SprediXcan/nonadditive/fbkall/manhattan_expression_fbkall_nonadditive.tiff, /cluster/work/pausch/naveen/TWAS/splicing/SprediXcan/additive/head/manhattan_splicing_head_additive.tiff, /cluster/work/pausch/naveen/TWAS/splicing/SprediXcan/nonadditive/head/manhattan_splicing_head_nonadditive.tiff, /cluster/work/pausch/naveen/TWAS/splicing/SprediXcan/additive/tail/manhattan_splicing_tail_additive.tiff, /cluster/work/pausch/naveen/TWAS/splicing/SprediXcan/nonadditive/tail/manhattan_splicing_tail_nonadditive.tiff, /cluster/work/pausch/naveen/TWAS/splicing/SprediXcan/additive/vol/manhattan_splicing_vol_additive.tiff, /cluster/work/pausch/naveen/TWAS/splicing/SprediXcan/nonadditive/vol/manhattan_splicing_vol_nonadditive.tiff, /cluster/work/pausch/naveen/TWAS/splicing/SprediXcan/additive/cnt/manhattan_splicing_cnt_additive.tiff, /cluster/work/pausch/naveen/TWAS/splicing/SprediXcan/nonadditive/cnt/manhattan_splicing_cnt_nonadditive.tiff, /cluster/work/pausch/naveen/TWAS/splicing/SprediXcan/additive/con/manhattan_splicing_con_additive.tiff, /cluster/work/pausch/naveen/TWAS/splicing/SprediXcan/nonadditive/con/manhattan_splicing_con_nonadditive.tiff, /cluster/work/pausch/naveen/TWAS/splicing/SprediXcan/additive/mot/manhattan_splicing_mot_additive.tiff, /cluster/work/pausch/naveen/TWAS/splicing/SprediXcan/nonadditive/mot/manhattan_splicing_mot_nonadditive.tiff, /cluster/work/pausch/naveen/TWAS/splicing/SprediXcan/additive/ntar/manhattan_splicing_ntar_additive.tiff, /cluster/work/pausch/naveen/TWAS/splicing/SprediXcan/nonadditive/ntar/manhattan_splicing_ntar_nonadditive.tiff, /cluster/work/pausch/naveen/TWAS/splicing/SprediXcan/additive/fbkall/manhattan_splicing_fbkall_additive.tiff, /cluster/work/pausch/naveen/TWAS/splicing/SprediXcan/nonadditive/fbkall/manhattan_splicing_fbkall_nonadditive.tiff
    jobid: 0
    reason: Input files updated by another job: /cluster/work/pausch/naveen/TWAS/expression/SprediXcan/additive/con/manhattan_expression_con_additive.tiff, /cluster/work/pausch/naveen/TWAS/expression/SprediXcan/nonadditive/con/manhattan_expression_con_nonadditive.tiff, /cluster/work/pausch/naveen/TWAS/expression/SprediXcan/additive/mot/manhattan_expression_mot_additive.tiff, /cluster/work/pausch/naveen/TWAS/splicing/SprediXcan/additive/con/manhattan_splicing_con_additive.tiff, /cluster/work/pausch/naveen/TWAS/splicing/SprediXcan/nonadditive/con/manhattan_splicing_con_nonadditive.tiff, /cluster/work/pausch/naveen/TWAS/splicing/SprediXcan/additive/vol/manhattan_splicing_vol_additive.tiff, /cluster/work/pausch/naveen/TWAS/expression/SprediXcan/nonadditive/cnt/manhattan_expression_cnt_nonadditive.tiff, /cluster/work/pausch/naveen/TWAS/expression/SprediXcan/additive/vol/manhattan_expression_vol_additive.tiff, /cluster/work/pausch/naveen/TWAS/expression/SprediXcan/nonadditive/vol/manhattan_expression_vol_nonadditive.tiff, /cluster/work/pausch/naveen/TWAS/splicing/SprediXcan/nonadditive/vol/manhattan_splicing_vol_nonadditive.tiff, /cluster/work/pausch/naveen/TWAS/splicing/SprediXcan/nonadditive/cnt/manhattan_splicing_cnt_nonadditive.tiff, /cluster/work/pausch/naveen/TWAS/expression/SprediXcan/additive/cnt/manhattan_expression_cnt_additive.tiff, /cluster/work/pausch/naveen/TWAS/splicing/SprediXcan/additive/cnt/manhattan_splicing_cnt_additive.tiff
    resources: mem_mb=5213, mem_mib=4972, disk_mb=5213, disk_mib=4972, tmpdir=/tmp

[Sun Apr 16 10:35:30 2023]
Finished job 0.
14 of 14 steps (100%) done
Complete log: .snakemake/log/2023-04-16T101739.634919.snakemake.log
