Building DAG of jobs...
Using shell: /cluster/apps/sfos/bin/bash
Provided cores: 1 (use --cores to define parallelism)
Rules claiming more threads will be scaled down.
Job stats:
job           count    min threads    max threads
----------  -------  -------------  -------------
all               1              1              1
manhattan2       32              1              1
total            33              1              1

Select jobs to execute...

[Tue Apr 11 22:38:08 2023]
rule manhattan2:
    input: /cluster/work/pausch/naveen/TWAS/splicing/SprediXcan/additive/con/result_with_cords.txt.gz, /cluster/work/pausch/xena/gwas/new/plots/con/forplot_chr1.txt.gz, /cluster/work/pausch/xena/gwas/new/plots/con/forplot_chr2.txt.gz, /cluster/work/pausch/xena/gwas/new/plots/con/forplot_chr3.txt.gz, /cluster/work/pausch/xena/gwas/new/plots/con/forplot_chr4.txt.gz, /cluster/work/pausch/xena/gwas/new/plots/con/forplot_chr5.txt.gz, /cluster/work/pausch/xena/gwas/new/plots/con/forplot_chr6.txt.gz, /cluster/work/pausch/xena/gwas/new/plots/con/forplot_chr7.txt.gz, /cluster/work/pausch/xena/gwas/new/plots/con/forplot_chr8.txt.gz, /cluster/work/pausch/xena/gwas/new/plots/con/forplot_chr9.txt.gz, /cluster/work/pausch/xena/gwas/new/plots/con/forplot_chr10.txt.gz, /cluster/work/pausch/xena/gwas/new/plots/con/forplot_chr11.txt.gz, /cluster/work/pausch/xena/gwas/new/plots/con/forplot_chr12.txt.gz, /cluster/work/pausch/xena/gwas/new/plots/con/forplot_chr13.txt.gz, /cluster/work/pausch/xena/gwas/new/plots/con/forplot_chr14.txt.gz, /cluster/work/pausch/xena/gwas/new/plots/con/forplot_chr15.txt.gz, /cluster/work/pausch/xena/gwas/new/plots/con/forplot_chr16.txt.gz, /cluster/work/pausch/xena/gwas/new/plots/con/forplot_chr17.txt.gz, /cluster/work/pausch/xena/gwas/new/plots/con/forplot_chr18.txt.gz, /cluster/work/pausch/xena/gwas/new/plots/con/forplot_chr19.txt.gz, /cluster/work/pausch/xena/gwas/new/plots/con/forplot_chr20.txt.gz, /cluster/work/pausch/xena/gwas/new/plots/con/forplot_chr21.txt.gz, /cluster/work/pausch/xena/gwas/new/plots/con/forplot_chr22.txt.gz, /cluster/work/pausch/xena/gwas/new/plots/con/forplot_chr23.txt.gz, /cluster/work/pausch/xena/gwas/new/plots/con/forplot_chr24.txt.gz, /cluster/work/pausch/xena/gwas/new/plots/con/forplot_chr25.txt.gz, /cluster/work/pausch/xena/gwas/new/plots/con/forplot_chr26.txt.gz, /cluster/work/pausch/xena/gwas/new/plots/con/forplot_chr27.txt.gz, /cluster/work/pausch/xena/gwas/new/plots/con/forplot_chr28.txt.gz, /cluster/work/pausch/xena/gwas/new/plots/con/forplot_chr29.txt.gz
    output: /cluster/work/pausch/naveen/TWAS/splicing/SprediXcan/additive/con/manhattan_splicing_con_additive.tiff
    jobid: 739
    reason: Missing output files: /cluster/work/pausch/naveen/TWAS/splicing/SprediXcan/additive/con/manhattan_splicing_con_additive.tiff
    wildcards: mpheno=splicing, inheri=additive, trait=con
    resources: tmpdir=/tmp, mem_mb=8000, mem_mib=7630, walltime=01:00

[Tue Apr 11 22:40:54 2023]
Error in rule manhattan2:
    jobid: 739
    input: /cluster/work/pausch/naveen/TWAS/splicing/SprediXcan/additive/con/result_with_cords.txt.gz, /cluster/work/pausch/xena/gwas/new/plots/con/forplot_chr1.txt.gz, /cluster/work/pausch/xena/gwas/new/plots/con/forplot_chr2.txt.gz, /cluster/work/pausch/xena/gwas/new/plots/con/forplot_chr3.txt.gz, /cluster/work/pausch/xena/gwas/new/plots/con/forplot_chr4.txt.gz, /cluster/work/pausch/xena/gwas/new/plots/con/forplot_chr5.txt.gz, /cluster/work/pausch/xena/gwas/new/plots/con/forplot_chr6.txt.gz, /cluster/work/pausch/xena/gwas/new/plots/con/forplot_chr7.txt.gz, /cluster/work/pausch/xena/gwas/new/plots/con/forplot_chr8.txt.gz, /cluster/work/pausch/xena/gwas/new/plots/con/forplot_chr9.txt.gz, /cluster/work/pausch/xena/gwas/new/plots/con/forplot_chr10.txt.gz, /cluster/work/pausch/xena/gwas/new/plots/con/forplot_chr11.txt.gz, /cluster/work/pausch/xena/gwas/new/plots/con/forplot_chr12.txt.gz, /cluster/work/pausch/xena/gwas/new/plots/con/forplot_chr13.txt.gz, /cluster/work/pausch/xena/gwas/new/plots/con/forplot_chr14.txt.gz, /cluster/work/pausch/xena/gwas/new/plots/con/forplot_chr15.txt.gz, /cluster/work/pausch/xena/gwas/new/plots/con/forplot_chr16.txt.gz, /cluster/work/pausch/xena/gwas/new/plots/con/forplot_chr17.txt.gz, /cluster/work/pausch/xena/gwas/new/plots/con/forplot_chr18.txt.gz, /cluster/work/pausch/xena/gwas/new/plots/con/forplot_chr19.txt.gz, /cluster/work/pausch/xena/gwas/new/plots/con/forplot_chr20.txt.gz, /cluster/work/pausch/xena/gwas/new/plots/con/forplot_chr21.txt.gz, /cluster/work/pausch/xena/gwas/new/plots/con/forplot_chr22.txt.gz, /cluster/work/pausch/xena/gwas/new/plots/con/forplot_chr23.txt.gz, /cluster/work/pausch/xena/gwas/new/plots/con/forplot_chr24.txt.gz, /cluster/work/pausch/xena/gwas/new/plots/con/forplot_chr25.txt.gz, /cluster/work/pausch/xena/gwas/new/plots/con/forplot_chr26.txt.gz, /cluster/work/pausch/xena/gwas/new/plots/con/forplot_chr27.txt.gz, /cluster/work/pausch/xena/gwas/new/plots/con/forplot_chr28.txt.gz, /cluster/work/pausch/xena/gwas/new/plots/con/forplot_chr29.txt.gz
    output: /cluster/work/pausch/naveen/TWAS/splicing/SprediXcan/additive/con/manhattan_splicing_con_additive.tiff

Removing output files of failed job manhattan2 since they might be corrupted:
/cluster/work/pausch/naveen/TWAS/splicing/SprediXcan/additive/con/manhattan_splicing_con_additive.tiff
Shutting down, this might take some time.
Exiting because a job execution failed. Look above for error message
Complete log: .snakemake/log/2023-04-11T223801.616594.snakemake.log
