Building DAG of jobs...
Using shell: /cluster/apps/sfos/bin/bash
Provided cores: 1 (use --cores to define parallelism)
Rules claiming more threads will be scaled down.
Job stats:
job                count    min threads    max threads
---------------  -------  -------------  -------------
all                    1              1              1
combine_tissues       32              1              1
total                 33              1              1

Select jobs to execute...

[Tue Apr 11 15:31:15 2023]
rule combine_tissues:
    input: /cluster/work/pausch/naveen/TWAS/expression/SprediXcan/additive/con/testis/result_with_cords.txt.gz, /cluster/work/pausch/naveen/TWAS/expression/SprediXcan/additive/con/epi_h/result_with_cords.txt.gz, /cluster/work/pausch/naveen/TWAS/expression/SprediXcan/additive/con/vas_d/result_with_cords.txt.gz
    output: /cluster/work/pausch/naveen/TWAS/expression/SprediXcan/additive/con/result_with_cords.txt.gz
    jobid: 499
    reason: Missing output files: /cluster/work/pausch/naveen/TWAS/expression/SprediXcan/additive/con/result_with_cords.txt.gz
    wildcards: mpheno=expression, inheri=additive, trait=con
    resources: tmpdir=/tmp

[Tue Apr 11 15:31:18 2023]
Error in rule combine_tissues:
    jobid: 499
    input: /cluster/work/pausch/naveen/TWAS/expression/SprediXcan/additive/con/testis/result_with_cords.txt.gz, /cluster/work/pausch/naveen/TWAS/expression/SprediXcan/additive/con/epi_h/result_with_cords.txt.gz, /cluster/work/pausch/naveen/TWAS/expression/SprediXcan/additive/con/vas_d/result_with_cords.txt.gz
    output: /cluster/work/pausch/naveen/TWAS/expression/SprediXcan/additive/con/result_with_cords.txt.gz

Shutting down, this might take some time.
Exiting because a job execution failed. Look above for error message
Complete log: .snakemake/log/2023-04-11T153106.536706.snakemake.log
