Building DAG of jobs...
Using shell: /cluster/apps/sfos/bin/bash
Provided cluster nodes: 5000
Job stats:
job            count    min threads    max threads
-----------  -------  -------------  -------------
SPrediXcan        32              1              1
all                1              1              1
format_gwas        8              1              1
total             41              1              1

Select jobs to execute...

[Sun Mar 26 14:37:40 2023]
rule format_gwas:
    input: /cluster/work/pausch/xena/gwas/new/additive/tail/CHR1/result.mlma.gz, /cluster/work/pausch/xena/gwas/new/additive/tail/CHR2/result.mlma.gz, /cluster/work/pausch/xena/gwas/new/additive/tail/CHR3/result.mlma.gz, /cluster/work/pausch/xena/gwas/new/additive/tail/CHR4/result.mlma.gz, /cluster/work/pausch/xena/gwas/new/additive/tail/CHR5/result.mlma.gz, /cluster/work/pausch/xena/gwas/new/additive/tail/CHR6/result.mlma.gz, /cluster/work/pausch/xena/gwas/new/additive/tail/CHR7/result.mlma.gz, /cluster/work/pausch/xena/gwas/new/additive/tail/CHR8/result.mlma.gz, /cluster/work/pausch/xena/gwas/new/additive/tail/CHR9/result.mlma.gz, /cluster/work/pausch/xena/gwas/new/additive/tail/CHR10/result.mlma.gz, /cluster/work/pausch/xena/gwas/new/additive/tail/CHR11/result.mlma.gz, /cluster/work/pausch/xena/gwas/new/additive/tail/CHR12/result.mlma.gz, /cluster/work/pausch/xena/gwas/new/additive/tail/CHR13/result.mlma.gz, /cluster/work/pausch/xena/gwas/new/additive/tail/CHR14/result.mlma.gz, /cluster/work/pausch/xena/gwas/new/additive/tail/CHR15/result.mlma.gz, /cluster/work/pausch/xena/gwas/new/additive/tail/CHR16/result.mlma.gz, /cluster/work/pausch/xena/gwas/new/additive/tail/CHR17/result.mlma.gz, /cluster/work/pausch/xena/gwas/new/additive/tail/CHR18/result.mlma.gz, /cluster/work/pausch/xena/gwas/new/additive/tail/CHR19/result.mlma.gz, /cluster/work/pausch/xena/gwas/new/additive/tail/CHR20/result.mlma.gz, /cluster/work/pausch/xena/gwas/new/additive/tail/CHR21/result.mlma.gz, /cluster/work/pausch/xena/gwas/new/additive/tail/CHR22/result.mlma.gz, /cluster/work/pausch/xena/gwas/new/additive/tail/CHR23/result.mlma.gz, /cluster/work/pausch/xena/gwas/new/additive/tail/CHR24/result.mlma.gz, /cluster/work/pausch/xena/gwas/new/additive/tail/CHR25/result.mlma.gz, /cluster/work/pausch/xena/gwas/new/additive/tail/CHR26/result.mlma.gz, /cluster/work/pausch/xena/gwas/new/additive/tail/CHR27/result.mlma.gz, /cluster/work/pausch/xena/gwas/new/additive/tail/CHR28/result.mlma.gz, /cluster/work/pausch/xena/gwas/new/additive/tail/CHR29/result.mlma.gz
    output: /cluster/work/pausch/naveen/TWAS/GWAS/additive/tail/gwas.txt
    jobid: 131
    reason: Missing output files: /cluster/work/pausch/naveen/TWAS/GWAS/additive/tail/gwas.txt
    wildcards: inheri=additive, trait=tail
    resources: mem_mb=1000, mem_mib=954, disk_mb=1000, disk_mib=954, tmpdir=<TBD>

Submitted job 131 with external jobid '256697250 logs/format_gwas/inheri-additive.trait-tail.out'.

[Sun Mar 26 14:37:42 2023]
rule format_gwas:
    input: /cluster/work/pausch/xena/gwas/new/additive/vol/CHR1/result.mlma.gz, /cluster/work/pausch/xena/gwas/new/additive/vol/CHR2/result.mlma.gz, /cluster/work/pausch/xena/gwas/new/additive/vol/CHR3/result.mlma.gz, /cluster/work/pausch/xena/gwas/new/additive/vol/CHR4/result.mlma.gz, /cluster/work/pausch/xena/gwas/new/additive/vol/CHR5/result.mlma.gz, /cluster/work/pausch/xena/gwas/new/additive/vol/CHR6/result.mlma.gz, /cluster/work/pausch/xena/gwas/new/additive/vol/CHR7/result.mlma.gz, /cluster/work/pausch/xena/gwas/new/additive/vol/CHR8/result.mlma.gz, /cluster/work/pausch/xena/gwas/new/additive/vol/CHR9/result.mlma.gz, /cluster/work/pausch/xena/gwas/new/additive/vol/CHR10/result.mlma.gz, /cluster/work/pausch/xena/gwas/new/additive/vol/CHR11/result.mlma.gz, /cluster/work/pausch/xena/gwas/new/additive/vol/CHR12/result.mlma.gz, /cluster/work/pausch/xena/gwas/new/additive/vol/CHR13/result.mlma.gz, /cluster/work/pausch/xena/gwas/new/additive/vol/CHR14/result.mlma.gz, /cluster/work/pausch/xena/gwas/new/additive/vol/CHR15/result.mlma.gz, /cluster/work/pausch/xena/gwas/new/additive/vol/CHR16/result.mlma.gz, /cluster/work/pausch/xena/gwas/new/additive/vol/CHR17/result.mlma.gz, /cluster/work/pausch/xena/gwas/new/additive/vol/CHR18/result.mlma.gz, /cluster/work/pausch/xena/gwas/new/additive/vol/CHR19/result.mlma.gz, /cluster/work/pausch/xena/gwas/new/additive/vol/CHR20/result.mlma.gz, /cluster/work/pausch/xena/gwas/new/additive/vol/CHR21/result.mlma.gz, /cluster/work/pausch/xena/gwas/new/additive/vol/CHR22/result.mlma.gz, /cluster/work/pausch/xena/gwas/new/additive/vol/CHR23/result.mlma.gz, /cluster/work/pausch/xena/gwas/new/additive/vol/CHR24/result.mlma.gz, /cluster/work/pausch/xena/gwas/new/additive/vol/CHR25/result.mlma.gz, /cluster/work/pausch/xena/gwas/new/additive/vol/CHR26/result.mlma.gz, /cluster/work/pausch/xena/gwas/new/additive/vol/CHR27/result.mlma.gz, /cluster/work/pausch/xena/gwas/new/additive/vol/CHR28/result.mlma.gz, /cluster/work/pausch/xena/gwas/new/additive/vol/CHR29/result.mlma.gz
    output: /cluster/work/pausch/naveen/TWAS/GWAS/additive/vol/gwas.txt
    jobid: 134
    reason: Missing output files: /cluster/work/pausch/naveen/TWAS/GWAS/additive/vol/gwas.txt
    wildcards: inheri=additive, trait=vol
    resources: mem_mb=1000, mem_mib=954, disk_mb=1000, disk_mib=954, tmpdir=<TBD>

Submitted job 134 with external jobid '256697251 logs/format_gwas/inheri-additive.trait-vol.out'.

[Sun Mar 26 14:37:42 2023]
rule format_gwas:
    input: /cluster/work/pausch/xena/gwas/new/additive/head/CHR1/result.mlma.gz, /cluster/work/pausch/xena/gwas/new/additive/head/CHR2/result.mlma.gz, /cluster/work/pausch/xena/gwas/new/additive/head/CHR3/result.mlma.gz, /cluster/work/pausch/xena/gwas/new/additive/head/CHR4/result.mlma.gz, /cluster/work/pausch/xena/gwas/new/additive/head/CHR5/result.mlma.gz, /cluster/work/pausch/xena/gwas/new/additive/head/CHR6/result.mlma.gz, /cluster/work/pausch/xena/gwas/new/additive/head/CHR7/result.mlma.gz, /cluster/work/pausch/xena/gwas/new/additive/head/CHR8/result.mlma.gz, /cluster/work/pausch/xena/gwas/new/additive/head/CHR9/result.mlma.gz, /cluster/work/pausch/xena/gwas/new/additive/head/CHR10/result.mlma.gz, /cluster/work/pausch/xena/gwas/new/additive/head/CHR11/result.mlma.gz, /cluster/work/pausch/xena/gwas/new/additive/head/CHR12/result.mlma.gz, /cluster/work/pausch/xena/gwas/new/additive/head/CHR13/result.mlma.gz, /cluster/work/pausch/xena/gwas/new/additive/head/CHR14/result.mlma.gz, /cluster/work/pausch/xena/gwas/new/additive/head/CHR15/result.mlma.gz, /cluster/work/pausch/xena/gwas/new/additive/head/CHR16/result.mlma.gz, /cluster/work/pausch/xena/gwas/new/additive/head/CHR17/result.mlma.gz, /cluster/work/pausch/xena/gwas/new/additive/head/CHR18/result.mlma.gz, /cluster/work/pausch/xena/gwas/new/additive/head/CHR19/result.mlma.gz, /cluster/work/pausch/xena/gwas/new/additive/head/CHR20/result.mlma.gz, /cluster/work/pausch/xena/gwas/new/additive/head/CHR21/result.mlma.gz, /cluster/work/pausch/xena/gwas/new/additive/head/CHR22/result.mlma.gz, /cluster/work/pausch/xena/gwas/new/additive/head/CHR23/result.mlma.gz, /cluster/work/pausch/xena/gwas/new/additive/head/CHR24/result.mlma.gz, /cluster/work/pausch/xena/gwas/new/additive/head/CHR25/result.mlma.gz, /cluster/work/pausch/xena/gwas/new/additive/head/CHR26/result.mlma.gz, /cluster/work/pausch/xena/gwas/new/additive/head/CHR27/result.mlma.gz, /cluster/work/pausch/xena/gwas/new/additive/head/CHR28/result.mlma.gz, /cluster/work/pausch/xena/gwas/new/additive/head/CHR29/result.mlma.gz
    output: /cluster/work/pausch/naveen/TWAS/GWAS/additive/head/gwas.txt
    jobid: 64
    reason: Missing output files: /cluster/work/pausch/naveen/TWAS/GWAS/additive/head/gwas.txt
    wildcards: inheri=additive, trait=head
    resources: mem_mb=1000, mem_mib=954, disk_mb=1000, disk_mib=954, tmpdir=<TBD>

Submitted job 64 with external jobid '256697252 logs/format_gwas/inheri-additive.trait-head.out'.

[Sun Mar 26 14:37:43 2023]
rule format_gwas:
    input: /cluster/work/pausch/xena/gwas/new/additive/mot/CHR1/result.mlma.gz, /cluster/work/pausch/xena/gwas/new/additive/mot/CHR2/result.mlma.gz, /cluster/work/pausch/xena/gwas/new/additive/mot/CHR3/result.mlma.gz, /cluster/work/pausch/xena/gwas/new/additive/mot/CHR4/result.mlma.gz, /cluster/work/pausch/xena/gwas/new/additive/mot/CHR5/result.mlma.gz, /cluster/work/pausch/xena/gwas/new/additive/mot/CHR6/result.mlma.gz, /cluster/work/pausch/xena/gwas/new/additive/mot/CHR7/result.mlma.gz, /cluster/work/pausch/xena/gwas/new/additive/mot/CHR8/result.mlma.gz, /cluster/work/pausch/xena/gwas/new/additive/mot/CHR9/result.mlma.gz, /cluster/work/pausch/xena/gwas/new/additive/mot/CHR10/result.mlma.gz, /cluster/work/pausch/xena/gwas/new/additive/mot/CHR11/result.mlma.gz, /cluster/work/pausch/xena/gwas/new/additive/mot/CHR12/result.mlma.gz, /cluster/work/pausch/xena/gwas/new/additive/mot/CHR13/result.mlma.gz, /cluster/work/pausch/xena/gwas/new/additive/mot/CHR14/result.mlma.gz, /cluster/work/pausch/xena/gwas/new/additive/mot/CHR15/result.mlma.gz, /cluster/work/pausch/xena/gwas/new/additive/mot/CHR16/result.mlma.gz, /cluster/work/pausch/xena/gwas/new/additive/mot/CHR17/result.mlma.gz, /cluster/work/pausch/xena/gwas/new/additive/mot/CHR18/result.mlma.gz, /cluster/work/pausch/xena/gwas/new/additive/mot/CHR19/result.mlma.gz, /cluster/work/pausch/xena/gwas/new/additive/mot/CHR20/result.mlma.gz, /cluster/work/pausch/xena/gwas/new/additive/mot/CHR21/result.mlma.gz, /cluster/work/pausch/xena/gwas/new/additive/mot/CHR22/result.mlma.gz, /cluster/work/pausch/xena/gwas/new/additive/mot/CHR23/result.mlma.gz, /cluster/work/pausch/xena/gwas/new/additive/mot/CHR24/result.mlma.gz, /cluster/work/pausch/xena/gwas/new/additive/mot/CHR25/result.mlma.gz, /cluster/work/pausch/xena/gwas/new/additive/mot/CHR26/result.mlma.gz, /cluster/work/pausch/xena/gwas/new/additive/mot/CHR27/result.mlma.gz, /cluster/work/pausch/xena/gwas/new/additive/mot/CHR28/result.mlma.gz, /cluster/work/pausch/xena/gwas/new/additive/mot/CHR29/result.mlma.gz
    output: /cluster/work/pausch/naveen/TWAS/GWAS/additive/mot/gwas.txt
    jobid: 143
    reason: Missing output files: /cluster/work/pausch/naveen/TWAS/GWAS/additive/mot/gwas.txt
    wildcards: inheri=additive, trait=mot
    resources: mem_mb=1000, mem_mib=954, disk_mb=1000, disk_mib=954, tmpdir=<TBD>

Submitted job 143 with external jobid '256697253 logs/format_gwas/inheri-additive.trait-mot.out'.

[Sun Mar 26 14:37:44 2023]
rule format_gwas:
    input: /cluster/work/pausch/xena/gwas/new/additive/fbkall/CHR1/result.mlma.gz, /cluster/work/pausch/xena/gwas/new/additive/fbkall/CHR2/result.mlma.gz, /cluster/work/pausch/xena/gwas/new/additive/fbkall/CHR3/result.mlma.gz, /cluster/work/pausch/xena/gwas/new/additive/fbkall/CHR4/result.mlma.gz, /cluster/work/pausch/xena/gwas/new/additive/fbkall/CHR5/result.mlma.gz, /cluster/work/pausch/xena/gwas/new/additive/fbkall/CHR6/result.mlma.gz, /cluster/work/pausch/xena/gwas/new/additive/fbkall/CHR7/result.mlma.gz, /cluster/work/pausch/xena/gwas/new/additive/fbkall/CHR8/result.mlma.gz, /cluster/work/pausch/xena/gwas/new/additive/fbkall/CHR9/result.mlma.gz, /cluster/work/pausch/xena/gwas/new/additive/fbkall/CHR10/result.mlma.gz, /cluster/work/pausch/xena/gwas/new/additive/fbkall/CHR11/result.mlma.gz, /cluster/work/pausch/xena/gwas/new/additive/fbkall/CHR12/result.mlma.gz, /cluster/work/pausch/xena/gwas/new/additive/fbkall/CHR13/result.mlma.gz, /cluster/work/pausch/xena/gwas/new/additive/fbkall/CHR14/result.mlma.gz, /cluster/work/pausch/xena/gwas/new/additive/fbkall/CHR15/result.mlma.gz, /cluster/work/pausch/xena/gwas/new/additive/fbkall/CHR16/result.mlma.gz, /cluster/work/pausch/xena/gwas/new/additive/fbkall/CHR17/result.mlma.gz, /cluster/work/pausch/xena/gwas/new/additive/fbkall/CHR18/result.mlma.gz, /cluster/work/pausch/xena/gwas/new/additive/fbkall/CHR19/result.mlma.gz, /cluster/work/pausch/xena/gwas/new/additive/fbkall/CHR20/result.mlma.gz, /cluster/work/pausch/xena/gwas/new/additive/fbkall/CHR21/result.mlma.gz, /cluster/work/pausch/xena/gwas/new/additive/fbkall/CHR22/result.mlma.gz, /cluster/work/pausch/xena/gwas/new/additive/fbkall/CHR23/result.mlma.gz, /cluster/work/pausch/xena/gwas/new/additive/fbkall/CHR24/result.mlma.gz, /cluster/work/pausch/xena/gwas/new/additive/fbkall/CHR25/result.mlma.gz, /cluster/work/pausch/xena/gwas/new/additive/fbkall/CHR26/result.mlma.gz, /cluster/work/pausch/xena/gwas/new/additive/fbkall/CHR27/result.mlma.gz, /cluster/work/pausch/xena/gwas/new/additive/fbkall/CHR28/result.mlma.gz, /cluster/work/pausch/xena/gwas/new/additive/fbkall/CHR29/result.mlma.gz
    output: /cluster/work/pausch/naveen/TWAS/GWAS/additive/fbkall/gwas.txt
    jobid: 149
    reason: Missing output files: /cluster/work/pausch/naveen/TWAS/GWAS/additive/fbkall/gwas.txt
    wildcards: inheri=additive, trait=fbkall
    resources: mem_mb=1000, mem_mib=954, disk_mb=1000, disk_mib=954, tmpdir=<TBD>

Submitted job 149 with external jobid '256697254 logs/format_gwas/inheri-additive.trait-fbkall.out'.

[Sun Mar 26 14:37:45 2023]
rule format_gwas:
    input: /cluster/work/pausch/xena/gwas/new/additive/cnt/CHR1/result.mlma.gz, /cluster/work/pausch/xena/gwas/new/additive/cnt/CHR2/result.mlma.gz, /cluster/work/pausch/xena/gwas/new/additive/cnt/CHR3/result.mlma.gz, /cluster/work/pausch/xena/gwas/new/additive/cnt/CHR4/result.mlma.gz, /cluster/work/pausch/xena/gwas/new/additive/cnt/CHR5/result.mlma.gz, /cluster/work/pausch/xena/gwas/new/additive/cnt/CHR6/result.mlma.gz, /cluster/work/pausch/xena/gwas/new/additive/cnt/CHR7/result.mlma.gz, /cluster/work/pausch/xena/gwas/new/additive/cnt/CHR8/result.mlma.gz, /cluster/work/pausch/xena/gwas/new/additive/cnt/CHR9/result.mlma.gz, /cluster/work/pausch/xena/gwas/new/additive/cnt/CHR10/result.mlma.gz, /cluster/work/pausch/xena/gwas/new/additive/cnt/CHR11/result.mlma.gz, /cluster/work/pausch/xena/gwas/new/additive/cnt/CHR12/result.mlma.gz, /cluster/work/pausch/xena/gwas/new/additive/cnt/CHR13/result.mlma.gz, /cluster/work/pausch/xena/gwas/new/additive/cnt/CHR14/result.mlma.gz, /cluster/work/pausch/xena/gwas/new/additive/cnt/CHR15/result.mlma.gz, /cluster/work/pausch/xena/gwas/new/additive/cnt/CHR16/result.mlma.gz, /cluster/work/pausch/xena/gwas/new/additive/cnt/CHR17/result.mlma.gz, /cluster/work/pausch/xena/gwas/new/additive/cnt/CHR18/result.mlma.gz, /cluster/work/pausch/xena/gwas/new/additive/cnt/CHR19/result.mlma.gz, /cluster/work/pausch/xena/gwas/new/additive/cnt/CHR20/result.mlma.gz, /cluster/work/pausch/xena/gwas/new/additive/cnt/CHR21/result.mlma.gz, /cluster/work/pausch/xena/gwas/new/additive/cnt/CHR22/result.mlma.gz, /cluster/work/pausch/xena/gwas/new/additive/cnt/CHR23/result.mlma.gz, /cluster/work/pausch/xena/gwas/new/additive/cnt/CHR24/result.mlma.gz, /cluster/work/pausch/xena/gwas/new/additive/cnt/CHR25/result.mlma.gz, /cluster/work/pausch/xena/gwas/new/additive/cnt/CHR26/result.mlma.gz, /cluster/work/pausch/xena/gwas/new/additive/cnt/CHR27/result.mlma.gz, /cluster/work/pausch/xena/gwas/new/additive/cnt/CHR28/result.mlma.gz, /cluster/work/pausch/xena/gwas/new/additive/cnt/CHR29/result.mlma.gz
    output: /cluster/work/pausch/naveen/TWAS/GWAS/additive/cnt/gwas.txt
    jobid: 137
    reason: Missing output files: /cluster/work/pausch/naveen/TWAS/GWAS/additive/cnt/gwas.txt
    wildcards: inheri=additive, trait=cnt
    resources: mem_mb=1000, mem_mib=954, disk_mb=1000, disk_mib=954, tmpdir=<TBD>

Submitted job 137 with external jobid '256697255 logs/format_gwas/inheri-additive.trait-cnt.out'.

[Sun Mar 26 14:37:46 2023]
rule format_gwas:
    input: /cluster/work/pausch/xena/gwas/new/additive/con/CHR1/result.mlma.gz, /cluster/work/pausch/xena/gwas/new/additive/con/CHR2/result.mlma.gz, /cluster/work/pausch/xena/gwas/new/additive/con/CHR3/result.mlma.gz, /cluster/work/pausch/xena/gwas/new/additive/con/CHR4/result.mlma.gz, /cluster/work/pausch/xena/gwas/new/additive/con/CHR5/result.mlma.gz, /cluster/work/pausch/xena/gwas/new/additive/con/CHR6/result.mlma.gz, /cluster/work/pausch/xena/gwas/new/additive/con/CHR7/result.mlma.gz, /cluster/work/pausch/xena/gwas/new/additive/con/CHR8/result.mlma.gz, /cluster/work/pausch/xena/gwas/new/additive/con/CHR9/result.mlma.gz, /cluster/work/pausch/xena/gwas/new/additive/con/CHR10/result.mlma.gz, /cluster/work/pausch/xena/gwas/new/additive/con/CHR11/result.mlma.gz, /cluster/work/pausch/xena/gwas/new/additive/con/CHR12/result.mlma.gz, /cluster/work/pausch/xena/gwas/new/additive/con/CHR13/result.mlma.gz, /cluster/work/pausch/xena/gwas/new/additive/con/CHR14/result.mlma.gz, /cluster/work/pausch/xena/gwas/new/additive/con/CHR15/result.mlma.gz, /cluster/work/pausch/xena/gwas/new/additive/con/CHR16/result.mlma.gz, /cluster/work/pausch/xena/gwas/new/additive/con/CHR17/result.mlma.gz, /cluster/work/pausch/xena/gwas/new/additive/con/CHR18/result.mlma.gz, /cluster/work/pausch/xena/gwas/new/additive/con/CHR19/result.mlma.gz, /cluster/work/pausch/xena/gwas/new/additive/con/CHR20/result.mlma.gz, /cluster/work/pausch/xena/gwas/new/additive/con/CHR21/result.mlma.gz, /cluster/work/pausch/xena/gwas/new/additive/con/CHR22/result.mlma.gz, /cluster/work/pausch/xena/gwas/new/additive/con/CHR23/result.mlma.gz, /cluster/work/pausch/xena/gwas/new/additive/con/CHR24/result.mlma.gz, /cluster/work/pausch/xena/gwas/new/additive/con/CHR25/result.mlma.gz, /cluster/work/pausch/xena/gwas/new/additive/con/CHR26/result.mlma.gz, /cluster/work/pausch/xena/gwas/new/additive/con/CHR27/result.mlma.gz, /cluster/work/pausch/xena/gwas/new/additive/con/CHR28/result.mlma.gz, /cluster/work/pausch/xena/gwas/new/additive/con/CHR29/result.mlma.gz
    output: /cluster/work/pausch/naveen/TWAS/GWAS/additive/con/gwas.txt
    jobid: 140
    reason: Missing output files: /cluster/work/pausch/naveen/TWAS/GWAS/additive/con/gwas.txt
    wildcards: inheri=additive, trait=con
    resources: mem_mb=1000, mem_mib=954, disk_mb=1000, disk_mib=954, tmpdir=<TBD>

Submitted job 140 with external jobid '256697256 logs/format_gwas/inheri-additive.trait-con.out'.

[Sun Mar 26 14:37:46 2023]
rule format_gwas:
    input: /cluster/work/pausch/xena/gwas/new/additive/ntar/CHR1/result.mlma.gz, /cluster/work/pausch/xena/gwas/new/additive/ntar/CHR2/result.mlma.gz, /cluster/work/pausch/xena/gwas/new/additive/ntar/CHR3/result.mlma.gz, /cluster/work/pausch/xena/gwas/new/additive/ntar/CHR4/result.mlma.gz, /cluster/work/pausch/xena/gwas/new/additive/ntar/CHR5/result.mlma.gz, /cluster/work/pausch/xena/gwas/new/additive/ntar/CHR6/result.mlma.gz, /cluster/work/pausch/xena/gwas/new/additive/ntar/CHR7/result.mlma.gz, /cluster/work/pausch/xena/gwas/new/additive/ntar/CHR8/result.mlma.gz, /cluster/work/pausch/xena/gwas/new/additive/ntar/CHR9/result.mlma.gz, /cluster/work/pausch/xena/gwas/new/additive/ntar/CHR10/result.mlma.gz, /cluster/work/pausch/xena/gwas/new/additive/ntar/CHR11/result.mlma.gz, /cluster/work/pausch/xena/gwas/new/additive/ntar/CHR12/result.mlma.gz, /cluster/work/pausch/xena/gwas/new/additive/ntar/CHR13/result.mlma.gz, /cluster/work/pausch/xena/gwas/new/additive/ntar/CHR14/result.mlma.gz, /cluster/work/pausch/xena/gwas/new/additive/ntar/CHR15/result.mlma.gz, /cluster/work/pausch/xena/gwas/new/additive/ntar/CHR16/result.mlma.gz, /cluster/work/pausch/xena/gwas/new/additive/ntar/CHR17/result.mlma.gz, /cluster/work/pausch/xena/gwas/new/additive/ntar/CHR18/result.mlma.gz, /cluster/work/pausch/xena/gwas/new/additive/ntar/CHR19/result.mlma.gz, /cluster/work/pausch/xena/gwas/new/additive/ntar/CHR20/result.mlma.gz, /cluster/work/pausch/xena/gwas/new/additive/ntar/CHR21/result.mlma.gz, /cluster/work/pausch/xena/gwas/new/additive/ntar/CHR22/result.mlma.gz, /cluster/work/pausch/xena/gwas/new/additive/ntar/CHR23/result.mlma.gz, /cluster/work/pausch/xena/gwas/new/additive/ntar/CHR24/result.mlma.gz, /cluster/work/pausch/xena/gwas/new/additive/ntar/CHR25/result.mlma.gz, /cluster/work/pausch/xena/gwas/new/additive/ntar/CHR26/result.mlma.gz, /cluster/work/pausch/xena/gwas/new/additive/ntar/CHR27/result.mlma.gz, /cluster/work/pausch/xena/gwas/new/additive/ntar/CHR28/result.mlma.gz, /cluster/work/pausch/xena/gwas/new/additive/ntar/CHR29/result.mlma.gz
    output: /cluster/work/pausch/naveen/TWAS/GWAS/additive/ntar/gwas.txt
    jobid: 146
    reason: Missing output files: /cluster/work/pausch/naveen/TWAS/GWAS/additive/ntar/gwas.txt
    wildcards: inheri=additive, trait=ntar
    resources: mem_mb=1000, mem_mib=954, disk_mb=1000, disk_mib=954, tmpdir=<TBD>

Submitted job 146 with external jobid '256697257 logs/format_gwas/inheri-additive.trait-ntar.out'.
[Sun Mar 26 14:39:29 2023]
Finished job 131.
1 of 41 steps (2%) done
Select jobs to execute...

[Sun Mar 26 14:39:29 2023]
rule SPrediXcan:
    input: /cluster/work/pausch/naveen/TWAS/expression/epi_h/filtered_signif.db, /cluster/work/pausch/naveen/TWAS/GWAS/additive/tail/gwas.txt, /cluster/work/pausch/naveen/TWAS/expression/epi_h/covariances.txt.gz
    output: /cluster/work/pausch/naveen/TWAS/expression/SprediXcan/additive/tail/epi_h/result.txt
    jobid: 132
    reason: Missing output files: /cluster/work/pausch/naveen/TWAS/expression/SprediXcan/additive/tail/epi_h/result.txt; Input files updated by another job: /cluster/work/pausch/naveen/TWAS/GWAS/additive/tail/gwas.txt
    wildcards: mpheno=expression, inheri=additive, trait=tail, tissue=epi_h
    resources: mem_mb=36000, mem_mib=34333, disk_mb=2200, disk_mib=2099, tmpdir=<TBD>, walltime=02:00

Submitted job 132 with external jobid '256697258 logs/SPrediXcan/mpheno-expression.inheri-additive.trait-tail.tissue-epi_h.out'.

[Sun Mar 26 14:39:30 2023]
rule SPrediXcan:
    input: /cluster/work/pausch/naveen/TWAS/splicing/epi_h/filtered_signif.db, /cluster/work/pausch/naveen/TWAS/GWAS/additive/tail/gwas.txt, /cluster/work/pausch/naveen/TWAS/splicing/epi_h/covariances.txt.gz
    output: /cluster/work/pausch/naveen/TWAS/splicing/SprediXcan/additive/tail/epi_h/result.txt
    jobid: 280
    reason: Missing output files: /cluster/work/pausch/naveen/TWAS/splicing/SprediXcan/additive/tail/epi_h/result.txt; Input files updated by another job: /cluster/work/pausch/naveen/TWAS/GWAS/additive/tail/gwas.txt
    wildcards: mpheno=splicing, inheri=additive, trait=tail, tissue=epi_h
    resources: mem_mb=36000, mem_mib=34333, disk_mb=2789, disk_mib=2660, tmpdir=<TBD>, walltime=02:00

Submitted job 280 with external jobid '256697259 logs/SPrediXcan/mpheno-splicing.inheri-additive.trait-tail.tissue-epi_h.out'.

[Sun Mar 26 14:39:31 2023]
rule SPrediXcan:
    input: /cluster/work/pausch/naveen/TWAS/splicing/testis/filtered_signif.db, /cluster/work/pausch/naveen/TWAS/GWAS/additive/tail/gwas.txt, /cluster/work/pausch/naveen/TWAS/splicing/testis/covariances.txt.gz
    output: /cluster/work/pausch/naveen/TWAS/splicing/SprediXcan/additive/tail/testis/result.txt
    jobid: 279
    reason: Missing output files: /cluster/work/pausch/naveen/TWAS/splicing/SprediXcan/additive/tail/testis/result.txt; Input files updated by another job: /cluster/work/pausch/naveen/TWAS/GWAS/additive/tail/gwas.txt
    wildcards: mpheno=splicing, inheri=additive, trait=tail, tissue=testis
    resources: mem_mb=36000, mem_mib=34333, disk_mb=4043, disk_mib=3856, tmpdir=<TBD>, walltime=02:00

Submitted job 279 with external jobid '256697260 logs/SPrediXcan/mpheno-splicing.inheri-additive.trait-tail.tissue-testis.out'.

[Sun Mar 26 14:39:31 2023]
rule SPrediXcan:
    input: /cluster/work/pausch/naveen/TWAS/expression/testis/filtered_signif.db, /cluster/work/pausch/naveen/TWAS/GWAS/additive/tail/gwas.txt, /cluster/work/pausch/naveen/TWAS/expression/testis/covariances.txt.gz
    output: /cluster/work/pausch/naveen/TWAS/expression/SprediXcan/additive/tail/testis/result.txt
    jobid: 130
    reason: Missing output files: /cluster/work/pausch/naveen/TWAS/expression/SprediXcan/additive/tail/testis/result.txt; Input files updated by another job: /cluster/work/pausch/naveen/TWAS/GWAS/additive/tail/gwas.txt
    wildcards: mpheno=expression, inheri=additive, trait=tail, tissue=testis
    resources: mem_mb=36000, mem_mib=34333, disk_mb=2539, disk_mib=2422, tmpdir=<TBD>, walltime=02:00

Submitted job 130 with external jobid '256697261 logs/SPrediXcan/mpheno-expression.inheri-additive.trait-tail.tissue-testis.out'.
[Sun Mar 26 14:39:32 2023]
Finished job 140.
2 of 41 steps (5%) done
Select jobs to execute...

[Sun Mar 26 14:39:32 2023]
rule SPrediXcan:
    input: /cluster/work/pausch/naveen/TWAS/expression/testis/filtered_signif.db, /cluster/work/pausch/naveen/TWAS/GWAS/additive/con/gwas.txt, /cluster/work/pausch/naveen/TWAS/expression/testis/covariances.txt.gz
    output: /cluster/work/pausch/naveen/TWAS/expression/SprediXcan/additive/con/testis/result.txt
    jobid: 139
    reason: Missing output files: /cluster/work/pausch/naveen/TWAS/expression/SprediXcan/additive/con/testis/result.txt; Input files updated by another job: /cluster/work/pausch/naveen/TWAS/GWAS/additive/con/gwas.txt
    wildcards: mpheno=expression, inheri=additive, trait=con, tissue=testis
    resources: mem_mb=36000, mem_mib=34333, disk_mb=2404, disk_mib=2293, tmpdir=<TBD>, walltime=02:00

Submitted job 139 with external jobid '256697262 logs/SPrediXcan/mpheno-expression.inheri-additive.trait-con.tissue-testis.out'.

[Sun Mar 26 14:39:33 2023]
rule SPrediXcan:
    input: /cluster/work/pausch/naveen/TWAS/expression/epi_h/filtered_signif.db, /cluster/work/pausch/naveen/TWAS/GWAS/additive/con/gwas.txt, /cluster/work/pausch/naveen/TWAS/expression/epi_h/covariances.txt.gz
    output: /cluster/work/pausch/naveen/TWAS/expression/SprediXcan/additive/con/epi_h/result.txt
    jobid: 141
    reason: Missing output files: /cluster/work/pausch/naveen/TWAS/expression/SprediXcan/additive/con/epi_h/result.txt; Input files updated by another job: /cluster/work/pausch/naveen/TWAS/GWAS/additive/con/gwas.txt
    wildcards: mpheno=expression, inheri=additive, trait=con, tissue=epi_h
    resources: mem_mb=36000, mem_mib=34333, disk_mb=2065, disk_mib=1970, tmpdir=<TBD>, walltime=02:00

Submitted job 141 with external jobid '256697263 logs/SPrediXcan/mpheno-expression.inheri-additive.trait-con.tissue-epi_h.out'.

[Sun Mar 26 14:39:33 2023]
rule SPrediXcan:
    input: /cluster/work/pausch/naveen/TWAS/splicing/testis/filtered_signif.db, /cluster/work/pausch/naveen/TWAS/GWAS/additive/con/gwas.txt, /cluster/work/pausch/naveen/TWAS/splicing/testis/covariances.txt.gz
    output: /cluster/work/pausch/naveen/TWAS/splicing/SprediXcan/additive/con/testis/result.txt
    jobid: 285
    reason: Missing output files: /cluster/work/pausch/naveen/TWAS/splicing/SprediXcan/additive/con/testis/result.txt; Input files updated by another job: /cluster/work/pausch/naveen/TWAS/GWAS/additive/con/gwas.txt
    wildcards: mpheno=splicing, inheri=additive, trait=con, tissue=testis
    resources: mem_mb=36000, mem_mib=34333, disk_mb=3909, disk_mib=3728, tmpdir=<TBD>, walltime=02:00

Submitted job 285 with external jobid '256697264 logs/SPrediXcan/mpheno-splicing.inheri-additive.trait-con.tissue-testis.out'.

[Sun Mar 26 14:39:34 2023]
rule SPrediXcan:
    input: /cluster/work/pausch/naveen/TWAS/splicing/epi_h/filtered_signif.db, /cluster/work/pausch/naveen/TWAS/GWAS/additive/con/gwas.txt, /cluster/work/pausch/naveen/TWAS/splicing/epi_h/covariances.txt.gz
    output: /cluster/work/pausch/naveen/TWAS/splicing/SprediXcan/additive/con/epi_h/result.txt
    jobid: 286
    reason: Missing output files: /cluster/work/pausch/naveen/TWAS/splicing/SprediXcan/additive/con/epi_h/result.txt; Input files updated by another job: /cluster/work/pausch/naveen/TWAS/GWAS/additive/con/gwas.txt
    wildcards: mpheno=splicing, inheri=additive, trait=con, tissue=epi_h
    resources: mem_mb=36000, mem_mib=34333, disk_mb=2654, disk_mib=2532, tmpdir=<TBD>, walltime=02:00

Submitted job 286 with external jobid '256697265 logs/SPrediXcan/mpheno-splicing.inheri-additive.trait-con.tissue-epi_h.out'.
[Sun Mar 26 14:39:41 2023]
Finished job 134.
3 of 41 steps (7%) done
Select jobs to execute...

[Sun Mar 26 14:39:41 2023]
rule SPrediXcan:
    input: /cluster/work/pausch/naveen/TWAS/splicing/testis/filtered_signif.db, /cluster/work/pausch/naveen/TWAS/GWAS/additive/vol/gwas.txt, /cluster/work/pausch/naveen/TWAS/splicing/testis/covariances.txt.gz
    output: /cluster/work/pausch/naveen/TWAS/splicing/SprediXcan/additive/vol/testis/result.txt
    jobid: 281
    reason: Missing output files: /cluster/work/pausch/naveen/TWAS/splicing/SprediXcan/additive/vol/testis/result.txt; Input files updated by another job: /cluster/work/pausch/naveen/TWAS/GWAS/additive/vol/gwas.txt
    wildcards: mpheno=splicing, inheri=additive, trait=vol, tissue=testis
    resources: mem_mb=36000, mem_mib=34333, disk_mb=4019, disk_mib=3833, tmpdir=<TBD>, walltime=02:00

Submitted job 281 with external jobid '256697268 logs/SPrediXcan/mpheno-splicing.inheri-additive.trait-vol.tissue-testis.out'.

[Sun Mar 26 14:39:41 2023]
rule SPrediXcan:
    input: /cluster/work/pausch/naveen/TWAS/expression/testis/filtered_signif.db, /cluster/work/pausch/naveen/TWAS/GWAS/additive/vol/gwas.txt, /cluster/work/pausch/naveen/TWAS/expression/testis/covariances.txt.gz
    output: /cluster/work/pausch/naveen/TWAS/expression/SprediXcan/additive/vol/testis/result.txt
    jobid: 133
    reason: Missing output files: /cluster/work/pausch/naveen/TWAS/expression/SprediXcan/additive/vol/testis/result.txt; Input files updated by another job: /cluster/work/pausch/naveen/TWAS/GWAS/additive/vol/gwas.txt
    wildcards: mpheno=expression, inheri=additive, trait=vol, tissue=testis
    resources: mem_mb=36000, mem_mib=34333, disk_mb=2514, disk_mib=2398, tmpdir=<TBD>, walltime=02:00

Submitted job 133 with external jobid '256697270 logs/SPrediXcan/mpheno-expression.inheri-additive.trait-vol.tissue-testis.out'.

[Sun Mar 26 14:39:42 2023]
rule SPrediXcan:
    input: /cluster/work/pausch/naveen/TWAS/splicing/epi_h/filtered_signif.db, /cluster/work/pausch/naveen/TWAS/GWAS/additive/vol/gwas.txt, /cluster/work/pausch/naveen/TWAS/splicing/epi_h/covariances.txt.gz
    output: /cluster/work/pausch/naveen/TWAS/splicing/SprediXcan/additive/vol/epi_h/result.txt
    jobid: 282
    reason: Missing output files: /cluster/work/pausch/naveen/TWAS/splicing/SprediXcan/additive/vol/epi_h/result.txt; Input files updated by another job: /cluster/work/pausch/naveen/TWAS/GWAS/additive/vol/gwas.txt
    wildcards: mpheno=splicing, inheri=additive, trait=vol, tissue=epi_h
    resources: mem_mb=36000, mem_mib=34333, disk_mb=2765, disk_mib=2637, tmpdir=<TBD>, walltime=02:00

Submitted job 282 with external jobid '256697272 logs/SPrediXcan/mpheno-splicing.inheri-additive.trait-vol.tissue-epi_h.out'.

[Sun Mar 26 14:39:43 2023]
rule SPrediXcan:
    input: /cluster/work/pausch/naveen/TWAS/expression/epi_h/filtered_signif.db, /cluster/work/pausch/naveen/TWAS/GWAS/additive/vol/gwas.txt, /cluster/work/pausch/naveen/TWAS/expression/epi_h/covariances.txt.gz
    output: /cluster/work/pausch/naveen/TWAS/expression/SprediXcan/additive/vol/epi_h/result.txt
    jobid: 135
    reason: Missing output files: /cluster/work/pausch/naveen/TWAS/expression/SprediXcan/additive/vol/epi_h/result.txt; Input files updated by another job: /cluster/work/pausch/naveen/TWAS/GWAS/additive/vol/gwas.txt
    wildcards: mpheno=expression, inheri=additive, trait=vol, tissue=epi_h
    resources: mem_mb=36000, mem_mib=34333, disk_mb=2175, disk_mib=2075, tmpdir=<TBD>, walltime=02:00

Submitted job 135 with external jobid '256697274 logs/SPrediXcan/mpheno-expression.inheri-additive.trait-vol.tissue-epi_h.out'.
[Sun Mar 26 14:39:43 2023]
Finished job 64.
4 of 41 steps (10%) done
[Sun Mar 26 14:39:43 2023]
Finished job 143.
5 of 41 steps (12%) done
[Sun Mar 26 14:39:43 2023]
Finished job 149.
6 of 41 steps (15%) done
[Sun Mar 26 14:39:43 2023]
Finished job 137.
7 of 41 steps (17%) done
[Sun Mar 26 14:39:43 2023]
Finished job 146.
8 of 41 steps (20%) done
Select jobs to execute...

[Sun Mar 26 14:39:43 2023]
rule SPrediXcan:
    input: /cluster/work/pausch/naveen/TWAS/splicing/testis/filtered_signif.db, /cluster/work/pausch/naveen/TWAS/GWAS/additive/head/gwas.txt, /cluster/work/pausch/naveen/TWAS/splicing/testis/covariances.txt.gz
    output: /cluster/work/pausch/naveen/TWAS/splicing/SprediXcan/additive/head/testis/result.txt
    jobid: 151
    reason: Missing output files: /cluster/work/pausch/naveen/TWAS/splicing/SprediXcan/additive/head/testis/result.txt; Input files updated by another job: /cluster/work/pausch/naveen/TWAS/GWAS/additive/head/gwas.txt
    wildcards: mpheno=splicing, inheri=additive, trait=head, tissue=testis
    resources: mem_mb=36000, mem_mib=34333, disk_mb=4072, disk_mib=3884, tmpdir=<TBD>, walltime=02:00

Submitted job 151 with external jobid '256697275 logs/SPrediXcan/mpheno-splicing.inheri-additive.trait-head.tissue-testis.out'.

[Sun Mar 26 14:39:44 2023]
rule SPrediXcan:
    input: /cluster/work/pausch/naveen/TWAS/expression/epi_h/filtered_signif.db, /cluster/work/pausch/naveen/TWAS/GWAS/additive/head/gwas.txt, /cluster/work/pausch/naveen/TWAS/expression/epi_h/covariances.txt.gz
    output: /cluster/work/pausch/naveen/TWAS/expression/SprediXcan/additive/head/epi_h/result.txt
    jobid: 66
    reason: Missing output files: /cluster/work/pausch/naveen/TWAS/expression/SprediXcan/additive/head/epi_h/result.txt; Input files updated by another job: /cluster/work/pausch/naveen/TWAS/GWAS/additive/head/gwas.txt
    wildcards: mpheno=expression, inheri=additive, trait=head, tissue=epi_h
    resources: mem_mb=36000, mem_mib=34333, disk_mb=2229, disk_mib=2126, tmpdir=<TBD>, walltime=02:00

Submitted job 66 with external jobid '256697278 logs/SPrediXcan/mpheno-expression.inheri-additive.trait-head.tissue-epi_h.out'.

[Sun Mar 26 14:39:45 2023]
rule SPrediXcan:
    input: /cluster/work/pausch/naveen/TWAS/splicing/epi_h/filtered_signif.db, /cluster/work/pausch/naveen/TWAS/GWAS/additive/head/gwas.txt, /cluster/work/pausch/naveen/TWAS/splicing/epi_h/covariances.txt.gz
    output: /cluster/work/pausch/naveen/TWAS/splicing/SprediXcan/additive/head/epi_h/result.txt
    jobid: 215
    reason: Missing output files: /cluster/work/pausch/naveen/TWAS/splicing/SprediXcan/additive/head/epi_h/result.txt; Input files updated by another job: /cluster/work/pausch/naveen/TWAS/GWAS/additive/head/gwas.txt
    wildcards: mpheno=splicing, inheri=additive, trait=head, tissue=epi_h
    resources: mem_mb=36000, mem_mib=34333, disk_mb=2818, disk_mib=2688, tmpdir=<TBD>, walltime=02:00

Submitted job 215 with external jobid '256697279 logs/SPrediXcan/mpheno-splicing.inheri-additive.trait-head.tissue-epi_h.out'.

[Sun Mar 26 14:39:45 2023]
rule SPrediXcan:
    input: /cluster/work/pausch/naveen/TWAS/expression/testis/filtered_signif.db, /cluster/work/pausch/naveen/TWAS/GWAS/additive/ntar/gwas.txt, /cluster/work/pausch/naveen/TWAS/expression/testis/covariances.txt.gz
    output: /cluster/work/pausch/naveen/TWAS/expression/SprediXcan/additive/ntar/testis/result.txt
    jobid: 145
    reason: Missing output files: /cluster/work/pausch/naveen/TWAS/expression/SprediXcan/additive/ntar/testis/result.txt; Input files updated by another job: /cluster/work/pausch/naveen/TWAS/GWAS/additive/ntar/gwas.txt
    wildcards: mpheno=expression, inheri=additive, trait=ntar, tissue=testis
    resources: mem_mb=36000, mem_mib=34333, disk_mb=2478, disk_mib=2364, tmpdir=<TBD>, walltime=02:00

Submitted job 145 with external jobid '256697281 logs/SPrediXcan/mpheno-expression.inheri-additive.trait-ntar.tissue-testis.out'.

[Sun Mar 26 14:39:46 2023]
rule SPrediXcan:
    input: /cluster/work/pausch/naveen/TWAS/splicing/testis/filtered_signif.db, /cluster/work/pausch/naveen/TWAS/GWAS/additive/ntar/gwas.txt, /cluster/work/pausch/naveen/TWAS/splicing/testis/covariances.txt.gz
    output: /cluster/work/pausch/naveen/TWAS/splicing/SprediXcan/additive/ntar/testis/result.txt
    jobid: 289
    reason: Missing output files: /cluster/work/pausch/naveen/TWAS/splicing/SprediXcan/additive/ntar/testis/result.txt; Input files updated by another job: /cluster/work/pausch/naveen/TWAS/GWAS/additive/ntar/gwas.txt
    wildcards: mpheno=splicing, inheri=additive, trait=ntar, tissue=testis
    resources: mem_mb=36000, mem_mib=34333, disk_mb=3982, disk_mib=3798, tmpdir=<TBD>, walltime=02:00

Submitted job 289 with external jobid '256697282 logs/SPrediXcan/mpheno-splicing.inheri-additive.trait-ntar.tissue-testis.out'.

[Sun Mar 26 14:39:46 2023]
rule SPrediXcan:
    input: /cluster/work/pausch/naveen/TWAS/expression/epi_h/filtered_signif.db, /cluster/work/pausch/naveen/TWAS/GWAS/additive/ntar/gwas.txt, /cluster/work/pausch/naveen/TWAS/expression/epi_h/covariances.txt.gz
    output: /cluster/work/pausch/naveen/TWAS/expression/SprediXcan/additive/ntar/epi_h/result.txt
    jobid: 147
    reason: Missing output files: /cluster/work/pausch/naveen/TWAS/expression/SprediXcan/additive/ntar/epi_h/result.txt; Input files updated by another job: /cluster/work/pausch/naveen/TWAS/GWAS/additive/ntar/gwas.txt
    wildcards: mpheno=expression, inheri=additive, trait=ntar, tissue=epi_h
    resources: mem_mb=36000, mem_mib=34333, disk_mb=2139, disk_mib=2040, tmpdir=<TBD>, walltime=02:00

Submitted job 147 with external jobid '256697284 logs/SPrediXcan/mpheno-expression.inheri-additive.trait-ntar.tissue-epi_h.out'.

[Sun Mar 26 14:39:47 2023]
rule SPrediXcan:
    input: /cluster/work/pausch/naveen/TWAS/expression/testis/filtered_signif.db, /cluster/work/pausch/naveen/TWAS/GWAS/additive/mot/gwas.txt, /cluster/work/pausch/naveen/TWAS/expression/testis/covariances.txt.gz
    output: /cluster/work/pausch/naveen/TWAS/expression/SprediXcan/additive/mot/testis/result.txt
    jobid: 142
    reason: Missing output files: /cluster/work/pausch/naveen/TWAS/expression/SprediXcan/additive/mot/testis/result.txt; Input files updated by another job: /cluster/work/pausch/naveen/TWAS/GWAS/additive/mot/gwas.txt
    wildcards: mpheno=expression, inheri=additive, trait=mot, tissue=testis
    resources: mem_mb=36000, mem_mib=34333, disk_mb=2474, disk_mib=2360, tmpdir=<TBD>, walltime=02:00

Submitted job 142 with external jobid '256697286 logs/SPrediXcan/mpheno-expression.inheri-additive.trait-mot.tissue-testis.out'.

[Sun Mar 26 14:39:48 2023]
rule SPrediXcan:
    input: /cluster/work/pausch/naveen/TWAS/expression/testis/filtered_signif.db, /cluster/work/pausch/naveen/TWAS/GWAS/additive/cnt/gwas.txt, /cluster/work/pausch/naveen/TWAS/expression/testis/covariances.txt.gz
    output: /cluster/work/pausch/naveen/TWAS/expression/SprediXcan/additive/cnt/testis/result.txt
    jobid: 136
    reason: Missing output files: /cluster/work/pausch/naveen/TWAS/expression/SprediXcan/additive/cnt/testis/result.txt; Input files updated by another job: /cluster/work/pausch/naveen/TWAS/GWAS/additive/cnt/gwas.txt
    wildcards: mpheno=expression, inheri=additive, trait=cnt, tissue=testis
    resources: mem_mb=36000, mem_mib=34333, disk_mb=2403, disk_mib=2292, tmpdir=<TBD>, walltime=02:00

Submitted job 136 with external jobid '256697287 logs/SPrediXcan/mpheno-expression.inheri-additive.trait-cnt.tissue-testis.out'.

[Sun Mar 26 14:39:48 2023]
rule SPrediXcan:
    input: /cluster/work/pausch/naveen/TWAS/splicing/epi_h/filtered_signif.db, /cluster/work/pausch/naveen/TWAS/GWAS/additive/ntar/gwas.txt, /cluster/work/pausch/naveen/TWAS/splicing/epi_h/covariances.txt.gz
    output: /cluster/work/pausch/naveen/TWAS/splicing/SprediXcan/additive/ntar/epi_h/result.txt
    jobid: 290
    reason: Missing output files: /cluster/work/pausch/naveen/TWAS/splicing/SprediXcan/additive/ntar/epi_h/result.txt; Input files updated by another job: /cluster/work/pausch/naveen/TWAS/GWAS/additive/ntar/gwas.txt
    wildcards: mpheno=splicing, inheri=additive, trait=ntar, tissue=epi_h
    resources: mem_mb=36000, mem_mib=34333, disk_mb=2728, disk_mib=2602, tmpdir=<TBD>, walltime=02:00

Submitted job 290 with external jobid '256697288 logs/SPrediXcan/mpheno-splicing.inheri-additive.trait-ntar.tissue-epi_h.out'.

[Sun Mar 26 14:39:49 2023]
rule SPrediXcan:
    input: /cluster/work/pausch/naveen/TWAS/splicing/testis/filtered_signif.db, /cluster/work/pausch/naveen/TWAS/GWAS/additive/mot/gwas.txt, /cluster/work/pausch/naveen/TWAS/splicing/testis/covariances.txt.gz
    output: /cluster/work/pausch/naveen/TWAS/splicing/SprediXcan/additive/mot/testis/result.txt
    jobid: 287
    reason: Missing output files: /cluster/work/pausch/naveen/TWAS/splicing/SprediXcan/additive/mot/testis/result.txt; Input files updated by another job: /cluster/work/pausch/naveen/TWAS/GWAS/additive/mot/gwas.txt
    wildcards: mpheno=splicing, inheri=additive, trait=mot, tissue=testis
    resources: mem_mb=36000, mem_mib=34333, disk_mb=3979, disk_mib=3795, tmpdir=<TBD>, walltime=02:00

Submitted job 287 with external jobid '256697289 logs/SPrediXcan/mpheno-splicing.inheri-additive.trait-mot.tissue-testis.out'.

[Sun Mar 26 14:39:51 2023]
rule SPrediXcan:
    input: /cluster/work/pausch/naveen/TWAS/expression/epi_h/filtered_signif.db, /cluster/work/pausch/naveen/TWAS/GWAS/additive/cnt/gwas.txt, /cluster/work/pausch/naveen/TWAS/expression/epi_h/covariances.txt.gz
    output: /cluster/work/pausch/naveen/TWAS/expression/SprediXcan/additive/cnt/epi_h/result.txt
    jobid: 138
    reason: Missing output files: /cluster/work/pausch/naveen/TWAS/expression/SprediXcan/additive/cnt/epi_h/result.txt; Input files updated by another job: /cluster/work/pausch/naveen/TWAS/GWAS/additive/cnt/gwas.txt
    wildcards: mpheno=expression, inheri=additive, trait=cnt, tissue=epi_h
    resources: mem_mb=36000, mem_mib=34333, disk_mb=2064, disk_mib=1969, tmpdir=<TBD>, walltime=02:00

Submitted job 138 with external jobid '256697290 logs/SPrediXcan/mpheno-expression.inheri-additive.trait-cnt.tissue-epi_h.out'.

[Sun Mar 26 14:39:51 2023]
rule SPrediXcan:
    input: /cluster/work/pausch/naveen/TWAS/splicing/testis/filtered_signif.db, /cluster/work/pausch/naveen/TWAS/GWAS/additive/fbkall/gwas.txt, /cluster/work/pausch/naveen/TWAS/splicing/testis/covariances.txt.gz
    output: /cluster/work/pausch/naveen/TWAS/splicing/SprediXcan/additive/fbkall/testis/result.txt
    jobid: 291
    reason: Missing output files: /cluster/work/pausch/naveen/TWAS/splicing/SprediXcan/additive/fbkall/testis/result.txt; Input files updated by another job: /cluster/work/pausch/naveen/TWAS/GWAS/additive/fbkall/gwas.txt
    wildcards: mpheno=splicing, inheri=additive, trait=fbkall, tissue=testis
    resources: mem_mb=36000, mem_mib=34333, disk_mb=4212, disk_mib=4017, tmpdir=<TBD>, walltime=02:00

Submitted job 291 with external jobid '256697291 logs/SPrediXcan/mpheno-splicing.inheri-additive.trait-fbkall.tissue-testis.out'.

[Sun Mar 26 14:39:52 2023]
rule SPrediXcan:
    input: /cluster/work/pausch/naveen/TWAS/expression/testis/filtered_signif.db, /cluster/work/pausch/naveen/TWAS/GWAS/additive/fbkall/gwas.txt, /cluster/work/pausch/naveen/TWAS/expression/testis/covariances.txt.gz
    output: /cluster/work/pausch/naveen/TWAS/expression/SprediXcan/additive/fbkall/testis/result.txt
    jobid: 148
    reason: Missing output files: /cluster/work/pausch/naveen/TWAS/expression/SprediXcan/additive/fbkall/testis/result.txt; Input files updated by another job: /cluster/work/pausch/naveen/TWAS/GWAS/additive/fbkall/gwas.txt
    wildcards: mpheno=expression, inheri=additive, trait=fbkall, tissue=testis
    resources: mem_mb=36000, mem_mib=34333, disk_mb=2708, disk_mib=2583, tmpdir=<TBD>, walltime=02:00

Submitted job 148 with external jobid '256697292 logs/SPrediXcan/mpheno-expression.inheri-additive.trait-fbkall.tissue-testis.out'.

[Sun Mar 26 14:39:52 2023]
rule SPrediXcan:
    input: /cluster/work/pausch/naveen/TWAS/splicing/epi_h/filtered_signif.db, /cluster/work/pausch/naveen/TWAS/GWAS/additive/fbkall/gwas.txt, /cluster/work/pausch/naveen/TWAS/splicing/epi_h/covariances.txt.gz
    output: /cluster/work/pausch/naveen/TWAS/splicing/SprediXcan/additive/fbkall/epi_h/result.txt
    jobid: 292
    reason: Missing output files: /cluster/work/pausch/naveen/TWAS/splicing/SprediXcan/additive/fbkall/epi_h/result.txt; Input files updated by another job: /cluster/work/pausch/naveen/TWAS/GWAS/additive/fbkall/gwas.txt
    wildcards: mpheno=splicing, inheri=additive, trait=fbkall, tissue=epi_h
    resources: mem_mb=36000, mem_mib=34333, disk_mb=2958, disk_mib=2821, tmpdir=<TBD>, walltime=02:00

Submitted job 292 with external jobid '256697293 logs/SPrediXcan/mpheno-splicing.inheri-additive.trait-fbkall.tissue-epi_h.out'.

[Sun Mar 26 14:39:53 2023]
rule SPrediXcan:
    input: /cluster/work/pausch/naveen/TWAS/expression/epi_h/filtered_signif.db, /cluster/work/pausch/naveen/TWAS/GWAS/additive/fbkall/gwas.txt, /cluster/work/pausch/naveen/TWAS/expression/epi_h/covariances.txt.gz
    output: /cluster/work/pausch/naveen/TWAS/expression/SprediXcan/additive/fbkall/epi_h/result.txt
    jobid: 150
    reason: Missing output files: /cluster/work/pausch/naveen/TWAS/expression/SprediXcan/additive/fbkall/epi_h/result.txt; Input files updated by another job: /cluster/work/pausch/naveen/TWAS/GWAS/additive/fbkall/gwas.txt
    wildcards: mpheno=expression, inheri=additive, trait=fbkall, tissue=epi_h
    resources: mem_mb=36000, mem_mib=34333, disk_mb=2369, disk_mib=2260, tmpdir=<TBD>, walltime=02:00

Submitted job 150 with external jobid '256697295 logs/SPrediXcan/mpheno-expression.inheri-additive.trait-fbkall.tissue-epi_h.out'.

[Sun Mar 26 14:39:54 2023]
rule SPrediXcan:
    input: /cluster/work/pausch/naveen/TWAS/expression/epi_h/filtered_signif.db, /cluster/work/pausch/naveen/TWAS/GWAS/additive/mot/gwas.txt, /cluster/work/pausch/naveen/TWAS/expression/epi_h/covariances.txt.gz
    output: /cluster/work/pausch/naveen/TWAS/expression/SprediXcan/additive/mot/epi_h/result.txt
    jobid: 144
    reason: Missing output files: /cluster/work/pausch/naveen/TWAS/expression/SprediXcan/additive/mot/epi_h/result.txt; Input files updated by another job: /cluster/work/pausch/naveen/TWAS/GWAS/additive/mot/gwas.txt
    wildcards: mpheno=expression, inheri=additive, trait=mot, tissue=epi_h
    resources: mem_mb=36000, mem_mib=34333, disk_mb=2136, disk_mib=2038, tmpdir=<TBD>, walltime=02:00

Submitted job 144 with external jobid '256697296 logs/SPrediXcan/mpheno-expression.inheri-additive.trait-mot.tissue-epi_h.out'.

[Sun Mar 26 14:39:54 2023]
rule SPrediXcan:
    input: /cluster/work/pausch/naveen/TWAS/expression/testis/filtered_signif.db, /cluster/work/pausch/naveen/TWAS/GWAS/additive/head/gwas.txt, /cluster/work/pausch/naveen/TWAS/expression/testis/covariances.txt.gz
    output: /cluster/work/pausch/naveen/TWAS/expression/SprediXcan/additive/head/testis/result.txt
    jobid: 1
    reason: Missing output files: /cluster/work/pausch/naveen/TWAS/expression/SprediXcan/additive/head/testis/result.txt; Input files updated by another job: /cluster/work/pausch/naveen/TWAS/GWAS/additive/head/gwas.txt
    wildcards: mpheno=expression, inheri=additive, trait=head, tissue=testis
    resources: mem_mb=36000, mem_mib=34333, disk_mb=2567, disk_mib=2449, tmpdir=<TBD>, walltime=02:00

Submitted job 1 with external jobid '256697298 logs/SPrediXcan/mpheno-expression.inheri-additive.trait-head.tissue-testis.out'.

[Sun Mar 26 14:39:55 2023]
rule SPrediXcan:
    input: /cluster/work/pausch/naveen/TWAS/splicing/epi_h/filtered_signif.db, /cluster/work/pausch/naveen/TWAS/GWAS/additive/mot/gwas.txt, /cluster/work/pausch/naveen/TWAS/splicing/epi_h/covariances.txt.gz
    output: /cluster/work/pausch/naveen/TWAS/splicing/SprediXcan/additive/mot/epi_h/result.txt
    jobid: 288
    reason: Missing output files: /cluster/work/pausch/naveen/TWAS/splicing/SprediXcan/additive/mot/epi_h/result.txt; Input files updated by another job: /cluster/work/pausch/naveen/TWAS/GWAS/additive/mot/gwas.txt
    wildcards: mpheno=splicing, inheri=additive, trait=mot, tissue=epi_h
    resources: mem_mb=36000, mem_mib=34333, disk_mb=2725, disk_mib=2599, tmpdir=<TBD>, walltime=02:00

Submitted job 288 with external jobid '256697299 logs/SPrediXcan/mpheno-splicing.inheri-additive.trait-mot.tissue-epi_h.out'.

[Sun Mar 26 14:39:56 2023]
rule SPrediXcan:
    input: /cluster/work/pausch/naveen/TWAS/splicing/testis/filtered_signif.db, /cluster/work/pausch/naveen/TWAS/GWAS/additive/cnt/gwas.txt, /cluster/work/pausch/naveen/TWAS/splicing/testis/covariances.txt.gz
    output: /cluster/work/pausch/naveen/TWAS/splicing/SprediXcan/additive/cnt/testis/result.txt
    jobid: 283
    reason: Missing output files: /cluster/work/pausch/naveen/TWAS/splicing/SprediXcan/additive/cnt/testis/result.txt; Input files updated by another job: /cluster/work/pausch/naveen/TWAS/GWAS/additive/cnt/gwas.txt
    wildcards: mpheno=splicing, inheri=additive, trait=cnt, tissue=testis
    resources: mem_mb=36000, mem_mib=34333, disk_mb=3908, disk_mib=3727, tmpdir=<TBD>, walltime=02:00

Submitted job 283 with external jobid '256697300 logs/SPrediXcan/mpheno-splicing.inheri-additive.trait-cnt.tissue-testis.out'.

[Sun Mar 26 14:39:57 2023]
rule SPrediXcan:
    input: /cluster/work/pausch/naveen/TWAS/splicing/epi_h/filtered_signif.db, /cluster/work/pausch/naveen/TWAS/GWAS/additive/cnt/gwas.txt, /cluster/work/pausch/naveen/TWAS/splicing/epi_h/covariances.txt.gz
    output: /cluster/work/pausch/naveen/TWAS/splicing/SprediXcan/additive/cnt/epi_h/result.txt
    jobid: 284
    reason: Missing output files: /cluster/work/pausch/naveen/TWAS/splicing/SprediXcan/additive/cnt/epi_h/result.txt; Input files updated by another job: /cluster/work/pausch/naveen/TWAS/GWAS/additive/cnt/gwas.txt
    wildcards: mpheno=splicing, inheri=additive, trait=cnt, tissue=epi_h
    resources: mem_mb=36000, mem_mib=34333, disk_mb=2654, disk_mib=2532, tmpdir=<TBD>, walltime=02:00

Submitted job 284 with external jobid '256697303 logs/SPrediXcan/mpheno-splicing.inheri-additive.trait-cnt.tissue-epi_h.out'.
[Sun Mar 26 14:42:20 2023]
Error in rule SPrediXcan:
    jobid: 139
    input: /cluster/work/pausch/naveen/TWAS/expression/testis/filtered_signif.db, /cluster/work/pausch/naveen/TWAS/GWAS/additive/con/gwas.txt, /cluster/work/pausch/naveen/TWAS/expression/testis/covariances.txt.gz
    output: /cluster/work/pausch/naveen/TWAS/expression/SprediXcan/additive/con/testis/result.txt
    shell:
        
        /cluster/home/nkadri/TWAS/MetXcan/software/SPrediXcan.py          --model_db_path /cluster/work/pausch/naveen/TWAS/expression/testis/filtered_signif.db         --covariance /cluster/work/pausch/naveen/TWAS/expression/testis/covariances.txt.gz          --gwas_file /cluster/work/pausch/naveen/TWAS/GWAS/additive/con/gwas.txt         --snp_column SNP         --effect_allele_column A2         --non_effect_allele_column A1         --beta_column BETA         --pvalue_column P         --output_file /cluster/work/pausch/naveen/TWAS/expression/SprediXcan/additive/con/testis/result.txt
        
        (one of the commands exited with non-zero exit code; note that snakemake uses bash strict mode!)
    cluster_jobid: 256697262 logs/SPrediXcan/mpheno-expression.inheri-additive.trait-con.tissue-testis.out

Error executing rule SPrediXcan on cluster (jobid: 139, external: 256697262 logs/SPrediXcan/mpheno-expression.inheri-additive.trait-con.tissue-testis.out, jobscript: /cluster/home/nkadri/TWAS/SNAKES/spredi/.snakemake/tmp.ee5vpv6v/snakejob.SPrediXcan.139.sh). For error details see the cluster log and the log files of the involved rule(s).
[Sun Mar 26 14:42:22 2023]
Error in rule SPrediXcan:
    jobid: 142
    input: /cluster/work/pausch/naveen/TWAS/expression/testis/filtered_signif.db, /cluster/work/pausch/naveen/TWAS/GWAS/additive/mot/gwas.txt, /cluster/work/pausch/naveen/TWAS/expression/testis/covariances.txt.gz
    output: /cluster/work/pausch/naveen/TWAS/expression/SprediXcan/additive/mot/testis/result.txt
    shell:
        
        /cluster/home/nkadri/TWAS/MetXcan/software/SPrediXcan.py          --model_db_path /cluster/work/pausch/naveen/TWAS/expression/testis/filtered_signif.db         --covariance /cluster/work/pausch/naveen/TWAS/expression/testis/covariances.txt.gz          --gwas_file /cluster/work/pausch/naveen/TWAS/GWAS/additive/mot/gwas.txt         --snp_column SNP         --effect_allele_column A2         --non_effect_allele_column A1         --beta_column BETA         --pvalue_column P         --output_file /cluster/work/pausch/naveen/TWAS/expression/SprediXcan/additive/mot/testis/result.txt
        
        (one of the commands exited with non-zero exit code; note that snakemake uses bash strict mode!)
    cluster_jobid: 256697286 logs/SPrediXcan/mpheno-expression.inheri-additive.trait-mot.tissue-testis.out

Error executing rule SPrediXcan on cluster (jobid: 142, external: 256697286 logs/SPrediXcan/mpheno-expression.inheri-additive.trait-mot.tissue-testis.out, jobscript: /cluster/home/nkadri/TWAS/SNAKES/spredi/.snakemake/tmp.ee5vpv6v/snakejob.SPrediXcan.142.sh). For error details see the cluster log and the log files of the involved rule(s).
[Sun Mar 26 14:42:23 2023]
Error in rule SPrediXcan:
    jobid: 138
    input: /cluster/work/pausch/naveen/TWAS/expression/epi_h/filtered_signif.db, /cluster/work/pausch/naveen/TWAS/GWAS/additive/cnt/gwas.txt, /cluster/work/pausch/naveen/TWAS/expression/epi_h/covariances.txt.gz
    output: /cluster/work/pausch/naveen/TWAS/expression/SprediXcan/additive/cnt/epi_h/result.txt
    shell:
        
        /cluster/home/nkadri/TWAS/MetXcan/software/SPrediXcan.py          --model_db_path /cluster/work/pausch/naveen/TWAS/expression/epi_h/filtered_signif.db         --covariance /cluster/work/pausch/naveen/TWAS/expression/epi_h/covariances.txt.gz          --gwas_file /cluster/work/pausch/naveen/TWAS/GWAS/additive/cnt/gwas.txt         --snp_column SNP         --effect_allele_column A2         --non_effect_allele_column A1         --beta_column BETA         --pvalue_column P         --output_file /cluster/work/pausch/naveen/TWAS/expression/SprediXcan/additive/cnt/epi_h/result.txt
        
        (one of the commands exited with non-zero exit code; note that snakemake uses bash strict mode!)
    cluster_jobid: 256697290 logs/SPrediXcan/mpheno-expression.inheri-additive.trait-cnt.tissue-epi_h.out

Error executing rule SPrediXcan on cluster (jobid: 138, external: 256697290 logs/SPrediXcan/mpheno-expression.inheri-additive.trait-cnt.tissue-epi_h.out, jobscript: /cluster/home/nkadri/TWAS/SNAKES/spredi/.snakemake/tmp.ee5vpv6v/snakejob.SPrediXcan.138.sh). For error details see the cluster log and the log files of the involved rule(s).
[Sun Mar 26 14:42:34 2023]
Error in rule SPrediXcan:
    jobid: 144
    input: /cluster/work/pausch/naveen/TWAS/expression/epi_h/filtered_signif.db, /cluster/work/pausch/naveen/TWAS/GWAS/additive/mot/gwas.txt, /cluster/work/pausch/naveen/TWAS/expression/epi_h/covariances.txt.gz
    output: /cluster/work/pausch/naveen/TWAS/expression/SprediXcan/additive/mot/epi_h/result.txt
    shell:
        
        /cluster/home/nkadri/TWAS/MetXcan/software/SPrediXcan.py          --model_db_path /cluster/work/pausch/naveen/TWAS/expression/epi_h/filtered_signif.db         --covariance /cluster/work/pausch/naveen/TWAS/expression/epi_h/covariances.txt.gz          --gwas_file /cluster/work/pausch/naveen/TWAS/GWAS/additive/mot/gwas.txt         --snp_column SNP         --effect_allele_column A2         --non_effect_allele_column A1         --beta_column BETA         --pvalue_column P         --output_file /cluster/work/pausch/naveen/TWAS/expression/SprediXcan/additive/mot/epi_h/result.txt
        
        (one of the commands exited with non-zero exit code; note that snakemake uses bash strict mode!)
    cluster_jobid: 256697296 logs/SPrediXcan/mpheno-expression.inheri-additive.trait-mot.tissue-epi_h.out

Error executing rule SPrediXcan on cluster (jobid: 144, external: 256697296 logs/SPrediXcan/mpheno-expression.inheri-additive.trait-mot.tissue-epi_h.out, jobscript: /cluster/home/nkadri/TWAS/SNAKES/spredi/.snakemake/tmp.ee5vpv6v/snakejob.SPrediXcan.144.sh). For error details see the cluster log and the log files of the involved rule(s).
[Sun Mar 26 14:42:35 2023]
Error in rule SPrediXcan:
    jobid: 283
    input: /cluster/work/pausch/naveen/TWAS/splicing/testis/filtered_signif.db, /cluster/work/pausch/naveen/TWAS/GWAS/additive/cnt/gwas.txt, /cluster/work/pausch/naveen/TWAS/splicing/testis/covariances.txt.gz
    output: /cluster/work/pausch/naveen/TWAS/splicing/SprediXcan/additive/cnt/testis/result.txt
    shell:
        
        /cluster/home/nkadri/TWAS/MetXcan/software/SPrediXcan.py          --model_db_path /cluster/work/pausch/naveen/TWAS/splicing/testis/filtered_signif.db         --covariance /cluster/work/pausch/naveen/TWAS/splicing/testis/covariances.txt.gz          --gwas_file /cluster/work/pausch/naveen/TWAS/GWAS/additive/cnt/gwas.txt         --snp_column SNP         --effect_allele_column A2         --non_effect_allele_column A1         --beta_column BETA         --pvalue_column P         --output_file /cluster/work/pausch/naveen/TWAS/splicing/SprediXcan/additive/cnt/testis/result.txt
        
        (one of the commands exited with non-zero exit code; note that snakemake uses bash strict mode!)
    cluster_jobid: 256697300 logs/SPrediXcan/mpheno-splicing.inheri-additive.trait-cnt.tissue-testis.out

Error executing rule SPrediXcan on cluster (jobid: 283, external: 256697300 logs/SPrediXcan/mpheno-splicing.inheri-additive.trait-cnt.tissue-testis.out, jobscript: /cluster/home/nkadri/TWAS/SNAKES/spredi/.snakemake/tmp.ee5vpv6v/snakejob.SPrediXcan.283.sh). For error details see the cluster log and the log files of the involved rule(s).
[Sun Mar 26 14:42:35 2023]
Error in rule SPrediXcan:
    jobid: 133
    input: /cluster/work/pausch/naveen/TWAS/expression/testis/filtered_signif.db, /cluster/work/pausch/naveen/TWAS/GWAS/additive/vol/gwas.txt, /cluster/work/pausch/naveen/TWAS/expression/testis/covariances.txt.gz
    output: /cluster/work/pausch/naveen/TWAS/expression/SprediXcan/additive/vol/testis/result.txt
    shell:
        
        /cluster/home/nkadri/TWAS/MetXcan/software/SPrediXcan.py          --model_db_path /cluster/work/pausch/naveen/TWAS/expression/testis/filtered_signif.db         --covariance /cluster/work/pausch/naveen/TWAS/expression/testis/covariances.txt.gz          --gwas_file /cluster/work/pausch/naveen/TWAS/GWAS/additive/vol/gwas.txt         --snp_column SNP         --effect_allele_column A2         --non_effect_allele_column A1         --beta_column BETA         --pvalue_column P         --output_file /cluster/work/pausch/naveen/TWAS/expression/SprediXcan/additive/vol/testis/result.txt
        
        (one of the commands exited with non-zero exit code; note that snakemake uses bash strict mode!)
    cluster_jobid: 256697270 logs/SPrediXcan/mpheno-expression.inheri-additive.trait-vol.tissue-testis.out

Error executing rule SPrediXcan on cluster (jobid: 133, external: 256697270 logs/SPrediXcan/mpheno-expression.inheri-additive.trait-vol.tissue-testis.out, jobscript: /cluster/home/nkadri/TWAS/SNAKES/spredi/.snakemake/tmp.ee5vpv6v/snakejob.SPrediXcan.133.sh). For error details see the cluster log and the log files of the involved rule(s).
[Sun Mar 26 14:42:36 2023]
Error in rule SPrediXcan:
    jobid: 130
    input: /cluster/work/pausch/naveen/TWAS/expression/testis/filtered_signif.db, /cluster/work/pausch/naveen/TWAS/GWAS/additive/tail/gwas.txt, /cluster/work/pausch/naveen/TWAS/expression/testis/covariances.txt.gz
    output: /cluster/work/pausch/naveen/TWAS/expression/SprediXcan/additive/tail/testis/result.txt
    shell:
        
        /cluster/home/nkadri/TWAS/MetXcan/software/SPrediXcan.py          --model_db_path /cluster/work/pausch/naveen/TWAS/expression/testis/filtered_signif.db         --covariance /cluster/work/pausch/naveen/TWAS/expression/testis/covariances.txt.gz          --gwas_file /cluster/work/pausch/naveen/TWAS/GWAS/additive/tail/gwas.txt         --snp_column SNP         --effect_allele_column A2         --non_effect_allele_column A1         --beta_column BETA         --pvalue_column P         --output_file /cluster/work/pausch/naveen/TWAS/expression/SprediXcan/additive/tail/testis/result.txt
        
        (one of the commands exited with non-zero exit code; note that snakemake uses bash strict mode!)
    cluster_jobid: 256697261 logs/SPrediXcan/mpheno-expression.inheri-additive.trait-tail.tissue-testis.out

Error executing rule SPrediXcan on cluster (jobid: 130, external: 256697261 logs/SPrediXcan/mpheno-expression.inheri-additive.trait-tail.tissue-testis.out, jobscript: /cluster/home/nkadri/TWAS/SNAKES/spredi/.snakemake/tmp.ee5vpv6v/snakejob.SPrediXcan.130.sh). For error details see the cluster log and the log files of the involved rule(s).
[Sun Mar 26 14:42:37 2023]
Error in rule SPrediXcan:
    jobid: 135
    input: /cluster/work/pausch/naveen/TWAS/expression/epi_h/filtered_signif.db, /cluster/work/pausch/naveen/TWAS/GWAS/additive/vol/gwas.txt, /cluster/work/pausch/naveen/TWAS/expression/epi_h/covariances.txt.gz
    output: /cluster/work/pausch/naveen/TWAS/expression/SprediXcan/additive/vol/epi_h/result.txt
    shell:
        
        /cluster/home/nkadri/TWAS/MetXcan/software/SPrediXcan.py          --model_db_path /cluster/work/pausch/naveen/TWAS/expression/epi_h/filtered_signif.db         --covariance /cluster/work/pausch/naveen/TWAS/expression/epi_h/covariances.txt.gz          --gwas_file /cluster/work/pausch/naveen/TWAS/GWAS/additive/vol/gwas.txt         --snp_column SNP         --effect_allele_column A2         --non_effect_allele_column A1         --beta_column BETA         --pvalue_column P         --output_file /cluster/work/pausch/naveen/TWAS/expression/SprediXcan/additive/vol/epi_h/result.txt
        
        (one of the commands exited with non-zero exit code; note that snakemake uses bash strict mode!)
    cluster_jobid: 256697274 logs/SPrediXcan/mpheno-expression.inheri-additive.trait-vol.tissue-epi_h.out

Error executing rule SPrediXcan on cluster (jobid: 135, external: 256697274 logs/SPrediXcan/mpheno-expression.inheri-additive.trait-vol.tissue-epi_h.out, jobscript: /cluster/home/nkadri/TWAS/SNAKES/spredi/.snakemake/tmp.ee5vpv6v/snakejob.SPrediXcan.135.sh). For error details see the cluster log and the log files of the involved rule(s).
[Sun Mar 26 14:42:38 2023]
Error in rule SPrediXcan:
    jobid: 136
    input: /cluster/work/pausch/naveen/TWAS/expression/testis/filtered_signif.db, /cluster/work/pausch/naveen/TWAS/GWAS/additive/cnt/gwas.txt, /cluster/work/pausch/naveen/TWAS/expression/testis/covariances.txt.gz
    output: /cluster/work/pausch/naveen/TWAS/expression/SprediXcan/additive/cnt/testis/result.txt
    shell:
        
        /cluster/home/nkadri/TWAS/MetXcan/software/SPrediXcan.py          --model_db_path /cluster/work/pausch/naveen/TWAS/expression/testis/filtered_signif.db         --covariance /cluster/work/pausch/naveen/TWAS/expression/testis/covariances.txt.gz          --gwas_file /cluster/work/pausch/naveen/TWAS/GWAS/additive/cnt/gwas.txt         --snp_column SNP         --effect_allele_column A2         --non_effect_allele_column A1         --beta_column BETA         --pvalue_column P         --output_file /cluster/work/pausch/naveen/TWAS/expression/SprediXcan/additive/cnt/testis/result.txt
        
        (one of the commands exited with non-zero exit code; note that snakemake uses bash strict mode!)
    cluster_jobid: 256697287 logs/SPrediXcan/mpheno-expression.inheri-additive.trait-cnt.tissue-testis.out

Error executing rule SPrediXcan on cluster (jobid: 136, external: 256697287 logs/SPrediXcan/mpheno-expression.inheri-additive.trait-cnt.tissue-testis.out, jobscript: /cluster/home/nkadri/TWAS/SNAKES/spredi/.snakemake/tmp.ee5vpv6v/snakejob.SPrediXcan.136.sh). For error details see the cluster log and the log files of the involved rule(s).
[Sun Mar 26 14:42:39 2023]
Error in rule SPrediXcan:
    jobid: 287
    input: /cluster/work/pausch/naveen/TWAS/splicing/testis/filtered_signif.db, /cluster/work/pausch/naveen/TWAS/GWAS/additive/mot/gwas.txt, /cluster/work/pausch/naveen/TWAS/splicing/testis/covariances.txt.gz
    output: /cluster/work/pausch/naveen/TWAS/splicing/SprediXcan/additive/mot/testis/result.txt
    shell:
        
        /cluster/home/nkadri/TWAS/MetXcan/software/SPrediXcan.py          --model_db_path /cluster/work/pausch/naveen/TWAS/splicing/testis/filtered_signif.db         --covariance /cluster/work/pausch/naveen/TWAS/splicing/testis/covariances.txt.gz          --gwas_file /cluster/work/pausch/naveen/TWAS/GWAS/additive/mot/gwas.txt         --snp_column SNP         --effect_allele_column A2         --non_effect_allele_column A1         --beta_column BETA         --pvalue_column P         --output_file /cluster/work/pausch/naveen/TWAS/splicing/SprediXcan/additive/mot/testis/result.txt
        
        (one of the commands exited with non-zero exit code; note that snakemake uses bash strict mode!)
    cluster_jobid: 256697289 logs/SPrediXcan/mpheno-splicing.inheri-additive.trait-mot.tissue-testis.out

Error executing rule SPrediXcan on cluster (jobid: 287, external: 256697289 logs/SPrediXcan/mpheno-splicing.inheri-additive.trait-mot.tissue-testis.out, jobscript: /cluster/home/nkadri/TWAS/SNAKES/spredi/.snakemake/tmp.ee5vpv6v/snakejob.SPrediXcan.287.sh). For error details see the cluster log and the log files of the involved rule(s).
[Sun Mar 26 14:42:49 2023]
Error in rule SPrediXcan:
    jobid: 150
    input: /cluster/work/pausch/naveen/TWAS/expression/epi_h/filtered_signif.db, /cluster/work/pausch/naveen/TWAS/GWAS/additive/fbkall/gwas.txt, /cluster/work/pausch/naveen/TWAS/expression/epi_h/covariances.txt.gz
    output: /cluster/work/pausch/naveen/TWAS/expression/SprediXcan/additive/fbkall/epi_h/result.txt
    shell:
        
        /cluster/home/nkadri/TWAS/MetXcan/software/SPrediXcan.py          --model_db_path /cluster/work/pausch/naveen/TWAS/expression/epi_h/filtered_signif.db         --covariance /cluster/work/pausch/naveen/TWAS/expression/epi_h/covariances.txt.gz          --gwas_file /cluster/work/pausch/naveen/TWAS/GWAS/additive/fbkall/gwas.txt         --snp_column SNP         --effect_allele_column A2         --non_effect_allele_column A1         --beta_column BETA         --pvalue_column P         --output_file /cluster/work/pausch/naveen/TWAS/expression/SprediXcan/additive/fbkall/epi_h/result.txt
        
        (one of the commands exited with non-zero exit code; note that snakemake uses bash strict mode!)
    cluster_jobid: 256697295 logs/SPrediXcan/mpheno-expression.inheri-additive.trait-fbkall.tissue-epi_h.out

Error executing rule SPrediXcan on cluster (jobid: 150, external: 256697295 logs/SPrediXcan/mpheno-expression.inheri-additive.trait-fbkall.tissue-epi_h.out, jobscript: /cluster/home/nkadri/TWAS/SNAKES/spredi/.snakemake/tmp.ee5vpv6v/snakejob.SPrediXcan.150.sh). For error details see the cluster log and the log files of the involved rule(s).
[Sun Mar 26 14:42:50 2023]
Error in rule SPrediXcan:
    jobid: 282
    input: /cluster/work/pausch/naveen/TWAS/splicing/epi_h/filtered_signif.db, /cluster/work/pausch/naveen/TWAS/GWAS/additive/vol/gwas.txt, /cluster/work/pausch/naveen/TWAS/splicing/epi_h/covariances.txt.gz
    output: /cluster/work/pausch/naveen/TWAS/splicing/SprediXcan/additive/vol/epi_h/result.txt
    shell:
        
        /cluster/home/nkadri/TWAS/MetXcan/software/SPrediXcan.py          --model_db_path /cluster/work/pausch/naveen/TWAS/splicing/epi_h/filtered_signif.db         --covariance /cluster/work/pausch/naveen/TWAS/splicing/epi_h/covariances.txt.gz          --gwas_file /cluster/work/pausch/naveen/TWAS/GWAS/additive/vol/gwas.txt         --snp_column SNP         --effect_allele_column A2         --non_effect_allele_column A1         --beta_column BETA         --pvalue_column P         --output_file /cluster/work/pausch/naveen/TWAS/splicing/SprediXcan/additive/vol/epi_h/result.txt
        
        (one of the commands exited with non-zero exit code; note that snakemake uses bash strict mode!)
    cluster_jobid: 256697272 logs/SPrediXcan/mpheno-splicing.inheri-additive.trait-vol.tissue-epi_h.out

Error executing rule SPrediXcan on cluster (jobid: 282, external: 256697272 logs/SPrediXcan/mpheno-splicing.inheri-additive.trait-vol.tissue-epi_h.out, jobscript: /cluster/home/nkadri/TWAS/SNAKES/spredi/.snakemake/tmp.ee5vpv6v/snakejob.SPrediXcan.282.sh). For error details see the cluster log and the log files of the involved rule(s).
[Sun Mar 26 14:42:51 2023]
Error in rule SPrediXcan:
    jobid: 279
    input: /cluster/work/pausch/naveen/TWAS/splicing/testis/filtered_signif.db, /cluster/work/pausch/naveen/TWAS/GWAS/additive/tail/gwas.txt, /cluster/work/pausch/naveen/TWAS/splicing/testis/covariances.txt.gz
    output: /cluster/work/pausch/naveen/TWAS/splicing/SprediXcan/additive/tail/testis/result.txt
    shell:
        
        /cluster/home/nkadri/TWAS/MetXcan/software/SPrediXcan.py          --model_db_path /cluster/work/pausch/naveen/TWAS/splicing/testis/filtered_signif.db         --covariance /cluster/work/pausch/naveen/TWAS/splicing/testis/covariances.txt.gz          --gwas_file /cluster/work/pausch/naveen/TWAS/GWAS/additive/tail/gwas.txt         --snp_column SNP         --effect_allele_column A2         --non_effect_allele_column A1         --beta_column BETA         --pvalue_column P         --output_file /cluster/work/pausch/naveen/TWAS/splicing/SprediXcan/additive/tail/testis/result.txt
        
        (one of the commands exited with non-zero exit code; note that snakemake uses bash strict mode!)
    cluster_jobid: 256697260 logs/SPrediXcan/mpheno-splicing.inheri-additive.trait-tail.tissue-testis.out

Error executing rule SPrediXcan on cluster (jobid: 279, external: 256697260 logs/SPrediXcan/mpheno-splicing.inheri-additive.trait-tail.tissue-testis.out, jobscript: /cluster/home/nkadri/TWAS/SNAKES/spredi/.snakemake/tmp.ee5vpv6v/snakejob.SPrediXcan.279.sh). For error details see the cluster log and the log files of the involved rule(s).
[Sun Mar 26 14:42:52 2023]
Error in rule SPrediXcan:
    jobid: 215
    input: /cluster/work/pausch/naveen/TWAS/splicing/epi_h/filtered_signif.db, /cluster/work/pausch/naveen/TWAS/GWAS/additive/head/gwas.txt, /cluster/work/pausch/naveen/TWAS/splicing/epi_h/covariances.txt.gz
    output: /cluster/work/pausch/naveen/TWAS/splicing/SprediXcan/additive/head/epi_h/result.txt
    shell:
        
        /cluster/home/nkadri/TWAS/MetXcan/software/SPrediXcan.py          --model_db_path /cluster/work/pausch/naveen/TWAS/splicing/epi_h/filtered_signif.db         --covariance /cluster/work/pausch/naveen/TWAS/splicing/epi_h/covariances.txt.gz          --gwas_file /cluster/work/pausch/naveen/TWAS/GWAS/additive/head/gwas.txt         --snp_column SNP         --effect_allele_column A2         --non_effect_allele_column A1         --beta_column BETA         --pvalue_column P         --output_file /cluster/work/pausch/naveen/TWAS/splicing/SprediXcan/additive/head/epi_h/result.txt
        
        (one of the commands exited with non-zero exit code; note that snakemake uses bash strict mode!)
    cluster_jobid: 256697279 logs/SPrediXcan/mpheno-splicing.inheri-additive.trait-head.tissue-epi_h.out

Error executing rule SPrediXcan on cluster (jobid: 215, external: 256697279 logs/SPrediXcan/mpheno-splicing.inheri-additive.trait-head.tissue-epi_h.out, jobscript: /cluster/home/nkadri/TWAS/SNAKES/spredi/.snakemake/tmp.ee5vpv6v/snakejob.SPrediXcan.215.sh). For error details see the cluster log and the log files of the involved rule(s).
[Sun Mar 26 14:42:52 2023]
Error in rule SPrediXcan:
    jobid: 145
    input: /cluster/work/pausch/naveen/TWAS/expression/testis/filtered_signif.db, /cluster/work/pausch/naveen/TWAS/GWAS/additive/ntar/gwas.txt, /cluster/work/pausch/naveen/TWAS/expression/testis/covariances.txt.gz
    output: /cluster/work/pausch/naveen/TWAS/expression/SprediXcan/additive/ntar/testis/result.txt
    shell:
        
        /cluster/home/nkadri/TWAS/MetXcan/software/SPrediXcan.py          --model_db_path /cluster/work/pausch/naveen/TWAS/expression/testis/filtered_signif.db         --covariance /cluster/work/pausch/naveen/TWAS/expression/testis/covariances.txt.gz          --gwas_file /cluster/work/pausch/naveen/TWAS/GWAS/additive/ntar/gwas.txt         --snp_column SNP         --effect_allele_column A2         --non_effect_allele_column A1         --beta_column BETA         --pvalue_column P         --output_file /cluster/work/pausch/naveen/TWAS/expression/SprediXcan/additive/ntar/testis/result.txt
        
        (one of the commands exited with non-zero exit code; note that snakemake uses bash strict mode!)
    cluster_jobid: 256697281 logs/SPrediXcan/mpheno-expression.inheri-additive.trait-ntar.tissue-testis.out

Error executing rule SPrediXcan on cluster (jobid: 145, external: 256697281 logs/SPrediXcan/mpheno-expression.inheri-additive.trait-ntar.tissue-testis.out, jobscript: /cluster/home/nkadri/TWAS/SNAKES/spredi/.snakemake/tmp.ee5vpv6v/snakejob.SPrediXcan.145.sh). For error details see the cluster log and the log files of the involved rule(s).
[Sun Mar 26 14:42:52 2023]
Error in rule SPrediXcan:
    jobid: 147
    input: /cluster/work/pausch/naveen/TWAS/expression/epi_h/filtered_signif.db, /cluster/work/pausch/naveen/TWAS/GWAS/additive/ntar/gwas.txt, /cluster/work/pausch/naveen/TWAS/expression/epi_h/covariances.txt.gz
    output: /cluster/work/pausch/naveen/TWAS/expression/SprediXcan/additive/ntar/epi_h/result.txt
    shell:
        
        /cluster/home/nkadri/TWAS/MetXcan/software/SPrediXcan.py          --model_db_path /cluster/work/pausch/naveen/TWAS/expression/epi_h/filtered_signif.db         --covariance /cluster/work/pausch/naveen/TWAS/expression/epi_h/covariances.txt.gz          --gwas_file /cluster/work/pausch/naveen/TWAS/GWAS/additive/ntar/gwas.txt         --snp_column SNP         --effect_allele_column A2         --non_effect_allele_column A1         --beta_column BETA         --pvalue_column P         --output_file /cluster/work/pausch/naveen/TWAS/expression/SprediXcan/additive/ntar/epi_h/result.txt
        
        (one of the commands exited with non-zero exit code; note that snakemake uses bash strict mode!)
    cluster_jobid: 256697284 logs/SPrediXcan/mpheno-expression.inheri-additive.trait-ntar.tissue-epi_h.out

Error executing rule SPrediXcan on cluster (jobid: 147, external: 256697284 logs/SPrediXcan/mpheno-expression.inheri-additive.trait-ntar.tissue-epi_h.out, jobscript: /cluster/home/nkadri/TWAS/SNAKES/spredi/.snakemake/tmp.ee5vpv6v/snakejob.SPrediXcan.147.sh). For error details see the cluster log and the log files of the involved rule(s).
[Sun Mar 26 14:42:53 2023]
Error in rule SPrediXcan:
    jobid: 290
    input: /cluster/work/pausch/naveen/TWAS/splicing/epi_h/filtered_signif.db, /cluster/work/pausch/naveen/TWAS/GWAS/additive/ntar/gwas.txt, /cluster/work/pausch/naveen/TWAS/splicing/epi_h/covariances.txt.gz
    output: /cluster/work/pausch/naveen/TWAS/splicing/SprediXcan/additive/ntar/epi_h/result.txt
    shell:
        
        /cluster/home/nkadri/TWAS/MetXcan/software/SPrediXcan.py          --model_db_path /cluster/work/pausch/naveen/TWAS/splicing/epi_h/filtered_signif.db         --covariance /cluster/work/pausch/naveen/TWAS/splicing/epi_h/covariances.txt.gz          --gwas_file /cluster/work/pausch/naveen/TWAS/GWAS/additive/ntar/gwas.txt         --snp_column SNP         --effect_allele_column A2         --non_effect_allele_column A1         --beta_column BETA         --pvalue_column P         --output_file /cluster/work/pausch/naveen/TWAS/splicing/SprediXcan/additive/ntar/epi_h/result.txt
        
        (one of the commands exited with non-zero exit code; note that snakemake uses bash strict mode!)
    cluster_jobid: 256697288 logs/SPrediXcan/mpheno-splicing.inheri-additive.trait-ntar.tissue-epi_h.out

Error executing rule SPrediXcan on cluster (jobid: 290, external: 256697288 logs/SPrediXcan/mpheno-splicing.inheri-additive.trait-ntar.tissue-epi_h.out, jobscript: /cluster/home/nkadri/TWAS/SNAKES/spredi/.snakemake/tmp.ee5vpv6v/snakejob.SPrediXcan.290.sh). For error details see the cluster log and the log files of the involved rule(s).
[Sun Mar 26 14:42:53 2023]
Error in rule SPrediXcan:
    jobid: 284
    input: /cluster/work/pausch/naveen/TWAS/splicing/epi_h/filtered_signif.db, /cluster/work/pausch/naveen/TWAS/GWAS/additive/cnt/gwas.txt, /cluster/work/pausch/naveen/TWAS/splicing/epi_h/covariances.txt.gz
    output: /cluster/work/pausch/naveen/TWAS/splicing/SprediXcan/additive/cnt/epi_h/result.txt
    shell:
        
        /cluster/home/nkadri/TWAS/MetXcan/software/SPrediXcan.py          --model_db_path /cluster/work/pausch/naveen/TWAS/splicing/epi_h/filtered_signif.db         --covariance /cluster/work/pausch/naveen/TWAS/splicing/epi_h/covariances.txt.gz          --gwas_file /cluster/work/pausch/naveen/TWAS/GWAS/additive/cnt/gwas.txt         --snp_column SNP         --effect_allele_column A2         --non_effect_allele_column A1         --beta_column BETA         --pvalue_column P         --output_file /cluster/work/pausch/naveen/TWAS/splicing/SprediXcan/additive/cnt/epi_h/result.txt
        
        (one of the commands exited with non-zero exit code; note that snakemake uses bash strict mode!)
    cluster_jobid: 256697303 logs/SPrediXcan/mpheno-splicing.inheri-additive.trait-cnt.tissue-epi_h.out

Error executing rule SPrediXcan on cluster (jobid: 284, external: 256697303 logs/SPrediXcan/mpheno-splicing.inheri-additive.trait-cnt.tissue-epi_h.out, jobscript: /cluster/home/nkadri/TWAS/SNAKES/spredi/.snakemake/tmp.ee5vpv6v/snakejob.SPrediXcan.284.sh). For error details see the cluster log and the log files of the involved rule(s).
[Sun Mar 26 14:43:03 2023]
Error in rule SPrediXcan:
    jobid: 292
    input: /cluster/work/pausch/naveen/TWAS/splicing/epi_h/filtered_signif.db, /cluster/work/pausch/naveen/TWAS/GWAS/additive/fbkall/gwas.txt, /cluster/work/pausch/naveen/TWAS/splicing/epi_h/covariances.txt.gz
    output: /cluster/work/pausch/naveen/TWAS/splicing/SprediXcan/additive/fbkall/epi_h/result.txt
    shell:
        
        /cluster/home/nkadri/TWAS/MetXcan/software/SPrediXcan.py          --model_db_path /cluster/work/pausch/naveen/TWAS/splicing/epi_h/filtered_signif.db         --covariance /cluster/work/pausch/naveen/TWAS/splicing/epi_h/covariances.txt.gz          --gwas_file /cluster/work/pausch/naveen/TWAS/GWAS/additive/fbkall/gwas.txt         --snp_column SNP         --effect_allele_column A2         --non_effect_allele_column A1         --beta_column BETA         --pvalue_column P         --output_file /cluster/work/pausch/naveen/TWAS/splicing/SprediXcan/additive/fbkall/epi_h/result.txt
        
        (one of the commands exited with non-zero exit code; note that snakemake uses bash strict mode!)
    cluster_jobid: 256697293 logs/SPrediXcan/mpheno-splicing.inheri-additive.trait-fbkall.tissue-epi_h.out

Error executing rule SPrediXcan on cluster (jobid: 292, external: 256697293 logs/SPrediXcan/mpheno-splicing.inheri-additive.trait-fbkall.tissue-epi_h.out, jobscript: /cluster/home/nkadri/TWAS/SNAKES/spredi/.snakemake/tmp.ee5vpv6v/snakejob.SPrediXcan.292.sh). For error details see the cluster log and the log files of the involved rule(s).
[Sun Mar 26 14:43:04 2023]
Error in rule SPrediXcan:
    jobid: 1
    input: /cluster/work/pausch/naveen/TWAS/expression/testis/filtered_signif.db, /cluster/work/pausch/naveen/TWAS/GWAS/additive/head/gwas.txt, /cluster/work/pausch/naveen/TWAS/expression/testis/covariances.txt.gz
    output: /cluster/work/pausch/naveen/TWAS/expression/SprediXcan/additive/head/testis/result.txt
    shell:
        
        /cluster/home/nkadri/TWAS/MetXcan/software/SPrediXcan.py          --model_db_path /cluster/work/pausch/naveen/TWAS/expression/testis/filtered_signif.db         --covariance /cluster/work/pausch/naveen/TWAS/expression/testis/covariances.txt.gz          --gwas_file /cluster/work/pausch/naveen/TWAS/GWAS/additive/head/gwas.txt         --snp_column SNP         --effect_allele_column A2         --non_effect_allele_column A1         --beta_column BETA         --pvalue_column P         --output_file /cluster/work/pausch/naveen/TWAS/expression/SprediXcan/additive/head/testis/result.txt
        
        (one of the commands exited with non-zero exit code; note that snakemake uses bash strict mode!)
    cluster_jobid: 256697298 logs/SPrediXcan/mpheno-expression.inheri-additive.trait-head.tissue-testis.out

Error executing rule SPrediXcan on cluster (jobid: 1, external: 256697298 logs/SPrediXcan/mpheno-expression.inheri-additive.trait-head.tissue-testis.out, jobscript: /cluster/home/nkadri/TWAS/SNAKES/spredi/.snakemake/tmp.ee5vpv6v/snakejob.SPrediXcan.1.sh). For error details see the cluster log and the log files of the involved rule(s).
[Sun Mar 26 14:43:04 2023]
Error in rule SPrediXcan:
    jobid: 288
    input: /cluster/work/pausch/naveen/TWAS/splicing/epi_h/filtered_signif.db, /cluster/work/pausch/naveen/TWAS/GWAS/additive/mot/gwas.txt, /cluster/work/pausch/naveen/TWAS/splicing/epi_h/covariances.txt.gz
    output: /cluster/work/pausch/naveen/TWAS/splicing/SprediXcan/additive/mot/epi_h/result.txt
    shell:
        
        /cluster/home/nkadri/TWAS/MetXcan/software/SPrediXcan.py          --model_db_path /cluster/work/pausch/naveen/TWAS/splicing/epi_h/filtered_signif.db         --covariance /cluster/work/pausch/naveen/TWAS/splicing/epi_h/covariances.txt.gz          --gwas_file /cluster/work/pausch/naveen/TWAS/GWAS/additive/mot/gwas.txt         --snp_column SNP         --effect_allele_column A2         --non_effect_allele_column A1         --beta_column BETA         --pvalue_column P         --output_file /cluster/work/pausch/naveen/TWAS/splicing/SprediXcan/additive/mot/epi_h/result.txt
        
        (one of the commands exited with non-zero exit code; note that snakemake uses bash strict mode!)
    cluster_jobid: 256697299 logs/SPrediXcan/mpheno-splicing.inheri-additive.trait-mot.tissue-epi_h.out

Error executing rule SPrediXcan on cluster (jobid: 288, external: 256697299 logs/SPrediXcan/mpheno-splicing.inheri-additive.trait-mot.tissue-epi_h.out, jobscript: /cluster/home/nkadri/TWAS/SNAKES/spredi/.snakemake/tmp.ee5vpv6v/snakejob.SPrediXcan.288.sh). For error details see the cluster log and the log files of the involved rule(s).
[Sun Mar 26 14:43:04 2023]
Error in rule SPrediXcan:
    jobid: 281
    input: /cluster/work/pausch/naveen/TWAS/splicing/testis/filtered_signif.db, /cluster/work/pausch/naveen/TWAS/GWAS/additive/vol/gwas.txt, /cluster/work/pausch/naveen/TWAS/splicing/testis/covariances.txt.gz
    output: /cluster/work/pausch/naveen/TWAS/splicing/SprediXcan/additive/vol/testis/result.txt
    shell:
        
        /cluster/home/nkadri/TWAS/MetXcan/software/SPrediXcan.py          --model_db_path /cluster/work/pausch/naveen/TWAS/splicing/testis/filtered_signif.db         --covariance /cluster/work/pausch/naveen/TWAS/splicing/testis/covariances.txt.gz          --gwas_file /cluster/work/pausch/naveen/TWAS/GWAS/additive/vol/gwas.txt         --snp_column SNP         --effect_allele_column A2         --non_effect_allele_column A1         --beta_column BETA         --pvalue_column P         --output_file /cluster/work/pausch/naveen/TWAS/splicing/SprediXcan/additive/vol/testis/result.txt
        
        (one of the commands exited with non-zero exit code; note that snakemake uses bash strict mode!)
    cluster_jobid: 256697268 logs/SPrediXcan/mpheno-splicing.inheri-additive.trait-vol.tissue-testis.out

Error executing rule SPrediXcan on cluster (jobid: 281, external: 256697268 logs/SPrediXcan/mpheno-splicing.inheri-additive.trait-vol.tissue-testis.out, jobscript: /cluster/home/nkadri/TWAS/SNAKES/spredi/.snakemake/tmp.ee5vpv6v/snakejob.SPrediXcan.281.sh). For error details see the cluster log and the log files of the involved rule(s).
[Sun Mar 26 14:43:04 2023]
Error in rule SPrediXcan:
    jobid: 132
    input: /cluster/work/pausch/naveen/TWAS/expression/epi_h/filtered_signif.db, /cluster/work/pausch/naveen/TWAS/GWAS/additive/tail/gwas.txt, /cluster/work/pausch/naveen/TWAS/expression/epi_h/covariances.txt.gz
    output: /cluster/work/pausch/naveen/TWAS/expression/SprediXcan/additive/tail/epi_h/result.txt
    shell:
        
        /cluster/home/nkadri/TWAS/MetXcan/software/SPrediXcan.py          --model_db_path /cluster/work/pausch/naveen/TWAS/expression/epi_h/filtered_signif.db         --covariance /cluster/work/pausch/naveen/TWAS/expression/epi_h/covariances.txt.gz          --gwas_file /cluster/work/pausch/naveen/TWAS/GWAS/additive/tail/gwas.txt         --snp_column SNP         --effect_allele_column A2         --non_effect_allele_column A1         --beta_column BETA         --pvalue_column P         --output_file /cluster/work/pausch/naveen/TWAS/expression/SprediXcan/additive/tail/epi_h/result.txt
        
        (one of the commands exited with non-zero exit code; note that snakemake uses bash strict mode!)
    cluster_jobid: 256697258 logs/SPrediXcan/mpheno-expression.inheri-additive.trait-tail.tissue-epi_h.out

Error executing rule SPrediXcan on cluster (jobid: 132, external: 256697258 logs/SPrediXcan/mpheno-expression.inheri-additive.trait-tail.tissue-epi_h.out, jobscript: /cluster/home/nkadri/TWAS/SNAKES/spredi/.snakemake/tmp.ee5vpv6v/snakejob.SPrediXcan.132.sh). For error details see the cluster log and the log files of the involved rule(s).
[Sun Mar 26 14:43:04 2023]
Error in rule SPrediXcan:
    jobid: 280
    input: /cluster/work/pausch/naveen/TWAS/splicing/epi_h/filtered_signif.db, /cluster/work/pausch/naveen/TWAS/GWAS/additive/tail/gwas.txt, /cluster/work/pausch/naveen/TWAS/splicing/epi_h/covariances.txt.gz
    output: /cluster/work/pausch/naveen/TWAS/splicing/SprediXcan/additive/tail/epi_h/result.txt
    shell:
        
        /cluster/home/nkadri/TWAS/MetXcan/software/SPrediXcan.py          --model_db_path /cluster/work/pausch/naveen/TWAS/splicing/epi_h/filtered_signif.db         --covariance /cluster/work/pausch/naveen/TWAS/splicing/epi_h/covariances.txt.gz          --gwas_file /cluster/work/pausch/naveen/TWAS/GWAS/additive/tail/gwas.txt         --snp_column SNP         --effect_allele_column A2         --non_effect_allele_column A1         --beta_column BETA         --pvalue_column P         --output_file /cluster/work/pausch/naveen/TWAS/splicing/SprediXcan/additive/tail/epi_h/result.txt
        
        (one of the commands exited with non-zero exit code; note that snakemake uses bash strict mode!)
    cluster_jobid: 256697259 logs/SPrediXcan/mpheno-splicing.inheri-additive.trait-tail.tissue-epi_h.out

Error executing rule SPrediXcan on cluster (jobid: 280, external: 256697259 logs/SPrediXcan/mpheno-splicing.inheri-additive.trait-tail.tissue-epi_h.out, jobscript: /cluster/home/nkadri/TWAS/SNAKES/spredi/.snakemake/tmp.ee5vpv6v/snakejob.SPrediXcan.280.sh). For error details see the cluster log and the log files of the involved rule(s).
[Sun Mar 26 14:43:05 2023]
Error in rule SPrediXcan:
    jobid: 141
    input: /cluster/work/pausch/naveen/TWAS/expression/epi_h/filtered_signif.db, /cluster/work/pausch/naveen/TWAS/GWAS/additive/con/gwas.txt, /cluster/work/pausch/naveen/TWAS/expression/epi_h/covariances.txt.gz
    output: /cluster/work/pausch/naveen/TWAS/expression/SprediXcan/additive/con/epi_h/result.txt
    shell:
        
        /cluster/home/nkadri/TWAS/MetXcan/software/SPrediXcan.py          --model_db_path /cluster/work/pausch/naveen/TWAS/expression/epi_h/filtered_signif.db         --covariance /cluster/work/pausch/naveen/TWAS/expression/epi_h/covariances.txt.gz          --gwas_file /cluster/work/pausch/naveen/TWAS/GWAS/additive/con/gwas.txt         --snp_column SNP         --effect_allele_column A2         --non_effect_allele_column A1         --beta_column BETA         --pvalue_column P         --output_file /cluster/work/pausch/naveen/TWAS/expression/SprediXcan/additive/con/epi_h/result.txt
        
        (one of the commands exited with non-zero exit code; note that snakemake uses bash strict mode!)
    cluster_jobid: 256697263 logs/SPrediXcan/mpheno-expression.inheri-additive.trait-con.tissue-epi_h.out

Error executing rule SPrediXcan on cluster (jobid: 141, external: 256697263 logs/SPrediXcan/mpheno-expression.inheri-additive.trait-con.tissue-epi_h.out, jobscript: /cluster/home/nkadri/TWAS/SNAKES/spredi/.snakemake/tmp.ee5vpv6v/snakejob.SPrediXcan.141.sh). For error details see the cluster log and the log files of the involved rule(s).
[Sun Mar 26 14:43:05 2023]
Error in rule SPrediXcan:
    jobid: 285
    input: /cluster/work/pausch/naveen/TWAS/splicing/testis/filtered_signif.db, /cluster/work/pausch/naveen/TWAS/GWAS/additive/con/gwas.txt, /cluster/work/pausch/naveen/TWAS/splicing/testis/covariances.txt.gz
    output: /cluster/work/pausch/naveen/TWAS/splicing/SprediXcan/additive/con/testis/result.txt
    shell:
        
        /cluster/home/nkadri/TWAS/MetXcan/software/SPrediXcan.py          --model_db_path /cluster/work/pausch/naveen/TWAS/splicing/testis/filtered_signif.db         --covariance /cluster/work/pausch/naveen/TWAS/splicing/testis/covariances.txt.gz          --gwas_file /cluster/work/pausch/naveen/TWAS/GWAS/additive/con/gwas.txt         --snp_column SNP         --effect_allele_column A2         --non_effect_allele_column A1         --beta_column BETA         --pvalue_column P         --output_file /cluster/work/pausch/naveen/TWAS/splicing/SprediXcan/additive/con/testis/result.txt
        
        (one of the commands exited with non-zero exit code; note that snakemake uses bash strict mode!)
    cluster_jobid: 256697264 logs/SPrediXcan/mpheno-splicing.inheri-additive.trait-con.tissue-testis.out

Error executing rule SPrediXcan on cluster (jobid: 285, external: 256697264 logs/SPrediXcan/mpheno-splicing.inheri-additive.trait-con.tissue-testis.out, jobscript: /cluster/home/nkadri/TWAS/SNAKES/spredi/.snakemake/tmp.ee5vpv6v/snakejob.SPrediXcan.285.sh). For error details see the cluster log and the log files of the involved rule(s).
[Sun Mar 26 14:43:05 2023]
Error in rule SPrediXcan:
    jobid: 286
    input: /cluster/work/pausch/naveen/TWAS/splicing/epi_h/filtered_signif.db, /cluster/work/pausch/naveen/TWAS/GWAS/additive/con/gwas.txt, /cluster/work/pausch/naveen/TWAS/splicing/epi_h/covariances.txt.gz
    output: /cluster/work/pausch/naveen/TWAS/splicing/SprediXcan/additive/con/epi_h/result.txt
    shell:
        
        /cluster/home/nkadri/TWAS/MetXcan/software/SPrediXcan.py          --model_db_path /cluster/work/pausch/naveen/TWAS/splicing/epi_h/filtered_signif.db         --covariance /cluster/work/pausch/naveen/TWAS/splicing/epi_h/covariances.txt.gz          --gwas_file /cluster/work/pausch/naveen/TWAS/GWAS/additive/con/gwas.txt         --snp_column SNP         --effect_allele_column A2         --non_effect_allele_column A1         --beta_column BETA         --pvalue_column P         --output_file /cluster/work/pausch/naveen/TWAS/splicing/SprediXcan/additive/con/epi_h/result.txt
        
        (one of the commands exited with non-zero exit code; note that snakemake uses bash strict mode!)
    cluster_jobid: 256697265 logs/SPrediXcan/mpheno-splicing.inheri-additive.trait-con.tissue-epi_h.out

Error executing rule SPrediXcan on cluster (jobid: 286, external: 256697265 logs/SPrediXcan/mpheno-splicing.inheri-additive.trait-con.tissue-epi_h.out, jobscript: /cluster/home/nkadri/TWAS/SNAKES/spredi/.snakemake/tmp.ee5vpv6v/snakejob.SPrediXcan.286.sh). For error details see the cluster log and the log files of the involved rule(s).
[Sun Mar 26 14:43:05 2023]
Error in rule SPrediXcan:
    jobid: 151
    input: /cluster/work/pausch/naveen/TWAS/splicing/testis/filtered_signif.db, /cluster/work/pausch/naveen/TWAS/GWAS/additive/head/gwas.txt, /cluster/work/pausch/naveen/TWAS/splicing/testis/covariances.txt.gz
    output: /cluster/work/pausch/naveen/TWAS/splicing/SprediXcan/additive/head/testis/result.txt
    shell:
        
        /cluster/home/nkadri/TWAS/MetXcan/software/SPrediXcan.py          --model_db_path /cluster/work/pausch/naveen/TWAS/splicing/testis/filtered_signif.db         --covariance /cluster/work/pausch/naveen/TWAS/splicing/testis/covariances.txt.gz          --gwas_file /cluster/work/pausch/naveen/TWAS/GWAS/additive/head/gwas.txt         --snp_column SNP         --effect_allele_column A2         --non_effect_allele_column A1         --beta_column BETA         --pvalue_column P         --output_file /cluster/work/pausch/naveen/TWAS/splicing/SprediXcan/additive/head/testis/result.txt
        
        (one of the commands exited with non-zero exit code; note that snakemake uses bash strict mode!)
    cluster_jobid: 256697275 logs/SPrediXcan/mpheno-splicing.inheri-additive.trait-head.tissue-testis.out

Error executing rule SPrediXcan on cluster (jobid: 151, external: 256697275 logs/SPrediXcan/mpheno-splicing.inheri-additive.trait-head.tissue-testis.out, jobscript: /cluster/home/nkadri/TWAS/SNAKES/spredi/.snakemake/tmp.ee5vpv6v/snakejob.SPrediXcan.151.sh). For error details see the cluster log and the log files of the involved rule(s).
[Sun Mar 26 14:43:05 2023]
Error in rule SPrediXcan:
    jobid: 66
    input: /cluster/work/pausch/naveen/TWAS/expression/epi_h/filtered_signif.db, /cluster/work/pausch/naveen/TWAS/GWAS/additive/head/gwas.txt, /cluster/work/pausch/naveen/TWAS/expression/epi_h/covariances.txt.gz
    output: /cluster/work/pausch/naveen/TWAS/expression/SprediXcan/additive/head/epi_h/result.txt
    shell:
        
        /cluster/home/nkadri/TWAS/MetXcan/software/SPrediXcan.py          --model_db_path /cluster/work/pausch/naveen/TWAS/expression/epi_h/filtered_signif.db         --covariance /cluster/work/pausch/naveen/TWAS/expression/epi_h/covariances.txt.gz          --gwas_file /cluster/work/pausch/naveen/TWAS/GWAS/additive/head/gwas.txt         --snp_column SNP         --effect_allele_column A2         --non_effect_allele_column A1         --beta_column BETA         --pvalue_column P         --output_file /cluster/work/pausch/naveen/TWAS/expression/SprediXcan/additive/head/epi_h/result.txt
        
        (one of the commands exited with non-zero exit code; note that snakemake uses bash strict mode!)
    cluster_jobid: 256697278 logs/SPrediXcan/mpheno-expression.inheri-additive.trait-head.tissue-epi_h.out

Error executing rule SPrediXcan on cluster (jobid: 66, external: 256697278 logs/SPrediXcan/mpheno-expression.inheri-additive.trait-head.tissue-epi_h.out, jobscript: /cluster/home/nkadri/TWAS/SNAKES/spredi/.snakemake/tmp.ee5vpv6v/snakejob.SPrediXcan.66.sh). For error details see the cluster log and the log files of the involved rule(s).
[Sun Mar 26 14:43:06 2023]
Error in rule SPrediXcan:
    jobid: 289
    input: /cluster/work/pausch/naveen/TWAS/splicing/testis/filtered_signif.db, /cluster/work/pausch/naveen/TWAS/GWAS/additive/ntar/gwas.txt, /cluster/work/pausch/naveen/TWAS/splicing/testis/covariances.txt.gz
    output: /cluster/work/pausch/naveen/TWAS/splicing/SprediXcan/additive/ntar/testis/result.txt
    shell:
        
        /cluster/home/nkadri/TWAS/MetXcan/software/SPrediXcan.py          --model_db_path /cluster/work/pausch/naveen/TWAS/splicing/testis/filtered_signif.db         --covariance /cluster/work/pausch/naveen/TWAS/splicing/testis/covariances.txt.gz          --gwas_file /cluster/work/pausch/naveen/TWAS/GWAS/additive/ntar/gwas.txt         --snp_column SNP         --effect_allele_column A2         --non_effect_allele_column A1         --beta_column BETA         --pvalue_column P         --output_file /cluster/work/pausch/naveen/TWAS/splicing/SprediXcan/additive/ntar/testis/result.txt
        
        (one of the commands exited with non-zero exit code; note that snakemake uses bash strict mode!)
    cluster_jobid: 256697282 logs/SPrediXcan/mpheno-splicing.inheri-additive.trait-ntar.tissue-testis.out

Error executing rule SPrediXcan on cluster (jobid: 289, external: 256697282 logs/SPrediXcan/mpheno-splicing.inheri-additive.trait-ntar.tissue-testis.out, jobscript: /cluster/home/nkadri/TWAS/SNAKES/spredi/.snakemake/tmp.ee5vpv6v/snakejob.SPrediXcan.289.sh). For error details see the cluster log and the log files of the involved rule(s).
[Sun Mar 26 14:43:06 2023]
Error in rule SPrediXcan:
    jobid: 291
    input: /cluster/work/pausch/naveen/TWAS/splicing/testis/filtered_signif.db, /cluster/work/pausch/naveen/TWAS/GWAS/additive/fbkall/gwas.txt, /cluster/work/pausch/naveen/TWAS/splicing/testis/covariances.txt.gz
    output: /cluster/work/pausch/naveen/TWAS/splicing/SprediXcan/additive/fbkall/testis/result.txt
    shell:
        
        /cluster/home/nkadri/TWAS/MetXcan/software/SPrediXcan.py          --model_db_path /cluster/work/pausch/naveen/TWAS/splicing/testis/filtered_signif.db         --covariance /cluster/work/pausch/naveen/TWAS/splicing/testis/covariances.txt.gz          --gwas_file /cluster/work/pausch/naveen/TWAS/GWAS/additive/fbkall/gwas.txt         --snp_column SNP         --effect_allele_column A2         --non_effect_allele_column A1         --beta_column BETA         --pvalue_column P         --output_file /cluster/work/pausch/naveen/TWAS/splicing/SprediXcan/additive/fbkall/testis/result.txt
        
        (one of the commands exited with non-zero exit code; note that snakemake uses bash strict mode!)
    cluster_jobid: 256697291 logs/SPrediXcan/mpheno-splicing.inheri-additive.trait-fbkall.tissue-testis.out

Error executing rule SPrediXcan on cluster (jobid: 291, external: 256697291 logs/SPrediXcan/mpheno-splicing.inheri-additive.trait-fbkall.tissue-testis.out, jobscript: /cluster/home/nkadri/TWAS/SNAKES/spredi/.snakemake/tmp.ee5vpv6v/snakejob.SPrediXcan.291.sh). For error details see the cluster log and the log files of the involved rule(s).
[Sun Mar 26 14:43:06 2023]
Error in rule SPrediXcan:
    jobid: 148
    input: /cluster/work/pausch/naveen/TWAS/expression/testis/filtered_signif.db, /cluster/work/pausch/naveen/TWAS/GWAS/additive/fbkall/gwas.txt, /cluster/work/pausch/naveen/TWAS/expression/testis/covariances.txt.gz
    output: /cluster/work/pausch/naveen/TWAS/expression/SprediXcan/additive/fbkall/testis/result.txt
    shell:
        
        /cluster/home/nkadri/TWAS/MetXcan/software/SPrediXcan.py          --model_db_path /cluster/work/pausch/naveen/TWAS/expression/testis/filtered_signif.db         --covariance /cluster/work/pausch/naveen/TWAS/expression/testis/covariances.txt.gz          --gwas_file /cluster/work/pausch/naveen/TWAS/GWAS/additive/fbkall/gwas.txt         --snp_column SNP         --effect_allele_column A2         --non_effect_allele_column A1         --beta_column BETA         --pvalue_column P         --output_file /cluster/work/pausch/naveen/TWAS/expression/SprediXcan/additive/fbkall/testis/result.txt
        
        (one of the commands exited with non-zero exit code; note that snakemake uses bash strict mode!)
    cluster_jobid: 256697292 logs/SPrediXcan/mpheno-expression.inheri-additive.trait-fbkall.tissue-testis.out

Error executing rule SPrediXcan on cluster (jobid: 148, external: 256697292 logs/SPrediXcan/mpheno-expression.inheri-additive.trait-fbkall.tissue-testis.out, jobscript: /cluster/home/nkadri/TWAS/SNAKES/spredi/.snakemake/tmp.ee5vpv6v/snakejob.SPrediXcan.148.sh). For error details see the cluster log and the log files of the involved rule(s).
Exiting because a job execution failed. Look above for error message
Complete log: .snakemake/log/2023-03-26T143620.702740.snakemake.log
