Building DAG of jobs...
Using shell: /cluster/apps/sfos/bin/bash
Provided cluster nodes: 5000
Job stats:
job           count    min threads    max threads
----------  -------  -------------  -------------
SPrediXcan       32              1              1
all               1              1              1
total            33              1              1

Select jobs to execute...

[Sun Mar 26 15:13:15 2023]
rule SPrediXcan:
    input: /cluster/work/pausch/naveen/TWAS/splicing/testis/filtered_signif.db, /cluster/work/pausch/naveen/TWAS/GWAS/additive/head/gwas.txt, /cluster/work/pausch/naveen/TWAS/splicing/testis/covariances.txt.gz
    output: /cluster/work/pausch/naveen/TWAS/splicing/SprediXcan/additive/head/testis/result.txt
    jobid: 151
    reason: Missing output files: /cluster/work/pausch/naveen/TWAS/splicing/SprediXcan/additive/head/testis/result.txt
    wildcards: mpheno=splicing, inheri=additive, trait=head, tissue=testis
    resources: mem_mb=36000, mem_mib=34333, disk_mb=4072, disk_mib=3884, tmpdir=<TBD>, walltime=02:00

Submitted job 151 with external jobid '256697947 logs/SPrediXcan/mpheno-splicing.inheri-additive.trait-head.tissue-testis.out'.

[Sun Mar 26 15:13:17 2023]
rule SPrediXcan:
    input: /cluster/work/pausch/naveen/TWAS/expression/epi_h/filtered_signif.db, /cluster/work/pausch/naveen/TWAS/GWAS/additive/con/gwas.txt, /cluster/work/pausch/naveen/TWAS/expression/epi_h/covariances.txt.gz
    output: /cluster/work/pausch/naveen/TWAS/expression/SprediXcan/additive/con/epi_h/result.txt
    jobid: 141
    reason: Missing output files: /cluster/work/pausch/naveen/TWAS/expression/SprediXcan/additive/con/epi_h/result.txt
    wildcards: mpheno=expression, inheri=additive, trait=con, tissue=epi_h
    resources: mem_mb=36000, mem_mib=34333, disk_mb=2065, disk_mib=1970, tmpdir=<TBD>, walltime=02:00

Submitted job 141 with external jobid '256697948 logs/SPrediXcan/mpheno-expression.inheri-additive.trait-con.tissue-epi_h.out'.

[Sun Mar 26 15:13:17 2023]
rule SPrediXcan:
    input: /cluster/work/pausch/naveen/TWAS/expression/epi_h/filtered_signif.db, /cluster/work/pausch/naveen/TWAS/GWAS/additive/head/gwas.txt, /cluster/work/pausch/naveen/TWAS/expression/epi_h/covariances.txt.gz
    output: /cluster/work/pausch/naveen/TWAS/expression/SprediXcan/additive/head/epi_h/result.txt
    jobid: 66
    reason: Missing output files: /cluster/work/pausch/naveen/TWAS/expression/SprediXcan/additive/head/epi_h/result.txt
    wildcards: mpheno=expression, inheri=additive, trait=head, tissue=epi_h
    resources: mem_mb=36000, mem_mib=34333, disk_mb=2229, disk_mib=2126, tmpdir=<TBD>, walltime=02:00

Submitted job 66 with external jobid '256697951 logs/SPrediXcan/mpheno-expression.inheri-additive.trait-head.tissue-epi_h.out'.

[Sun Mar 26 15:13:18 2023]
rule SPrediXcan:
    input: /cluster/work/pausch/naveen/TWAS/splicing/testis/filtered_signif.db, /cluster/work/pausch/naveen/TWAS/GWAS/additive/tail/gwas.txt, /cluster/work/pausch/naveen/TWAS/splicing/testis/covariances.txt.gz
    output: /cluster/work/pausch/naveen/TWAS/splicing/SprediXcan/additive/tail/testis/result.txt
    jobid: 279
    reason: Missing output files: /cluster/work/pausch/naveen/TWAS/splicing/SprediXcan/additive/tail/testis/result.txt
    wildcards: mpheno=splicing, inheri=additive, trait=tail, tissue=testis
    resources: mem_mb=36000, mem_mib=34333, disk_mb=4043, disk_mib=3856, tmpdir=<TBD>, walltime=02:00

Submitted job 279 with external jobid '256697952 logs/SPrediXcan/mpheno-splicing.inheri-additive.trait-tail.tissue-testis.out'.

[Sun Mar 26 15:13:19 2023]
rule SPrediXcan:
    input: /cluster/work/pausch/naveen/TWAS/expression/testis/filtered_signif.db, /cluster/work/pausch/naveen/TWAS/GWAS/additive/tail/gwas.txt, /cluster/work/pausch/naveen/TWAS/expression/testis/covariances.txt.gz
    output: /cluster/work/pausch/naveen/TWAS/expression/SprediXcan/additive/tail/testis/result.txt
    jobid: 130
    reason: Missing output files: /cluster/work/pausch/naveen/TWAS/expression/SprediXcan/additive/tail/testis/result.txt
    wildcards: mpheno=expression, inheri=additive, trait=tail, tissue=testis
    resources: mem_mb=36000, mem_mib=34333, disk_mb=2539, disk_mib=2422, tmpdir=<TBD>, walltime=02:00

Submitted job 130 with external jobid '256697954 logs/SPrediXcan/mpheno-expression.inheri-additive.trait-tail.tissue-testis.out'.

[Sun Mar 26 15:13:19 2023]
rule SPrediXcan:
    input: /cluster/work/pausch/naveen/TWAS/splicing/testis/filtered_signif.db, /cluster/work/pausch/naveen/TWAS/GWAS/additive/con/gwas.txt, /cluster/work/pausch/naveen/TWAS/splicing/testis/covariances.txt.gz
    output: /cluster/work/pausch/naveen/TWAS/splicing/SprediXcan/additive/con/testis/result.txt
    jobid: 285
    reason: Missing output files: /cluster/work/pausch/naveen/TWAS/splicing/SprediXcan/additive/con/testis/result.txt
    wildcards: mpheno=splicing, inheri=additive, trait=con, tissue=testis
    resources: mem_mb=36000, mem_mib=34333, disk_mb=3909, disk_mib=3728, tmpdir=<TBD>, walltime=02:00

Submitted job 285 with external jobid '256697956 logs/SPrediXcan/mpheno-splicing.inheri-additive.trait-con.tissue-testis.out'.

[Sun Mar 26 15:13:20 2023]
rule SPrediXcan:
    input: /cluster/work/pausch/naveen/TWAS/splicing/epi_h/filtered_signif.db, /cluster/work/pausch/naveen/TWAS/GWAS/additive/head/gwas.txt, /cluster/work/pausch/naveen/TWAS/splicing/epi_h/covariances.txt.gz
    output: /cluster/work/pausch/naveen/TWAS/splicing/SprediXcan/additive/head/epi_h/result.txt
    jobid: 215
    reason: Missing output files: /cluster/work/pausch/naveen/TWAS/splicing/SprediXcan/additive/head/epi_h/result.txt
    wildcards: mpheno=splicing, inheri=additive, trait=head, tissue=epi_h
    resources: mem_mb=36000, mem_mib=34333, disk_mb=2818, disk_mib=2688, tmpdir=<TBD>, walltime=02:00

Submitted job 215 with external jobid '256697958 logs/SPrediXcan/mpheno-splicing.inheri-additive.trait-head.tissue-epi_h.out'.

[Sun Mar 26 15:13:20 2023]
rule SPrediXcan:
    input: /cluster/work/pausch/naveen/TWAS/expression/testis/filtered_signif.db, /cluster/work/pausch/naveen/TWAS/GWAS/additive/ntar/gwas.txt, /cluster/work/pausch/naveen/TWAS/expression/testis/covariances.txt.gz
    output: /cluster/work/pausch/naveen/TWAS/expression/SprediXcan/additive/ntar/testis/result.txt
    jobid: 145
    reason: Missing output files: /cluster/work/pausch/naveen/TWAS/expression/SprediXcan/additive/ntar/testis/result.txt
    wildcards: mpheno=expression, inheri=additive, trait=ntar, tissue=testis
    resources: mem_mb=36000, mem_mib=34333, disk_mb=2478, disk_mib=2364, tmpdir=<TBD>, walltime=02:00

Submitted job 145 with external jobid '256697960 logs/SPrediXcan/mpheno-expression.inheri-additive.trait-ntar.tissue-testis.out'.

[Sun Mar 26 15:13:21 2023]
rule SPrediXcan:
    input: /cluster/work/pausch/naveen/TWAS/splicing/testis/filtered_signif.db, /cluster/work/pausch/naveen/TWAS/GWAS/additive/ntar/gwas.txt, /cluster/work/pausch/naveen/TWAS/splicing/testis/covariances.txt.gz
    output: /cluster/work/pausch/naveen/TWAS/splicing/SprediXcan/additive/ntar/testis/result.txt
    jobid: 289
    reason: Missing output files: /cluster/work/pausch/naveen/TWAS/splicing/SprediXcan/additive/ntar/testis/result.txt
    wildcards: mpheno=splicing, inheri=additive, trait=ntar, tissue=testis
    resources: mem_mb=36000, mem_mib=34333, disk_mb=3982, disk_mib=3798, tmpdir=<TBD>, walltime=02:00

Submitted job 289 with external jobid '256697962 logs/SPrediXcan/mpheno-splicing.inheri-additive.trait-ntar.tissue-testis.out'.

[Sun Mar 26 15:13:22 2023]
rule SPrediXcan:
    input: /cluster/work/pausch/naveen/TWAS/splicing/epi_h/filtered_signif.db, /cluster/work/pausch/naveen/TWAS/GWAS/additive/tail/gwas.txt, /cluster/work/pausch/naveen/TWAS/splicing/epi_h/covariances.txt.gz
    output: /cluster/work/pausch/naveen/TWAS/splicing/SprediXcan/additive/tail/epi_h/result.txt
    jobid: 280
    reason: Missing output files: /cluster/work/pausch/naveen/TWAS/splicing/SprediXcan/additive/tail/epi_h/result.txt
    wildcards: mpheno=splicing, inheri=additive, trait=tail, tissue=epi_h
    resources: mem_mb=36000, mem_mib=34333, disk_mb=2789, disk_mib=2660, tmpdir=<TBD>, walltime=02:00

Submitted job 280 with external jobid '256697964 logs/SPrediXcan/mpheno-splicing.inheri-additive.trait-tail.tissue-epi_h.out'.

[Sun Mar 26 15:13:22 2023]
rule SPrediXcan:
    input: /cluster/work/pausch/naveen/TWAS/splicing/epi_h/filtered_signif.db, /cluster/work/pausch/naveen/TWAS/GWAS/additive/con/gwas.txt, /cluster/work/pausch/naveen/TWAS/splicing/epi_h/covariances.txt.gz
    output: /cluster/work/pausch/naveen/TWAS/splicing/SprediXcan/additive/con/epi_h/result.txt
    jobid: 286
    reason: Missing output files: /cluster/work/pausch/naveen/TWAS/splicing/SprediXcan/additive/con/epi_h/result.txt
    wildcards: mpheno=splicing, inheri=additive, trait=con, tissue=epi_h
    resources: mem_mb=36000, mem_mib=34333, disk_mb=2654, disk_mib=2532, tmpdir=<TBD>, walltime=02:00

Submitted job 286 with external jobid '256697966 logs/SPrediXcan/mpheno-splicing.inheri-additive.trait-con.tissue-epi_h.out'.

[Sun Mar 26 15:13:23 2023]
rule SPrediXcan:
    input: /cluster/work/pausch/naveen/TWAS/expression/epi_h/filtered_signif.db, /cluster/work/pausch/naveen/TWAS/GWAS/additive/ntar/gwas.txt, /cluster/work/pausch/naveen/TWAS/expression/epi_h/covariances.txt.gz
    output: /cluster/work/pausch/naveen/TWAS/expression/SprediXcan/additive/ntar/epi_h/result.txt
    jobid: 147
    reason: Missing output files: /cluster/work/pausch/naveen/TWAS/expression/SprediXcan/additive/ntar/epi_h/result.txt
    wildcards: mpheno=expression, inheri=additive, trait=ntar, tissue=epi_h
    resources: mem_mb=36000, mem_mib=34333, disk_mb=2139, disk_mib=2040, tmpdir=<TBD>, walltime=02:00

Submitted job 147 with external jobid '256697969 logs/SPrediXcan/mpheno-expression.inheri-additive.trait-ntar.tissue-epi_h.out'.

[Sun Mar 26 15:13:23 2023]
rule SPrediXcan:
    input: /cluster/work/pausch/naveen/TWAS/expression/testis/filtered_signif.db, /cluster/work/pausch/naveen/TWAS/GWAS/additive/mot/gwas.txt, /cluster/work/pausch/naveen/TWAS/expression/testis/covariances.txt.gz
    output: /cluster/work/pausch/naveen/TWAS/expression/SprediXcan/additive/mot/testis/result.txt
    jobid: 142
    reason: Missing output files: /cluster/work/pausch/naveen/TWAS/expression/SprediXcan/additive/mot/testis/result.txt
    wildcards: mpheno=expression, inheri=additive, trait=mot, tissue=testis
    resources: mem_mb=36000, mem_mib=34333, disk_mb=2474, disk_mib=2360, tmpdir=<TBD>, walltime=02:00

Submitted job 142 with external jobid '256697971 logs/SPrediXcan/mpheno-expression.inheri-additive.trait-mot.tissue-testis.out'.

[Sun Mar 26 15:13:24 2023]
rule SPrediXcan:
    input: /cluster/work/pausch/naveen/TWAS/expression/testis/filtered_signif.db, /cluster/work/pausch/naveen/TWAS/GWAS/additive/cnt/gwas.txt, /cluster/work/pausch/naveen/TWAS/expression/testis/covariances.txt.gz
    output: /cluster/work/pausch/naveen/TWAS/expression/SprediXcan/additive/cnt/testis/result.txt
    jobid: 136
    reason: Missing output files: /cluster/work/pausch/naveen/TWAS/expression/SprediXcan/additive/cnt/testis/result.txt
    wildcards: mpheno=expression, inheri=additive, trait=cnt, tissue=testis
    resources: mem_mb=36000, mem_mib=34333, disk_mb=2403, disk_mib=2292, tmpdir=<TBD>, walltime=02:00

Submitted job 136 with external jobid '256697973 logs/SPrediXcan/mpheno-expression.inheri-additive.trait-cnt.tissue-testis.out'.

[Sun Mar 26 15:13:25 2023]
rule SPrediXcan:
    input: /cluster/work/pausch/naveen/TWAS/splicing/epi_h/filtered_signif.db, /cluster/work/pausch/naveen/TWAS/GWAS/additive/ntar/gwas.txt, /cluster/work/pausch/naveen/TWAS/splicing/epi_h/covariances.txt.gz
    output: /cluster/work/pausch/naveen/TWAS/splicing/SprediXcan/additive/ntar/epi_h/result.txt
    jobid: 290
    reason: Missing output files: /cluster/work/pausch/naveen/TWAS/splicing/SprediXcan/additive/ntar/epi_h/result.txt
    wildcards: mpheno=splicing, inheri=additive, trait=ntar, tissue=epi_h
    resources: mem_mb=36000, mem_mib=34333, disk_mb=2728, disk_mib=2602, tmpdir=<TBD>, walltime=02:00

Submitted job 290 with external jobid '256697974 logs/SPrediXcan/mpheno-splicing.inheri-additive.trait-ntar.tissue-epi_h.out'.

[Sun Mar 26 15:13:25 2023]
rule SPrediXcan:
    input: /cluster/work/pausch/naveen/TWAS/splicing/testis/filtered_signif.db, /cluster/work/pausch/naveen/TWAS/GWAS/additive/mot/gwas.txt, /cluster/work/pausch/naveen/TWAS/splicing/testis/covariances.txt.gz
    output: /cluster/work/pausch/naveen/TWAS/splicing/SprediXcan/additive/mot/testis/result.txt
    jobid: 287
    reason: Missing output files: /cluster/work/pausch/naveen/TWAS/splicing/SprediXcan/additive/mot/testis/result.txt
    wildcards: mpheno=splicing, inheri=additive, trait=mot, tissue=testis
    resources: mem_mb=36000, mem_mib=34333, disk_mb=3979, disk_mib=3795, tmpdir=<TBD>, walltime=02:00

Submitted job 287 with external jobid '256697975 logs/SPrediXcan/mpheno-splicing.inheri-additive.trait-mot.tissue-testis.out'.

[Sun Mar 26 15:13:26 2023]
rule SPrediXcan:
    input: /cluster/work/pausch/naveen/TWAS/splicing/testis/filtered_signif.db, /cluster/work/pausch/naveen/TWAS/GWAS/additive/vol/gwas.txt, /cluster/work/pausch/naveen/TWAS/splicing/testis/covariances.txt.gz
    output: /cluster/work/pausch/naveen/TWAS/splicing/SprediXcan/additive/vol/testis/result.txt
    jobid: 281
    reason: Missing output files: /cluster/work/pausch/naveen/TWAS/splicing/SprediXcan/additive/vol/testis/result.txt
    wildcards: mpheno=splicing, inheri=additive, trait=vol, tissue=testis
    resources: mem_mb=36000, mem_mib=34333, disk_mb=4019, disk_mib=3833, tmpdir=<TBD>, walltime=02:00

Submitted job 281 with external jobid '256697977 logs/SPrediXcan/mpheno-splicing.inheri-additive.trait-vol.tissue-testis.out'.

[Sun Mar 26 15:13:26 2023]
rule SPrediXcan:
    input: /cluster/work/pausch/naveen/TWAS/expression/epi_h/filtered_signif.db, /cluster/work/pausch/naveen/TWAS/GWAS/additive/cnt/gwas.txt, /cluster/work/pausch/naveen/TWAS/expression/epi_h/covariances.txt.gz
    output: /cluster/work/pausch/naveen/TWAS/expression/SprediXcan/additive/cnt/epi_h/result.txt
    jobid: 138
    reason: Missing output files: /cluster/work/pausch/naveen/TWAS/expression/SprediXcan/additive/cnt/epi_h/result.txt
    wildcards: mpheno=expression, inheri=additive, trait=cnt, tissue=epi_h
    resources: mem_mb=36000, mem_mib=34333, disk_mb=2064, disk_mib=1969, tmpdir=<TBD>, walltime=02:00

Submitted job 138 with external jobid '256697979 logs/SPrediXcan/mpheno-expression.inheri-additive.trait-cnt.tissue-epi_h.out'.

[Sun Mar 26 15:13:27 2023]
rule SPrediXcan:
    input: /cluster/work/pausch/naveen/TWAS/splicing/testis/filtered_signif.db, /cluster/work/pausch/naveen/TWAS/GWAS/additive/fbkall/gwas.txt, /cluster/work/pausch/naveen/TWAS/splicing/testis/covariances.txt.gz
    output: /cluster/work/pausch/naveen/TWAS/splicing/SprediXcan/additive/fbkall/testis/result.txt
    jobid: 291
    reason: Missing output files: /cluster/work/pausch/naveen/TWAS/splicing/SprediXcan/additive/fbkall/testis/result.txt
    wildcards: mpheno=splicing, inheri=additive, trait=fbkall, tissue=testis
    resources: mem_mb=36000, mem_mib=34333, disk_mb=4212, disk_mib=4017, tmpdir=<TBD>, walltime=02:00

Submitted job 291 with external jobid '256697983 logs/SPrediXcan/mpheno-splicing.inheri-additive.trait-fbkall.tissue-testis.out'.

[Sun Mar 26 15:13:28 2023]
rule SPrediXcan:
    input: /cluster/work/pausch/naveen/TWAS/expression/testis/filtered_signif.db, /cluster/work/pausch/naveen/TWAS/GWAS/additive/fbkall/gwas.txt, /cluster/work/pausch/naveen/TWAS/expression/testis/covariances.txt.gz
    output: /cluster/work/pausch/naveen/TWAS/expression/SprediXcan/additive/fbkall/testis/result.txt
    jobid: 148
    reason: Missing output files: /cluster/work/pausch/naveen/TWAS/expression/SprediXcan/additive/fbkall/testis/result.txt
    wildcards: mpheno=expression, inheri=additive, trait=fbkall, tissue=testis
    resources: mem_mb=36000, mem_mib=34333, disk_mb=2708, disk_mib=2583, tmpdir=<TBD>, walltime=02:00

Submitted job 148 with external jobid '256697985 logs/SPrediXcan/mpheno-expression.inheri-additive.trait-fbkall.tissue-testis.out'.

[Sun Mar 26 15:13:29 2023]
rule SPrediXcan:
    input: /cluster/work/pausch/naveen/TWAS/splicing/epi_h/filtered_signif.db, /cluster/work/pausch/naveen/TWAS/GWAS/additive/fbkall/gwas.txt, /cluster/work/pausch/naveen/TWAS/splicing/epi_h/covariances.txt.gz
    output: /cluster/work/pausch/naveen/TWAS/splicing/SprediXcan/additive/fbkall/epi_h/result.txt
    jobid: 292
    reason: Missing output files: /cluster/work/pausch/naveen/TWAS/splicing/SprediXcan/additive/fbkall/epi_h/result.txt
    wildcards: mpheno=splicing, inheri=additive, trait=fbkall, tissue=epi_h
    resources: mem_mb=36000, mem_mib=34333, disk_mb=2958, disk_mib=2821, tmpdir=<TBD>, walltime=02:00

Submitted job 292 with external jobid '256697986 logs/SPrediXcan/mpheno-splicing.inheri-additive.trait-fbkall.tissue-epi_h.out'.

[Sun Mar 26 15:13:29 2023]
rule SPrediXcan:
    input: /cluster/work/pausch/naveen/TWAS/splicing/epi_h/filtered_signif.db, /cluster/work/pausch/naveen/TWAS/GWAS/additive/vol/gwas.txt, /cluster/work/pausch/naveen/TWAS/splicing/epi_h/covariances.txt.gz
    output: /cluster/work/pausch/naveen/TWAS/splicing/SprediXcan/additive/vol/epi_h/result.txt
    jobid: 282
    reason: Missing output files: /cluster/work/pausch/naveen/TWAS/splicing/SprediXcan/additive/vol/epi_h/result.txt
    wildcards: mpheno=splicing, inheri=additive, trait=vol, tissue=epi_h
    resources: mem_mb=36000, mem_mib=34333, disk_mb=2765, disk_mib=2637, tmpdir=<TBD>, walltime=02:00

Submitted job 282 with external jobid '256697987 logs/SPrediXcan/mpheno-splicing.inheri-additive.trait-vol.tissue-epi_h.out'.

[Sun Mar 26 15:13:30 2023]
rule SPrediXcan:
    input: /cluster/work/pausch/naveen/TWAS/expression/epi_h/filtered_signif.db, /cluster/work/pausch/naveen/TWAS/GWAS/additive/fbkall/gwas.txt, /cluster/work/pausch/naveen/TWAS/expression/epi_h/covariances.txt.gz
    output: /cluster/work/pausch/naveen/TWAS/expression/SprediXcan/additive/fbkall/epi_h/result.txt
    jobid: 150
    reason: Missing output files: /cluster/work/pausch/naveen/TWAS/expression/SprediXcan/additive/fbkall/epi_h/result.txt
    wildcards: mpheno=expression, inheri=additive, trait=fbkall, tissue=epi_h
    resources: mem_mb=36000, mem_mib=34333, disk_mb=2369, disk_mib=2260, tmpdir=<TBD>, walltime=02:00

Submitted job 150 with external jobid '256697988 logs/SPrediXcan/mpheno-expression.inheri-additive.trait-fbkall.tissue-epi_h.out'.

[Sun Mar 26 15:13:31 2023]
rule SPrediXcan:
    input: /cluster/work/pausch/naveen/TWAS/expression/epi_h/filtered_signif.db, /cluster/work/pausch/naveen/TWAS/GWAS/additive/mot/gwas.txt, /cluster/work/pausch/naveen/TWAS/expression/epi_h/covariances.txt.gz
    output: /cluster/work/pausch/naveen/TWAS/expression/SprediXcan/additive/mot/epi_h/result.txt
    jobid: 144
    reason: Missing output files: /cluster/work/pausch/naveen/TWAS/expression/SprediXcan/additive/mot/epi_h/result.txt
    wildcards: mpheno=expression, inheri=additive, trait=mot, tissue=epi_h
    resources: mem_mb=36000, mem_mib=34333, disk_mb=2136, disk_mib=2038, tmpdir=<TBD>, walltime=02:00

Submitted job 144 with external jobid '256697989 logs/SPrediXcan/mpheno-expression.inheri-additive.trait-mot.tissue-epi_h.out'.

[Sun Mar 26 15:13:32 2023]
rule SPrediXcan:
    input: /cluster/work/pausch/naveen/TWAS/expression/testis/filtered_signif.db, /cluster/work/pausch/naveen/TWAS/GWAS/additive/head/gwas.txt, /cluster/work/pausch/naveen/TWAS/expression/testis/covariances.txt.gz
    output: /cluster/work/pausch/naveen/TWAS/expression/SprediXcan/additive/head/testis/result.txt
    jobid: 1
    reason: Missing output files: /cluster/work/pausch/naveen/TWAS/expression/SprediXcan/additive/head/testis/result.txt
    wildcards: mpheno=expression, inheri=additive, trait=head, tissue=testis
    resources: mem_mb=36000, mem_mib=34333, disk_mb=2567, disk_mib=2449, tmpdir=<TBD>, walltime=02:00

Submitted job 1 with external jobid '256697990 logs/SPrediXcan/mpheno-expression.inheri-additive.trait-head.tissue-testis.out'.

[Sun Mar 26 15:13:34 2023]
rule SPrediXcan:
    input: /cluster/work/pausch/naveen/TWAS/expression/testis/filtered_signif.db, /cluster/work/pausch/naveen/TWAS/GWAS/additive/con/gwas.txt, /cluster/work/pausch/naveen/TWAS/expression/testis/covariances.txt.gz
    output: /cluster/work/pausch/naveen/TWAS/expression/SprediXcan/additive/con/testis/result.txt
    jobid: 139
    reason: Missing output files: /cluster/work/pausch/naveen/TWAS/expression/SprediXcan/additive/con/testis/result.txt
    wildcards: mpheno=expression, inheri=additive, trait=con, tissue=testis
    resources: mem_mb=36000, mem_mib=34333, disk_mb=2404, disk_mib=2293, tmpdir=<TBD>, walltime=02:00

Submitted job 139 with external jobid '256697991 logs/SPrediXcan/mpheno-expression.inheri-additive.trait-con.tissue-testis.out'.

[Sun Mar 26 15:13:34 2023]
rule SPrediXcan:
    input: /cluster/work/pausch/naveen/TWAS/expression/testis/filtered_signif.db, /cluster/work/pausch/naveen/TWAS/GWAS/additive/vol/gwas.txt, /cluster/work/pausch/naveen/TWAS/expression/testis/covariances.txt.gz
    output: /cluster/work/pausch/naveen/TWAS/expression/SprediXcan/additive/vol/testis/result.txt
    jobid: 133
    reason: Missing output files: /cluster/work/pausch/naveen/TWAS/expression/SprediXcan/additive/vol/testis/result.txt
    wildcards: mpheno=expression, inheri=additive, trait=vol, tissue=testis
    resources: mem_mb=36000, mem_mib=34333, disk_mb=2514, disk_mib=2398, tmpdir=<TBD>, walltime=02:00

Submitted job 133 with external jobid '256697992 logs/SPrediXcan/mpheno-expression.inheri-additive.trait-vol.tissue-testis.out'.

[Sun Mar 26 15:13:35 2023]
rule SPrediXcan:
    input: /cluster/work/pausch/naveen/TWAS/splicing/epi_h/filtered_signif.db, /cluster/work/pausch/naveen/TWAS/GWAS/additive/mot/gwas.txt, /cluster/work/pausch/naveen/TWAS/splicing/epi_h/covariances.txt.gz
    output: /cluster/work/pausch/naveen/TWAS/splicing/SprediXcan/additive/mot/epi_h/result.txt
    jobid: 288
    reason: Missing output files: /cluster/work/pausch/naveen/TWAS/splicing/SprediXcan/additive/mot/epi_h/result.txt
    wildcards: mpheno=splicing, inheri=additive, trait=mot, tissue=epi_h
    resources: mem_mb=36000, mem_mib=34333, disk_mb=2725, disk_mib=2599, tmpdir=<TBD>, walltime=02:00

Submitted job 288 with external jobid '256697993 logs/SPrediXcan/mpheno-splicing.inheri-additive.trait-mot.tissue-epi_h.out'.

[Sun Mar 26 15:13:35 2023]
rule SPrediXcan:
    input: /cluster/work/pausch/naveen/TWAS/splicing/testis/filtered_signif.db, /cluster/work/pausch/naveen/TWAS/GWAS/additive/cnt/gwas.txt, /cluster/work/pausch/naveen/TWAS/splicing/testis/covariances.txt.gz
    output: /cluster/work/pausch/naveen/TWAS/splicing/SprediXcan/additive/cnt/testis/result.txt
    jobid: 283
    reason: Missing output files: /cluster/work/pausch/naveen/TWAS/splicing/SprediXcan/additive/cnt/testis/result.txt
    wildcards: mpheno=splicing, inheri=additive, trait=cnt, tissue=testis
    resources: mem_mb=36000, mem_mib=34333, disk_mb=3908, disk_mib=3727, tmpdir=<TBD>, walltime=02:00

Submitted job 283 with external jobid '256697994 logs/SPrediXcan/mpheno-splicing.inheri-additive.trait-cnt.tissue-testis.out'.

[Sun Mar 26 15:13:36 2023]
rule SPrediXcan:
    input: /cluster/work/pausch/naveen/TWAS/expression/epi_h/filtered_signif.db, /cluster/work/pausch/naveen/TWAS/GWAS/additive/vol/gwas.txt, /cluster/work/pausch/naveen/TWAS/expression/epi_h/covariances.txt.gz
    output: /cluster/work/pausch/naveen/TWAS/expression/SprediXcan/additive/vol/epi_h/result.txt
    jobid: 135
    reason: Missing output files: /cluster/work/pausch/naveen/TWAS/expression/SprediXcan/additive/vol/epi_h/result.txt
    wildcards: mpheno=expression, inheri=additive, trait=vol, tissue=epi_h
    resources: mem_mb=36000, mem_mib=34333, disk_mb=2175, disk_mib=2075, tmpdir=<TBD>, walltime=02:00

Submitted job 135 with external jobid '256697995 logs/SPrediXcan/mpheno-expression.inheri-additive.trait-vol.tissue-epi_h.out'.

[Sun Mar 26 15:13:37 2023]
rule SPrediXcan:
    input: /cluster/work/pausch/naveen/TWAS/expression/epi_h/filtered_signif.db, /cluster/work/pausch/naveen/TWAS/GWAS/additive/tail/gwas.txt, /cluster/work/pausch/naveen/TWAS/expression/epi_h/covariances.txt.gz
    output: /cluster/work/pausch/naveen/TWAS/expression/SprediXcan/additive/tail/epi_h/result.txt
    jobid: 132
    reason: Missing output files: /cluster/work/pausch/naveen/TWAS/expression/SprediXcan/additive/tail/epi_h/result.txt
    wildcards: mpheno=expression, inheri=additive, trait=tail, tissue=epi_h
    resources: mem_mb=36000, mem_mib=34333, disk_mb=2200, disk_mib=2099, tmpdir=<TBD>, walltime=02:00

Submitted job 132 with external jobid '256697996 logs/SPrediXcan/mpheno-expression.inheri-additive.trait-tail.tissue-epi_h.out'.

[Sun Mar 26 15:13:37 2023]
rule SPrediXcan:
    input: /cluster/work/pausch/naveen/TWAS/splicing/epi_h/filtered_signif.db, /cluster/work/pausch/naveen/TWAS/GWAS/additive/cnt/gwas.txt, /cluster/work/pausch/naveen/TWAS/splicing/epi_h/covariances.txt.gz
    output: /cluster/work/pausch/naveen/TWAS/splicing/SprediXcan/additive/cnt/epi_h/result.txt
    jobid: 284
    reason: Missing output files: /cluster/work/pausch/naveen/TWAS/splicing/SprediXcan/additive/cnt/epi_h/result.txt
    wildcards: mpheno=splicing, inheri=additive, trait=cnt, tissue=epi_h
    resources: mem_mb=36000, mem_mib=34333, disk_mb=2654, disk_mib=2532, tmpdir=<TBD>, walltime=02:00

Submitted job 284 with external jobid '256697997 logs/SPrediXcan/mpheno-splicing.inheri-additive.trait-cnt.tissue-epi_h.out'.
[Sun Mar 26 15:17:55 2023]
Error in rule SPrediXcan:
    jobid: 141
    input: /cluster/work/pausch/naveen/TWAS/expression/epi_h/filtered_signif.db, /cluster/work/pausch/naveen/TWAS/GWAS/additive/con/gwas.txt, /cluster/work/pausch/naveen/TWAS/expression/epi_h/covariances.txt.gz
    output: /cluster/work/pausch/naveen/TWAS/expression/SprediXcan/additive/con/epi_h/result.txt
    shell:
        
        /cluster/home/nkadri/TWAS/MetXcan/software/SPrediXcan.py          --model_db_path /cluster/work/pausch/naveen/TWAS/expression/epi_h/filtered_signif.db         --covariance /cluster/work/pausch/naveen/TWAS/expression/epi_h/covariances.txt.gz          --gwas_file /cluster/work/pausch/naveen/TWAS/GWAS/additive/con/gwas.txt         --snp_column SNP         --effect_allele_column A2         --non_effect_allele_column A1         --beta_column BETA         --pvalue_column P         --output_file /cluster/work/pausch/naveen/TWAS/expression/SprediXcan/additive/con/epi_h/result.txt
        
        (one of the commands exited with non-zero exit code; note that snakemake uses bash strict mode!)
    cluster_jobid: 256697948 logs/SPrediXcan/mpheno-expression.inheri-additive.trait-con.tissue-epi_h.out

Error executing rule SPrediXcan on cluster (jobid: 141, external: 256697948 logs/SPrediXcan/mpheno-expression.inheri-additive.trait-con.tissue-epi_h.out, jobscript: /cluster/home/nkadri/TWAS/SNAKES/spredi/.snakemake/tmp._i4kktya/snakejob.SPrediXcan.141.sh). For error details see the cluster log and the log files of the involved rule(s).
[Sun Mar 26 15:17:58 2023]
Error in rule SPrediXcan:
    jobid: 138
    input: /cluster/work/pausch/naveen/TWAS/expression/epi_h/filtered_signif.db, /cluster/work/pausch/naveen/TWAS/GWAS/additive/cnt/gwas.txt, /cluster/work/pausch/naveen/TWAS/expression/epi_h/covariances.txt.gz
    output: /cluster/work/pausch/naveen/TWAS/expression/SprediXcan/additive/cnt/epi_h/result.txt
    shell:
        
        /cluster/home/nkadri/TWAS/MetXcan/software/SPrediXcan.py          --model_db_path /cluster/work/pausch/naveen/TWAS/expression/epi_h/filtered_signif.db         --covariance /cluster/work/pausch/naveen/TWAS/expression/epi_h/covariances.txt.gz          --gwas_file /cluster/work/pausch/naveen/TWAS/GWAS/additive/cnt/gwas.txt         --snp_column SNP         --effect_allele_column A2         --non_effect_allele_column A1         --beta_column BETA         --pvalue_column P         --output_file /cluster/work/pausch/naveen/TWAS/expression/SprediXcan/additive/cnt/epi_h/result.txt
        
        (one of the commands exited with non-zero exit code; note that snakemake uses bash strict mode!)
    cluster_jobid: 256697979 logs/SPrediXcan/mpheno-expression.inheri-additive.trait-cnt.tissue-epi_h.out

Error executing rule SPrediXcan on cluster (jobid: 138, external: 256697979 logs/SPrediXcan/mpheno-expression.inheri-additive.trait-cnt.tissue-epi_h.out, jobscript: /cluster/home/nkadri/TWAS/SNAKES/spredi/.snakemake/tmp._i4kktya/snakejob.SPrediXcan.138.sh). For error details see the cluster log and the log files of the involved rule(s).
[Sun Mar 26 15:18:11 2023]
Error in rule SPrediXcan:
    jobid: 147
    input: /cluster/work/pausch/naveen/TWAS/expression/epi_h/filtered_signif.db, /cluster/work/pausch/naveen/TWAS/GWAS/additive/ntar/gwas.txt, /cluster/work/pausch/naveen/TWAS/expression/epi_h/covariances.txt.gz
    output: /cluster/work/pausch/naveen/TWAS/expression/SprediXcan/additive/ntar/epi_h/result.txt
    shell:
        
        /cluster/home/nkadri/TWAS/MetXcan/software/SPrediXcan.py          --model_db_path /cluster/work/pausch/naveen/TWAS/expression/epi_h/filtered_signif.db         --covariance /cluster/work/pausch/naveen/TWAS/expression/epi_h/covariances.txt.gz          --gwas_file /cluster/work/pausch/naveen/TWAS/GWAS/additive/ntar/gwas.txt         --snp_column SNP         --effect_allele_column A2         --non_effect_allele_column A1         --beta_column BETA         --pvalue_column P         --output_file /cluster/work/pausch/naveen/TWAS/expression/SprediXcan/additive/ntar/epi_h/result.txt
        
        (one of the commands exited with non-zero exit code; note that snakemake uses bash strict mode!)
    cluster_jobid: 256697969 logs/SPrediXcan/mpheno-expression.inheri-additive.trait-ntar.tissue-epi_h.out

Error executing rule SPrediXcan on cluster (jobid: 147, external: 256697969 logs/SPrediXcan/mpheno-expression.inheri-additive.trait-ntar.tissue-epi_h.out, jobscript: /cluster/home/nkadri/TWAS/SNAKES/spredi/.snakemake/tmp._i4kktya/snakejob.SPrediXcan.147.sh). For error details see the cluster log and the log files of the involved rule(s).
[Sun Mar 26 15:18:12 2023]
Error in rule SPrediXcan:
    jobid: 66
    input: /cluster/work/pausch/naveen/TWAS/expression/epi_h/filtered_signif.db, /cluster/work/pausch/naveen/TWAS/GWAS/additive/head/gwas.txt, /cluster/work/pausch/naveen/TWAS/expression/epi_h/covariances.txt.gz
    output: /cluster/work/pausch/naveen/TWAS/expression/SprediXcan/additive/head/epi_h/result.txt
    shell:
        
        /cluster/home/nkadri/TWAS/MetXcan/software/SPrediXcan.py          --model_db_path /cluster/work/pausch/naveen/TWAS/expression/epi_h/filtered_signif.db         --covariance /cluster/work/pausch/naveen/TWAS/expression/epi_h/covariances.txt.gz          --gwas_file /cluster/work/pausch/naveen/TWAS/GWAS/additive/head/gwas.txt         --snp_column SNP         --effect_allele_column A2         --non_effect_allele_column A1         --beta_column BETA         --pvalue_column P         --output_file /cluster/work/pausch/naveen/TWAS/expression/SprediXcan/additive/head/epi_h/result.txt
        
        (one of the commands exited with non-zero exit code; note that snakemake uses bash strict mode!)
    cluster_jobid: 256697951 logs/SPrediXcan/mpheno-expression.inheri-additive.trait-head.tissue-epi_h.out

Error executing rule SPrediXcan on cluster (jobid: 66, external: 256697951 logs/SPrediXcan/mpheno-expression.inheri-additive.trait-head.tissue-epi_h.out, jobscript: /cluster/home/nkadri/TWAS/SNAKES/spredi/.snakemake/tmp._i4kktya/snakejob.SPrediXcan.66.sh). For error details see the cluster log and the log files of the involved rule(s).
[Sun Mar 26 15:18:30 2023]
Error in rule SPrediXcan:
    jobid: 144
    input: /cluster/work/pausch/naveen/TWAS/expression/epi_h/filtered_signif.db, /cluster/work/pausch/naveen/TWAS/GWAS/additive/mot/gwas.txt, /cluster/work/pausch/naveen/TWAS/expression/epi_h/covariances.txt.gz
    output: /cluster/work/pausch/naveen/TWAS/expression/SprediXcan/additive/mot/epi_h/result.txt
    shell:
        
        /cluster/home/nkadri/TWAS/MetXcan/software/SPrediXcan.py          --model_db_path /cluster/work/pausch/naveen/TWAS/expression/epi_h/filtered_signif.db         --covariance /cluster/work/pausch/naveen/TWAS/expression/epi_h/covariances.txt.gz          --gwas_file /cluster/work/pausch/naveen/TWAS/GWAS/additive/mot/gwas.txt         --snp_column SNP         --effect_allele_column A2         --non_effect_allele_column A1         --beta_column BETA         --pvalue_column P         --output_file /cluster/work/pausch/naveen/TWAS/expression/SprediXcan/additive/mot/epi_h/result.txt
        
        (one of the commands exited with non-zero exit code; note that snakemake uses bash strict mode!)
    cluster_jobid: 256697989 logs/SPrediXcan/mpheno-expression.inheri-additive.trait-mot.tissue-epi_h.out

Error executing rule SPrediXcan on cluster (jobid: 144, external: 256697989 logs/SPrediXcan/mpheno-expression.inheri-additive.trait-mot.tissue-epi_h.out, jobscript: /cluster/home/nkadri/TWAS/SNAKES/spredi/.snakemake/tmp._i4kktya/snakejob.SPrediXcan.144.sh). For error details see the cluster log and the log files of the involved rule(s).
[Sun Mar 26 15:18:41 2023]
Error in rule SPrediXcan:
    jobid: 135
    input: /cluster/work/pausch/naveen/TWAS/expression/epi_h/filtered_signif.db, /cluster/work/pausch/naveen/TWAS/GWAS/additive/vol/gwas.txt, /cluster/work/pausch/naveen/TWAS/expression/epi_h/covariances.txt.gz
    output: /cluster/work/pausch/naveen/TWAS/expression/SprediXcan/additive/vol/epi_h/result.txt
    shell:
        
        /cluster/home/nkadri/TWAS/MetXcan/software/SPrediXcan.py          --model_db_path /cluster/work/pausch/naveen/TWAS/expression/epi_h/filtered_signif.db         --covariance /cluster/work/pausch/naveen/TWAS/expression/epi_h/covariances.txt.gz          --gwas_file /cluster/work/pausch/naveen/TWAS/GWAS/additive/vol/gwas.txt         --snp_column SNP         --effect_allele_column A2         --non_effect_allele_column A1         --beta_column BETA         --pvalue_column P         --output_file /cluster/work/pausch/naveen/TWAS/expression/SprediXcan/additive/vol/epi_h/result.txt
        
        (one of the commands exited with non-zero exit code; note that snakemake uses bash strict mode!)
    cluster_jobid: 256697995 logs/SPrediXcan/mpheno-expression.inheri-additive.trait-vol.tissue-epi_h.out

Error executing rule SPrediXcan on cluster (jobid: 135, external: 256697995 logs/SPrediXcan/mpheno-expression.inheri-additive.trait-vol.tissue-epi_h.out, jobscript: /cluster/home/nkadri/TWAS/SNAKES/spredi/.snakemake/tmp._i4kktya/snakejob.SPrediXcan.135.sh). For error details see the cluster log and the log files of the involved rule(s).
[Sun Mar 26 15:18:41 2023]
Error in rule SPrediXcan:
    jobid: 132
    input: /cluster/work/pausch/naveen/TWAS/expression/epi_h/filtered_signif.db, /cluster/work/pausch/naveen/TWAS/GWAS/additive/tail/gwas.txt, /cluster/work/pausch/naveen/TWAS/expression/epi_h/covariances.txt.gz
    output: /cluster/work/pausch/naveen/TWAS/expression/SprediXcan/additive/tail/epi_h/result.txt
    shell:
        
        /cluster/home/nkadri/TWAS/MetXcan/software/SPrediXcan.py          --model_db_path /cluster/work/pausch/naveen/TWAS/expression/epi_h/filtered_signif.db         --covariance /cluster/work/pausch/naveen/TWAS/expression/epi_h/covariances.txt.gz          --gwas_file /cluster/work/pausch/naveen/TWAS/GWAS/additive/tail/gwas.txt         --snp_column SNP         --effect_allele_column A2         --non_effect_allele_column A1         --beta_column BETA         --pvalue_column P         --output_file /cluster/work/pausch/naveen/TWAS/expression/SprediXcan/additive/tail/epi_h/result.txt
        
        (one of the commands exited with non-zero exit code; note that snakemake uses bash strict mode!)
    cluster_jobid: 256697996 logs/SPrediXcan/mpheno-expression.inheri-additive.trait-tail.tissue-epi_h.out

Error executing rule SPrediXcan on cluster (jobid: 132, external: 256697996 logs/SPrediXcan/mpheno-expression.inheri-additive.trait-tail.tissue-epi_h.out, jobscript: /cluster/home/nkadri/TWAS/SNAKES/spredi/.snakemake/tmp._i4kktya/snakejob.SPrediXcan.132.sh). For error details see the cluster log and the log files of the involved rule(s).
[Sun Mar 26 15:18:45 2023]
Error in rule SPrediXcan:
    jobid: 150
    input: /cluster/work/pausch/naveen/TWAS/expression/epi_h/filtered_signif.db, /cluster/work/pausch/naveen/TWAS/GWAS/additive/fbkall/gwas.txt, /cluster/work/pausch/naveen/TWAS/expression/epi_h/covariances.txt.gz
    output: /cluster/work/pausch/naveen/TWAS/expression/SprediXcan/additive/fbkall/epi_h/result.txt
    shell:
        
        /cluster/home/nkadri/TWAS/MetXcan/software/SPrediXcan.py          --model_db_path /cluster/work/pausch/naveen/TWAS/expression/epi_h/filtered_signif.db         --covariance /cluster/work/pausch/naveen/TWAS/expression/epi_h/covariances.txt.gz          --gwas_file /cluster/work/pausch/naveen/TWAS/GWAS/additive/fbkall/gwas.txt         --snp_column SNP         --effect_allele_column A2         --non_effect_allele_column A1         --beta_column BETA         --pvalue_column P         --output_file /cluster/work/pausch/naveen/TWAS/expression/SprediXcan/additive/fbkall/epi_h/result.txt
        
        (one of the commands exited with non-zero exit code; note that snakemake uses bash strict mode!)
    cluster_jobid: 256697988 logs/SPrediXcan/mpheno-expression.inheri-additive.trait-fbkall.tissue-epi_h.out

Error executing rule SPrediXcan on cluster (jobid: 150, external: 256697988 logs/SPrediXcan/mpheno-expression.inheri-additive.trait-fbkall.tissue-epi_h.out, jobscript: /cluster/home/nkadri/TWAS/SNAKES/spredi/.snakemake/tmp._i4kktya/snakejob.SPrediXcan.150.sh). For error details see the cluster log and the log files of the involved rule(s).
Terminating processes on user request, this might take some time.
No --cluster-cancel given. Will exit after finishing currently running jobs.
Cancelling snakemake on user request.
