Building DAG of jobs...
Using shell: /cluster/apps/sfos/bin/bash
Provided cores: 1 (use --cores to define parallelism)
Rules claiming more threads will be scaled down.
Job stats:
job                        count    min threads    max threads
-----------------------  -------  -------------  -------------
all                            1              1              1
format_gwas_nonadditive        8              1              1
total                          9              1              1

Select jobs to execute...

[Wed Mar 29 16:28:52 2023]
rule format_gwas_nonadditive:
    input: /cluster/work/pausch/xena/gwas/new/recessive/cnt/CHR1/result.mlma.gz, /cluster/work/pausch/xena/gwas/new/recessive/cnt/CHR2/result.mlma.gz, /cluster/work/pausch/xena/gwas/new/recessive/cnt/CHR3/result.mlma.gz, /cluster/work/pausch/xena/gwas/new/recessive/cnt/CHR4/result.mlma.gz, /cluster/work/pausch/xena/gwas/new/recessive/cnt/CHR5/result.mlma.gz, /cluster/work/pausch/xena/gwas/new/recessive/cnt/CHR6/result.mlma.gz, /cluster/work/pausch/xena/gwas/new/recessive/cnt/CHR7/result.mlma.gz, /cluster/work/pausch/xena/gwas/new/recessive/cnt/CHR8/result.mlma.gz, /cluster/work/pausch/xena/gwas/new/recessive/cnt/CHR9/result.mlma.gz, /cluster/work/pausch/xena/gwas/new/recessive/cnt/CHR10/result.mlma.gz, /cluster/work/pausch/xena/gwas/new/recessive/cnt/CHR11/result.mlma.gz, /cluster/work/pausch/xena/gwas/new/recessive/cnt/CHR12/result.mlma.gz, /cluster/work/pausch/xena/gwas/new/recessive/cnt/CHR13/result.mlma.gz, /cluster/work/pausch/xena/gwas/new/recessive/cnt/CHR14/result.mlma.gz, /cluster/work/pausch/xena/gwas/new/recessive/cnt/CHR15/result.mlma.gz, /cluster/work/pausch/xena/gwas/new/recessive/cnt/CHR16/result.mlma.gz, /cluster/work/pausch/xena/gwas/new/recessive/cnt/CHR17/result.mlma.gz, /cluster/work/pausch/xena/gwas/new/recessive/cnt/CHR18/result.mlma.gz, /cluster/work/pausch/xena/gwas/new/recessive/cnt/CHR19/result.mlma.gz, /cluster/work/pausch/xena/gwas/new/recessive/cnt/CHR20/result.mlma.gz, /cluster/work/pausch/xena/gwas/new/recessive/cnt/CHR21/result.mlma.gz, /cluster/work/pausch/xena/gwas/new/recessive/cnt/CHR22/result.mlma.gz, /cluster/work/pausch/xena/gwas/new/recessive/cnt/CHR23/result.mlma.gz, /cluster/work/pausch/xena/gwas/new/recessive/cnt/CHR24/result.mlma.gz, /cluster/work/pausch/xena/gwas/new/recessive/cnt/CHR25/result.mlma.gz, /cluster/work/pausch/xena/gwas/new/recessive/cnt/CHR26/result.mlma.gz, /cluster/work/pausch/xena/gwas/new/recessive/cnt/CHR27/result.mlma.gz, /cluster/work/pausch/xena/gwas/new/recessive/cnt/CHR28/result.mlma.gz, /cluster/work/pausch/xena/gwas/new/recessive/cnt/CHR29/result.mlma.gz, /cluster/work/pausch/xena/gwas/new/dominant/cnt/CHR1/result.mlma.gz, /cluster/work/pausch/xena/gwas/new/dominant/cnt/CHR2/result.mlma.gz, /cluster/work/pausch/xena/gwas/new/dominant/cnt/CHR3/result.mlma.gz, /cluster/work/pausch/xena/gwas/new/dominant/cnt/CHR4/result.mlma.gz, /cluster/work/pausch/xena/gwas/new/dominant/cnt/CHR5/result.mlma.gz, /cluster/work/pausch/xena/gwas/new/dominant/cnt/CHR6/result.mlma.gz, /cluster/work/pausch/xena/gwas/new/dominant/cnt/CHR7/result.mlma.gz, /cluster/work/pausch/xena/gwas/new/dominant/cnt/CHR8/result.mlma.gz, /cluster/work/pausch/xena/gwas/new/dominant/cnt/CHR9/result.mlma.gz, /cluster/work/pausch/xena/gwas/new/dominant/cnt/CHR10/result.mlma.gz, /cluster/work/pausch/xena/gwas/new/dominant/cnt/CHR11/result.mlma.gz, /cluster/work/pausch/xena/gwas/new/dominant/cnt/CHR12/result.mlma.gz, /cluster/work/pausch/xena/gwas/new/dominant/cnt/CHR13/result.mlma.gz, /cluster/work/pausch/xena/gwas/new/dominant/cnt/CHR14/result.mlma.gz, /cluster/work/pausch/xena/gwas/new/dominant/cnt/CHR15/result.mlma.gz, /cluster/work/pausch/xena/gwas/new/dominant/cnt/CHR16/result.mlma.gz, /cluster/work/pausch/xena/gwas/new/dominant/cnt/CHR17/result.mlma.gz, /cluster/work/pausch/xena/gwas/new/dominant/cnt/CHR18/result.mlma.gz, /cluster/work/pausch/xena/gwas/new/dominant/cnt/CHR19/result.mlma.gz, /cluster/work/pausch/xena/gwas/new/dominant/cnt/CHR20/result.mlma.gz, /cluster/work/pausch/xena/gwas/new/dominant/cnt/CHR21/result.mlma.gz, /cluster/work/pausch/xena/gwas/new/dominant/cnt/CHR22/result.mlma.gz, /cluster/work/pausch/xena/gwas/new/dominant/cnt/CHR23/result.mlma.gz, /cluster/work/pausch/xena/gwas/new/dominant/cnt/CHR24/result.mlma.gz, /cluster/work/pausch/xena/gwas/new/dominant/cnt/CHR25/result.mlma.gz, /cluster/work/pausch/xena/gwas/new/dominant/cnt/CHR26/result.mlma.gz, /cluster/work/pausch/xena/gwas/new/dominant/cnt/CHR27/result.mlma.gz, /cluster/work/pausch/xena/gwas/new/dominant/cnt/CHR28/result.mlma.gz, /cluster/work/pausch/xena/gwas/new/dominant/cnt/CHR29/result.mlma.gz
    output: /cluster/work/pausch/naveen/TWAS/GWAS/nonadditive/cnt/gwas.txt
    jobid: 4
    reason: Missing output files: /cluster/work/pausch/naveen/TWAS/GWAS/nonadditive/cnt/gwas.txt
    wildcards: trait=cnt
    resources: tmpdir=/tmp

Waiting at most 5 seconds for missing files.
MissingOutputException in rule format_gwas_nonadditive in file /cluster/home/nkadri/TWAS/SNAKES/spredi/spredi.smk, line 48:
Job 4  completed successfully, but some output files are missing. Missing files after 5 seconds. This might be due to filesystem latency. If that is the case, consider to increase the wait time with --latency-wait:
/cluster/work/pausch/naveen/TWAS/GWAS/nonadditive/cnt/gwas.txt
Shutting down, this might take some time.
Exiting because a job execution failed. Look above for error message
Complete log: .snakemake/log/2023-03-29T162848.204782.snakemake.log
