Building DAG of jobs...
Using shell: /cluster/apps/sfos/bin/bash
Provided cluster nodes: 5000
Job stats:
job           count    min threads    max threads
----------  -------  -------------  -------------
SPrediXcan       30              1              1
all               1              1              1
total            31              1              1

Select jobs to execute...

[Sun Mar 26 15:59:34 2023]
rule SPrediXcan:
    input: /cluster/work/pausch/naveen/TWAS/splicing/testis/filtered_signif.db, /cluster/work/pausch/naveen/TWAS/GWAS/additive/head/gwas.txt, /cluster/work/pausch/naveen/TWAS/splicing/testis/covariances.txt.gz
    output: /cluster/work/pausch/naveen/TWAS/splicing/SprediXcan/additive/head/testis/result.txt
    jobid: 151
    reason: Missing output files: /cluster/work/pausch/naveen/TWAS/splicing/SprediXcan/additive/head/testis/result.txt
    wildcards: mpheno=splicing, inheri=additive, trait=head, tissue=testis
    resources: mem_mb=36000, mem_mib=34333, disk_mb=4072, disk_mib=3884, tmpdir=<TBD>, walltime=02:00

Submitted job 151 with external jobid '256698675 logs/SPrediXcan/mpheno-splicing.inheri-additive.trait-head.tissue-testis.out'.

[Sun Mar 26 15:59:36 2023]
rule SPrediXcan:
    input: /cluster/work/pausch/naveen/TWAS/expression/testis/filtered_signif.db, /cluster/work/pausch/naveen/TWAS/GWAS/additive/tail/gwas.txt, /cluster/work/pausch/naveen/TWAS/expression/testis/covariances.txt.gz
    output: /cluster/work/pausch/naveen/TWAS/expression/SprediXcan/additive/tail/testis/result.txt
    jobid: 130
    reason: Missing output files: /cluster/work/pausch/naveen/TWAS/expression/SprediXcan/additive/tail/testis/result.txt
    wildcards: mpheno=expression, inheri=additive, trait=tail, tissue=testis
    resources: mem_mb=36000, mem_mib=34333, disk_mb=2539, disk_mib=2422, tmpdir=<TBD>, walltime=02:00

Submitted job 130 with external jobid '256698676 logs/SPrediXcan/mpheno-expression.inheri-additive.trait-tail.tissue-testis.out'.

[Sun Mar 26 15:59:36 2023]
rule SPrediXcan:
    input: /cluster/work/pausch/naveen/TWAS/splicing/testis/filtered_signif.db, /cluster/work/pausch/naveen/TWAS/GWAS/additive/tail/gwas.txt, /cluster/work/pausch/naveen/TWAS/splicing/testis/covariances.txt.gz
    output: /cluster/work/pausch/naveen/TWAS/splicing/SprediXcan/additive/tail/testis/result.txt
    jobid: 279
    reason: Missing output files: /cluster/work/pausch/naveen/TWAS/splicing/SprediXcan/additive/tail/testis/result.txt
    wildcards: mpheno=splicing, inheri=additive, trait=tail, tissue=testis
    resources: mem_mb=36000, mem_mib=34333, disk_mb=4043, disk_mib=3856, tmpdir=<TBD>, walltime=02:00

Submitted job 279 with external jobid '256698677 logs/SPrediXcan/mpheno-splicing.inheri-additive.trait-tail.tissue-testis.out'.

[Sun Mar 26 15:59:37 2023]
rule SPrediXcan:
    input: /cluster/work/pausch/naveen/TWAS/splicing/testis/filtered_signif.db, /cluster/work/pausch/naveen/TWAS/GWAS/additive/con/gwas.txt, /cluster/work/pausch/naveen/TWAS/splicing/testis/covariances.txt.gz
    output: /cluster/work/pausch/naveen/TWAS/splicing/SprediXcan/additive/con/testis/result.txt
    jobid: 285
    reason: Missing output files: /cluster/work/pausch/naveen/TWAS/splicing/SprediXcan/additive/con/testis/result.txt
    wildcards: mpheno=splicing, inheri=additive, trait=con, tissue=testis
    resources: mem_mb=36000, mem_mib=34333, disk_mb=3909, disk_mib=3728, tmpdir=<TBD>, walltime=02:00

Submitted job 285 with external jobid '256698678 logs/SPrediXcan/mpheno-splicing.inheri-additive.trait-con.tissue-testis.out'.

[Sun Mar 26 15:59:37 2023]
rule SPrediXcan:
    input: /cluster/work/pausch/naveen/TWAS/splicing/epi_h/filtered_signif.db, /cluster/work/pausch/naveen/TWAS/GWAS/additive/head/gwas.txt, /cluster/work/pausch/naveen/TWAS/splicing/epi_h/covariances.txt.gz
    output: /cluster/work/pausch/naveen/TWAS/splicing/SprediXcan/additive/head/epi_h/result.txt
    jobid: 215
    reason: Missing output files: /cluster/work/pausch/naveen/TWAS/splicing/SprediXcan/additive/head/epi_h/result.txt
    wildcards: mpheno=splicing, inheri=additive, trait=head, tissue=epi_h
    resources: mem_mb=36000, mem_mib=34333, disk_mb=2818, disk_mib=2688, tmpdir=<TBD>, walltime=02:00

Submitted job 215 with external jobid '256698679 logs/SPrediXcan/mpheno-splicing.inheri-additive.trait-head.tissue-epi_h.out'.

[Sun Mar 26 15:59:38 2023]
rule SPrediXcan:
    input: /cluster/work/pausch/naveen/TWAS/expression/testis/filtered_signif.db, /cluster/work/pausch/naveen/TWAS/GWAS/additive/ntar/gwas.txt, /cluster/work/pausch/naveen/TWAS/expression/testis/covariances.txt.gz
    output: /cluster/work/pausch/naveen/TWAS/expression/SprediXcan/additive/ntar/testis/result.txt
    jobid: 145
    reason: Missing output files: /cluster/work/pausch/naveen/TWAS/expression/SprediXcan/additive/ntar/testis/result.txt
    wildcards: mpheno=expression, inheri=additive, trait=ntar, tissue=testis
    resources: mem_mb=36000, mem_mib=34333, disk_mb=2478, disk_mib=2364, tmpdir=<TBD>, walltime=02:00

Submitted job 145 with external jobid '256698680 logs/SPrediXcan/mpheno-expression.inheri-additive.trait-ntar.tissue-testis.out'.

[Sun Mar 26 15:59:39 2023]
rule SPrediXcan:
    input: /cluster/work/pausch/naveen/TWAS/splicing/testis/filtered_signif.db, /cluster/work/pausch/naveen/TWAS/GWAS/additive/ntar/gwas.txt, /cluster/work/pausch/naveen/TWAS/splicing/testis/covariances.txt.gz
    output: /cluster/work/pausch/naveen/TWAS/splicing/SprediXcan/additive/ntar/testis/result.txt
    jobid: 289
    reason: Missing output files: /cluster/work/pausch/naveen/TWAS/splicing/SprediXcan/additive/ntar/testis/result.txt
    wildcards: mpheno=splicing, inheri=additive, trait=ntar, tissue=testis
    resources: mem_mb=36000, mem_mib=34333, disk_mb=3982, disk_mib=3798, tmpdir=<TBD>, walltime=02:00

Submitted job 289 with external jobid '256698681 logs/SPrediXcan/mpheno-splicing.inheri-additive.trait-ntar.tissue-testis.out'.

[Sun Mar 26 15:59:39 2023]
rule SPrediXcan:
    input: /cluster/work/pausch/naveen/TWAS/splicing/epi_h/filtered_signif.db, /cluster/work/pausch/naveen/TWAS/GWAS/additive/tail/gwas.txt, /cluster/work/pausch/naveen/TWAS/splicing/epi_h/covariances.txt.gz
    output: /cluster/work/pausch/naveen/TWAS/splicing/SprediXcan/additive/tail/epi_h/result.txt
    jobid: 280
    reason: Missing output files: /cluster/work/pausch/naveen/TWAS/splicing/SprediXcan/additive/tail/epi_h/result.txt
    wildcards: mpheno=splicing, inheri=additive, trait=tail, tissue=epi_h
    resources: mem_mb=36000, mem_mib=34333, disk_mb=2789, disk_mib=2660, tmpdir=<TBD>, walltime=02:00

Submitted job 280 with external jobid '256698682 logs/SPrediXcan/mpheno-splicing.inheri-additive.trait-tail.tissue-epi_h.out'.

[Sun Mar 26 15:59:40 2023]
rule SPrediXcan:
    input: /cluster/work/pausch/naveen/TWAS/splicing/epi_h/filtered_signif.db, /cluster/work/pausch/naveen/TWAS/GWAS/additive/con/gwas.txt, /cluster/work/pausch/naveen/TWAS/splicing/epi_h/covariances.txt.gz
    output: /cluster/work/pausch/naveen/TWAS/splicing/SprediXcan/additive/con/epi_h/result.txt
    jobid: 286
    reason: Missing output files: /cluster/work/pausch/naveen/TWAS/splicing/SprediXcan/additive/con/epi_h/result.txt
    wildcards: mpheno=splicing, inheri=additive, trait=con, tissue=epi_h
    resources: mem_mb=36000, mem_mib=34333, disk_mb=2654, disk_mib=2532, tmpdir=<TBD>, walltime=02:00

Submitted job 286 with external jobid '256698683 logs/SPrediXcan/mpheno-splicing.inheri-additive.trait-con.tissue-epi_h.out'.

[Sun Mar 26 15:59:41 2023]
rule SPrediXcan:
    input: /cluster/work/pausch/naveen/TWAS/expression/epi_h/filtered_signif.db, /cluster/work/pausch/naveen/TWAS/GWAS/additive/ntar/gwas.txt, /cluster/work/pausch/naveen/TWAS/expression/epi_h/covariances.txt.gz
    output: /cluster/work/pausch/naveen/TWAS/expression/SprediXcan/additive/ntar/epi_h/result.txt
    jobid: 147
    reason: Missing output files: /cluster/work/pausch/naveen/TWAS/expression/SprediXcan/additive/ntar/epi_h/result.txt
    wildcards: mpheno=expression, inheri=additive, trait=ntar, tissue=epi_h
    resources: mem_mb=36000, mem_mib=34333, disk_mb=2139, disk_mib=2040, tmpdir=<TBD>, walltime=02:00

Submitted job 147 with external jobid '256698684 logs/SPrediXcan/mpheno-expression.inheri-additive.trait-ntar.tissue-epi_h.out'.

[Sun Mar 26 15:59:41 2023]
rule SPrediXcan:
    input: /cluster/work/pausch/naveen/TWAS/expression/testis/filtered_signif.db, /cluster/work/pausch/naveen/TWAS/GWAS/additive/mot/gwas.txt, /cluster/work/pausch/naveen/TWAS/expression/testis/covariances.txt.gz
    output: /cluster/work/pausch/naveen/TWAS/expression/SprediXcan/additive/mot/testis/result.txt
    jobid: 142
    reason: Missing output files: /cluster/work/pausch/naveen/TWAS/expression/SprediXcan/additive/mot/testis/result.txt
    wildcards: mpheno=expression, inheri=additive, trait=mot, tissue=testis
    resources: mem_mb=36000, mem_mib=34333, disk_mb=2474, disk_mib=2360, tmpdir=<TBD>, walltime=02:00

Submitted job 142 with external jobid '256698685 logs/SPrediXcan/mpheno-expression.inheri-additive.trait-mot.tissue-testis.out'.

[Sun Mar 26 15:59:42 2023]
rule SPrediXcan:
    input: /cluster/work/pausch/naveen/TWAS/expression/testis/filtered_signif.db, /cluster/work/pausch/naveen/TWAS/GWAS/additive/cnt/gwas.txt, /cluster/work/pausch/naveen/TWAS/expression/testis/covariances.txt.gz
    output: /cluster/work/pausch/naveen/TWAS/expression/SprediXcan/additive/cnt/testis/result.txt
    jobid: 136
    reason: Missing output files: /cluster/work/pausch/naveen/TWAS/expression/SprediXcan/additive/cnt/testis/result.txt
    wildcards: mpheno=expression, inheri=additive, trait=cnt, tissue=testis
    resources: mem_mb=36000, mem_mib=34333, disk_mb=2403, disk_mib=2292, tmpdir=<TBD>, walltime=02:00

Submitted job 136 with external jobid '256698686 logs/SPrediXcan/mpheno-expression.inheri-additive.trait-cnt.tissue-testis.out'.

[Sun Mar 26 15:59:43 2023]
rule SPrediXcan:
    input: /cluster/work/pausch/naveen/TWAS/splicing/epi_h/filtered_signif.db, /cluster/work/pausch/naveen/TWAS/GWAS/additive/ntar/gwas.txt, /cluster/work/pausch/naveen/TWAS/splicing/epi_h/covariances.txt.gz
    output: /cluster/work/pausch/naveen/TWAS/splicing/SprediXcan/additive/ntar/epi_h/result.txt
    jobid: 290
    reason: Missing output files: /cluster/work/pausch/naveen/TWAS/splicing/SprediXcan/additive/ntar/epi_h/result.txt
    wildcards: mpheno=splicing, inheri=additive, trait=ntar, tissue=epi_h
    resources: mem_mb=36000, mem_mib=34333, disk_mb=2728, disk_mib=2602, tmpdir=<TBD>, walltime=02:00

Submitted job 290 with external jobid '256698687 logs/SPrediXcan/mpheno-splicing.inheri-additive.trait-ntar.tissue-epi_h.out'.

[Sun Mar 26 15:59:43 2023]
rule SPrediXcan:
    input: /cluster/work/pausch/naveen/TWAS/splicing/testis/filtered_signif.db, /cluster/work/pausch/naveen/TWAS/GWAS/additive/mot/gwas.txt, /cluster/work/pausch/naveen/TWAS/splicing/testis/covariances.txt.gz
    output: /cluster/work/pausch/naveen/TWAS/splicing/SprediXcan/additive/mot/testis/result.txt
    jobid: 287
    reason: Missing output files: /cluster/work/pausch/naveen/TWAS/splicing/SprediXcan/additive/mot/testis/result.txt
    wildcards: mpheno=splicing, inheri=additive, trait=mot, tissue=testis
    resources: mem_mb=36000, mem_mib=34333, disk_mb=3979, disk_mib=3795, tmpdir=<TBD>, walltime=02:00

Submitted job 287 with external jobid '256698688 logs/SPrediXcan/mpheno-splicing.inheri-additive.trait-mot.tissue-testis.out'.

[Sun Mar 26 15:59:44 2023]
rule SPrediXcan:
    input: /cluster/work/pausch/naveen/TWAS/splicing/testis/filtered_signif.db, /cluster/work/pausch/naveen/TWAS/GWAS/additive/vol/gwas.txt, /cluster/work/pausch/naveen/TWAS/splicing/testis/covariances.txt.gz
    output: /cluster/work/pausch/naveen/TWAS/splicing/SprediXcan/additive/vol/testis/result.txt
    jobid: 281
    reason: Missing output files: /cluster/work/pausch/naveen/TWAS/splicing/SprediXcan/additive/vol/testis/result.txt
    wildcards: mpheno=splicing, inheri=additive, trait=vol, tissue=testis
    resources: mem_mb=36000, mem_mib=34333, disk_mb=4019, disk_mib=3833, tmpdir=<TBD>, walltime=02:00

Submitted job 281 with external jobid '256698689 logs/SPrediXcan/mpheno-splicing.inheri-additive.trait-vol.tissue-testis.out'.

[Sun Mar 26 15:59:45 2023]
rule SPrediXcan:
    input: /cluster/work/pausch/naveen/TWAS/expression/epi_h/filtered_signif.db, /cluster/work/pausch/naveen/TWAS/GWAS/additive/cnt/gwas.txt, /cluster/work/pausch/naveen/TWAS/expression/epi_h/covariances.txt.gz
    output: /cluster/work/pausch/naveen/TWAS/expression/SprediXcan/additive/cnt/epi_h/result.txt
    jobid: 138
    reason: Missing output files: /cluster/work/pausch/naveen/TWAS/expression/SprediXcan/additive/cnt/epi_h/result.txt
    wildcards: mpheno=expression, inheri=additive, trait=cnt, tissue=epi_h
    resources: mem_mb=36000, mem_mib=34333, disk_mb=2064, disk_mib=1969, tmpdir=<TBD>, walltime=02:00

Submitted job 138 with external jobid '256698690 logs/SPrediXcan/mpheno-expression.inheri-additive.trait-cnt.tissue-epi_h.out'.

[Sun Mar 26 15:59:45 2023]
rule SPrediXcan:
    input: /cluster/work/pausch/naveen/TWAS/splicing/testis/filtered_signif.db, /cluster/work/pausch/naveen/TWAS/GWAS/additive/fbkall/gwas.txt, /cluster/work/pausch/naveen/TWAS/splicing/testis/covariances.txt.gz
    output: /cluster/work/pausch/naveen/TWAS/splicing/SprediXcan/additive/fbkall/testis/result.txt
    jobid: 291
    reason: Missing output files: /cluster/work/pausch/naveen/TWAS/splicing/SprediXcan/additive/fbkall/testis/result.txt
    wildcards: mpheno=splicing, inheri=additive, trait=fbkall, tissue=testis
    resources: mem_mb=36000, mem_mib=34333, disk_mb=4212, disk_mib=4017, tmpdir=<TBD>, walltime=02:00

Submitted job 291 with external jobid '256698691 logs/SPrediXcan/mpheno-splicing.inheri-additive.trait-fbkall.tissue-testis.out'.

[Sun Mar 26 15:59:46 2023]
rule SPrediXcan:
    input: /cluster/work/pausch/naveen/TWAS/expression/testis/filtered_signif.db, /cluster/work/pausch/naveen/TWAS/GWAS/additive/fbkall/gwas.txt, /cluster/work/pausch/naveen/TWAS/expression/testis/covariances.txt.gz
    output: /cluster/work/pausch/naveen/TWAS/expression/SprediXcan/additive/fbkall/testis/result.txt
    jobid: 148
    reason: Missing output files: /cluster/work/pausch/naveen/TWAS/expression/SprediXcan/additive/fbkall/testis/result.txt
    wildcards: mpheno=expression, inheri=additive, trait=fbkall, tissue=testis
    resources: mem_mb=36000, mem_mib=34333, disk_mb=2708, disk_mib=2583, tmpdir=<TBD>, walltime=02:00

Submitted job 148 with external jobid '256698692 logs/SPrediXcan/mpheno-expression.inheri-additive.trait-fbkall.tissue-testis.out'.

[Sun Mar 26 15:59:47 2023]
rule SPrediXcan:
    input: /cluster/work/pausch/naveen/TWAS/splicing/epi_h/filtered_signif.db, /cluster/work/pausch/naveen/TWAS/GWAS/additive/fbkall/gwas.txt, /cluster/work/pausch/naveen/TWAS/splicing/epi_h/covariances.txt.gz
    output: /cluster/work/pausch/naveen/TWAS/splicing/SprediXcan/additive/fbkall/epi_h/result.txt
    jobid: 292
    reason: Missing output files: /cluster/work/pausch/naveen/TWAS/splicing/SprediXcan/additive/fbkall/epi_h/result.txt
    wildcards: mpheno=splicing, inheri=additive, trait=fbkall, tissue=epi_h
    resources: mem_mb=36000, mem_mib=34333, disk_mb=2958, disk_mib=2821, tmpdir=<TBD>, walltime=02:00

Submitted job 292 with external jobid '256698693 logs/SPrediXcan/mpheno-splicing.inheri-additive.trait-fbkall.tissue-epi_h.out'.

[Sun Mar 26 15:59:47 2023]
rule SPrediXcan:
    input: /cluster/work/pausch/naveen/TWAS/splicing/epi_h/filtered_signif.db, /cluster/work/pausch/naveen/TWAS/GWAS/additive/vol/gwas.txt, /cluster/work/pausch/naveen/TWAS/splicing/epi_h/covariances.txt.gz
    output: /cluster/work/pausch/naveen/TWAS/splicing/SprediXcan/additive/vol/epi_h/result.txt
    jobid: 282
    reason: Missing output files: /cluster/work/pausch/naveen/TWAS/splicing/SprediXcan/additive/vol/epi_h/result.txt
    wildcards: mpheno=splicing, inheri=additive, trait=vol, tissue=epi_h
    resources: mem_mb=36000, mem_mib=34333, disk_mb=2765, disk_mib=2637, tmpdir=<TBD>, walltime=02:00

Submitted job 282 with external jobid '256698694 logs/SPrediXcan/mpheno-splicing.inheri-additive.trait-vol.tissue-epi_h.out'.

[Sun Mar 26 15:59:48 2023]
rule SPrediXcan:
    input: /cluster/work/pausch/naveen/TWAS/expression/epi_h/filtered_signif.db, /cluster/work/pausch/naveen/TWAS/GWAS/additive/fbkall/gwas.txt, /cluster/work/pausch/naveen/TWAS/expression/epi_h/covariances.txt.gz
    output: /cluster/work/pausch/naveen/TWAS/expression/SprediXcan/additive/fbkall/epi_h/result.txt
    jobid: 150
    reason: Missing output files: /cluster/work/pausch/naveen/TWAS/expression/SprediXcan/additive/fbkall/epi_h/result.txt
    wildcards: mpheno=expression, inheri=additive, trait=fbkall, tissue=epi_h
    resources: mem_mb=36000, mem_mib=34333, disk_mb=2369, disk_mib=2260, tmpdir=<TBD>, walltime=02:00

Submitted job 150 with external jobid '256698695 logs/SPrediXcan/mpheno-expression.inheri-additive.trait-fbkall.tissue-epi_h.out'.

[Sun Mar 26 15:59:49 2023]
rule SPrediXcan:
    input: /cluster/work/pausch/naveen/TWAS/expression/epi_h/filtered_signif.db, /cluster/work/pausch/naveen/TWAS/GWAS/additive/mot/gwas.txt, /cluster/work/pausch/naveen/TWAS/expression/epi_h/covariances.txt.gz
    output: /cluster/work/pausch/naveen/TWAS/expression/SprediXcan/additive/mot/epi_h/result.txt
    jobid: 144
    reason: Missing output files: /cluster/work/pausch/naveen/TWAS/expression/SprediXcan/additive/mot/epi_h/result.txt
    wildcards: mpheno=expression, inheri=additive, trait=mot, tissue=epi_h
    resources: mem_mb=36000, mem_mib=34333, disk_mb=2136, disk_mib=2038, tmpdir=<TBD>, walltime=02:00

Submitted job 144 with external jobid '256698696 logs/SPrediXcan/mpheno-expression.inheri-additive.trait-mot.tissue-epi_h.out'.

[Sun Mar 26 15:59:49 2023]
rule SPrediXcan:
    input: /cluster/work/pausch/naveen/TWAS/expression/testis/filtered_signif.db, /cluster/work/pausch/naveen/TWAS/GWAS/additive/head/gwas.txt, /cluster/work/pausch/naveen/TWAS/expression/testis/covariances.txt.gz
    output: /cluster/work/pausch/naveen/TWAS/expression/SprediXcan/additive/head/testis/result.txt
    jobid: 1
    reason: Missing output files: /cluster/work/pausch/naveen/TWAS/expression/SprediXcan/additive/head/testis/result.txt
    wildcards: mpheno=expression, inheri=additive, trait=head, tissue=testis
    resources: mem_mb=36000, mem_mib=34333, disk_mb=2567, disk_mib=2449, tmpdir=<TBD>, walltime=02:00

Submitted job 1 with external jobid '256698697 logs/SPrediXcan/mpheno-expression.inheri-additive.trait-head.tissue-testis.out'.

[Sun Mar 26 15:59:50 2023]
rule SPrediXcan:
    input: /cluster/work/pausch/naveen/TWAS/expression/testis/filtered_signif.db, /cluster/work/pausch/naveen/TWAS/GWAS/additive/con/gwas.txt, /cluster/work/pausch/naveen/TWAS/expression/testis/covariances.txt.gz
    output: /cluster/work/pausch/naveen/TWAS/expression/SprediXcan/additive/con/testis/result.txt
    jobid: 139
    reason: Missing output files: /cluster/work/pausch/naveen/TWAS/expression/SprediXcan/additive/con/testis/result.txt
    wildcards: mpheno=expression, inheri=additive, trait=con, tissue=testis
    resources: mem_mb=36000, mem_mib=34333, disk_mb=2404, disk_mib=2293, tmpdir=<TBD>, walltime=02:00

Submitted job 139 with external jobid '256698698 logs/SPrediXcan/mpheno-expression.inheri-additive.trait-con.tissue-testis.out'.

[Sun Mar 26 15:59:50 2023]
rule SPrediXcan:
    input: /cluster/work/pausch/naveen/TWAS/expression/testis/filtered_signif.db, /cluster/work/pausch/naveen/TWAS/GWAS/additive/vol/gwas.txt, /cluster/work/pausch/naveen/TWAS/expression/testis/covariances.txt.gz
    output: /cluster/work/pausch/naveen/TWAS/expression/SprediXcan/additive/vol/testis/result.txt
    jobid: 133
    reason: Missing output files: /cluster/work/pausch/naveen/TWAS/expression/SprediXcan/additive/vol/testis/result.txt
    wildcards: mpheno=expression, inheri=additive, trait=vol, tissue=testis
    resources: mem_mb=36000, mem_mib=34333, disk_mb=2514, disk_mib=2398, tmpdir=<TBD>, walltime=02:00

Submitted job 133 with external jobid '256698699 logs/SPrediXcan/mpheno-expression.inheri-additive.trait-vol.tissue-testis.out'.

[Sun Mar 26 15:59:51 2023]
rule SPrediXcan:
    input: /cluster/work/pausch/naveen/TWAS/splicing/epi_h/filtered_signif.db, /cluster/work/pausch/naveen/TWAS/GWAS/additive/mot/gwas.txt, /cluster/work/pausch/naveen/TWAS/splicing/epi_h/covariances.txt.gz
    output: /cluster/work/pausch/naveen/TWAS/splicing/SprediXcan/additive/mot/epi_h/result.txt
    jobid: 288
    reason: Missing output files: /cluster/work/pausch/naveen/TWAS/splicing/SprediXcan/additive/mot/epi_h/result.txt
    wildcards: mpheno=splicing, inheri=additive, trait=mot, tissue=epi_h
    resources: mem_mb=36000, mem_mib=34333, disk_mb=2725, disk_mib=2599, tmpdir=<TBD>, walltime=02:00

Submitted job 288 with external jobid '256698700 logs/SPrediXcan/mpheno-splicing.inheri-additive.trait-mot.tissue-epi_h.out'.

[Sun Mar 26 15:59:52 2023]
rule SPrediXcan:
    input: /cluster/work/pausch/naveen/TWAS/splicing/testis/filtered_signif.db, /cluster/work/pausch/naveen/TWAS/GWAS/additive/cnt/gwas.txt, /cluster/work/pausch/naveen/TWAS/splicing/testis/covariances.txt.gz
    output: /cluster/work/pausch/naveen/TWAS/splicing/SprediXcan/additive/cnt/testis/result.txt
    jobid: 283
    reason: Missing output files: /cluster/work/pausch/naveen/TWAS/splicing/SprediXcan/additive/cnt/testis/result.txt
    wildcards: mpheno=splicing, inheri=additive, trait=cnt, tissue=testis
    resources: mem_mb=36000, mem_mib=34333, disk_mb=3908, disk_mib=3727, tmpdir=<TBD>, walltime=02:00

Submitted job 283 with external jobid '256698701 logs/SPrediXcan/mpheno-splicing.inheri-additive.trait-cnt.tissue-testis.out'.

[Sun Mar 26 15:59:53 2023]
rule SPrediXcan:
    input: /cluster/work/pausch/naveen/TWAS/expression/epi_h/filtered_signif.db, /cluster/work/pausch/naveen/TWAS/GWAS/additive/vol/gwas.txt, /cluster/work/pausch/naveen/TWAS/expression/epi_h/covariances.txt.gz
    output: /cluster/work/pausch/naveen/TWAS/expression/SprediXcan/additive/vol/epi_h/result.txt
    jobid: 135
    reason: Missing output files: /cluster/work/pausch/naveen/TWAS/expression/SprediXcan/additive/vol/epi_h/result.txt
    wildcards: mpheno=expression, inheri=additive, trait=vol, tissue=epi_h
    resources: mem_mb=36000, mem_mib=34333, disk_mb=2175, disk_mib=2075, tmpdir=<TBD>, walltime=02:00

Submitted job 135 with external jobid '256698702 logs/SPrediXcan/mpheno-expression.inheri-additive.trait-vol.tissue-epi_h.out'.

[Sun Mar 26 15:59:53 2023]
rule SPrediXcan:
    input: /cluster/work/pausch/naveen/TWAS/expression/epi_h/filtered_signif.db, /cluster/work/pausch/naveen/TWAS/GWAS/additive/tail/gwas.txt, /cluster/work/pausch/naveen/TWAS/expression/epi_h/covariances.txt.gz
    output: /cluster/work/pausch/naveen/TWAS/expression/SprediXcan/additive/tail/epi_h/result.txt
    jobid: 132
    reason: Missing output files: /cluster/work/pausch/naveen/TWAS/expression/SprediXcan/additive/tail/epi_h/result.txt
    wildcards: mpheno=expression, inheri=additive, trait=tail, tissue=epi_h
    resources: mem_mb=36000, mem_mib=34333, disk_mb=2200, disk_mib=2099, tmpdir=<TBD>, walltime=02:00

Submitted job 132 with external jobid '256698703 logs/SPrediXcan/mpheno-expression.inheri-additive.trait-tail.tissue-epi_h.out'.

[Sun Mar 26 15:59:54 2023]
rule SPrediXcan:
    input: /cluster/work/pausch/naveen/TWAS/splicing/epi_h/filtered_signif.db, /cluster/work/pausch/naveen/TWAS/GWAS/additive/cnt/gwas.txt, /cluster/work/pausch/naveen/TWAS/splicing/epi_h/covariances.txt.gz
    output: /cluster/work/pausch/naveen/TWAS/splicing/SprediXcan/additive/cnt/epi_h/result.txt
    jobid: 284
    reason: Missing output files: /cluster/work/pausch/naveen/TWAS/splicing/SprediXcan/additive/cnt/epi_h/result.txt
    wildcards: mpheno=splicing, inheri=additive, trait=cnt, tissue=epi_h
    resources: mem_mb=36000, mem_mib=34333, disk_mb=2654, disk_mib=2532, tmpdir=<TBD>, walltime=02:00

Submitted job 284 with external jobid '256698704 logs/SPrediXcan/mpheno-splicing.inheri-additive.trait-cnt.tissue-epi_h.out'.
[Sun Mar 26 16:04:52 2023]
Finished job 144.
1 of 31 steps (3%) done
[Sun Mar 26 16:05:03 2023]
Finished job 135.
2 of 31 steps (6%) done
[Sun Mar 26 16:05:04 2023]
Finished job 147.
3 of 31 steps (10%) done
[Sun Mar 26 16:05:07 2023]
Finished job 138.
4 of 31 steps (13%) done
[Sun Mar 26 16:05:19 2023]
Finished job 132.
5 of 31 steps (16%) done
[Sun Mar 26 16:05:23 2023]
Finished job 150.
6 of 31 steps (19%) done
[Sun Mar 26 16:09:57 2023]
Finished job 142.
7 of 31 steps (23%) done
[Sun Mar 26 16:09:57 2023]
Finished job 136.
8 of 31 steps (26%) done
[Sun Mar 26 16:09:59 2023]
Finished job 139.
9 of 31 steps (29%) done
[Sun Mar 26 16:10:09 2023]
Finished job 288.
10 of 31 steps (32%) done
[Sun Mar 26 16:10:09 2023]
Finished job 286.
11 of 31 steps (35%) done
[Sun Mar 26 16:10:10 2023]
Finished job 130.
12 of 31 steps (39%) done
[Sun Mar 26 16:10:10 2023]
Finished job 215.
13 of 31 steps (42%) done
[Sun Mar 26 16:10:11 2023]
Finished job 290.
14 of 31 steps (45%) done
[Sun Mar 26 16:10:12 2023]
Finished job 148.
15 of 31 steps (48%) done
[Sun Mar 26 16:10:24 2023]
Finished job 145.
16 of 31 steps (52%) done
[Sun Mar 26 16:10:25 2023]
Finished job 292.
17 of 31 steps (55%) done
[Sun Mar 26 16:10:25 2023]
Finished job 282.
18 of 31 steps (58%) done
[Sun Mar 26 16:10:25 2023]
Finished job 1.
19 of 31 steps (61%) done
[Sun Mar 26 16:10:25 2023]
Finished job 133.
20 of 31 steps (65%) done
[Sun Mar 26 16:10:36 2023]
Finished job 284.
21 of 31 steps (68%) done
[Sun Mar 26 16:10:37 2023]
Finished job 280.
22 of 31 steps (71%) done
[Sun Mar 26 16:32:33 2023]
Finished job 283.
23 of 31 steps (74%) done
[Sun Mar 26 16:32:33 2023]
Finished job 289.
24 of 31 steps (77%) done
[Sun Mar 26 16:32:34 2023]
Finished job 287.
25 of 31 steps (81%) done
[Sun Mar 26 16:32:44 2023]
Finished job 279.
26 of 31 steps (84%) done
[Sun Mar 26 16:32:45 2023]
Finished job 285.
27 of 31 steps (87%) done
[Sun Mar 26 16:34:39 2023]
Finished job 151.
28 of 31 steps (90%) done
[Sun Mar 26 16:35:09 2023]
Finished job 291.
29 of 31 steps (94%) done
[Sun Mar 26 16:35:50 2023]
Finished job 281.
30 of 31 steps (97%) done
Select jobs to execute...

[Sun Mar 26 16:35:50 2023]
localrule all:
    input: /cluster/work/pausch/naveen/TWAS/expression/SprediXcan/additive/head/testis/result.txt, /cluster/work/pausch/naveen/TWAS/expression/SprediXcan/additive/head/epi_h/result.txt, /cluster/work/pausch/naveen/TWAS/expression/SprediXcan/additive/tail/testis/result.txt, /cluster/work/pausch/naveen/TWAS/expression/SprediXcan/additive/tail/epi_h/result.txt, /cluster/work/pausch/naveen/TWAS/expression/SprediXcan/additive/vol/testis/result.txt, /cluster/work/pausch/naveen/TWAS/expression/SprediXcan/additive/vol/epi_h/result.txt, /cluster/work/pausch/naveen/TWAS/expression/SprediXcan/additive/cnt/testis/result.txt, /cluster/work/pausch/naveen/TWAS/expression/SprediXcan/additive/cnt/epi_h/result.txt, /cluster/work/pausch/naveen/TWAS/expression/SprediXcan/additive/con/testis/result.txt, /cluster/work/pausch/naveen/TWAS/expression/SprediXcan/additive/con/epi_h/result.txt, /cluster/work/pausch/naveen/TWAS/expression/SprediXcan/additive/mot/testis/result.txt, /cluster/work/pausch/naveen/TWAS/expression/SprediXcan/additive/mot/epi_h/result.txt, /cluster/work/pausch/naveen/TWAS/expression/SprediXcan/additive/ntar/testis/result.txt, /cluster/work/pausch/naveen/TWAS/expression/SprediXcan/additive/ntar/epi_h/result.txt, /cluster/work/pausch/naveen/TWAS/expression/SprediXcan/additive/fbkall/testis/result.txt, /cluster/work/pausch/naveen/TWAS/expression/SprediXcan/additive/fbkall/epi_h/result.txt, /cluster/work/pausch/naveen/TWAS/splicing/SprediXcan/additive/head/testis/result.txt, /cluster/work/pausch/naveen/TWAS/splicing/SprediXcan/additive/head/epi_h/result.txt, /cluster/work/pausch/naveen/TWAS/splicing/SprediXcan/additive/tail/testis/result.txt, /cluster/work/pausch/naveen/TWAS/splicing/SprediXcan/additive/tail/epi_h/result.txt, /cluster/work/pausch/naveen/TWAS/splicing/SprediXcan/additive/vol/testis/result.txt, /cluster/work/pausch/naveen/TWAS/splicing/SprediXcan/additive/vol/epi_h/result.txt, /cluster/work/pausch/naveen/TWAS/splicing/SprediXcan/additive/cnt/testis/result.txt, /cluster/work/pausch/naveen/TWAS/splicing/SprediXcan/additive/cnt/epi_h/result.txt, /cluster/work/pausch/naveen/TWAS/splicing/SprediXcan/additive/con/testis/result.txt, /cluster/work/pausch/naveen/TWAS/splicing/SprediXcan/additive/con/epi_h/result.txt, /cluster/work/pausch/naveen/TWAS/splicing/SprediXcan/additive/mot/testis/result.txt, /cluster/work/pausch/naveen/TWAS/splicing/SprediXcan/additive/mot/epi_h/result.txt, /cluster/work/pausch/naveen/TWAS/splicing/SprediXcan/additive/ntar/testis/result.txt, /cluster/work/pausch/naveen/TWAS/splicing/SprediXcan/additive/ntar/epi_h/result.txt, /cluster/work/pausch/naveen/TWAS/splicing/SprediXcan/additive/fbkall/testis/result.txt, /cluster/work/pausch/naveen/TWAS/splicing/SprediXcan/additive/fbkall/epi_h/result.txt
    jobid: 0
    reason: Input files updated by another job: /cluster/work/pausch/naveen/TWAS/expression/SprediXcan/additive/con/testis/result.txt, /cluster/work/pausch/naveen/TWAS/splicing/SprediXcan/additive/head/epi_h/result.txt, /cluster/work/pausch/naveen/TWAS/expression/SprediXcan/additive/ntar/testis/result.txt, /cluster/work/pausch/naveen/TWAS/expression/SprediXcan/additive/fbkall/testis/result.txt, /cluster/work/pausch/naveen/TWAS/expression/SprediXcan/additive/tail/epi_h/result.txt, /cluster/work/pausch/naveen/TWAS/expression/SprediXcan/additive/mot/testis/result.txt, /cluster/work/pausch/naveen/TWAS/splicing/SprediXcan/additive/cnt/testis/result.txt, /cluster/work/pausch/naveen/TWAS/splicing/SprediXcan/additive/tail/testis/result.txt, /cluster/work/pausch/naveen/TWAS/expression/SprediXcan/additive/vol/testis/result.txt, /cluster/work/pausch/naveen/TWAS/splicing/SprediXcan/additive/ntar/testis/result.txt, /cluster/work/pausch/naveen/TWAS/splicing/SprediXcan/additive/con/epi_h/result.txt, /cluster/work/pausch/naveen/TWAS/splicing/SprediXcan/additive/con/testis/result.txt, /cluster/work/pausch/naveen/TWAS/splicing/SprediXcan/additive/cnt/epi_h/result.txt, /cluster/work/pausch/naveen/TWAS/splicing/SprediXcan/additive/fbkall/testis/result.txt, /cluster/work/pausch/naveen/TWAS/expression/SprediXcan/additive/cnt/epi_h/result.txt, /cluster/work/pausch/naveen/TWAS/splicing/SprediXcan/additive/ntar/epi_h/result.txt, /cluster/work/pausch/naveen/TWAS/splicing/SprediXcan/additive/fbkall/epi_h/result.txt, /cluster/work/pausch/naveen/TWAS/expression/SprediXcan/additive/cnt/testis/result.txt, /cluster/work/pausch/naveen/TWAS/expression/SprediXcan/additive/fbkall/epi_h/result.txt, /cluster/work/pausch/naveen/TWAS/expression/SprediXcan/additive/mot/epi_h/result.txt, /cluster/work/pausch/naveen/TWAS/expression/SprediXcan/additive/ntar/epi_h/result.txt, /cluster/work/pausch/naveen/TWAS/expression/SprediXcan/additive/head/testis/result.txt, /cluster/work/pausch/naveen/TWAS/splicing/SprediXcan/additive/mot/epi_h/result.txt, /cluster/work/pausch/naveen/TWAS/expression/SprediXcan/additive/vol/epi_h/result.txt, /cluster/work/pausch/naveen/TWAS/splicing/SprediXcan/additive/vol/epi_h/result.txt, /cluster/work/pausch/naveen/TWAS/splicing/SprediXcan/additive/mot/testis/result.txt, /cluster/work/pausch/naveen/TWAS/expression/SprediXcan/additive/tail/testis/result.txt, /cluster/work/pausch/naveen/TWAS/splicing/SprediXcan/additive/head/testis/result.txt, /cluster/work/pausch/naveen/TWAS/splicing/SprediXcan/additive/vol/testis/result.txt, /cluster/work/pausch/naveen/TWAS/splicing/SprediXcan/additive/tail/epi_h/result.txt
    resources: mem_mb=1000, mem_mib=954, disk_mb=1000, disk_mib=954, tmpdir=/tmp

[Sun Mar 26 16:35:50 2023]
Finished job 0.
31 of 31 steps (100%) done
Complete log: .snakemake/log/2023-03-26T155828.898939.snakemake.log
